PyTorch Version: 2.5.1
CUDA device available: True
Using CUDA device: cuda:0
Random Seed: 0
Task Importance Weight: 0
Output Path: ../my-logs/myadience-coral-0.4-3-200epoch-seed0
Script: adience-coral.py
Epoch: 001/200 | Batch 0000/0049 | Cost: 4.9953
Epoch: 001/200 | Batch 0010/0049 | Cost: 4.6115
Epoch: 001/200 | Batch 0020/0049 | Cost: 4.6597
Epoch: 001/200 | Batch 0030/0049 | Cost: 4.6106
Epoch: 001/200 | Batch 0040/0049 | Cost: 4.4133
MAE/RMSE/Loss/Accuracy: | Current Valid: 2.60/3.16/4.46/16.58% Ep. 1 | Best Valid : 2.60/3.16/4.46/16.58% Ep. 1
Time elapsed: 0.36 min
Epoch: 002/200 | Batch 0000/0049 | Cost: 4.3381
Epoch: 002/200 | Batch 0010/0049 | Cost: 4.2926
Epoch: 002/200 | Batch 0020/0049 | Cost: 4.5675
Epoch: 002/200 | Batch 0030/0049 | Cost: 4.4454
Epoch: 002/200 | Batch 0040/0049 | Cost: 4.3225
MAE/RMSE/Loss/Accuracy: | Current Valid: 2.39/2.97/4.22/18.91% Ep. 2 | Best Valid : 2.39/2.97/4.22/18.91% Ep. 2
Time elapsed: 0.72 min
Epoch: 003/200 | Batch 0000/0049 | Cost: 4.2227
Epoch: 003/200 | Batch 0010/0049 | Cost: 4.3847
Epoch: 003/200 | Batch 0020/0049 | Cost: 4.1883
Epoch: 003/200 | Batch 0030/0049 | Cost: 4.3245
Epoch: 003/200 | Batch 0040/0049 | Cost: 4.3529
MAE/RMSE/Loss/Accuracy: | Current Valid: 2.15/2.70/4.00/20.89% Ep. 3 | Best Valid : 2.15/2.70/4.00/20.89% Ep. 3
Time elapsed: 1.07 min
Epoch: 004/200 | Batch 0000/0049 | Cost: 4.0847
Epoch: 004/200 | Batch 0010/0049 | Cost: 4.2814
Epoch: 004/200 | Batch 0020/0049 | Cost: 4.2063
Epoch: 004/200 | Batch 0030/0049 | Cost: 4.2108
Epoch: 004/200 | Batch 0040/0049 | Cost: 4.2276
MAE/RMSE/Loss/Accuracy: | Current Valid: 2.08/2.65/4.15/21.67% Ep. 4 | Best Valid : 2.08/2.65/4.15/21.67% Ep. 4
Time elapsed: 1.43 min
Epoch: 005/200 | Batch 0000/0049 | Cost: 4.0565
Epoch: 005/200 | Batch 0010/0049 | Cost: 4.1291
Epoch: 005/200 | Batch 0020/0049 | Cost: 4.1370
Epoch: 005/200 | Batch 0030/0049 | Cost: 4.3390
Epoch: 005/200 | Batch 0040/0049 | Cost: 4.1372
MAE/RMSE/Loss/Accuracy: | Current Valid: 2.12/2.73/4.04/22.72% Ep. 5 | Best Valid : 2.08/2.65/4.15/21.67% Ep. 4
Time elapsed: 1.78 min
Epoch: 006/200 | Batch 0000/0049 | Cost: 4.1248
Epoch: 006/200 | Batch 0010/0049 | Cost: 3.9387
Epoch: 006/200 | Batch 0020/0049 | Cost: 4.0265
Epoch: 006/200 | Batch 0030/0049 | Cost: 3.9903
Epoch: 006/200 | Batch 0040/0049 | Cost: 4.0989
MAE/RMSE/Loss/Accuracy: | Current Valid: 2.27/2.90/4.00/21.67% Ep. 6 | Best Valid : 2.08/2.65/4.15/21.67% Ep. 4
Time elapsed: 2.14 min
Epoch: 007/200 | Batch 0000/0049 | Cost: 4.0061
Epoch: 007/200 | Batch 0010/0049 | Cost: 3.9055
Epoch: 007/200 | Batch 0020/0049 | Cost: 3.7995
Epoch: 007/200 | Batch 0030/0049 | Cost: 3.9339
Epoch: 007/200 | Batch 0040/0049 | Cost: 3.9676
MAE/RMSE/Loss/Accuracy: | Current Valid: 2.02/2.56/3.80/21.59% Ep. 7 | Best Valid : 2.02/2.56/3.80/21.59% Ep. 7
Time elapsed: 2.49 min
Epoch: 008/200 | Batch 0000/0049 | Cost: 3.7352
Epoch: 008/200 | Batch 0010/0049 | Cost: 3.9850
Epoch: 008/200 | Batch 0020/0049 | Cost: 3.6865
Epoch: 008/200 | Batch 0030/0049 | Cost: 3.8043
Epoch: 008/200 | Batch 0040/0049 | Cost: 3.8620
MAE/RMSE/Loss/Accuracy: | Current Valid: 1.95/2.50/3.82/22.51% Ep. 8 | Best Valid : 1.95/2.50/3.82/22.51% Ep. 8
Time elapsed: 2.85 min
Epoch: 009/200 | Batch 0000/0049 | Cost: 3.7145
Epoch: 009/200 | Batch 0010/0049 | Cost: 3.7005
Epoch: 009/200 | Batch 0020/0049 | Cost: 3.7481
Epoch: 009/200 | Batch 0030/0049 | Cost: 3.6975
Epoch: 009/200 | Batch 0040/0049 | Cost: 3.7129
MAE/RMSE/Loss/Accuracy: | Current Valid: 1.92/2.49/3.74/24.21% Ep. 9 | Best Valid : 1.92/2.49/3.74/24.21% Ep. 9
Time elapsed: 3.20 min
Epoch: 010/200 | Batch 0000/0049 | Cost: 3.5281
Epoch: 010/200 | Batch 0010/0049 | Cost: 3.5316
Epoch: 010/200 | Batch 0020/0049 | Cost: 3.7400
Epoch: 010/200 | Batch 0030/0049 | Cost: 3.7105
Epoch: 010/200 | Batch 0040/0049 | Cost: 3.5585
MAE/RMSE/Loss/Accuracy: | Current Valid: 2.06/2.67/3.82/22.87% Ep. 10 | Best Valid : 1.92/2.49/3.74/24.21% Ep. 9
Time elapsed: 3.55 min
Epoch: 011/200 | Batch 0000/0049 | Cost: 3.4509
Epoch: 011/200 | Batch 0010/0049 | Cost: 3.4801
Epoch: 011/200 | Batch 0020/0049 | Cost: 3.6065
Epoch: 011/200 | Batch 0030/0049 | Cost: 3.4104
Epoch: 011/200 | Batch 0040/0049 | Cost: 3.6302
MAE/RMSE/Loss/Accuracy: | Current Valid: 1.85/2.45/3.75/25.55% Ep. 11 | Best Valid : 1.85/2.45/3.75/25.55% Ep. 11
Time elapsed: 3.91 min
Epoch: 012/200 | Batch 0000/0049 | Cost: 3.5694
Epoch: 012/200 | Batch 0010/0049 | Cost: 3.5277
Epoch: 012/200 | Batch 0020/0049 | Cost: 3.3485
Epoch: 012/200 | Batch 0030/0049 | Cost: 3.2669
Epoch: 012/200 | Batch 0040/0049 | Cost: 3.5966
MAE/RMSE/Loss/Accuracy: | Current Valid: 1.84/2.45/3.69/24.84% Ep. 12 | Best Valid : 1.84/2.45/3.69/24.84% Ep. 12
Time elapsed: 4.26 min
Epoch: 013/200 | Batch 0000/0049 | Cost: 3.4813
Epoch: 013/200 | Batch 0010/0049 | Cost: 3.3406
Epoch: 013/200 | Batch 0020/0049 | Cost: 3.3587
Epoch: 013/200 | Batch 0030/0049 | Cost: 3.5156
Epoch: 013/200 | Batch 0040/0049 | Cost: 3.5337
MAE/RMSE/Loss/Accuracy: | Current Valid: 1.87/2.45/3.70/23.99% Ep. 13 | Best Valid : 1.84/2.45/3.69/24.84% Ep. 12
Time elapsed: 4.62 min
Epoch: 014/200 | Batch 0000/0049 | Cost: 3.4076
Epoch: 014/200 | Batch 0010/0049 | Cost: 3.3016
Epoch: 014/200 | Batch 0020/0049 | Cost: 3.1652
Epoch: 014/200 | Batch 0030/0049 | Cost: 3.4182
Epoch: 014/200 | Batch 0040/0049 | Cost: 3.3428
MAE/RMSE/Loss/Accuracy: | Current Valid: 1.83/2.42/3.66/25.34% Ep. 14 | Best Valid : 1.83/2.42/3.66/25.34% Ep. 14
Time elapsed: 4.97 min
Epoch: 015/200 | Batch 0000/0049 | Cost: 3.0747
Epoch: 015/200 | Batch 0010/0049 | Cost: 3.3242
Epoch: 015/200 | Batch 0020/0049 | Cost: 3.4169
Epoch: 015/200 | Batch 0030/0049 | Cost: 3.0597
Epoch: 015/200 | Batch 0040/0049 | Cost: 3.1281
MAE/RMSE/Loss/Accuracy: | Current Valid: 1.76/2.36/3.62/26.39% Ep. 15 | Best Valid : 1.76/2.36/3.62/26.39% Ep. 15
Time elapsed: 5.33 min
Epoch: 016/200 | Batch 0000/0049 | Cost: 3.2432
Epoch: 016/200 | Batch 0010/0049 | Cost: 3.1822
Epoch: 016/200 | Batch 0020/0049 | Cost: 3.0914
Epoch: 016/200 | Batch 0030/0049 | Cost: 3.2046
Epoch: 016/200 | Batch 0040/0049 | Cost: 3.1245
MAE/RMSE/Loss/Accuracy: | Current Valid: 1.76/2.33/3.57/26.11% Ep. 16 | Best Valid : 1.76/2.33/3.57/26.11% Ep. 16
Time elapsed: 5.68 min
Epoch: 017/200 | Batch 0000/0049 | Cost: 2.9504
Epoch: 017/200 | Batch 0010/0049 | Cost: 3.0870
Epoch: 017/200 | Batch 0020/0049 | Cost: 3.0211
Epoch: 017/200 | Batch 0030/0049 | Cost: 3.0019
Epoch: 017/200 | Batch 0040/0049 | Cost: 3.1078
MAE/RMSE/Loss/Accuracy: | Current Valid: 1.81/2.41/3.59/25.41% Ep. 17 | Best Valid : 1.76/2.33/3.57/26.11% Ep. 16
Time elapsed: 6.04 min
Epoch: 018/200 | Batch 0000/0049 | Cost: 2.9540
Epoch: 018/200 | Batch 0010/0049 | Cost: 3.0031
Epoch: 018/200 | Batch 0020/0049 | Cost: 3.0877
Epoch: 018/200 | Batch 0030/0049 | Cost: 3.0661
Epoch: 018/200 | Batch 0040/0049 | Cost: 3.1227
MAE/RMSE/Loss/Accuracy: | Current Valid: 1.87/2.43/3.68/24.91% Ep. 18 | Best Valid : 1.76/2.33/3.57/26.11% Ep. 16
Time elapsed: 6.39 min
Epoch: 019/200 | Batch 0000/0049 | Cost: 2.8266
Epoch: 019/200 | Batch 0010/0049 | Cost: 2.8850
Epoch: 019/200 | Batch 0020/0049 | Cost: 3.1384
Epoch: 019/200 | Batch 0030/0049 | Cost: 3.0382
Epoch: 019/200 | Batch 0040/0049 | Cost: 3.0609
MAE/RMSE/Loss/Accuracy: | Current Valid: 1.59/2.18/3.54/28.44% Ep. 19 | Best Valid : 1.59/2.18/3.54/28.44% Ep. 19
Time elapsed: 6.74 min
Epoch: 020/200 | Batch 0000/0049 | Cost: 2.9646
Epoch: 020/200 | Batch 0010/0049 | Cost: 2.9743
Epoch: 020/200 | Batch 0020/0049 | Cost: 2.9160
Epoch: 020/200 | Batch 0030/0049 | Cost: 3.0081
Epoch: 020/200 | Batch 0040/0049 | Cost: 2.8579
MAE/RMSE/Loss/Accuracy: | Current Valid: 1.72/2.29/3.56/27.59% Ep. 20 | Best Valid : 1.59/2.18/3.54/28.44% Ep. 19
Time elapsed: 7.10 min
Epoch: 021/200 | Batch 0000/0049 | Cost: 2.9550
Epoch: 021/200 | Batch 0010/0049 | Cost: 2.8744
Epoch: 021/200 | Batch 0020/0049 | Cost: 2.8305
Epoch: 021/200 | Batch 0030/0049 | Cost: 2.8004
Epoch: 021/200 | Batch 0040/0049 | Cost: 2.8377
MAE/RMSE/Loss/Accuracy: | Current Valid: 1.62/2.19/3.51/28.37% Ep. 21 | Best Valid : 1.59/2.18/3.54/28.44% Ep. 19
Time elapsed: 7.45 min
Epoch: 022/200 | Batch 0000/0049 | Cost: 2.8405
Epoch: 022/200 | Batch 0010/0049 | Cost: 2.8514
Epoch: 022/200 | Batch 0020/0049 | Cost: 2.9118
Epoch: 022/200 | Batch 0030/0049 | Cost: 2.9250
Epoch: 022/200 | Batch 0040/0049 | Cost: 2.7662
MAE/RMSE/Loss/Accuracy: | Current Valid: 1.68/2.26/3.55/27.59% Ep. 22 | Best Valid : 1.59/2.18/3.54/28.44% Ep. 19
Time elapsed: 7.80 min
Epoch: 023/200 | Batch 0000/0049 | Cost: 2.8783
Epoch: 023/200 | Batch 0010/0049 | Cost: 2.7154
Epoch: 023/200 | Batch 0020/0049 | Cost: 2.6506
Epoch: 023/200 | Batch 0030/0049 | Cost: 2.8111
Epoch: 023/200 | Batch 0040/0049 | Cost: 2.9194
MAE/RMSE/Loss/Accuracy: | Current Valid: 1.54/2.11/3.45/29.50% Ep. 23 | Best Valid : 1.54/2.11/3.45/29.50% Ep. 23
Time elapsed: 8.16 min
Epoch: 024/200 | Batch 0000/0049 | Cost: 2.6852
Epoch: 024/200 | Batch 0010/0049 | Cost: 2.7084
Epoch: 024/200 | Batch 0020/0049 | Cost: 2.7321
Epoch: 024/200 | Batch 0030/0049 | Cost: 3.0500
Epoch: 024/200 | Batch 0040/0049 | Cost: 2.7545
MAE/RMSE/Loss/Accuracy: | Current Valid: 1.61/2.19/3.52/28.58% Ep. 24 | Best Valid : 1.54/2.11/3.45/29.50% Ep. 23
Time elapsed: 8.52 min
Epoch: 025/200 | Batch 0000/0049 | Cost: 2.7322
Epoch: 025/200 | Batch 0010/0049 | Cost: 2.6324
Epoch: 025/200 | Batch 0020/0049 | Cost: 2.7415
Epoch: 025/200 | Batch 0030/0049 | Cost: 2.6670
Epoch: 025/200 | Batch 0040/0049 | Cost: 2.8191
MAE/RMSE/Loss/Accuracy: | Current Valid: 1.51/2.11/3.52/30.63% Ep. 25 | Best Valid : 1.51/2.11/3.52/30.63% Ep. 25
Time elapsed: 8.87 min
Epoch: 026/200 | Batch 0000/0049 | Cost: 2.6883
Epoch: 026/200 | Batch 0010/0049 | Cost: 2.6999
Epoch: 026/200 | Batch 0020/0049 | Cost: 2.8819
Epoch: 026/200 | Batch 0030/0049 | Cost: 2.6133
Epoch: 026/200 | Batch 0040/0049 | Cost: 2.7512
MAE/RMSE/Loss/Accuracy: | Current Valid: 1.41/2.01/3.34/32.39% Ep. 26 | Best Valid : 1.41/2.01/3.34/32.39% Ep. 26
Time elapsed: 9.23 min
Epoch: 027/200 | Batch 0000/0049 | Cost: 2.6786
Epoch: 027/200 | Batch 0010/0049 | Cost: 2.6736
Epoch: 027/200 | Batch 0020/0049 | Cost: 2.6097
Epoch: 027/200 | Batch 0030/0049 | Cost: 2.8510
Epoch: 027/200 | Batch 0040/0049 | Cost: 2.6871
MAE/RMSE/Loss/Accuracy: | Current Valid: 1.48/2.04/3.40/30.84% Ep. 27 | Best Valid : 1.41/2.01/3.34/32.39% Ep. 26
Time elapsed: 9.58 min
Epoch: 028/200 | Batch 0000/0049 | Cost: 2.5613
Epoch: 028/200 | Batch 0010/0049 | Cost: 2.6871
Epoch: 028/200 | Batch 0020/0049 | Cost: 2.5773
Epoch: 028/200 | Batch 0030/0049 | Cost: 2.6583
Epoch: 028/200 | Batch 0040/0049 | Cost: 2.4607
MAE/RMSE/Loss/Accuracy: | Current Valid: 1.38/1.95/3.32/32.18% Ep. 28 | Best Valid : 1.38/1.95/3.32/32.18% Ep. 28
Time elapsed: 9.94 min
Epoch: 029/200 | Batch 0000/0049 | Cost: 2.5880
Epoch: 029/200 | Batch 0010/0049 | Cost: 2.5682
Epoch: 029/200 | Batch 0020/0049 | Cost: 2.6049
Epoch: 029/200 | Batch 0030/0049 | Cost: 2.6135
Epoch: 029/200 | Batch 0040/0049 | Cost: 2.6059
MAE/RMSE/Loss/Accuracy: | Current Valid: 1.40/1.99/3.31/33.45% Ep. 29 | Best Valid : 1.38/1.95/3.32/32.18% Ep. 28
Time elapsed: 10.29 min
Epoch: 030/200 | Batch 0000/0049 | Cost: 2.5508
Epoch: 030/200 | Batch 0010/0049 | Cost: 2.7142
Epoch: 030/200 | Batch 0020/0049 | Cost: 2.6867
Epoch: 030/200 | Batch 0030/0049 | Cost: 2.5382
Epoch: 030/200 | Batch 0040/0049 | Cost: 2.6508
MAE/RMSE/Loss/Accuracy: | Current Valid: 1.39/1.99/3.28/33.80% Ep. 30 | Best Valid : 1.38/1.95/3.32/32.18% Ep. 28
Time elapsed: 10.64 min
Epoch: 031/200 | Batch 0000/0049 | Cost: 2.4406
Epoch: 031/200 | Batch 0010/0049 | Cost: 2.5283
Epoch: 031/200 | Batch 0020/0049 | Cost: 2.5024
Epoch: 031/200 | Batch 0030/0049 | Cost: 2.6318
Epoch: 031/200 | Batch 0040/0049 | Cost: 2.4566
MAE/RMSE/Loss/Accuracy: | Current Valid: 1.27/1.80/3.19/33.94% Ep. 31 | Best Valid : 1.27/1.80/3.19/33.94% Ep. 31
Time elapsed: 11.00 min
Epoch: 032/200 | Batch 0000/0049 | Cost: 2.5532
Epoch: 032/200 | Batch 0010/0049 | Cost: 2.5426
Epoch: 032/200 | Batch 0020/0049 | Cost: 2.5289
Epoch: 032/200 | Batch 0030/0049 | Cost: 2.4379
Epoch: 032/200 | Batch 0040/0049 | Cost: 2.4813
MAE/RMSE/Loss/Accuracy: | Current Valid: 1.28/1.83/3.23/33.17% Ep. 32 | Best Valid : 1.27/1.80/3.19/33.94% Ep. 31
Time elapsed: 11.35 min
Epoch: 033/200 | Batch 0000/0049 | Cost: 2.5219
Epoch: 033/200 | Batch 0010/0049 | Cost: 2.4871
Epoch: 033/200 | Batch 0020/0049 | Cost: 2.3587
Epoch: 033/200 | Batch 0030/0049 | Cost: 2.3609
Epoch: 033/200 | Batch 0040/0049 | Cost: 2.4778
MAE/RMSE/Loss/Accuracy: | Current Valid: 1.39/1.97/3.25/32.89% Ep. 33 | Best Valid : 1.27/1.80/3.19/33.94% Ep. 31
Time elapsed: 11.70 min
Epoch: 034/200 | Batch 0000/0049 | Cost: 2.5189
Epoch: 034/200 | Batch 0010/0049 | Cost: 2.3947
Epoch: 034/200 | Batch 0020/0049 | Cost: 2.4783
Epoch: 034/200 | Batch 0030/0049 | Cost: 2.5136
Epoch: 034/200 | Batch 0040/0049 | Cost: 2.5662
MAE/RMSE/Loss/Accuracy: | Current Valid: 1.33/1.90/3.24/33.03% Ep. 34 | Best Valid : 1.27/1.80/3.19/33.94% Ep. 31
Time elapsed: 12.05 min
Epoch: 035/200 | Batch 0000/0049 | Cost: 2.3544
Epoch: 035/200 | Batch 0010/0049 | Cost: 2.3729
Epoch: 035/200 | Batch 0020/0049 | Cost: 2.5077
Epoch: 035/200 | Batch 0030/0049 | Cost: 2.4332
Epoch: 035/200 | Batch 0040/0049 | Cost: 2.4684
MAE/RMSE/Loss/Accuracy: | Current Valid: 1.23/1.80/3.19/36.91% Ep. 35 | Best Valid : 1.23/1.80/3.19/36.91% Ep. 35
Time elapsed: 12.41 min
Epoch: 036/200 | Batch 0000/0049 | Cost: 2.2598
Epoch: 036/200 | Batch 0010/0049 | Cost: 2.3875
Epoch: 036/200 | Batch 0020/0049 | Cost: 2.3865
Epoch: 036/200 | Batch 0030/0049 | Cost: 2.4031
Epoch: 036/200 | Batch 0040/0049 | Cost: 2.4490
MAE/RMSE/Loss/Accuracy: | Current Valid: 1.32/1.89/3.22/33.87% Ep. 36 | Best Valid : 1.23/1.80/3.19/36.91% Ep. 35
Time elapsed: 12.76 min
Epoch: 037/200 | Batch 0000/0049 | Cost: 2.2652
Epoch: 037/200 | Batch 0010/0049 | Cost: 2.5247
Epoch: 037/200 | Batch 0020/0049 | Cost: 2.4257
Epoch: 037/200 | Batch 0030/0049 | Cost: 2.4258
Epoch: 037/200 | Batch 0040/0049 | Cost: 2.3254
MAE/RMSE/Loss/Accuracy: | Current Valid: 1.34/1.90/3.14/34.09% Ep. 37 | Best Valid : 1.23/1.80/3.19/36.91% Ep. 35
Time elapsed: 13.12 min
Epoch: 038/200 | Batch 0000/0049 | Cost: 2.2705
Epoch: 038/200 | Batch 0010/0049 | Cost: 2.3912
Epoch: 038/200 | Batch 0020/0049 | Cost: 2.3542
Epoch: 038/200 | Batch 0030/0049 | Cost: 2.4273
Epoch: 038/200 | Batch 0040/0049 | Cost: 2.3800
MAE/RMSE/Loss/Accuracy: | Current Valid: 1.14/1.67/3.03/36.70% Ep. 38 | Best Valid : 1.14/1.67/3.03/36.70% Ep. 38
Time elapsed: 13.47 min
Epoch: 039/200 | Batch 0000/0049 | Cost: 2.2677
Epoch: 039/200 | Batch 0010/0049 | Cost: 2.3435
Epoch: 039/200 | Batch 0020/0049 | Cost: 2.3073
Epoch: 039/200 | Batch 0030/0049 | Cost: 2.4357
Epoch: 039/200 | Batch 0040/0049 | Cost: 2.3920
MAE/RMSE/Loss/Accuracy: | Current Valid: 1.32/1.85/3.13/32.82% Ep. 39 | Best Valid : 1.14/1.67/3.03/36.70% Ep. 38
Time elapsed: 13.83 min
Epoch: 040/200 | Batch 0000/0049 | Cost: 2.2700
Epoch: 040/200 | Batch 0010/0049 | Cost: 2.3201
Epoch: 040/200 | Batch 0020/0049 | Cost: 2.2902
Epoch: 040/200 | Batch 0030/0049 | Cost: 2.3425
Epoch: 040/200 | Batch 0040/0049 | Cost: 2.2143
MAE/RMSE/Loss/Accuracy: | Current Valid: 1.23/1.77/3.15/35.78% Ep. 40 | Best Valid : 1.14/1.67/3.03/36.70% Ep. 38
Time elapsed: 14.18 min
Epoch: 041/200 | Batch 0000/0049 | Cost: 2.2364
Epoch: 041/200 | Batch 0010/0049 | Cost: 2.2607
Epoch: 041/200 | Batch 0020/0049 | Cost: 2.2906
Epoch: 041/200 | Batch 0030/0049 | Cost: 2.1696
Epoch: 041/200 | Batch 0040/0049 | Cost: 2.1354
MAE/RMSE/Loss/Accuracy: | Current Valid: 1.18/1.73/3.13/36.06% Ep. 41 | Best Valid : 1.14/1.67/3.03/36.70% Ep. 38
Time elapsed: 14.53 min
Epoch: 042/200 | Batch 0000/0049 | Cost: 2.2939
Epoch: 042/200 | Batch 0010/0049 | Cost: 2.1710
Epoch: 042/200 | Batch 0020/0049 | Cost: 2.2133
Epoch: 042/200 | Batch 0030/0049 | Cost: 2.1930
Epoch: 042/200 | Batch 0040/0049 | Cost: 2.3116
MAE/RMSE/Loss/Accuracy: | Current Valid: 1.22/1.75/3.11/34.86% Ep. 42 | Best Valid : 1.14/1.67/3.03/36.70% Ep. 38
Time elapsed: 14.89 min
Epoch: 043/200 | Batch 0000/0049 | Cost: 2.1834
Epoch: 043/200 | Batch 0010/0049 | Cost: 2.2862
Epoch: 043/200 | Batch 0020/0049 | Cost: 2.1168
Epoch: 043/200 | Batch 0030/0049 | Cost: 2.3279
Epoch: 043/200 | Batch 0040/0049 | Cost: 2.1643
MAE/RMSE/Loss/Accuracy: | Current Valid: 1.15/1.68/3.06/35.71% Ep. 43 | Best Valid : 1.14/1.67/3.03/36.70% Ep. 38
Time elapsed: 15.24 min
Epoch: 044/200 | Batch 0000/0049 | Cost: 2.1336
Epoch: 044/200 | Batch 0010/0049 | Cost: 2.2008
Epoch: 044/200 | Batch 0020/0049 | Cost: 2.0461
Epoch: 044/200 | Batch 0030/0049 | Cost: 2.2019
Epoch: 044/200 | Batch 0040/0049 | Cost: 2.2511
MAE/RMSE/Loss/Accuracy: | Current Valid: 1.23/1.75/3.06/35.00% Ep. 44 | Best Valid : 1.14/1.67/3.03/36.70% Ep. 38
Time elapsed: 15.59 min
Epoch: 045/200 | Batch 0000/0049 | Cost: 2.1208
Epoch: 045/200 | Batch 0010/0049 | Cost: 2.1475
Epoch: 045/200 | Batch 0020/0049 | Cost: 2.1090
Epoch: 045/200 | Batch 0030/0049 | Cost: 2.2177
Epoch: 045/200 | Batch 0040/0049 | Cost: 2.1446
MAE/RMSE/Loss/Accuracy: | Current Valid: 1.21/1.77/3.04/35.57% Ep. 45 | Best Valid : 1.14/1.67/3.03/36.70% Ep. 38
Time elapsed: 15.94 min
Epoch: 046/200 | Batch 0000/0049 | Cost: 2.2388
Epoch: 046/200 | Batch 0010/0049 | Cost: 2.1476
Epoch: 046/200 | Batch 0020/0049 | Cost: 2.1194
Epoch: 046/200 | Batch 0030/0049 | Cost: 2.2068
Epoch: 046/200 | Batch 0040/0049 | Cost: 2.1979
MAE/RMSE/Loss/Accuracy: | Current Valid: 1.19/1.72/3.01/36.56% Ep. 46 | Best Valid : 1.14/1.67/3.03/36.70% Ep. 38
Time elapsed: 16.30 min
Epoch: 047/200 | Batch 0000/0049 | Cost: 2.0203
Epoch: 047/200 | Batch 0010/0049 | Cost: 2.1362
Epoch: 047/200 | Batch 0020/0049 | Cost: 2.2628
Epoch: 047/200 | Batch 0030/0049 | Cost: 2.2716
Epoch: 047/200 | Batch 0040/0049 | Cost: 2.1155
MAE/RMSE/Loss/Accuracy: | Current Valid: 1.15/1.67/3.01/37.54% Ep. 47 | Best Valid : 1.14/1.67/3.03/36.70% Ep. 38
Time elapsed: 16.65 min
Epoch: 048/200 | Batch 0000/0049 | Cost: 2.1466
Epoch: 048/200 | Batch 0010/0049 | Cost: 2.1665
Epoch: 048/200 | Batch 0020/0049 | Cost: 1.9854
Epoch: 048/200 | Batch 0030/0049 | Cost: 2.1185
Epoch: 048/200 | Batch 0040/0049 | Cost: 2.0174
MAE/RMSE/Loss/Accuracy: | Current Valid: 1.10/1.63/2.98/38.04% Ep. 48 | Best Valid : 1.10/1.63/2.98/38.04% Ep. 48
Time elapsed: 17.01 min
Epoch: 049/200 | Batch 0000/0049 | Cost: 2.1480
Epoch: 049/200 | Batch 0010/0049 | Cost: 2.0587
Epoch: 049/200 | Batch 0020/0049 | Cost: 2.2555
Epoch: 049/200 | Batch 0030/0049 | Cost: 2.1037
Epoch: 049/200 | Batch 0040/0049 | Cost: 2.1123
MAE/RMSE/Loss/Accuracy: | Current Valid: 1.13/1.67/2.94/37.05% Ep. 49 | Best Valid : 1.10/1.63/2.98/38.04% Ep. 48
Time elapsed: 17.36 min
Epoch: 050/200 | Batch 0000/0049 | Cost: 2.1908
Epoch: 050/200 | Batch 0010/0049 | Cost: 2.1427
Epoch: 050/200 | Batch 0020/0049 | Cost: 2.1281
Epoch: 050/200 | Batch 0030/0049 | Cost: 2.1638
Epoch: 050/200 | Batch 0040/0049 | Cost: 2.0592
MAE/RMSE/Loss/Accuracy: | Current Valid: 1.15/1.67/2.99/36.41% Ep. 50 | Best Valid : 1.10/1.63/2.98/38.04% Ep. 48
Time elapsed: 17.72 min
Epoch: 051/200 | Batch 0000/0049 | Cost: 2.1735
Epoch: 051/200 | Batch 0010/0049 | Cost: 2.1491
Epoch: 051/200 | Batch 0020/0049 | Cost: 2.1535
Epoch: 051/200 | Batch 0030/0049 | Cost: 2.0814
Epoch: 051/200 | Batch 0040/0049 | Cost: 2.0066
MAE/RMSE/Loss/Accuracy: | Current Valid: 1.23/1.76/3.02/34.93% Ep. 51 | Best Valid : 1.10/1.63/2.98/38.04% Ep. 48
Time elapsed: 18.07 min
Epoch: 052/200 | Batch 0000/0049 | Cost: 1.9605
Epoch: 052/200 | Batch 0010/0049 | Cost: 2.1426
Epoch: 052/200 | Batch 0020/0049 | Cost: 2.1315
Epoch: 052/200 | Batch 0030/0049 | Cost: 1.9578
Epoch: 052/200 | Batch 0040/0049 | Cost: 2.1191
MAE/RMSE/Loss/Accuracy: | Current Valid: 1.18/1.70/2.94/35.22% Ep. 52 | Best Valid : 1.10/1.63/2.98/38.04% Ep. 48
Time elapsed: 18.42 min
Epoch: 053/200 | Batch 0000/0049 | Cost: 2.0191
Epoch: 053/200 | Batch 0010/0049 | Cost: 2.0685
Epoch: 053/200 | Batch 0020/0049 | Cost: 2.1429
Epoch: 053/200 | Batch 0030/0049 | Cost: 2.0202
Epoch: 053/200 | Batch 0040/0049 | Cost: 1.9447
MAE/RMSE/Loss/Accuracy: | Current Valid: 1.15/1.68/3.04/35.64% Ep. 53 | Best Valid : 1.10/1.63/2.98/38.04% Ep. 48
Time elapsed: 18.78 min
Epoch: 054/200 | Batch 0000/0049 | Cost: 1.9896
Epoch: 054/200 | Batch 0010/0049 | Cost: 2.0985
Epoch: 054/200 | Batch 0020/0049 | Cost: 2.1333
Epoch: 054/200 | Batch 0030/0049 | Cost: 2.0428
Epoch: 054/200 | Batch 0040/0049 | Cost: 2.1293
MAE/RMSE/Loss/Accuracy: | Current Valid: 1.14/1.68/2.98/37.47% Ep. 54 | Best Valid : 1.10/1.63/2.98/38.04% Ep. 48
Time elapsed: 19.13 min
Epoch: 055/200 | Batch 0000/0049 | Cost: 2.0284
Epoch: 055/200 | Batch 0010/0049 | Cost: 2.0291
Epoch: 055/200 | Batch 0020/0049 | Cost: 1.9563
Epoch: 055/200 | Batch 0030/0049 | Cost: 2.0468
Epoch: 055/200 | Batch 0040/0049 | Cost: 1.9994
MAE/RMSE/Loss/Accuracy: | Current Valid: 1.12/1.65/2.97/37.90% Ep. 55 | Best Valid : 1.10/1.63/2.98/38.04% Ep. 48
Time elapsed: 19.48 min
Epoch: 056/200 | Batch 0000/0049 | Cost: 2.0168
Epoch: 056/200 | Batch 0010/0049 | Cost: 1.9829
Epoch: 056/200 | Batch 0020/0049 | Cost: 1.9967
Epoch: 056/200 | Batch 0030/0049 | Cost: 2.0399
Epoch: 056/200 | Batch 0040/0049 | Cost: 2.0355
MAE/RMSE/Loss/Accuracy: | Current Valid: 1.11/1.63/2.92/37.47% Ep. 56 | Best Valid : 1.10/1.63/2.98/38.04% Ep. 48
Time elapsed: 19.84 min
Epoch: 057/200 | Batch 0000/0049 | Cost: 1.9730
Epoch: 057/200 | Batch 0010/0049 | Cost: 2.0264
Epoch: 057/200 | Batch 0020/0049 | Cost: 2.0688
Epoch: 057/200 | Batch 0030/0049 | Cost: 2.0119
Epoch: 057/200 | Batch 0040/0049 | Cost: 2.0026
MAE/RMSE/Loss/Accuracy: | Current Valid: 1.12/1.64/2.95/37.76% Ep. 57 | Best Valid : 1.10/1.63/2.98/38.04% Ep. 48
Time elapsed: 20.19 min
Epoch: 058/200 | Batch 0000/0049 | Cost: 2.0915
Epoch: 058/200 | Batch 0010/0049 | Cost: 1.9194
Epoch: 058/200 | Batch 0020/0049 | Cost: 1.9723
Epoch: 058/200 | Batch 0030/0049 | Cost: 1.9501
Epoch: 058/200 | Batch 0040/0049 | Cost: 1.8298
MAE/RMSE/Loss/Accuracy: | Current Valid: 1.05/1.55/2.91/38.25% Ep. 58 | Best Valid : 1.05/1.55/2.91/38.25% Ep. 58
Time elapsed: 20.55 min
Epoch: 059/200 | Batch 0000/0049 | Cost: 1.9245
Epoch: 059/200 | Batch 0010/0049 | Cost: 1.8568
Epoch: 059/200 | Batch 0020/0049 | Cost: 1.9804
Epoch: 059/200 | Batch 0030/0049 | Cost: 1.8858
Epoch: 059/200 | Batch 0040/0049 | Cost: 1.9678
MAE/RMSE/Loss/Accuracy: | Current Valid: 1.16/1.66/2.88/35.71% Ep. 59 | Best Valid : 1.05/1.55/2.91/38.25% Ep. 58
Time elapsed: 20.90 min
Epoch: 060/200 | Batch 0000/0049 | Cost: 1.8537
Epoch: 060/200 | Batch 0010/0049 | Cost: 1.8555
Epoch: 060/200 | Batch 0020/0049 | Cost: 1.8877
Epoch: 060/200 | Batch 0030/0049 | Cost: 1.9970
Epoch: 060/200 | Batch 0040/0049 | Cost: 1.9166
MAE/RMSE/Loss/Accuracy: | Current Valid: 1.05/1.57/2.86/38.81% Ep. 60 | Best Valid : 1.05/1.57/2.86/38.81% Ep. 60
Time elapsed: 21.26 min
Epoch: 061/200 | Batch 0000/0049 | Cost: 1.9386
Epoch: 061/200 | Batch 0010/0049 | Cost: 1.8711
Epoch: 061/200 | Batch 0020/0049 | Cost: 2.0073
Epoch: 061/200 | Batch 0030/0049 | Cost: 1.9058
Epoch: 061/200 | Batch 0040/0049 | Cost: 1.9680
MAE/RMSE/Loss/Accuracy: | Current Valid: 1.11/1.59/2.91/34.93% Ep. 61 | Best Valid : 1.05/1.57/2.86/38.81% Ep. 60
Time elapsed: 21.61 min
Epoch: 062/200 | Batch 0000/0049 | Cost: 1.7956
Epoch: 062/200 | Batch 0010/0049 | Cost: 1.8748
Epoch: 062/200 | Batch 0020/0049 | Cost: 1.9555
Epoch: 062/200 | Batch 0030/0049 | Cost: 1.9448
Epoch: 062/200 | Batch 0040/0049 | Cost: 1.8803
MAE/RMSE/Loss/Accuracy: | Current Valid: 1.21/1.73/3.00/34.44% Ep. 62 | Best Valid : 1.05/1.57/2.86/38.81% Ep. 60
Time elapsed: 21.97 min
Epoch: 063/200 | Batch 0000/0049 | Cost: 1.8816
Epoch: 063/200 | Batch 0010/0049 | Cost: 1.9649
Epoch: 063/200 | Batch 0020/0049 | Cost: 1.8800
Epoch: 063/200 | Batch 0030/0049 | Cost: 1.9581
Epoch: 063/200 | Batch 0040/0049 | Cost: 1.9885
MAE/RMSE/Loss/Accuracy: | Current Valid: 1.14/1.62/2.89/34.58% Ep. 63 | Best Valid : 1.05/1.57/2.86/38.81% Ep. 60
Time elapsed: 22.32 min
Epoch: 064/200 | Batch 0000/0049 | Cost: 1.8577
Epoch: 064/200 | Batch 0010/0049 | Cost: 1.9109
Epoch: 064/200 | Batch 0020/0049 | Cost: 2.0760
Epoch: 064/200 | Batch 0030/0049 | Cost: 1.9741
Epoch: 064/200 | Batch 0040/0049 | Cost: 2.0097
MAE/RMSE/Loss/Accuracy: | Current Valid: 1.05/1.57/2.78/39.31% Ep. 64 | Best Valid : 1.05/1.57/2.78/39.31% Ep. 64
Time elapsed: 22.68 min
Epoch: 065/200 | Batch 0000/0049 | Cost: 1.9194
Epoch: 065/200 | Batch 0010/0049 | Cost: 1.7763
Epoch: 065/200 | Batch 0020/0049 | Cost: 2.0452
Epoch: 065/200 | Batch 0030/0049 | Cost: 1.9851
Epoch: 065/200 | Batch 0040/0049 | Cost: 2.0545
MAE/RMSE/Loss/Accuracy: | Current Valid: 1.21/1.73/2.99/35.36% Ep. 65 | Best Valid : 1.05/1.57/2.78/39.31% Ep. 64
Time elapsed: 23.03 min
Epoch: 066/200 | Batch 0000/0049 | Cost: 1.9470
Epoch: 066/200 | Batch 0010/0049 | Cost: 2.0313
Epoch: 066/200 | Batch 0020/0049 | Cost: 1.9339
Epoch: 066/200 | Batch 0030/0049 | Cost: 2.2102
Epoch: 066/200 | Batch 0040/0049 | Cost: 1.9218
MAE/RMSE/Loss/Accuracy: | Current Valid: 1.12/1.63/2.82/37.61% Ep. 66 | Best Valid : 1.05/1.57/2.78/39.31% Ep. 64
Time elapsed: 23.39 min
Epoch: 067/200 | Batch 0000/0049 | Cost: 1.8446
Epoch: 067/200 | Batch 0010/0049 | Cost: 2.1973
Epoch: 067/200 | Batch 0020/0049 | Cost: 1.8528
Epoch: 067/200 | Batch 0030/0049 | Cost: 1.9740
Epoch: 067/200 | Batch 0040/0049 | Cost: 1.8630
MAE/RMSE/Loss/Accuracy: | Current Valid: 1.18/1.72/3.02/36.63% Ep. 67 | Best Valid : 1.05/1.57/2.78/39.31% Ep. 64
Time elapsed: 23.74 min
Epoch: 068/200 | Batch 0000/0049 | Cost: 1.9116
Epoch: 068/200 | Batch 0010/0049 | Cost: 1.9315
Epoch: 068/200 | Batch 0020/0049 | Cost: 1.9145
Epoch: 068/200 | Batch 0030/0049 | Cost: 1.9406
Epoch: 068/200 | Batch 0040/0049 | Cost: 1.9519
MAE/RMSE/Loss/Accuracy: | Current Valid: 1.21/1.74/3.03/36.13% Ep. 68 | Best Valid : 1.05/1.57/2.78/39.31% Ep. 64
Time elapsed: 24.10 min
Epoch: 069/200 | Batch 0000/0049 | Cost: 1.9098
Epoch: 069/200 | Batch 0010/0049 | Cost: 1.8197
Epoch: 069/200 | Batch 0020/0049 | Cost: 1.9242
Epoch: 069/200 | Batch 0030/0049 | Cost: 1.9418
Epoch: 069/200 | Batch 0040/0049 | Cost: 1.8772
MAE/RMSE/Loss/Accuracy: | Current Valid: 1.12/1.62/2.87/36.20% Ep. 69 | Best Valid : 1.05/1.57/2.78/39.31% Ep. 64
Time elapsed: 24.45 min
Epoch: 070/200 | Batch 0000/0049 | Cost: 1.8397
Epoch: 070/200 | Batch 0010/0049 | Cost: 1.7862
Epoch: 070/200 | Batch 0020/0049 | Cost: 1.8465
Epoch: 070/200 | Batch 0030/0049 | Cost: 1.9757
Epoch: 070/200 | Batch 0040/0049 | Cost: 2.0586
MAE/RMSE/Loss/Accuracy: | Current Valid: 1.09/1.60/2.80/36.13% Ep. 70 | Best Valid : 1.05/1.57/2.78/39.31% Ep. 64
Time elapsed: 24.81 min
Epoch: 071/200 | Batch 0000/0049 | Cost: 1.9104
Epoch: 071/200 | Batch 0010/0049 | Cost: 1.8816
Epoch: 071/200 | Batch 0020/0049 | Cost: 1.7911
Epoch: 071/200 | Batch 0030/0049 | Cost: 1.8852
Epoch: 071/200 | Batch 0040/0049 | Cost: 1.9478
MAE/RMSE/Loss/Accuracy: | Current Valid: 1.06/1.58/2.74/38.81% Ep. 71 | Best Valid : 1.05/1.57/2.78/39.31% Ep. 64
Time elapsed: 25.16 min
Epoch: 072/200 | Batch 0000/0049 | Cost: 1.7735
Epoch: 072/200 | Batch 0010/0049 | Cost: 1.8880
Epoch: 072/200 | Batch 0020/0049 | Cost: 1.8252
Epoch: 072/200 | Batch 0030/0049 | Cost: 1.7818
Epoch: 072/200 | Batch 0040/0049 | Cost: 1.7976
MAE/RMSE/Loss/Accuracy: | Current Valid: 1.12/1.63/2.95/35.78% Ep. 72 | Best Valid : 1.05/1.57/2.78/39.31% Ep. 64
Time elapsed: 25.51 min
Epoch: 073/200 | Batch 0000/0049 | Cost: 1.8852
Epoch: 073/200 | Batch 0010/0049 | Cost: 1.8273
Epoch: 073/200 | Batch 0020/0049 | Cost: 1.8562
Epoch: 073/200 | Batch 0030/0049 | Cost: 1.6948
Epoch: 073/200 | Batch 0040/0049 | Cost: 1.8049
MAE/RMSE/Loss/Accuracy: | Current Valid: 1.01/1.52/2.76/39.80% Ep. 73 | Best Valid : 1.01/1.52/2.76/39.80% Ep. 73
Time elapsed: 25.87 min
Epoch: 074/200 | Batch 0000/0049 | Cost: 1.8112
Epoch: 074/200 | Batch 0010/0049 | Cost: 1.7109
Epoch: 074/200 | Batch 0020/0049 | Cost: 1.7013
Epoch: 074/200 | Batch 0030/0049 | Cost: 1.8299
Epoch: 074/200 | Batch 0040/0049 | Cost: 1.8625
MAE/RMSE/Loss/Accuracy: | Current Valid: 1.02/1.52/2.78/39.38% Ep. 74 | Best Valid : 1.01/1.52/2.76/39.80% Ep. 73
Time elapsed: 26.22 min
Epoch: 075/200 | Batch 0000/0049 | Cost: 1.7189
Epoch: 075/200 | Batch 0010/0049 | Cost: 1.7346
Epoch: 075/200 | Batch 0020/0049 | Cost: 1.6851
Epoch: 075/200 | Batch 0030/0049 | Cost: 1.7284
Epoch: 075/200 | Batch 0040/0049 | Cost: 1.6802
MAE/RMSE/Loss/Accuracy: | Current Valid: 1.01/1.52/2.78/39.66% Ep. 75 | Best Valid : 1.01/1.52/2.76/39.80% Ep. 73
Time elapsed: 26.58 min
Epoch: 076/200 | Batch 0000/0049 | Cost: 1.6954
Epoch: 076/200 | Batch 0010/0049 | Cost: 1.7816
Epoch: 076/200 | Batch 0020/0049 | Cost: 1.7374
Epoch: 076/200 | Batch 0030/0049 | Cost: 1.7076
Epoch: 076/200 | Batch 0040/0049 | Cost: 1.6995
MAE/RMSE/Loss/Accuracy: | Current Valid: 1.05/1.53/2.74/37.69% Ep. 76 | Best Valid : 1.01/1.52/2.76/39.80% Ep. 73
Time elapsed: 26.93 min
Epoch: 077/200 | Batch 0000/0049 | Cost: 1.6735
Epoch: 077/200 | Batch 0010/0049 | Cost: 1.7856
Epoch: 077/200 | Batch 0020/0049 | Cost: 1.7323
Epoch: 077/200 | Batch 0030/0049 | Cost: 1.8027
Epoch: 077/200 | Batch 0040/0049 | Cost: 1.6738
MAE/RMSE/Loss/Accuracy: | Current Valid: 1.07/1.57/2.84/38.60% Ep. 77 | Best Valid : 1.01/1.52/2.76/39.80% Ep. 73
Time elapsed: 27.29 min
Epoch: 078/200 | Batch 0000/0049 | Cost: 1.7686
Epoch: 078/200 | Batch 0010/0049 | Cost: 1.7212
Epoch: 078/200 | Batch 0020/0049 | Cost: 1.7377
Epoch: 078/200 | Batch 0030/0049 | Cost: 1.7638
Epoch: 078/200 | Batch 0040/0049 | Cost: 1.6797
MAE/RMSE/Loss/Accuracy: | Current Valid: 1.10/1.62/2.91/36.70% Ep. 78 | Best Valid : 1.01/1.52/2.76/39.80% Ep. 73
Time elapsed: 27.64 min
Epoch: 079/200 | Batch 0000/0049 | Cost: 1.6692
Epoch: 079/200 | Batch 0010/0049 | Cost: 1.8554
Epoch: 079/200 | Batch 0020/0049 | Cost: 1.8097
Epoch: 079/200 | Batch 0030/0049 | Cost: 1.6806
Epoch: 079/200 | Batch 0040/0049 | Cost: 1.7697
MAE/RMSE/Loss/Accuracy: | Current Valid: 1.13/1.63/2.77/35.64% Ep. 79 | Best Valid : 1.01/1.52/2.76/39.80% Ep. 73
Time elapsed: 28.00 min
Epoch: 080/200 | Batch 0000/0049 | Cost: 1.6552
Epoch: 080/200 | Batch 0010/0049 | Cost: 1.7158
Epoch: 080/200 | Batch 0020/0049 | Cost: 1.6448
Epoch: 080/200 | Batch 0030/0049 | Cost: 1.7183
Epoch: 080/200 | Batch 0040/0049 | Cost: 1.7180
MAE/RMSE/Loss/Accuracy: | Current Valid: 1.05/1.56/2.77/37.97% Ep. 80 | Best Valid : 1.01/1.52/2.76/39.80% Ep. 73
Time elapsed: 28.35 min
Epoch: 081/200 | Batch 0000/0049 | Cost: 1.7104
Epoch: 081/200 | Batch 0010/0049 | Cost: 1.5743
Epoch: 081/200 | Batch 0020/0049 | Cost: 1.6138
Epoch: 081/200 | Batch 0030/0049 | Cost: 1.7675
Epoch: 081/200 | Batch 0040/0049 | Cost: 1.7055
MAE/RMSE/Loss/Accuracy: | Current Valid: 1.03/1.52/2.74/38.81% Ep. 81 | Best Valid : 1.01/1.52/2.76/39.80% Ep. 73
Time elapsed: 28.71 min
Epoch: 082/200 | Batch 0000/0049 | Cost: 1.6520
Epoch: 082/200 | Batch 0010/0049 | Cost: 1.6692
Epoch: 082/200 | Batch 0020/0049 | Cost: 1.6154
Epoch: 082/200 | Batch 0030/0049 | Cost: 1.6256
Epoch: 082/200 | Batch 0040/0049 | Cost: 1.6114
MAE/RMSE/Loss/Accuracy: | Current Valid: 1.00/1.48/2.60/40.08% Ep. 82 | Best Valid : 1.00/1.48/2.60/40.08% Ep. 82
Time elapsed: 29.06 min
Epoch: 083/200 | Batch 0000/0049 | Cost: 1.6963
Epoch: 083/200 | Batch 0010/0049 | Cost: 1.7184
Epoch: 083/200 | Batch 0020/0049 | Cost: 1.7061
Epoch: 083/200 | Batch 0030/0049 | Cost: 1.5845
Epoch: 083/200 | Batch 0040/0049 | Cost: 1.6757
MAE/RMSE/Loss/Accuracy: | Current Valid: 1.11/1.59/2.82/36.41% Ep. 83 | Best Valid : 1.00/1.48/2.60/40.08% Ep. 82
Time elapsed: 29.42 min
Epoch: 084/200 | Batch 0000/0049 | Cost: 1.5755
Epoch: 084/200 | Batch 0010/0049 | Cost: 1.8207
Epoch: 084/200 | Batch 0020/0049 | Cost: 1.6480
Epoch: 084/200 | Batch 0030/0049 | Cost: 1.7224
Epoch: 084/200 | Batch 0040/0049 | Cost: 1.7431
MAE/RMSE/Loss/Accuracy: | Current Valid: 1.09/1.60/2.81/37.54% Ep. 84 | Best Valid : 1.00/1.48/2.60/40.08% Ep. 82
Time elapsed: 29.77 min
Epoch: 085/200 | Batch 0000/0049 | Cost: 1.6930
Epoch: 085/200 | Batch 0010/0049 | Cost: 1.6258
Epoch: 085/200 | Batch 0020/0049 | Cost: 1.7277
Epoch: 085/200 | Batch 0030/0049 | Cost: 1.8985
Epoch: 085/200 | Batch 0040/0049 | Cost: 1.6532
MAE/RMSE/Loss/Accuracy: | Current Valid: 1.05/1.56/2.89/38.96% Ep. 85 | Best Valid : 1.00/1.48/2.60/40.08% Ep. 82
Time elapsed: 30.13 min
Epoch: 086/200 | Batch 0000/0049 | Cost: 1.7121
Epoch: 086/200 | Batch 0010/0049 | Cost: 1.6718
Epoch: 086/200 | Batch 0020/0049 | Cost: 1.5708
Epoch: 086/200 | Batch 0030/0049 | Cost: 1.6554
Epoch: 086/200 | Batch 0040/0049 | Cost: 1.6862
MAE/RMSE/Loss/Accuracy: | Current Valid: 1.06/1.56/2.78/37.69% Ep. 86 | Best Valid : 1.00/1.48/2.60/40.08% Ep. 82
Time elapsed: 30.48 min
Epoch: 087/200 | Batch 0000/0049 | Cost: 1.6206
Epoch: 087/200 | Batch 0010/0049 | Cost: 1.5554
Epoch: 087/200 | Batch 0020/0049 | Cost: 1.5725
Epoch: 087/200 | Batch 0030/0049 | Cost: 1.5607
Epoch: 087/200 | Batch 0040/0049 | Cost: 1.6269
MAE/RMSE/Loss/Accuracy: | Current Valid: 1.02/1.52/2.63/39.24% Ep. 87 | Best Valid : 1.00/1.48/2.60/40.08% Ep. 82
Time elapsed: 30.84 min
Epoch: 088/200 | Batch 0000/0049 | Cost: 1.7028
Epoch: 088/200 | Batch 0010/0049 | Cost: 1.5790
Epoch: 088/200 | Batch 0020/0049 | Cost: 1.5517
Epoch: 088/200 | Batch 0030/0049 | Cost: 1.5681
Epoch: 088/200 | Batch 0040/0049 | Cost: 1.6291
MAE/RMSE/Loss/Accuracy: | Current Valid: 1.03/1.52/2.71/38.04% Ep. 88 | Best Valid : 1.00/1.48/2.60/40.08% Ep. 82
Time elapsed: 31.19 min
Epoch: 089/200 | Batch 0000/0049 | Cost: 1.5915
Epoch: 089/200 | Batch 0010/0049 | Cost: 1.5194
Epoch: 089/200 | Batch 0020/0049 | Cost: 1.6389
Epoch: 089/200 | Batch 0030/0049 | Cost: 1.4710
Epoch: 089/200 | Batch 0040/0049 | Cost: 1.5337
MAE/RMSE/Loss/Accuracy: | Current Valid: 0.96/1.45/2.59/41.35% Ep. 89 | Best Valid : 0.96/1.45/2.59/41.35% Ep. 89
Time elapsed: 31.55 min
Epoch: 090/200 | Batch 0000/0049 | Cost: 1.6217
Epoch: 090/200 | Batch 0010/0049 | Cost: 1.5849
Epoch: 090/200 | Batch 0020/0049 | Cost: 1.6166
Epoch: 090/200 | Batch 0030/0049 | Cost: 1.5809
Epoch: 090/200 | Batch 0040/0049 | Cost: 1.5006
MAE/RMSE/Loss/Accuracy: | Current Valid: 1.01/1.52/2.78/41.28% Ep. 90 | Best Valid : 0.96/1.45/2.59/41.35% Ep. 89
Time elapsed: 31.90 min
Epoch: 091/200 | Batch 0000/0049 | Cost: 1.5729
Epoch: 091/200 | Batch 0010/0049 | Cost: 1.5118
Epoch: 091/200 | Batch 0020/0049 | Cost: 1.5519
Epoch: 091/200 | Batch 0030/0049 | Cost: 1.5831
Epoch: 091/200 | Batch 0040/0049 | Cost: 1.7028
MAE/RMSE/Loss/Accuracy: | Current Valid: 1.02/1.53/2.72/39.66% Ep. 91 | Best Valid : 0.96/1.45/2.59/41.35% Ep. 89
Time elapsed: 32.25 min
Epoch: 092/200 | Batch 0000/0049 | Cost: 1.6178
Epoch: 092/200 | Batch 0010/0049 | Cost: 1.6602
Epoch: 092/200 | Batch 0020/0049 | Cost: 1.5532
Epoch: 092/200 | Batch 0030/0049 | Cost: 1.5356
Epoch: 092/200 | Batch 0040/0049 | Cost: 1.5894
MAE/RMSE/Loss/Accuracy: | Current Valid: 0.96/1.46/2.61/41.28% Ep. 92 | Best Valid : 0.96/1.46/2.61/41.28% Ep. 92
Time elapsed: 32.61 min
Epoch: 093/200 | Batch 0000/0049 | Cost: 1.5664
Epoch: 093/200 | Batch 0010/0049 | Cost: 1.5358
Epoch: 093/200 | Batch 0020/0049 | Cost: 1.6267
Epoch: 093/200 | Batch 0030/0049 | Cost: 1.6562
Epoch: 093/200 | Batch 0040/0049 | Cost: 1.5191
MAE/RMSE/Loss/Accuracy: | Current Valid: 1.00/1.49/2.63/40.23% Ep. 93 | Best Valid : 0.96/1.46/2.61/41.28% Ep. 92
Time elapsed: 32.96 min
Epoch: 094/200 | Batch 0000/0049 | Cost: 1.6363
Epoch: 094/200 | Batch 0010/0049 | Cost: 1.5865
Epoch: 094/200 | Batch 0020/0049 | Cost: 1.6010
Epoch: 094/200 | Batch 0030/0049 | Cost: 1.4978
Epoch: 094/200 | Batch 0040/0049 | Cost: 1.5626
MAE/RMSE/Loss/Accuracy: | Current Valid: 1.04/1.52/2.67/38.04% Ep. 94 | Best Valid : 0.96/1.46/2.61/41.28% Ep. 92
Time elapsed: 33.32 min
Epoch: 095/200 | Batch 0000/0049 | Cost: 1.5215
Epoch: 095/200 | Batch 0010/0049 | Cost: 1.5630
Epoch: 095/200 | Batch 0020/0049 | Cost: 1.5511
Epoch: 095/200 | Batch 0030/0049 | Cost: 1.6120
Epoch: 095/200 | Batch 0040/0049 | Cost: 1.6646
MAE/RMSE/Loss/Accuracy: | Current Valid: 1.07/1.56/2.76/38.04% Ep. 95 | Best Valid : 0.96/1.46/2.61/41.28% Ep. 92
Time elapsed: 33.67 min
Epoch: 096/200 | Batch 0000/0049 | Cost: 1.6506
Epoch: 096/200 | Batch 0010/0049 | Cost: 1.6337
Epoch: 096/200 | Batch 0020/0049 | Cost: 1.7062
Epoch: 096/200 | Batch 0030/0049 | Cost: 1.5966
Epoch: 096/200 | Batch 0040/0049 | Cost: 1.7787
MAE/RMSE/Loss/Accuracy: | Current Valid: 1.02/1.53/2.60/39.80% Ep. 96 | Best Valid : 0.96/1.46/2.61/41.28% Ep. 92
Time elapsed: 34.03 min
Epoch: 097/200 | Batch 0000/0049 | Cost: 1.6548
Epoch: 097/200 | Batch 0010/0049 | Cost: 1.6799
Epoch: 097/200 | Batch 0020/0049 | Cost: 1.6515
Epoch: 097/200 | Batch 0030/0049 | Cost: 1.6559
Epoch: 097/200 | Batch 0040/0049 | Cost: 1.6438
MAE/RMSE/Loss/Accuracy: | Current Valid: 1.07/1.59/2.79/37.69% Ep. 97 | Best Valid : 0.96/1.46/2.61/41.28% Ep. 92
Time elapsed: 34.38 min
Epoch: 098/200 | Batch 0000/0049 | Cost: 1.5426
Epoch: 098/200 | Batch 0010/0049 | Cost: 1.5897
Epoch: 098/200 | Batch 0020/0049 | Cost: 1.5912
Epoch: 098/200 | Batch 0030/0049 | Cost: 1.6376
Epoch: 098/200 | Batch 0040/0049 | Cost: 1.5760
MAE/RMSE/Loss/Accuracy: | Current Valid: 1.02/1.49/2.57/37.47% Ep. 98 | Best Valid : 0.96/1.46/2.61/41.28% Ep. 92
Time elapsed: 34.74 min
Epoch: 099/200 | Batch 0000/0049 | Cost: 1.5252
Epoch: 099/200 | Batch 0010/0049 | Cost: 1.6252
Epoch: 099/200 | Batch 0020/0049 | Cost: 1.5639
Epoch: 099/200 | Batch 0030/0049 | Cost: 1.6674
Epoch: 099/200 | Batch 0040/0049 | Cost: 1.5463
MAE/RMSE/Loss/Accuracy: | Current Valid: 1.08/1.58/2.76/37.12% Ep. 99 | Best Valid : 0.96/1.46/2.61/41.28% Ep. 92
Time elapsed: 35.10 min
Epoch: 100/200 | Batch 0000/0049 | Cost: 1.5858
Epoch: 100/200 | Batch 0010/0049 | Cost: 1.5994
Epoch: 100/200 | Batch 0020/0049 | Cost: 1.6665
Epoch: 100/200 | Batch 0030/0049 | Cost: 1.6355
Epoch: 100/200 | Batch 0040/0049 | Cost: 1.6727
MAE/RMSE/Loss/Accuracy: | Current Valid: 1.06/1.58/2.71/38.18% Ep. 100 | Best Valid : 0.96/1.46/2.61/41.28% Ep. 92
Time elapsed: 35.45 min
Epoch: 101/200 | Batch 0000/0049 | Cost: 1.7610
Epoch: 101/200 | Batch 0010/0049 | Cost: 1.5760
Epoch: 101/200 | Batch 0020/0049 | Cost: 1.6357
Epoch: 101/200 | Batch 0030/0049 | Cost: 1.6324
Epoch: 101/200 | Batch 0040/0049 | Cost: 1.6187
MAE/RMSE/Loss/Accuracy: | Current Valid: 1.05/1.58/2.72/39.66% Ep. 101 | Best Valid : 0.96/1.46/2.61/41.28% Ep. 92
Time elapsed: 35.81 min
Epoch: 102/200 | Batch 0000/0049 | Cost: 1.6232
Epoch: 102/200 | Batch 0010/0049 | Cost: 1.5169
Epoch: 102/200 | Batch 0020/0049 | Cost: 1.5295
Epoch: 102/200 | Batch 0030/0049 | Cost: 1.5895
Epoch: 102/200 | Batch 0040/0049 | Cost: 1.6782
MAE/RMSE/Loss/Accuracy: | Current Valid: 0.96/1.46/2.51/41.50% Ep. 102 | Best Valid : 0.96/1.46/2.61/41.28% Ep. 92
Time elapsed: 36.17 min
Epoch: 103/200 | Batch 0000/0049 | Cost: 1.3637
Epoch: 103/200 | Batch 0010/0049 | Cost: 1.4765
Epoch: 103/200 | Batch 0020/0049 | Cost: 1.5175
Epoch: 103/200 | Batch 0030/0049 | Cost: 1.5479
Epoch: 103/200 | Batch 0040/0049 | Cost: 1.4514
MAE/RMSE/Loss/Accuracy: | Current Valid: 1.01/1.50/2.62/39.59% Ep. 103 | Best Valid : 0.96/1.46/2.61/41.28% Ep. 92
Time elapsed: 36.52 min
Epoch: 104/200 | Batch 0000/0049 | Cost: 1.4703
Epoch: 104/200 | Batch 0010/0049 | Cost: 1.4622
Epoch: 104/200 | Batch 0020/0049 | Cost: 1.4777
Epoch: 104/200 | Batch 0030/0049 | Cost: 1.4600
Epoch: 104/200 | Batch 0040/0049 | Cost: 1.4921
MAE/RMSE/Loss/Accuracy: | Current Valid: 1.00/1.51/2.68/40.01% Ep. 104 | Best Valid : 0.96/1.46/2.61/41.28% Ep. 92
Time elapsed: 36.88 min
Epoch: 105/200 | Batch 0000/0049 | Cost: 1.3972
Epoch: 105/200 | Batch 0010/0049 | Cost: 1.5412
Epoch: 105/200 | Batch 0020/0049 | Cost: 1.5281
Epoch: 105/200 | Batch 0030/0049 | Cost: 1.4288
Epoch: 105/200 | Batch 0040/0049 | Cost: 1.5033
MAE/RMSE/Loss/Accuracy: | Current Valid: 0.97/1.46/2.56/41.92% Ep. 105 | Best Valid : 0.96/1.46/2.61/41.28% Ep. 92
Time elapsed: 37.24 min
Epoch: 106/200 | Batch 0000/0049 | Cost: 1.4750
Epoch: 106/200 | Batch 0010/0049 | Cost: 1.4474
Epoch: 106/200 | Batch 0020/0049 | Cost: 1.4851
Epoch: 106/200 | Batch 0030/0049 | Cost: 1.4359
Epoch: 106/200 | Batch 0040/0049 | Cost: 1.4512
MAE/RMSE/Loss/Accuracy: | Current Valid: 1.01/1.53/2.76/40.72% Ep. 106 | Best Valid : 0.96/1.46/2.61/41.28% Ep. 92
Time elapsed: 37.60 min
Epoch: 107/200 | Batch 0000/0049 | Cost: 1.4096
Epoch: 107/200 | Batch 0010/0049 | Cost: 1.4567
Epoch: 107/200 | Batch 0020/0049 | Cost: 1.4825
Epoch: 107/200 | Batch 0030/0049 | Cost: 1.4649
Epoch: 107/200 | Batch 0040/0049 | Cost: 1.4459
MAE/RMSE/Loss/Accuracy: | Current Valid: 0.97/1.46/2.59/41.99% Ep. 107 | Best Valid : 0.96/1.46/2.61/41.28% Ep. 92
Time elapsed: 37.95 min
Epoch: 108/200 | Batch 0000/0049 | Cost: 1.5207
Epoch: 108/200 | Batch 0010/0049 | Cost: 1.4517
Epoch: 108/200 | Batch 0020/0049 | Cost: 1.4619
Epoch: 108/200 | Batch 0030/0049 | Cost: 1.4458
Epoch: 108/200 | Batch 0040/0049 | Cost: 1.4139
MAE/RMSE/Loss/Accuracy: | Current Valid: 0.96/1.44/2.54/42.13% Ep. 108 | Best Valid : 0.96/1.44/2.54/42.13% Ep. 108
Time elapsed: 38.31 min
Epoch: 109/200 | Batch 0000/0049 | Cost: 1.3683
Epoch: 109/200 | Batch 0010/0049 | Cost: 1.4148
Epoch: 109/200 | Batch 0020/0049 | Cost: 1.3754
Epoch: 109/200 | Batch 0030/0049 | Cost: 1.4779
Epoch: 109/200 | Batch 0040/0049 | Cost: 1.4334
MAE/RMSE/Loss/Accuracy: | Current Valid: 1.05/1.54/2.73/38.74% Ep. 109 | Best Valid : 0.96/1.44/2.54/42.13% Ep. 108
Time elapsed: 38.67 min
Epoch: 110/200 | Batch 0000/0049 | Cost: 1.4952
Epoch: 110/200 | Batch 0010/0049 | Cost: 1.4353
Epoch: 110/200 | Batch 0020/0049 | Cost: 1.3742
Epoch: 110/200 | Batch 0030/0049 | Cost: 1.3907
Epoch: 110/200 | Batch 0040/0049 | Cost: 1.4056
MAE/RMSE/Loss/Accuracy: | Current Valid: 1.00/1.51/2.70/41.21% Ep. 110 | Best Valid : 0.96/1.44/2.54/42.13% Ep. 108
Time elapsed: 39.02 min
Epoch: 111/200 | Batch 0000/0049 | Cost: 1.3575
Epoch: 111/200 | Batch 0010/0049 | Cost: 1.4456
Epoch: 111/200 | Batch 0020/0049 | Cost: 1.4588
Epoch: 111/200 | Batch 0030/0049 | Cost: 1.4698
Epoch: 111/200 | Batch 0040/0049 | Cost: 1.4148
MAE/RMSE/Loss/Accuracy: | Current Valid: 1.00/1.47/2.56/39.80% Ep. 111 | Best Valid : 0.96/1.44/2.54/42.13% Ep. 108
Time elapsed: 39.38 min
Epoch: 112/200 | Batch 0000/0049 | Cost: 1.4278
Epoch: 112/200 | Batch 0010/0049 | Cost: 1.4257
Epoch: 112/200 | Batch 0020/0049 | Cost: 1.3755
Epoch: 112/200 | Batch 0030/0049 | Cost: 1.4225
Epoch: 112/200 | Batch 0040/0049 | Cost: 1.4213
MAE/RMSE/Loss/Accuracy: | Current Valid: 1.04/1.55/2.77/40.01% Ep. 112 | Best Valid : 0.96/1.44/2.54/42.13% Ep. 108
Time elapsed: 39.74 min
Epoch: 113/200 | Batch 0000/0049 | Cost: 1.2788
Epoch: 113/200 | Batch 0010/0049 | Cost: 1.3398
Epoch: 113/200 | Batch 0020/0049 | Cost: 1.3785
Epoch: 113/200 | Batch 0030/0049 | Cost: 1.3787
Epoch: 113/200 | Batch 0040/0049 | Cost: 1.3998
MAE/RMSE/Loss/Accuracy: | Current Valid: 0.99/1.49/2.73/41.00% Ep. 113 | Best Valid : 0.96/1.44/2.54/42.13% Ep. 108
Time elapsed: 40.09 min
Epoch: 114/200 | Batch 0000/0049 | Cost: 1.3936
Epoch: 114/200 | Batch 0010/0049 | Cost: 1.3212
Epoch: 114/200 | Batch 0020/0049 | Cost: 1.4703
Epoch: 114/200 | Batch 0030/0049 | Cost: 1.4036
Epoch: 114/200 | Batch 0040/0049 | Cost: 1.3907
MAE/RMSE/Loss/Accuracy: | Current Valid: 0.98/1.46/2.61/39.59% Ep. 114 | Best Valid : 0.96/1.44/2.54/42.13% Ep. 108
Time elapsed: 40.45 min
Epoch: 115/200 | Batch 0000/0049 | Cost: 1.3375
Epoch: 115/200 | Batch 0010/0049 | Cost: 1.4452
Epoch: 115/200 | Batch 0020/0049 | Cost: 1.5024
Epoch: 115/200 | Batch 0030/0049 | Cost: 1.4097
Epoch: 115/200 | Batch 0040/0049 | Cost: 1.4681
MAE/RMSE/Loss/Accuracy: | Current Valid: 0.96/1.45/2.55/41.35% Ep. 115 | Best Valid : 0.96/1.44/2.54/42.13% Ep. 108
Time elapsed: 40.81 min
Epoch: 116/200 | Batch 0000/0049 | Cost: 1.3330
Epoch: 116/200 | Batch 0010/0049 | Cost: 1.4012
Epoch: 116/200 | Batch 0020/0049 | Cost: 1.4687
Epoch: 116/200 | Batch 0030/0049 | Cost: 1.3823
Epoch: 116/200 | Batch 0040/0049 | Cost: 1.3311
MAE/RMSE/Loss/Accuracy: | Current Valid: 1.02/1.51/2.77/39.94% Ep. 116 | Best Valid : 0.96/1.44/2.54/42.13% Ep. 108
Time elapsed: 41.16 min
Epoch: 117/200 | Batch 0000/0049 | Cost: 1.3701
Epoch: 117/200 | Batch 0010/0049 | Cost: 1.2778
Epoch: 117/200 | Batch 0020/0049 | Cost: 1.3128
Epoch: 117/200 | Batch 0030/0049 | Cost: 1.4004
Epoch: 117/200 | Batch 0040/0049 | Cost: 1.3412
MAE/RMSE/Loss/Accuracy: | Current Valid: 1.01/1.50/2.71/39.94% Ep. 117 | Best Valid : 0.96/1.44/2.54/42.13% Ep. 108
Time elapsed: 41.52 min
Epoch: 118/200 | Batch 0000/0049 | Cost: 1.3848
Epoch: 118/200 | Batch 0010/0049 | Cost: 1.4058
Epoch: 118/200 | Batch 0020/0049 | Cost: 1.3206
Epoch: 118/200 | Batch 0030/0049 | Cost: 1.3718
Epoch: 118/200 | Batch 0040/0049 | Cost: 1.4264
MAE/RMSE/Loss/Accuracy: | Current Valid: 1.03/1.54/2.70/40.01% Ep. 118 | Best Valid : 0.96/1.44/2.54/42.13% Ep. 108
Time elapsed: 41.88 min
Epoch: 119/200 | Batch 0000/0049 | Cost: 1.2732
Epoch: 119/200 | Batch 0010/0049 | Cost: 1.3932
Epoch: 119/200 | Batch 0020/0049 | Cost: 1.3324
Epoch: 119/200 | Batch 0030/0049 | Cost: 1.3862
Epoch: 119/200 | Batch 0040/0049 | Cost: 1.4000
MAE/RMSE/Loss/Accuracy: | Current Valid: 0.98/1.48/2.67/41.57% Ep. 119 | Best Valid : 0.96/1.44/2.54/42.13% Ep. 108
Time elapsed: 42.24 min
Epoch: 120/200 | Batch 0000/0049 | Cost: 1.3403
Epoch: 120/200 | Batch 0010/0049 | Cost: 1.3814
Epoch: 120/200 | Batch 0020/0049 | Cost: 1.2902
Epoch: 120/200 | Batch 0030/0049 | Cost: 1.3190
Epoch: 120/200 | Batch 0040/0049 | Cost: 1.2646
MAE/RMSE/Loss/Accuracy: | Current Valid: 0.97/1.47/2.64/40.65% Ep. 120 | Best Valid : 0.96/1.44/2.54/42.13% Ep. 108
Time elapsed: 42.59 min
Epoch: 121/200 | Batch 0000/0049 | Cost: 1.3271
Epoch: 121/200 | Batch 0010/0049 | Cost: 1.3623
Epoch: 121/200 | Batch 0020/0049 | Cost: 1.2975
Epoch: 121/200 | Batch 0030/0049 | Cost: 1.4070
Epoch: 121/200 | Batch 0040/0049 | Cost: 1.2638
MAE/RMSE/Loss/Accuracy: | Current Valid: 0.98/1.48/2.66/40.37% Ep. 121 | Best Valid : 0.96/1.44/2.54/42.13% Ep. 108
Time elapsed: 42.95 min
Epoch: 122/200 | Batch 0000/0049 | Cost: 1.2752
Epoch: 122/200 | Batch 0010/0049 | Cost: 1.3066
Epoch: 122/200 | Batch 0020/0049 | Cost: 1.2504
Epoch: 122/200 | Batch 0030/0049 | Cost: 1.3142
Epoch: 122/200 | Batch 0040/0049 | Cost: 1.3153
MAE/RMSE/Loss/Accuracy: | Current Valid: 0.98/1.50/2.73/41.92% Ep. 122 | Best Valid : 0.96/1.44/2.54/42.13% Ep. 108
Time elapsed: 43.30 min
Epoch: 123/200 | Batch 0000/0049 | Cost: 1.3620
Epoch: 123/200 | Batch 0010/0049 | Cost: 1.3053
Epoch: 123/200 | Batch 0020/0049 | Cost: 1.3880
Epoch: 123/200 | Batch 0030/0049 | Cost: 1.3407
Epoch: 123/200 | Batch 0040/0049 | Cost: 1.3550
MAE/RMSE/Loss/Accuracy: | Current Valid: 1.03/1.56/2.75/40.23% Ep. 123 | Best Valid : 0.96/1.44/2.54/42.13% Ep. 108
Time elapsed: 43.66 min
Epoch: 124/200 | Batch 0000/0049 | Cost: 1.4173
Epoch: 124/200 | Batch 0010/0049 | Cost: 1.7843
Epoch: 124/200 | Batch 0020/0049 | Cost: 1.4467
Epoch: 124/200 | Batch 0030/0049 | Cost: 1.4241
Epoch: 124/200 | Batch 0040/0049 | Cost: 1.3781
MAE/RMSE/Loss/Accuracy: | Current Valid: 1.04/1.49/2.59/36.63% Ep. 124 | Best Valid : 0.96/1.44/2.54/42.13% Ep. 108
Time elapsed: 44.01 min
Epoch: 125/200 | Batch 0000/0049 | Cost: 1.3850
Epoch: 125/200 | Batch 0010/0049 | Cost: 1.3712
Epoch: 125/200 | Batch 0020/0049 | Cost: 1.3470
Epoch: 125/200 | Batch 0030/0049 | Cost: 1.4842
Epoch: 125/200 | Batch 0040/0049 | Cost: 1.4390
MAE/RMSE/Loss/Accuracy: | Current Valid: 1.05/1.56/2.68/38.04% Ep. 125 | Best Valid : 0.96/1.44/2.54/42.13% Ep. 108
Time elapsed: 44.37 min
Epoch: 126/200 | Batch 0000/0049 | Cost: 1.4565
Epoch: 126/200 | Batch 0010/0049 | Cost: 1.3711
Epoch: 126/200 | Batch 0020/0049 | Cost: 1.3806
Epoch: 126/200 | Batch 0030/0049 | Cost: 1.4244
Epoch: 126/200 | Batch 0040/0049 | Cost: 1.5293
MAE/RMSE/Loss/Accuracy: | Current Valid: 1.09/1.63/2.91/38.81% Ep. 126 | Best Valid : 0.96/1.44/2.54/42.13% Ep. 108
Time elapsed: 44.72 min
Epoch: 127/200 | Batch 0000/0049 | Cost: 1.4202
Epoch: 127/200 | Batch 0010/0049 | Cost: 1.4335
Epoch: 127/200 | Batch 0020/0049 | Cost: 1.5931
Epoch: 127/200 | Batch 0030/0049 | Cost: 1.5275
Epoch: 127/200 | Batch 0040/0049 | Cost: 1.5761
MAE/RMSE/Loss/Accuracy: | Current Valid: 1.08/1.58/2.71/38.04% Ep. 127 | Best Valid : 0.96/1.44/2.54/42.13% Ep. 108
Time elapsed: 45.08 min
Epoch: 128/200 | Batch 0000/0049 | Cost: 1.4748
Epoch: 128/200 | Batch 0010/0049 | Cost: 1.4603
Epoch: 128/200 | Batch 0020/0049 | Cost: 1.4294
Epoch: 128/200 | Batch 0030/0049 | Cost: 1.4652
Epoch: 128/200 | Batch 0040/0049 | Cost: 1.4669
MAE/RMSE/Loss/Accuracy: | Current Valid: 1.06/1.58/2.67/40.37% Ep. 128 | Best Valid : 0.96/1.44/2.54/42.13% Ep. 108
Time elapsed: 45.43 min
Epoch: 129/200 | Batch 0000/0049 | Cost: 1.3683
Epoch: 129/200 | Batch 0010/0049 | Cost: 1.3543
Epoch: 129/200 | Batch 0020/0049 | Cost: 1.4696
Epoch: 129/200 | Batch 0030/0049 | Cost: 1.3502
Epoch: 129/200 | Batch 0040/0049 | Cost: 1.2898
MAE/RMSE/Loss/Accuracy: | Current Valid: 1.06/1.56/2.75/38.74% Ep. 129 | Best Valid : 0.96/1.44/2.54/42.13% Ep. 108
Time elapsed: 45.79 min
Epoch: 130/200 | Batch 0000/0049 | Cost: 1.2516
Epoch: 130/200 | Batch 0010/0049 | Cost: 1.3978
Epoch: 130/200 | Batch 0020/0049 | Cost: 1.3462
Epoch: 130/200 | Batch 0030/0049 | Cost: 1.4152
Epoch: 130/200 | Batch 0040/0049 | Cost: 1.4701
MAE/RMSE/Loss/Accuracy: | Current Valid: 1.01/1.51/2.67/39.80% Ep. 130 | Best Valid : 0.96/1.44/2.54/42.13% Ep. 108
Time elapsed: 46.14 min
Epoch: 131/200 | Batch 0000/0049 | Cost: 1.3876
Epoch: 131/200 | Batch 0010/0049 | Cost: 1.3128
Epoch: 131/200 | Batch 0020/0049 | Cost: 1.2108
Epoch: 131/200 | Batch 0030/0049 | Cost: 1.2771
Epoch: 131/200 | Batch 0040/0049 | Cost: 1.2267
MAE/RMSE/Loss/Accuracy: | Current Valid: 0.97/1.49/2.68/42.41% Ep. 131 | Best Valid : 0.96/1.44/2.54/42.13% Ep. 108
Time elapsed: 46.50 min
Epoch: 132/200 | Batch 0000/0049 | Cost: 1.2478
Epoch: 132/200 | Batch 0010/0049 | Cost: 1.2753
Epoch: 132/200 | Batch 0020/0049 | Cost: 1.4416
Epoch: 132/200 | Batch 0030/0049 | Cost: 1.3016
Epoch: 132/200 | Batch 0040/0049 | Cost: 1.2360
MAE/RMSE/Loss/Accuracy: | Current Valid: 0.97/1.49/2.72/42.91% Ep. 132 | Best Valid : 0.96/1.44/2.54/42.13% Ep. 108
Time elapsed: 46.85 min
Epoch: 133/200 | Batch 0000/0049 | Cost: 1.2052
Epoch: 133/200 | Batch 0010/0049 | Cost: 1.3119
Epoch: 133/200 | Batch 0020/0049 | Cost: 1.2953
Epoch: 133/200 | Batch 0030/0049 | Cost: 1.4440
Epoch: 133/200 | Batch 0040/0049 | Cost: 1.2714
MAE/RMSE/Loss/Accuracy: | Current Valid: 0.97/1.47/2.61/42.06% Ep. 133 | Best Valid : 0.96/1.44/2.54/42.13% Ep. 108
Time elapsed: 47.21 min
Epoch: 134/200 | Batch 0000/0049 | Cost: 1.2885
Epoch: 134/200 | Batch 0010/0049 | Cost: 1.2416
Epoch: 134/200 | Batch 0020/0049 | Cost: 1.1997
Epoch: 134/200 | Batch 0030/0049 | Cost: 1.2685
Epoch: 134/200 | Batch 0040/0049 | Cost: 1.3026
MAE/RMSE/Loss/Accuracy: | Current Valid: 0.94/1.43/2.52/43.40% Ep. 134 | Best Valid : 0.94/1.43/2.52/43.40% Ep. 134
Time elapsed: 47.56 min
Epoch: 135/200 | Batch 0000/0049 | Cost: 1.2152
Epoch: 135/200 | Batch 0010/0049 | Cost: 1.1938
Epoch: 135/200 | Batch 0020/0049 | Cost: 1.1265
Epoch: 135/200 | Batch 0030/0049 | Cost: 1.1409
Epoch: 135/200 | Batch 0040/0049 | Cost: 1.1570
MAE/RMSE/Loss/Accuracy: | Current Valid: 0.99/1.49/2.71/41.50% Ep. 135 | Best Valid : 0.94/1.43/2.52/43.40% Ep. 134
Time elapsed: 47.92 min
Epoch: 136/200 | Batch 0000/0049 | Cost: 1.1932
Epoch: 136/200 | Batch 0010/0049 | Cost: 1.3188
Epoch: 136/200 | Batch 0020/0049 | Cost: 1.2289
Epoch: 136/200 | Batch 0030/0049 | Cost: 1.3044
Epoch: 136/200 | Batch 0040/0049 | Cost: 1.2695
MAE/RMSE/Loss/Accuracy: | Current Valid: 0.97/1.47/2.65/41.99% Ep. 136 | Best Valid : 0.94/1.43/2.52/43.40% Ep. 134
Time elapsed: 48.28 min
Epoch: 137/200 | Batch 0000/0049 | Cost: 1.2602
Epoch: 137/200 | Batch 0010/0049 | Cost: 1.2020
Epoch: 137/200 | Batch 0020/0049 | Cost: 1.1921
Epoch: 137/200 | Batch 0030/0049 | Cost: 1.2115
Epoch: 137/200 | Batch 0040/0049 | Cost: 1.1960
MAE/RMSE/Loss/Accuracy: | Current Valid: 0.96/1.46/2.56/42.63% Ep. 137 | Best Valid : 0.94/1.43/2.52/43.40% Ep. 134
Time elapsed: 48.63 min
Epoch: 138/200 | Batch 0000/0049 | Cost: 1.1534
Epoch: 138/200 | Batch 0010/0049 | Cost: 1.1345
Epoch: 138/200 | Batch 0020/0049 | Cost: 1.1917
Epoch: 138/200 | Batch 0030/0049 | Cost: 1.1361
Epoch: 138/200 | Batch 0040/0049 | Cost: 1.2412
MAE/RMSE/Loss/Accuracy: | Current Valid: 1.01/1.50/2.69/40.16% Ep. 138 | Best Valid : 0.94/1.43/2.52/43.40% Ep. 134
Time elapsed: 48.99 min
Epoch: 139/200 | Batch 0000/0049 | Cost: 1.2115
Epoch: 139/200 | Batch 0010/0049 | Cost: 1.2506
Epoch: 139/200 | Batch 0020/0049 | Cost: 1.1567
Epoch: 139/200 | Batch 0030/0049 | Cost: 1.1753
Epoch: 139/200 | Batch 0040/0049 | Cost: 1.2801
MAE/RMSE/Loss/Accuracy: | Current Valid: 1.00/1.51/2.74/40.72% Ep. 139 | Best Valid : 0.94/1.43/2.52/43.40% Ep. 134
Time elapsed: 49.35 min
Epoch: 140/200 | Batch 0000/0049 | Cost: 1.1064
Epoch: 140/200 | Batch 0010/0049 | Cost: 1.2203
Epoch: 140/200 | Batch 0020/0049 | Cost: 1.2876
Epoch: 140/200 | Batch 0030/0049 | Cost: 1.1609
Epoch: 140/200 | Batch 0040/0049 | Cost: 1.1377
MAE/RMSE/Loss/Accuracy: | Current Valid: 0.95/1.46/2.59/43.75% Ep. 140 | Best Valid : 0.94/1.43/2.52/43.40% Ep. 134
Time elapsed: 49.70 min
Epoch: 141/200 | Batch 0000/0049 | Cost: 1.1780
Epoch: 141/200 | Batch 0010/0049 | Cost: 1.1511
Epoch: 141/200 | Batch 0020/0049 | Cost: 1.2206
Epoch: 141/200 | Batch 0030/0049 | Cost: 1.1790
Epoch: 141/200 | Batch 0040/0049 | Cost: 1.2722
MAE/RMSE/Loss/Accuracy: | Current Valid: 0.95/1.45/2.61/43.19% Ep. 141 | Best Valid : 0.94/1.43/2.52/43.40% Ep. 134
Time elapsed: 50.06 min
Epoch: 142/200 | Batch 0000/0049 | Cost: 1.1951
Epoch: 142/200 | Batch 0010/0049 | Cost: 1.1594
Epoch: 142/200 | Batch 0020/0049 | Cost: 1.1426
Epoch: 142/200 | Batch 0030/0049 | Cost: 1.2170
Epoch: 142/200 | Batch 0040/0049 | Cost: 1.1631
MAE/RMSE/Loss/Accuracy: | Current Valid: 0.96/1.48/2.63/43.61% Ep. 142 | Best Valid : 0.94/1.43/2.52/43.40% Ep. 134
Time elapsed: 50.41 min
Epoch: 143/200 | Batch 0000/0049 | Cost: 1.1913
Epoch: 143/200 | Batch 0010/0049 | Cost: 1.2154
Epoch: 143/200 | Batch 0020/0049 | Cost: 1.1664
Epoch: 143/200 | Batch 0030/0049 | Cost: 1.1537
Epoch: 143/200 | Batch 0040/0049 | Cost: 1.2333
MAE/RMSE/Loss/Accuracy: | Current Valid: 0.96/1.47/2.67/41.92% Ep. 143 | Best Valid : 0.94/1.43/2.52/43.40% Ep. 134
Time elapsed: 50.77 min
Epoch: 144/200 | Batch 0000/0049 | Cost: 1.2292
Epoch: 144/200 | Batch 0010/0049 | Cost: 1.0764
Epoch: 144/200 | Batch 0020/0049 | Cost: 1.1492
Epoch: 144/200 | Batch 0030/0049 | Cost: 1.2051
Epoch: 144/200 | Batch 0040/0049 | Cost: 1.1310
MAE/RMSE/Loss/Accuracy: | Current Valid: 0.94/1.41/2.57/41.50% Ep. 144 | Best Valid : 0.94/1.43/2.52/43.40% Ep. 134
Time elapsed: 51.13 min
Epoch: 145/200 | Batch 0000/0049 | Cost: 1.1571
Epoch: 145/200 | Batch 0010/0049 | Cost: 1.1966
Epoch: 145/200 | Batch 0020/0049 | Cost: 1.1431
Epoch: 145/200 | Batch 0030/0049 | Cost: 1.1004
Epoch: 145/200 | Batch 0040/0049 | Cost: 1.1229
MAE/RMSE/Loss/Accuracy: | Current Valid: 0.99/1.50/2.71/41.85% Ep. 145 | Best Valid : 0.94/1.43/2.52/43.40% Ep. 134
Time elapsed: 51.49 min
Epoch: 146/200 | Batch 0000/0049 | Cost: 1.1326
Epoch: 146/200 | Batch 0010/0049 | Cost: 1.1512
Epoch: 146/200 | Batch 0020/0049 | Cost: 1.1550
Epoch: 146/200 | Batch 0030/0049 | Cost: 1.2287
Epoch: 146/200 | Batch 0040/0049 | Cost: 1.2822
MAE/RMSE/Loss/Accuracy: | Current Valid: 0.98/1.48/2.63/40.01% Ep. 146 | Best Valid : 0.94/1.43/2.52/43.40% Ep. 134
Time elapsed: 51.84 min
Epoch: 147/200 | Batch 0000/0049 | Cost: 1.1267
Epoch: 147/200 | Batch 0010/0049 | Cost: 1.1236
Epoch: 147/200 | Batch 0020/0049 | Cost: 1.1639
Epoch: 147/200 | Batch 0030/0049 | Cost: 1.2168
Epoch: 147/200 | Batch 0040/0049 | Cost: 1.2958
MAE/RMSE/Loss/Accuracy: | Current Valid: 0.94/1.43/2.54/42.63% Ep. 147 | Best Valid : 0.94/1.43/2.52/43.40% Ep. 134
Time elapsed: 52.20 min
Epoch: 148/200 | Batch 0000/0049 | Cost: 1.2389
Epoch: 148/200 | Batch 0010/0049 | Cost: 1.1697
Epoch: 148/200 | Batch 0020/0049 | Cost: 1.1142
Epoch: 148/200 | Batch 0030/0049 | Cost: 1.1467
Epoch: 148/200 | Batch 0040/0049 | Cost: 1.3878
MAE/RMSE/Loss/Accuracy: | Current Valid: 1.01/1.52/2.73/40.79% Ep. 148 | Best Valid : 0.94/1.43/2.52/43.40% Ep. 134
Time elapsed: 52.55 min
Epoch: 149/200 | Batch 0000/0049 | Cost: 1.1975
Epoch: 149/200 | Batch 0010/0049 | Cost: 1.1084
Epoch: 149/200 | Batch 0020/0049 | Cost: 1.2480
Epoch: 149/200 | Batch 0030/0049 | Cost: 1.2298
Epoch: 149/200 | Batch 0040/0049 | Cost: 1.1102
MAE/RMSE/Loss/Accuracy: | Current Valid: 1.00/1.50/2.68/40.79% Ep. 149 | Best Valid : 0.94/1.43/2.52/43.40% Ep. 134
Time elapsed: 52.91 min
Epoch: 150/200 | Batch 0000/0049 | Cost: 1.2086
Epoch: 150/200 | Batch 0010/0049 | Cost: 1.1258
Epoch: 150/200 | Batch 0020/0049 | Cost: 1.2453
Epoch: 150/200 | Batch 0030/0049 | Cost: 1.2571
Epoch: 150/200 | Batch 0040/0049 | Cost: 1.2759
MAE/RMSE/Loss/Accuracy: | Current Valid: 1.07/1.58/2.84/38.67% Ep. 150 | Best Valid : 0.94/1.43/2.52/43.40% Ep. 134
Time elapsed: 53.26 min
Epoch: 151/200 | Batch 0000/0049 | Cost: 1.2424
Epoch: 151/200 | Batch 0010/0049 | Cost: 1.2368
Epoch: 151/200 | Batch 0020/0049 | Cost: 1.1921
Epoch: 151/200 | Batch 0030/0049 | Cost: 1.1958
Epoch: 151/200 | Batch 0040/0049 | Cost: 1.2581
MAE/RMSE/Loss/Accuracy: | Current Valid: 1.01/1.52/2.75/40.93% Ep. 151 | Best Valid : 0.94/1.43/2.52/43.40% Ep. 134
Time elapsed: 53.62 min
Epoch: 152/200 | Batch 0000/0049 | Cost: 1.2674
Epoch: 152/200 | Batch 0010/0049 | Cost: 1.3034
Epoch: 152/200 | Batch 0020/0049 | Cost: 1.2437
Epoch: 152/200 | Batch 0030/0049 | Cost: 1.2769
Epoch: 152/200 | Batch 0040/0049 | Cost: 1.2373
MAE/RMSE/Loss/Accuracy: | Current Valid: 1.10/1.59/2.83/36.56% Ep. 152 | Best Valid : 0.94/1.43/2.52/43.40% Ep. 134
Time elapsed: 53.97 min
Epoch: 153/200 | Batch 0000/0049 | Cost: 1.2280
Epoch: 153/200 | Batch 0010/0049 | Cost: 1.2079
Epoch: 153/200 | Batch 0020/0049 | Cost: 1.1882
Epoch: 153/200 | Batch 0030/0049 | Cost: 1.2834
Epoch: 153/200 | Batch 0040/0049 | Cost: 1.2007
MAE/RMSE/Loss/Accuracy: | Current Valid: 1.04/1.55/2.79/39.31% Ep. 153 | Best Valid : 0.94/1.43/2.52/43.40% Ep. 134
Time elapsed: 54.33 min
Epoch: 154/200 | Batch 0000/0049 | Cost: 1.2363
Epoch: 154/200 | Batch 0010/0049 | Cost: 1.2186
Epoch: 154/200 | Batch 0020/0049 | Cost: 1.2418
Epoch: 154/200 | Batch 0030/0049 | Cost: 1.3148
Epoch: 154/200 | Batch 0040/0049 | Cost: 1.3196
MAE/RMSE/Loss/Accuracy: | Current Valid: 1.05/1.56/2.89/39.10% Ep. 154 | Best Valid : 0.94/1.43/2.52/43.40% Ep. 134
Time elapsed: 54.68 min
Epoch: 155/200 | Batch 0000/0049 | Cost: 1.3609
Epoch: 155/200 | Batch 0010/0049 | Cost: 1.3726
Epoch: 155/200 | Batch 0020/0049 | Cost: 1.2867
Epoch: 155/200 | Batch 0030/0049 | Cost: 1.3272
Epoch: 155/200 | Batch 0040/0049 | Cost: 1.3329
MAE/RMSE/Loss/Accuracy: | Current Valid: 1.11/1.65/2.95/38.04% Ep. 155 | Best Valid : 0.94/1.43/2.52/43.40% Ep. 134
Time elapsed: 55.03 min
Epoch: 156/200 | Batch 0000/0049 | Cost: 1.2777
Epoch: 156/200 | Batch 0010/0049 | Cost: 1.2224
Epoch: 156/200 | Batch 0020/0049 | Cost: 1.2291
Epoch: 156/200 | Batch 0030/0049 | Cost: 1.1366
Epoch: 156/200 | Batch 0040/0049 | Cost: 1.3901
MAE/RMSE/Loss/Accuracy: | Current Valid: 1.03/1.54/2.84/39.87% Ep. 156 | Best Valid : 0.94/1.43/2.52/43.40% Ep. 134
Time elapsed: 55.39 min
Epoch: 157/200 | Batch 0000/0049 | Cost: 1.1649
Epoch: 157/200 | Batch 0010/0049 | Cost: 1.2660
Epoch: 157/200 | Batch 0020/0049 | Cost: 1.3849
Epoch: 157/200 | Batch 0030/0049 | Cost: 1.2151
Epoch: 157/200 | Batch 0040/0049 | Cost: 1.2642
MAE/RMSE/Loss/Accuracy: | Current Valid: 1.05/1.56/2.91/38.25% Ep. 157 | Best Valid : 0.94/1.43/2.52/43.40% Ep. 134
Time elapsed: 55.74 min
Epoch: 158/200 | Batch 0000/0049 | Cost: 1.0805
Epoch: 158/200 | Batch 0010/0049 | Cost: 1.3499
Epoch: 158/200 | Batch 0020/0049 | Cost: 1.3117
Epoch: 158/200 | Batch 0030/0049 | Cost: 1.2905
Epoch: 158/200 | Batch 0040/0049 | Cost: 1.3035
MAE/RMSE/Loss/Accuracy: | Current Valid: 1.00/1.50/2.72/40.16% Ep. 158 | Best Valid : 0.94/1.43/2.52/43.40% Ep. 134
Time elapsed: 56.10 min
Epoch: 159/200 | Batch 0000/0049 | Cost: 1.1605
Epoch: 159/200 | Batch 0010/0049 | Cost: 1.2757
Epoch: 159/200 | Batch 0020/0049 | Cost: 1.1319
Epoch: 159/200 | Batch 0030/0049 | Cost: 1.1761
Epoch: 159/200 | Batch 0040/0049 | Cost: 1.2098
MAE/RMSE/Loss/Accuracy: | Current Valid: 1.03/1.51/2.75/38.46% Ep. 159 | Best Valid : 0.94/1.43/2.52/43.40% Ep. 134
Time elapsed: 56.45 min
Epoch: 160/200 | Batch 0000/0049 | Cost: 1.1449
Epoch: 160/200 | Batch 0010/0049 | Cost: 1.0726
Epoch: 160/200 | Batch 0020/0049 | Cost: 1.2549
Epoch: 160/200 | Batch 0030/0049 | Cost: 1.2016
Epoch: 160/200 | Batch 0040/0049 | Cost: 1.1019
MAE/RMSE/Loss/Accuracy: | Current Valid: 0.98/1.51/2.91/43.12% Ep. 160 | Best Valid : 0.94/1.43/2.52/43.40% Ep. 134
Time elapsed: 56.81 min
Epoch: 161/200 | Batch 0000/0049 | Cost: 1.1082
Epoch: 161/200 | Batch 0010/0049 | Cost: 1.1708
Epoch: 161/200 | Batch 0020/0049 | Cost: 1.1511
Epoch: 161/200 | Batch 0030/0049 | Cost: 1.0799
Epoch: 161/200 | Batch 0040/0049 | Cost: 1.2103
MAE/RMSE/Loss/Accuracy: | Current Valid: 1.00/1.52/2.86/41.64% Ep. 161 | Best Valid : 0.94/1.43/2.52/43.40% Ep. 134
Time elapsed: 57.16 min
Epoch: 162/200 | Batch 0000/0049 | Cost: 1.1188
Epoch: 162/200 | Batch 0010/0049 | Cost: 1.0854
Epoch: 162/200 | Batch 0020/0049 | Cost: 1.1325
Epoch: 162/200 | Batch 0030/0049 | Cost: 1.1634
Epoch: 162/200 | Batch 0040/0049 | Cost: 1.1382
MAE/RMSE/Loss/Accuracy: | Current Valid: 1.04/1.57/2.95/41.00% Ep. 162 | Best Valid : 0.94/1.43/2.52/43.40% Ep. 134
Time elapsed: 57.51 min
Epoch: 163/200 | Batch 0000/0049 | Cost: 1.1606
Epoch: 163/200 | Batch 0010/0049 | Cost: 1.1878
Epoch: 163/200 | Batch 0020/0049 | Cost: 1.1936
Epoch: 163/200 | Batch 0030/0049 | Cost: 1.1472
Epoch: 163/200 | Batch 0040/0049 | Cost: 1.0908
MAE/RMSE/Loss/Accuracy: | Current Valid: 1.02/1.56/2.85/41.78% Ep. 163 | Best Valid : 0.94/1.43/2.52/43.40% Ep. 134
Time elapsed: 57.87 min
Epoch: 164/200 | Batch 0000/0049 | Cost: 1.0912
Epoch: 164/200 | Batch 0010/0049 | Cost: 1.1959
Epoch: 164/200 | Batch 0020/0049 | Cost: 1.0272
Epoch: 164/200 | Batch 0030/0049 | Cost: 1.0976
Epoch: 164/200 | Batch 0040/0049 | Cost: 1.1247
MAE/RMSE/Loss/Accuracy: | Current Valid: 1.02/1.53/2.77/40.65% Ep. 164 | Best Valid : 0.94/1.43/2.52/43.40% Ep. 134
Time elapsed: 58.22 min
Epoch: 165/200 | Batch 0000/0049 | Cost: 1.0130
Epoch: 165/200 | Batch 0010/0049 | Cost: 1.0588
Epoch: 165/200 | Batch 0020/0049 | Cost: 1.0813
Epoch: 165/200 | Batch 0030/0049 | Cost: 1.1516
Epoch: 165/200 | Batch 0040/0049 | Cost: 1.2142
MAE/RMSE/Loss/Accuracy: | Current Valid: 1.03/1.54/2.83/40.30% Ep. 165 | Best Valid : 0.94/1.43/2.52/43.40% Ep. 134
Time elapsed: 58.58 min
Epoch: 166/200 | Batch 0000/0049 | Cost: 1.3326
Epoch: 166/200 | Batch 0010/0049 | Cost: 1.1339
Epoch: 166/200 | Batch 0020/0049 | Cost: 1.0615
Epoch: 166/200 | Batch 0030/0049 | Cost: 1.1627
Epoch: 166/200 | Batch 0040/0049 | Cost: 1.1533
MAE/RMSE/Loss/Accuracy: | Current Valid: 1.06/1.56/2.87/38.39% Ep. 166 | Best Valid : 0.94/1.43/2.52/43.40% Ep. 134
Time elapsed: 58.93 min
Epoch: 167/200 | Batch 0000/0049 | Cost: 1.0401
Epoch: 167/200 | Batch 0010/0049 | Cost: 1.0944
Epoch: 167/200 | Batch 0020/0049 | Cost: 1.1171
Epoch: 167/200 | Batch 0030/0049 | Cost: 1.0433
Epoch: 167/200 | Batch 0040/0049 | Cost: 1.0981
MAE/RMSE/Loss/Accuracy: | Current Valid: 1.00/1.50/2.81/40.01% Ep. 167 | Best Valid : 0.94/1.43/2.52/43.40% Ep. 134
Time elapsed: 59.29 min
Epoch: 168/200 | Batch 0000/0049 | Cost: 1.0322
Epoch: 168/200 | Batch 0010/0049 | Cost: 1.0794
Epoch: 168/200 | Batch 0020/0049 | Cost: 1.1667
Epoch: 168/200 | Batch 0030/0049 | Cost: 1.1799
Epoch: 168/200 | Batch 0040/0049 | Cost: 0.9609
MAE/RMSE/Loss/Accuracy: | Current Valid: 0.94/1.46/2.70/44.39% Ep. 168 | Best Valid : 0.94/1.43/2.52/43.40% Ep. 134
Time elapsed: 59.64 min
Epoch: 169/200 | Batch 0000/0049 | Cost: 1.0526
Epoch: 169/200 | Batch 0010/0049 | Cost: 1.2876
Epoch: 169/200 | Batch 0020/0049 | Cost: 1.1196
Epoch: 169/200 | Batch 0030/0049 | Cost: 1.0722
Epoch: 169/200 | Batch 0040/0049 | Cost: 1.1383
MAE/RMSE/Loss/Accuracy: | Current Valid: 1.00/1.52/2.87/40.86% Ep. 169 | Best Valid : 0.94/1.43/2.52/43.40% Ep. 134
Time elapsed: 59.99 min
Epoch: 170/200 | Batch 0000/0049 | Cost: 1.0559
Epoch: 170/200 | Batch 0010/0049 | Cost: 1.0895
Epoch: 170/200 | Batch 0020/0049 | Cost: 0.9619
Epoch: 170/200 | Batch 0030/0049 | Cost: 1.0507
Epoch: 170/200 | Batch 0040/0049 | Cost: 1.0291
MAE/RMSE/Loss/Accuracy: | Current Valid: 0.98/1.46/2.67/40.72% Ep. 170 | Best Valid : 0.94/1.43/2.52/43.40% Ep. 134
Time elapsed: 60.35 min
Epoch: 171/200 | Batch 0000/0049 | Cost: 1.1536
Epoch: 171/200 | Batch 0010/0049 | Cost: 1.0157
Epoch: 171/200 | Batch 0020/0049 | Cost: 0.9807
Epoch: 171/200 | Batch 0030/0049 | Cost: 1.0409
Epoch: 171/200 | Batch 0040/0049 | Cost: 1.1143
MAE/RMSE/Loss/Accuracy: | Current Valid: 0.95/1.48/2.73/43.90% Ep. 171 | Best Valid : 0.94/1.43/2.52/43.40% Ep. 134
Time elapsed: 60.70 min
Epoch: 172/200 | Batch 0000/0049 | Cost: 0.9896
Epoch: 172/200 | Batch 0010/0049 | Cost: 1.0714
Epoch: 172/200 | Batch 0020/0049 | Cost: 1.0586
Epoch: 172/200 | Batch 0030/0049 | Cost: 1.1928
Epoch: 172/200 | Batch 0040/0049 | Cost: 1.0698
MAE/RMSE/Loss/Accuracy: | Current Valid: 0.94/1.46/2.68/43.82% Ep. 172 | Best Valid : 0.94/1.43/2.52/43.40% Ep. 134
Time elapsed: 61.06 min
Epoch: 173/200 | Batch 0000/0049 | Cost: 0.9954
Epoch: 173/200 | Batch 0010/0049 | Cost: 0.9480
Epoch: 173/200 | Batch 0020/0049 | Cost: 1.0153
Epoch: 173/200 | Batch 0030/0049 | Cost: 1.0718
Epoch: 173/200 | Batch 0040/0049 | Cost: 0.9739
MAE/RMSE/Loss/Accuracy: | Current Valid: 0.94/1.46/2.76/44.67% Ep. 173 | Best Valid : 0.94/1.43/2.52/43.40% Ep. 134
Time elapsed: 61.41 min
Epoch: 174/200 | Batch 0000/0049 | Cost: 1.0950
Epoch: 174/200 | Batch 0010/0049 | Cost: 1.0207
Epoch: 174/200 | Batch 0020/0049 | Cost: 0.9960
Epoch: 174/200 | Batch 0030/0049 | Cost: 1.0408
Epoch: 174/200 | Batch 0040/0049 | Cost: 1.0271
MAE/RMSE/Loss/Accuracy: | Current Valid: 0.96/1.47/2.72/43.19% Ep. 174 | Best Valid : 0.94/1.43/2.52/43.40% Ep. 134
Time elapsed: 61.76 min
Epoch: 175/200 | Batch 0000/0049 | Cost: 1.0987
Epoch: 175/200 | Batch 0010/0049 | Cost: 0.9896
Epoch: 175/200 | Batch 0020/0049 | Cost: 1.0652
Epoch: 175/200 | Batch 0030/0049 | Cost: 1.0185
Epoch: 175/200 | Batch 0040/0049 | Cost: 1.0414
MAE/RMSE/Loss/Accuracy: | Current Valid: 0.95/1.46/2.74/43.68% Ep. 175 | Best Valid : 0.94/1.43/2.52/43.40% Ep. 134
Time elapsed: 62.12 min
Epoch: 176/200 | Batch 0000/0049 | Cost: 1.0075
Epoch: 176/200 | Batch 0010/0049 | Cost: 1.0142
Epoch: 176/200 | Batch 0020/0049 | Cost: 1.0503
Epoch: 176/200 | Batch 0030/0049 | Cost: 1.0505
Epoch: 176/200 | Batch 0040/0049 | Cost: 0.9631
MAE/RMSE/Loss/Accuracy: | Current Valid: 0.96/1.49/2.77/43.47% Ep. 176 | Best Valid : 0.94/1.43/2.52/43.40% Ep. 134
Time elapsed: 62.47 min
Epoch: 177/200 | Batch 0000/0049 | Cost: 1.0801
Epoch: 177/200 | Batch 0010/0049 | Cost: 1.0393
Epoch: 177/200 | Batch 0020/0049 | Cost: 0.9779
Epoch: 177/200 | Batch 0030/0049 | Cost: 1.0097
Epoch: 177/200 | Batch 0040/0049 | Cost: 0.9589
MAE/RMSE/Loss/Accuracy: | Current Valid: 0.95/1.49/2.85/44.18% Ep. 177 | Best Valid : 0.94/1.43/2.52/43.40% Ep. 134
Time elapsed: 62.83 min
Epoch: 178/200 | Batch 0000/0049 | Cost: 0.9888
Epoch: 178/200 | Batch 0010/0049 | Cost: 1.4761
Epoch: 178/200 | Batch 0020/0049 | Cost: 0.9680
Epoch: 178/200 | Batch 0030/0049 | Cost: 1.0052
Epoch: 178/200 | Batch 0040/0049 | Cost: 0.9707
MAE/RMSE/Loss/Accuracy: | Current Valid: 1.01/1.51/2.83/39.80% Ep. 178 | Best Valid : 0.94/1.43/2.52/43.40% Ep. 134
Time elapsed: 63.18 min
Epoch: 179/200 | Batch 0000/0049 | Cost: 0.9886
Epoch: 179/200 | Batch 0010/0049 | Cost: 1.0080
Epoch: 179/200 | Batch 0020/0049 | Cost: 1.0342
Epoch: 179/200 | Batch 0030/0049 | Cost: 1.0066
Epoch: 179/200 | Batch 0040/0049 | Cost: 1.0775
MAE/RMSE/Loss/Accuracy: | Current Valid: 0.94/1.45/2.69/43.75% Ep. 179 | Best Valid : 0.94/1.43/2.52/43.40% Ep. 134
Time elapsed: 63.53 min
Epoch: 180/200 | Batch 0000/0049 | Cost: 0.9909
Epoch: 180/200 | Batch 0010/0049 | Cost: 1.0484
Epoch: 180/200 | Batch 0020/0049 | Cost: 1.0467
Epoch: 180/200 | Batch 0030/0049 | Cost: 0.9737
Epoch: 180/200 | Batch 0040/0049 | Cost: 1.0482
MAE/RMSE/Loss/Accuracy: | Current Valid: 0.96/1.50/2.81/44.39% Ep. 180 | Best Valid : 0.94/1.43/2.52/43.40% Ep. 134
Time elapsed: 63.89 min
Epoch: 181/200 | Batch 0000/0049 | Cost: 1.0277
Epoch: 181/200 | Batch 0010/0049 | Cost: 1.0197
Epoch: 181/200 | Batch 0020/0049 | Cost: 1.0303
Epoch: 181/200 | Batch 0030/0049 | Cost: 0.9590
Epoch: 181/200 | Batch 0040/0049 | Cost: 1.1014
MAE/RMSE/Loss/Accuracy: | Current Valid: 1.04/1.56/2.85/39.87% Ep. 181 | Best Valid : 0.94/1.43/2.52/43.40% Ep. 134
Time elapsed: 64.24 min
Epoch: 182/200 | Batch 0000/0049 | Cost: 1.0137
Epoch: 182/200 | Batch 0010/0049 | Cost: 1.0889
Epoch: 182/200 | Batch 0020/0049 | Cost: 1.0133
Epoch: 182/200 | Batch 0030/0049 | Cost: 1.0145
Epoch: 182/200 | Batch 0040/0049 | Cost: 1.1558
MAE/RMSE/Loss/Accuracy: | Current Valid: 1.04/1.55/2.93/40.72% Ep. 182 | Best Valid : 0.94/1.43/2.52/43.40% Ep. 134
Time elapsed: 64.59 min
Epoch: 183/200 | Batch 0000/0049 | Cost: 1.0057
Epoch: 183/200 | Batch 0010/0049 | Cost: 0.9916
Epoch: 183/200 | Batch 0020/0049 | Cost: 1.0009
Epoch: 183/200 | Batch 0030/0049 | Cost: 1.0307
Epoch: 183/200 | Batch 0040/0049 | Cost: 1.1553
MAE/RMSE/Loss/Accuracy: | Current Valid: 0.98/1.51/2.69/43.26% Ep. 183 | Best Valid : 0.94/1.43/2.52/43.40% Ep. 134
Time elapsed: 64.95 min
Epoch: 184/200 | Batch 0000/0049 | Cost: 0.9978
Epoch: 184/200 | Batch 0010/0049 | Cost: 1.0761
Epoch: 184/200 | Batch 0020/0049 | Cost: 1.0472
Epoch: 184/200 | Batch 0030/0049 | Cost: 1.2594
Epoch: 184/200 | Batch 0040/0049 | Cost: 1.1354
MAE/RMSE/Loss/Accuracy: | Current Valid: 1.04/1.55/2.86/40.16% Ep. 184 | Best Valid : 0.94/1.43/2.52/43.40% Ep. 134
Time elapsed: 65.30 min
Epoch: 185/200 | Batch 0000/0049 | Cost: 0.9512
Epoch: 185/200 | Batch 0010/0049 | Cost: 1.0994
Epoch: 185/200 | Batch 0020/0049 | Cost: 1.0439
Epoch: 185/200 | Batch 0030/0049 | Cost: 0.9710
Epoch: 185/200 | Batch 0040/0049 | Cost: 1.1049
MAE/RMSE/Loss/Accuracy: | Current Valid: 1.03/1.57/2.93/40.93% Ep. 185 | Best Valid : 0.94/1.43/2.52/43.40% Ep. 134
Time elapsed: 65.66 min
Epoch: 186/200 | Batch 0000/0049 | Cost: 0.9804
Epoch: 186/200 | Batch 0010/0049 | Cost: 1.0153
Epoch: 186/200 | Batch 0020/0049 | Cost: 1.0711
Epoch: 186/200 | Batch 0030/0049 | Cost: 0.9801
Epoch: 186/200 | Batch 0040/0049 | Cost: 1.0591
MAE/RMSE/Loss/Accuracy: | Current Valid: 1.02/1.53/2.97/40.16% Ep. 186 | Best Valid : 0.94/1.43/2.52/43.40% Ep. 134
Time elapsed: 66.01 min
Epoch: 187/200 | Batch 0000/0049 | Cost: 0.9133
Epoch: 187/200 | Batch 0010/0049 | Cost: 1.1291
Epoch: 187/200 | Batch 0020/0049 | Cost: 1.0256
Epoch: 187/200 | Batch 0030/0049 | Cost: 1.1322
Epoch: 187/200 | Batch 0040/0049 | Cost: 0.9410
MAE/RMSE/Loss/Accuracy: | Current Valid: 1.08/1.60/3.03/38.25% Ep. 187 | Best Valid : 0.94/1.43/2.52/43.40% Ep. 134
Time elapsed: 66.37 min
Epoch: 188/200 | Batch 0000/0049 | Cost: 0.9992
Epoch: 188/200 | Batch 0010/0049 | Cost: 1.0674
Epoch: 188/200 | Batch 0020/0049 | Cost: 1.0983
Epoch: 188/200 | Batch 0030/0049 | Cost: 1.0068
Epoch: 188/200 | Batch 0040/0049 | Cost: 1.0093
MAE/RMSE/Loss/Accuracy: | Current Valid: 1.00/1.50/2.85/41.21% Ep. 188 | Best Valid : 0.94/1.43/2.52/43.40% Ep. 134
Time elapsed: 66.72 min
Epoch: 189/200 | Batch 0000/0049 | Cost: 0.9456
Epoch: 189/200 | Batch 0010/0049 | Cost: 0.9954
Epoch: 189/200 | Batch 0020/0049 | Cost: 0.9915
Epoch: 189/200 | Batch 0030/0049 | Cost: 0.9985
Epoch: 189/200 | Batch 0040/0049 | Cost: 1.0412
MAE/RMSE/Loss/Accuracy: | Current Valid: 1.04/1.57/3.01/41.99% Ep. 189 | Best Valid : 0.94/1.43/2.52/43.40% Ep. 134
Time elapsed: 67.07 min
Epoch: 190/200 | Batch 0000/0049 | Cost: 0.9545
Epoch: 190/200 | Batch 0010/0049 | Cost: 0.9811
Epoch: 190/200 | Batch 0020/0049 | Cost: 0.9926
Epoch: 190/200 | Batch 0030/0049 | Cost: 0.9667
Epoch: 190/200 | Batch 0040/0049 | Cost: 0.9663
MAE/RMSE/Loss/Accuracy: | Current Valid: 1.03/1.53/2.88/40.37% Ep. 190 | Best Valid : 0.94/1.43/2.52/43.40% Ep. 134
Time elapsed: 67.43 min
Epoch: 191/200 | Batch 0000/0049 | Cost: 0.9774
Epoch: 191/200 | Batch 0010/0049 | Cost: 1.0521
Epoch: 191/200 | Batch 0020/0049 | Cost: 1.0530
Epoch: 191/200 | Batch 0030/0049 | Cost: 1.1150
Epoch: 191/200 | Batch 0040/0049 | Cost: 1.2423
MAE/RMSE/Loss/Accuracy: | Current Valid: 1.07/1.60/3.03/39.24% Ep. 191 | Best Valid : 0.94/1.43/2.52/43.40% Ep. 134
Time elapsed: 67.78 min
Epoch: 192/200 | Batch 0000/0049 | Cost: 1.1208
Epoch: 192/200 | Batch 0010/0049 | Cost: 1.0848
Epoch: 192/200 | Batch 0020/0049 | Cost: 1.1528
Epoch: 192/200 | Batch 0030/0049 | Cost: 1.0685
Epoch: 192/200 | Batch 0040/0049 | Cost: 1.1228
MAE/RMSE/Loss/Accuracy: | Current Valid: 1.00/1.55/2.87/42.13% Ep. 192 | Best Valid : 0.94/1.43/2.52/43.40% Ep. 134
Time elapsed: 68.13 min
Epoch: 193/200 | Batch 0000/0049 | Cost: 1.2377
Epoch: 193/200 | Batch 0010/0049 | Cost: 1.0697
Epoch: 193/200 | Batch 0020/0049 | Cost: 1.2076
Epoch: 193/200 | Batch 0030/0049 | Cost: 1.1545
Epoch: 193/200 | Batch 0040/0049 | Cost: 1.2057
MAE/RMSE/Loss/Accuracy: | Current Valid: 1.03/1.55/2.93/40.65% Ep. 193 | Best Valid : 0.94/1.43/2.52/43.40% Ep. 134
Time elapsed: 68.49 min
Epoch: 194/200 | Batch 0000/0049 | Cost: 1.0265
Epoch: 194/200 | Batch 0010/0049 | Cost: 1.0745
Epoch: 194/200 | Batch 0020/0049 | Cost: 1.0466
Epoch: 194/200 | Batch 0030/0049 | Cost: 1.0585
Epoch: 194/200 | Batch 0040/0049 | Cost: 1.1158
MAE/RMSE/Loss/Accuracy: | Current Valid: 1.04/1.55/2.91/40.30% Ep. 194 | Best Valid : 0.94/1.43/2.52/43.40% Ep. 134
Time elapsed: 68.84 min
Epoch: 195/200 | Batch 0000/0049 | Cost: 1.0538
Epoch: 195/200 | Batch 0010/0049 | Cost: 1.0027
Epoch: 195/200 | Batch 0020/0049 | Cost: 1.1507
Epoch: 195/200 | Batch 0030/0049 | Cost: 1.0689
Epoch: 195/200 | Batch 0040/0049 | Cost: 1.0141
MAE/RMSE/Loss/Accuracy: | Current Valid: 1.04/1.56/2.90/40.16% Ep. 195 | Best Valid : 0.94/1.43/2.52/43.40% Ep. 134
Time elapsed: 69.19 min
Epoch: 196/200 | Batch 0000/0049 | Cost: 0.9305
Epoch: 196/200 | Batch 0010/0049 | Cost: 0.9526
Epoch: 196/200 | Batch 0020/0049 | Cost: 1.0805
Epoch: 196/200 | Batch 0030/0049 | Cost: 1.0535
Epoch: 196/200 | Batch 0040/0049 | Cost: 1.0613
MAE/RMSE/Loss/Accuracy: | Current Valid: 0.98/1.50/2.81/42.13% Ep. 196 | Best Valid : 0.94/1.43/2.52/43.40% Ep. 134
Time elapsed: 69.51 min
Epoch: 197/200 | Batch 0000/0049 | Cost: 0.9627
Epoch: 197/200 | Batch 0010/0049 | Cost: 1.2076
Epoch: 197/200 | Batch 0020/0049 | Cost: 1.1466
Epoch: 197/200 | Batch 0030/0049 | Cost: 1.0103
Epoch: 197/200 | Batch 0040/0049 | Cost: 1.0619
MAE/RMSE/Loss/Accuracy: | Current Valid: 1.03/1.53/2.87/40.51% Ep. 197 | Best Valid : 0.94/1.43/2.52/43.40% Ep. 134
Time elapsed: 69.71 min
Epoch: 198/200 | Batch 0000/0049 | Cost: 0.9404
Epoch: 198/200 | Batch 0010/0049 | Cost: 1.0555
Epoch: 198/200 | Batch 0020/0049 | Cost: 0.9070
Epoch: 198/200 | Batch 0030/0049 | Cost: 0.9931
Epoch: 198/200 | Batch 0040/0049 | Cost: 1.0046
MAE/RMSE/Loss/Accuracy: | Current Valid: 1.00/1.51/2.94/41.43% Ep. 198 | Best Valid : 0.94/1.43/2.52/43.40% Ep. 134
Time elapsed: 69.88 min
Epoch: 199/200 | Batch 0000/0049 | Cost: 0.9613
Epoch: 199/200 | Batch 0010/0049 | Cost: 0.8528
Epoch: 199/200 | Batch 0020/0049 | Cost: 0.8839
Epoch: 199/200 | Batch 0030/0049 | Cost: 0.9163
Epoch: 199/200 | Batch 0040/0049 | Cost: 0.9056
MAE/RMSE/Loss/Accuracy: | Current Valid: 1.04/1.55/3.04/40.16% Ep. 199 | Best Valid : 0.94/1.43/2.52/43.40% Ep. 134
Time elapsed: 70.06 min
Epoch: 200/200 | Batch 0000/0049 | Cost: 1.0071
Epoch: 200/200 | Batch 0010/0049 | Cost: 1.0565
Epoch: 200/200 | Batch 0020/0049 | Cost: 1.0513
Epoch: 200/200 | Batch 0030/0049 | Cost: 0.8740
Epoch: 200/200 | Batch 0040/0049 | Cost: 0.9417
MAE/RMSE/Loss/Accuracy: | Current Valid: 1.01/1.52/2.91/40.30% Ep. 200 | Best Valid : 0.94/1.43/2.52/43.40% Ep. 134
Time elapsed: 70.23 min

MAE/RMSE/Loss/Accuracy: | Last Train: 0.15/0.47/0.95/88.06% | Last Valid: 1.01/1.52/2.91/40.30% | Last Test: 1.00/1.53/2.84/42.84%
Total Training Time: 70.32 min

MAE/RMSE/Loss/Accuracy: | Best Train: 0.28/0.60/1.23/74.80% | Best Valid: 0.94/1.43/2.52/43.40% | Best Test: 1.00/1.51/2.61/41.77%
