PyTorch Version: 2.5.1
CUDA device available: True
Using CUDA device: cuda:0
Random Seed: 0
Task Importance Weight: 0
Output Path: ../my-logs/myadience-coral-0.2-3-seed0
Script: adience-coral.py
Epoch: 001/050 | Batch 0000/0049 | Cost: 5.0002
Epoch: 001/050 | Batch 0010/0049 | Cost: 4.7145
Epoch: 001/050 | Batch 0020/0049 | Cost: 4.6269
Epoch: 001/050 | Batch 0030/0049 | Cost: 4.3836
Epoch: 001/050 | Batch 0040/0049 | Cost: 4.2646
MAE/RMSE/Loss/Accuracy: | Current Valid: 2.97/3.56/5.06/14.82% Ep. 1 | Best Valid : 2.97/3.56/5.06/14.82% Ep. 1
Time elapsed: 0.18 min
Epoch: 002/050 | Batch 0000/0049 | Cost: 4.1436
Epoch: 002/050 | Batch 0010/0049 | Cost: 4.2365
Epoch: 002/050 | Batch 0020/0049 | Cost: 4.4353
Epoch: 002/050 | Batch 0030/0049 | Cost: 4.2702
Epoch: 002/050 | Batch 0040/0049 | Cost: 4.1365
MAE/RMSE/Loss/Accuracy: | Current Valid: 2.26/2.79/4.06/19.27% Ep. 2 | Best Valid : 2.26/2.79/4.06/19.27% Ep. 2
Time elapsed: 0.35 min
Epoch: 003/050 | Batch 0000/0049 | Cost: 3.9296
Epoch: 003/050 | Batch 0010/0049 | Cost: 4.2400
Epoch: 003/050 | Batch 0020/0049 | Cost: 3.8960
Epoch: 003/050 | Batch 0030/0049 | Cost: 3.9329
Epoch: 003/050 | Batch 0040/0049 | Cost: 4.1645
MAE/RMSE/Loss/Accuracy: | Current Valid: 2.09/2.63/3.88/21.59% Ep. 3 | Best Valid : 2.09/2.63/3.88/21.59% Ep. 3
Time elapsed: 0.53 min
Epoch: 004/050 | Batch 0000/0049 | Cost: 3.8520
Epoch: 004/050 | Batch 0010/0049 | Cost: 4.0815
Epoch: 004/050 | Batch 0020/0049 | Cost: 4.0358
Epoch: 004/050 | Batch 0030/0049 | Cost: 3.9681
Epoch: 004/050 | Batch 0040/0049 | Cost: 4.0367
MAE/RMSE/Loss/Accuracy: | Current Valid: 2.02/2.55/3.96/21.81% Ep. 4 | Best Valid : 2.02/2.55/3.96/21.81% Ep. 4
Time elapsed: 0.87 min
Epoch: 005/050 | Batch 0000/0049 | Cost: 3.8513
Epoch: 005/050 | Batch 0010/0049 | Cost: 3.9911
Epoch: 005/050 | Batch 0020/0049 | Cost: 3.8798
Epoch: 005/050 | Batch 0030/0049 | Cost: 4.1579
Epoch: 005/050 | Batch 0040/0049 | Cost: 3.8768
MAE/RMSE/Loss/Accuracy: | Current Valid: 2.02/2.58/3.81/22.44% Ep. 5 | Best Valid : 2.02/2.55/3.96/21.81% Ep. 4
Time elapsed: 1.22 min
Epoch: 006/050 | Batch 0000/0049 | Cost: 3.7924
Epoch: 006/050 | Batch 0010/0049 | Cost: 3.6775
Epoch: 006/050 | Batch 0020/0049 | Cost: 3.8624
Epoch: 006/050 | Batch 0030/0049 | Cost: 3.8496
Epoch: 006/050 | Batch 0040/0049 | Cost: 3.8164
MAE/RMSE/Loss/Accuracy: | Current Valid: 1.82/2.36/3.69/24.91% Ep. 6 | Best Valid : 1.82/2.36/3.69/24.91% Ep. 6
Time elapsed: 1.58 min
Epoch: 007/050 | Batch 0000/0049 | Cost: 3.7794
Epoch: 007/050 | Batch 0010/0049 | Cost: 3.7842
Epoch: 007/050 | Batch 0020/0049 | Cost: 3.4880
Epoch: 007/050 | Batch 0030/0049 | Cost: 3.7161
Epoch: 007/050 | Batch 0040/0049 | Cost: 3.5891
MAE/RMSE/Loss/Accuracy: | Current Valid: 1.78/2.32/3.63/25.69% Ep. 7 | Best Valid : 1.78/2.32/3.63/25.69% Ep. 7
Time elapsed: 1.93 min
Epoch: 008/050 | Batch 0000/0049 | Cost: 3.4704
Epoch: 008/050 | Batch 0010/0049 | Cost: 3.6508
Epoch: 008/050 | Batch 0020/0049 | Cost: 3.5454
Epoch: 008/050 | Batch 0030/0049 | Cost: 3.6316
Epoch: 008/050 | Batch 0040/0049 | Cost: 3.6167
MAE/RMSE/Loss/Accuracy: | Current Valid: 1.81/2.34/3.59/24.77% Ep. 8 | Best Valid : 1.78/2.32/3.63/25.69% Ep. 7
Time elapsed: 2.28 min
Epoch: 009/050 | Batch 0000/0049 | Cost: 3.5376
Epoch: 009/050 | Batch 0010/0049 | Cost: 3.4041
Epoch: 009/050 | Batch 0020/0049 | Cost: 3.4620
Epoch: 009/050 | Batch 0030/0049 | Cost: 3.4953
Epoch: 009/050 | Batch 0040/0049 | Cost: 3.4855
MAE/RMSE/Loss/Accuracy: | Current Valid: 1.90/2.42/3.60/23.29% Ep. 9 | Best Valid : 1.78/2.32/3.63/25.69% Ep. 7
Time elapsed: 2.63 min
Epoch: 010/050 | Batch 0000/0049 | Cost: 3.3583
Epoch: 010/050 | Batch 0010/0049 | Cost: 3.3629
Epoch: 010/050 | Batch 0020/0049 | Cost: 3.4576
Epoch: 010/050 | Batch 0030/0049 | Cost: 3.5001
Epoch: 010/050 | Batch 0040/0049 | Cost: 3.3528
MAE/RMSE/Loss/Accuracy: | Current Valid: 1.72/2.25/3.57/26.68% Ep. 10 | Best Valid : 1.72/2.25/3.57/26.68% Ep. 10
Time elapsed: 2.99 min
Epoch: 011/050 | Batch 0000/0049 | Cost: 3.3390
Epoch: 011/050 | Batch 0010/0049 | Cost: 3.2210
Epoch: 011/050 | Batch 0020/0049 | Cost: 3.3011
Epoch: 011/050 | Batch 0030/0049 | Cost: 3.1583
Epoch: 011/050 | Batch 0040/0049 | Cost: 3.4073
MAE/RMSE/Loss/Accuracy: | Current Valid: 1.76/2.29/3.56/25.19% Ep. 11 | Best Valid : 1.72/2.25/3.57/26.68% Ep. 10
Time elapsed: 3.34 min
Epoch: 012/050 | Batch 0000/0049 | Cost: 3.3902
Epoch: 012/050 | Batch 0010/0049 | Cost: 3.2739
Epoch: 012/050 | Batch 0020/0049 | Cost: 3.1451
Epoch: 012/050 | Batch 0030/0049 | Cost: 3.0608
Epoch: 012/050 | Batch 0040/0049 | Cost: 3.3772
MAE/RMSE/Loss/Accuracy: | Current Valid: 2.04/2.65/3.75/23.43% Ep. 12 | Best Valid : 1.72/2.25/3.57/26.68% Ep. 10
Time elapsed: 3.69 min
Epoch: 013/050 | Batch 0000/0049 | Cost: 3.2333
Epoch: 013/050 | Batch 0010/0049 | Cost: 3.3089
Epoch: 013/050 | Batch 0020/0049 | Cost: 3.2384
Epoch: 013/050 | Batch 0030/0049 | Cost: 3.3336
Epoch: 013/050 | Batch 0040/0049 | Cost: 3.3798
MAE/RMSE/Loss/Accuracy: | Current Valid: 1.78/2.35/3.58/26.46% Ep. 13 | Best Valid : 1.72/2.25/3.57/26.68% Ep. 10
Time elapsed: 4.05 min
Epoch: 014/050 | Batch 0000/0049 | Cost: 3.3261
Epoch: 014/050 | Batch 0010/0049 | Cost: 3.1633
Epoch: 014/050 | Batch 0020/0049 | Cost: 3.0098
Epoch: 014/050 | Batch 0030/0049 | Cost: 3.2005
Epoch: 014/050 | Batch 0040/0049 | Cost: 3.1899
MAE/RMSE/Loss/Accuracy: | Current Valid: 1.65/2.20/3.44/27.52% Ep. 14 | Best Valid : 1.65/2.20/3.44/27.52% Ep. 14
Time elapsed: 4.40 min
Epoch: 015/050 | Batch 0000/0049 | Cost: 3.0122
Epoch: 015/050 | Batch 0010/0049 | Cost: 3.2044
Epoch: 015/050 | Batch 0020/0049 | Cost: 3.3445
Epoch: 015/050 | Batch 0030/0049 | Cost: 2.9205
Epoch: 015/050 | Batch 0040/0049 | Cost: 3.0096
MAE/RMSE/Loss/Accuracy: | Current Valid: 1.61/2.19/3.43/30.35% Ep. 15 | Best Valid : 1.61/2.19/3.43/30.35% Ep. 15
Time elapsed: 4.76 min
Epoch: 016/050 | Batch 0000/0049 | Cost: 3.0493
Epoch: 016/050 | Batch 0010/0049 | Cost: 2.9804
Epoch: 016/050 | Batch 0020/0049 | Cost: 2.9707
Epoch: 016/050 | Batch 0030/0049 | Cost: 2.9512
Epoch: 016/050 | Batch 0040/0049 | Cost: 2.9523
MAE/RMSE/Loss/Accuracy: | Current Valid: 1.69/2.23/3.45/26.89% Ep. 16 | Best Valid : 1.61/2.19/3.43/30.35% Ep. 15
Time elapsed: 5.11 min
Epoch: 017/050 | Batch 0000/0049 | Cost: 3.0348
Epoch: 017/050 | Batch 0010/0049 | Cost: 2.9148
Epoch: 017/050 | Batch 0020/0049 | Cost: 2.8853
Epoch: 017/050 | Batch 0030/0049 | Cost: 2.8603
Epoch: 017/050 | Batch 0040/0049 | Cost: 2.9588
MAE/RMSE/Loss/Accuracy: | Current Valid: 1.47/2.06/3.37/31.55% Ep. 17 | Best Valid : 1.47/2.06/3.37/31.55% Ep. 17
Time elapsed: 5.46 min
Epoch: 018/050 | Batch 0000/0049 | Cost: 2.7544
Epoch: 018/050 | Batch 0010/0049 | Cost: 2.8962
Epoch: 018/050 | Batch 0020/0049 | Cost: 2.9767
Epoch: 018/050 | Batch 0030/0049 | Cost: 2.8554
Epoch: 018/050 | Batch 0040/0049 | Cost: 2.9664
MAE/RMSE/Loss/Accuracy: | Current Valid: 1.49/2.02/3.27/30.35% Ep. 18 | Best Valid : 1.47/2.06/3.37/31.55% Ep. 17
Time elapsed: 5.82 min
Epoch: 019/050 | Batch 0000/0049 | Cost: 2.8002
Epoch: 019/050 | Batch 0010/0049 | Cost: 2.7230
Epoch: 019/050 | Batch 0020/0049 | Cost: 3.0521
Epoch: 019/050 | Batch 0030/0049 | Cost: 2.9071
Epoch: 019/050 | Batch 0040/0049 | Cost: 2.9727
MAE/RMSE/Loss/Accuracy: | Current Valid: 1.37/1.96/3.29/33.52% Ep. 19 | Best Valid : 1.37/1.96/3.29/33.52% Ep. 19
Time elapsed: 6.17 min
Epoch: 020/050 | Batch 0000/0049 | Cost: 2.8929
Epoch: 020/050 | Batch 0010/0049 | Cost: 2.8347
Epoch: 020/050 | Batch 0020/0049 | Cost: 2.8383
Epoch: 020/050 | Batch 0030/0049 | Cost: 2.8222
Epoch: 020/050 | Batch 0040/0049 | Cost: 2.7657
MAE/RMSE/Loss/Accuracy: | Current Valid: 1.42/1.96/3.26/32.67% Ep. 20 | Best Valid : 1.37/1.96/3.29/33.52% Ep. 19
Time elapsed: 6.53 min
Epoch: 021/050 | Batch 0000/0049 | Cost: 2.8525
Epoch: 021/050 | Batch 0010/0049 | Cost: 2.7656
Epoch: 021/050 | Batch 0020/0049 | Cost: 2.7144
Epoch: 021/050 | Batch 0030/0049 | Cost: 2.8201
Epoch: 021/050 | Batch 0040/0049 | Cost: 2.5978
MAE/RMSE/Loss/Accuracy: | Current Valid: 1.41/1.97/3.25/33.10% Ep. 21 | Best Valid : 1.37/1.96/3.29/33.52% Ep. 19
Time elapsed: 6.88 min
Epoch: 022/050 | Batch 0000/0049 | Cost: 2.7981
Epoch: 022/050 | Batch 0010/0049 | Cost: 2.8044
Epoch: 022/050 | Batch 0020/0049 | Cost: 2.7743
Epoch: 022/050 | Batch 0030/0049 | Cost: 2.7413
Epoch: 022/050 | Batch 0040/0049 | Cost: 2.6215
MAE/RMSE/Loss/Accuracy: | Current Valid: 1.35/1.89/3.16/33.59% Ep. 22 | Best Valid : 1.35/1.89/3.16/33.59% Ep. 22
Time elapsed: 7.24 min
Epoch: 023/050 | Batch 0000/0049 | Cost: 2.7021
Epoch: 023/050 | Batch 0010/0049 | Cost: 2.6723
Epoch: 023/050 | Batch 0020/0049 | Cost: 2.6251
Epoch: 023/050 | Batch 0030/0049 | Cost: 2.7253
Epoch: 023/050 | Batch 0040/0049 | Cost: 2.7518
MAE/RMSE/Loss/Accuracy: | Current Valid: 1.29/1.82/3.14/33.87% Ep. 23 | Best Valid : 1.29/1.82/3.14/33.87% Ep. 23
Time elapsed: 7.59 min
Epoch: 024/050 | Batch 0000/0049 | Cost: 2.7003
Epoch: 024/050 | Batch 0010/0049 | Cost: 2.5690
Epoch: 024/050 | Batch 0020/0049 | Cost: 2.5485
Epoch: 024/050 | Batch 0030/0049 | Cost: 2.9148
Epoch: 024/050 | Batch 0040/0049 | Cost: 2.6770
MAE/RMSE/Loss/Accuracy: | Current Valid: 1.31/1.89/3.17/35.14% Ep. 24 | Best Valid : 1.29/1.82/3.14/33.87% Ep. 23
Time elapsed: 7.95 min
Epoch: 025/050 | Batch 0000/0049 | Cost: 2.6169
Epoch: 025/050 | Batch 0010/0049 | Cost: 2.5263
Epoch: 025/050 | Batch 0020/0049 | Cost: 2.6930
Epoch: 025/050 | Batch 0030/0049 | Cost: 2.6101
Epoch: 025/050 | Batch 0040/0049 | Cost: 2.7907
MAE/RMSE/Loss/Accuracy: | Current Valid: 1.31/1.89/3.19/35.36% Ep. 25 | Best Valid : 1.29/1.82/3.14/33.87% Ep. 23
Time elapsed: 8.30 min
Epoch: 026/050 | Batch 0000/0049 | Cost: 2.6603
Epoch: 026/050 | Batch 0010/0049 | Cost: 2.5508
Epoch: 026/050 | Batch 0020/0049 | Cost: 2.7944
Epoch: 026/050 | Batch 0030/0049 | Cost: 2.5213
Epoch: 026/050 | Batch 0040/0049 | Cost: 2.7297
MAE/RMSE/Loss/Accuracy: | Current Valid: 1.28/1.84/3.16/34.02% Ep. 26 | Best Valid : 1.28/1.84/3.16/34.02% Ep. 26
Time elapsed: 8.65 min
Epoch: 027/050 | Batch 0000/0049 | Cost: 2.6777
Epoch: 027/050 | Batch 0010/0049 | Cost: 2.5653
Epoch: 027/050 | Batch 0020/0049 | Cost: 2.5310
Epoch: 027/050 | Batch 0030/0049 | Cost: 2.7734
Epoch: 027/050 | Batch 0040/0049 | Cost: 2.6305
MAE/RMSE/Loss/Accuracy: | Current Valid: 1.28/1.77/3.15/33.94% Ep. 27 | Best Valid : 1.28/1.77/3.15/33.94% Ep. 27
Time elapsed: 9.01 min
Epoch: 028/050 | Batch 0000/0049 | Cost: 2.4808
Epoch: 028/050 | Batch 0010/0049 | Cost: 2.5983
Epoch: 028/050 | Batch 0020/0049 | Cost: 2.5238
Epoch: 028/050 | Batch 0030/0049 | Cost: 2.5517
Epoch: 028/050 | Batch 0040/0049 | Cost: 2.4862
MAE/RMSE/Loss/Accuracy: | Current Valid: 1.16/1.72/3.01/37.97% Ep. 28 | Best Valid : 1.16/1.72/3.01/37.97% Ep. 28
Time elapsed: 9.36 min
Epoch: 029/050 | Batch 0000/0049 | Cost: 2.5156
Epoch: 029/050 | Batch 0010/0049 | Cost: 2.5647
Epoch: 029/050 | Batch 0020/0049 | Cost: 2.4814
Epoch: 029/050 | Batch 0030/0049 | Cost: 2.5951
Epoch: 029/050 | Batch 0040/0049 | Cost: 2.5652
MAE/RMSE/Loss/Accuracy: | Current Valid: 1.34/1.86/3.09/33.38% Ep. 29 | Best Valid : 1.16/1.72/3.01/37.97% Ep. 28
Time elapsed: 9.72 min
Epoch: 030/050 | Batch 0000/0049 | Cost: 2.5114
Epoch: 030/050 | Batch 0010/0049 | Cost: 2.7251
Epoch: 030/050 | Batch 0020/0049 | Cost: 2.6431
Epoch: 030/050 | Batch 0030/0049 | Cost: 2.4117
Epoch: 030/050 | Batch 0040/0049 | Cost: 2.4751
MAE/RMSE/Loss/Accuracy: | Current Valid: 1.12/1.66/2.95/38.81% Ep. 30 | Best Valid : 1.12/1.66/2.95/38.81% Ep. 30
Time elapsed: 10.07 min
Epoch: 031/050 | Batch 0000/0049 | Cost: 2.4087
Epoch: 031/050 | Batch 0010/0049 | Cost: 2.4880
Epoch: 031/050 | Batch 0020/0049 | Cost: 2.4104
Epoch: 031/050 | Batch 0030/0049 | Cost: 2.5714
Epoch: 031/050 | Batch 0040/0049 | Cost: 2.3274
MAE/RMSE/Loss/Accuracy: | Current Valid: 1.15/1.71/2.96/38.67% Ep. 31 | Best Valid : 1.12/1.66/2.95/38.81% Ep. 30
Time elapsed: 10.43 min
Epoch: 032/050 | Batch 0000/0049 | Cost: 2.5427
Epoch: 032/050 | Batch 0010/0049 | Cost: 2.4867
Epoch: 032/050 | Batch 0020/0049 | Cost: 2.4242
Epoch: 032/050 | Batch 0030/0049 | Cost: 2.4465
Epoch: 032/050 | Batch 0040/0049 | Cost: 2.4473
MAE/RMSE/Loss/Accuracy: | Current Valid: 1.10/1.65/2.97/39.24% Ep. 32 | Best Valid : 1.10/1.65/2.97/39.24% Ep. 32
Time elapsed: 10.78 min
Epoch: 033/050 | Batch 0000/0049 | Cost: 2.3865
Epoch: 033/050 | Batch 0010/0049 | Cost: 2.4415
Epoch: 033/050 | Batch 0020/0049 | Cost: 2.3789
Epoch: 033/050 | Batch 0030/0049 | Cost: 2.3253
Epoch: 033/050 | Batch 0040/0049 | Cost: 2.4752
MAE/RMSE/Loss/Accuracy: | Current Valid: 1.24/1.76/2.95/35.29% Ep. 33 | Best Valid : 1.10/1.65/2.97/39.24% Ep. 32
Time elapsed: 11.14 min
Epoch: 034/050 | Batch 0000/0049 | Cost: 2.4633
Epoch: 034/050 | Batch 0010/0049 | Cost: 2.3386
Epoch: 034/050 | Batch 0020/0049 | Cost: 2.5072
Epoch: 034/050 | Batch 0030/0049 | Cost: 2.5401
Epoch: 034/050 | Batch 0040/0049 | Cost: 2.4759
MAE/RMSE/Loss/Accuracy: | Current Valid: 1.05/1.57/2.87/40.44% Ep. 34 | Best Valid : 1.05/1.57/2.87/40.44% Ep. 34
Time elapsed: 11.49 min
Epoch: 035/050 | Batch 0000/0049 | Cost: 2.3613
Epoch: 035/050 | Batch 0010/0049 | Cost: 2.3271
Epoch: 035/050 | Batch 0020/0049 | Cost: 2.4496
Epoch: 035/050 | Batch 0030/0049 | Cost: 2.3515
Epoch: 035/050 | Batch 0040/0049 | Cost: 2.3863
MAE/RMSE/Loss/Accuracy: | Current Valid: 1.14/1.68/2.96/36.63% Ep. 35 | Best Valid : 1.05/1.57/2.87/40.44% Ep. 34
Time elapsed: 11.85 min
Epoch: 036/050 | Batch 0000/0049 | Cost: 2.2376
Epoch: 036/050 | Batch 0010/0049 | Cost: 2.3035
Epoch: 036/050 | Batch 0020/0049 | Cost: 2.2628
Epoch: 036/050 | Batch 0030/0049 | Cost: 2.3832
Epoch: 036/050 | Batch 0040/0049 | Cost: 2.3505
MAE/RMSE/Loss/Accuracy: | Current Valid: 1.14/1.64/2.94/37.47% Ep. 36 | Best Valid : 1.05/1.57/2.87/40.44% Ep. 34
Time elapsed: 12.20 min
Epoch: 037/050 | Batch 0000/0049 | Cost: 2.2254
Epoch: 037/050 | Batch 0010/0049 | Cost: 2.4841
Epoch: 037/050 | Batch 0020/0049 | Cost: 2.3256
Epoch: 037/050 | Batch 0030/0049 | Cost: 2.3796
Epoch: 037/050 | Batch 0040/0049 | Cost: 2.2491
MAE/RMSE/Loss/Accuracy: | Current Valid: 1.06/1.57/2.86/39.80% Ep. 37 | Best Valid : 1.05/1.57/2.87/40.44% Ep. 34
Time elapsed: 12.55 min
Epoch: 038/050 | Batch 0000/0049 | Cost: 2.2687
Epoch: 038/050 | Batch 0010/0049 | Cost: 2.3288
Epoch: 038/050 | Batch 0020/0049 | Cost: 2.3405
Epoch: 038/050 | Batch 0030/0049 | Cost: 2.3293
Epoch: 038/050 | Batch 0040/0049 | Cost: 2.3109
MAE/RMSE/Loss/Accuracy: | Current Valid: 1.12/1.65/2.84/37.76% Ep. 38 | Best Valid : 1.05/1.57/2.87/40.44% Ep. 34
Time elapsed: 12.91 min
Epoch: 039/050 | Batch 0000/0049 | Cost: 2.1726
Epoch: 039/050 | Batch 0010/0049 | Cost: 2.4096
Epoch: 039/050 | Batch 0020/0049 | Cost: 2.2727
Epoch: 039/050 | Batch 0030/0049 | Cost: 2.3014
Epoch: 039/050 | Batch 0040/0049 | Cost: 2.3138
MAE/RMSE/Loss/Accuracy: | Current Valid: 1.17/1.68/2.82/37.47% Ep. 39 | Best Valid : 1.05/1.57/2.87/40.44% Ep. 34
Time elapsed: 13.26 min
Epoch: 040/050 | Batch 0000/0049 | Cost: 2.1135
Epoch: 040/050 | Batch 0010/0049 | Cost: 2.2547
Epoch: 040/050 | Batch 0020/0049 | Cost: 2.1833
Epoch: 040/050 | Batch 0030/0049 | Cost: 2.2792
Epoch: 040/050 | Batch 0040/0049 | Cost: 2.1827
MAE/RMSE/Loss/Accuracy: | Current Valid: 1.19/1.72/2.84/37.19% Ep. 40 | Best Valid : 1.05/1.57/2.87/40.44% Ep. 34
Time elapsed: 13.61 min
Epoch: 041/050 | Batch 0000/0049 | Cost: 2.1723
Epoch: 041/050 | Batch 0010/0049 | Cost: 2.2967
Epoch: 041/050 | Batch 0020/0049 | Cost: 2.2223
Epoch: 041/050 | Batch 0030/0049 | Cost: 2.2046
Epoch: 041/050 | Batch 0040/0049 | Cost: 2.1289
MAE/RMSE/Loss/Accuracy: | Current Valid: 0.97/1.47/2.76/41.92% Ep. 41 | Best Valid : 0.97/1.47/2.76/41.92% Ep. 41
Time elapsed: 13.97 min
Epoch: 042/050 | Batch 0000/0049 | Cost: 2.2439
Epoch: 042/050 | Batch 0010/0049 | Cost: 2.0963
Epoch: 042/050 | Batch 0020/0049 | Cost: 2.1923
Epoch: 042/050 | Batch 0030/0049 | Cost: 2.1184
Epoch: 042/050 | Batch 0040/0049 | Cost: 2.3006
MAE/RMSE/Loss/Accuracy: | Current Valid: 1.04/1.55/2.79/39.87% Ep. 42 | Best Valid : 0.97/1.47/2.76/41.92% Ep. 41
Time elapsed: 14.32 min
Epoch: 043/050 | Batch 0000/0049 | Cost: 2.1882
Epoch: 043/050 | Batch 0010/0049 | Cost: 2.2800
Epoch: 043/050 | Batch 0020/0049 | Cost: 2.1764
Epoch: 043/050 | Batch 0030/0049 | Cost: 2.2899
Epoch: 043/050 | Batch 0040/0049 | Cost: 2.2465
MAE/RMSE/Loss/Accuracy: | Current Valid: 1.06/1.56/2.81/39.31% Ep. 43 | Best Valid : 0.97/1.47/2.76/41.92% Ep. 41
Time elapsed: 14.68 min
Epoch: 044/050 | Batch 0000/0049 | Cost: 2.1545
Epoch: 044/050 | Batch 0010/0049 | Cost: 2.1872
Epoch: 044/050 | Batch 0020/0049 | Cost: 2.1102
Epoch: 044/050 | Batch 0030/0049 | Cost: 2.1418
Epoch: 044/050 | Batch 0040/0049 | Cost: 2.2007
MAE/RMSE/Loss/Accuracy: | Current Valid: 1.10/1.62/2.84/38.60% Ep. 44 | Best Valid : 0.97/1.47/2.76/41.92% Ep. 41
Time elapsed: 15.03 min
Epoch: 045/050 | Batch 0000/0049 | Cost: 2.1452
Epoch: 045/050 | Batch 0010/0049 | Cost: 2.1589
Epoch: 045/050 | Batch 0020/0049 | Cost: 2.1864
Epoch: 045/050 | Batch 0030/0049 | Cost: 2.1948
Epoch: 045/050 | Batch 0040/0049 | Cost: 2.1783
MAE/RMSE/Loss/Accuracy: | Current Valid: 1.12/1.66/2.87/38.53% Ep. 45 | Best Valid : 0.97/1.47/2.76/41.92% Ep. 41
Time elapsed: 15.38 min
Epoch: 046/050 | Batch 0000/0049 | Cost: 2.2903
Epoch: 046/050 | Batch 0010/0049 | Cost: 2.1906
Epoch: 046/050 | Batch 0020/0049 | Cost: 2.1672
Epoch: 046/050 | Batch 0030/0049 | Cost: 2.2026
Epoch: 046/050 | Batch 0040/0049 | Cost: 2.1257
MAE/RMSE/Loss/Accuracy: | Current Valid: 1.02/1.54/2.74/40.44% Ep. 46 | Best Valid : 0.97/1.47/2.76/41.92% Ep. 41
Time elapsed: 15.74 min
Epoch: 047/050 | Batch 0000/0049 | Cost: 2.0523
Epoch: 047/050 | Batch 0010/0049 | Cost: 2.2089
Epoch: 047/050 | Batch 0020/0049 | Cost: 2.1797
Epoch: 047/050 | Batch 0030/0049 | Cost: 2.2931
Epoch: 047/050 | Batch 0040/0049 | Cost: 2.0024
MAE/RMSE/Loss/Accuracy: | Current Valid: 0.97/1.45/2.68/41.78% Ep. 47 | Best Valid : 0.97/1.45/2.68/41.78% Ep. 47
Time elapsed: 16.10 min
Epoch: 048/050 | Batch 0000/0049 | Cost: 2.1820
Epoch: 048/050 | Batch 0010/0049 | Cost: 2.0691
Epoch: 048/050 | Batch 0020/0049 | Cost: 2.0288
Epoch: 048/050 | Batch 0030/0049 | Cost: 2.1182
Epoch: 048/050 | Batch 0040/0049 | Cost: 2.1023
MAE/RMSE/Loss/Accuracy: | Current Valid: 1.06/1.56/2.70/38.81% Ep. 48 | Best Valid : 0.97/1.45/2.68/41.78% Ep. 47
Time elapsed: 16.45 min
Epoch: 049/050 | Batch 0000/0049 | Cost: 2.1977
Epoch: 049/050 | Batch 0010/0049 | Cost: 2.0685
Epoch: 049/050 | Batch 0020/0049 | Cost: 2.2029
Epoch: 049/050 | Batch 0030/0049 | Cost: 2.0089
Epoch: 049/050 | Batch 0040/0049 | Cost: 2.1050
MAE/RMSE/Loss/Accuracy: | Current Valid: 1.03/1.53/2.66/40.23% Ep. 49 | Best Valid : 0.97/1.45/2.68/41.78% Ep. 47
Time elapsed: 16.80 min
Epoch: 050/050 | Batch 0000/0049 | Cost: 2.1224
Epoch: 050/050 | Batch 0010/0049 | Cost: 2.0287
Epoch: 050/050 | Batch 0020/0049 | Cost: 2.1190
Epoch: 050/050 | Batch 0030/0049 | Cost: 2.1338
Epoch: 050/050 | Batch 0040/0049 | Cost: 2.0299
MAE/RMSE/Loss/Accuracy: | Current Valid: 1.02/1.52/2.69/39.03% Ep. 50 | Best Valid : 0.97/1.45/2.68/41.78% Ep. 47
Time elapsed: 17.16 min

MAE/RMSE/Loss/Accuracy: | Last Train: 0.74/1.10/2.13/46.47% | Last Valid: 1.02/1.52/2.69/39.03% | Last Test: 1.02/1.53/2.68/40.27%
Total Training Time: 17.32 min

MAE/RMSE/Loss/Accuracy: | Best Train: 0.68/1.04/2.13/49.30% | Best Valid: 0.97/1.45/2.68/41.78% | Best Test: 0.95/1.45/2.62/43.04%
