PyTorch Version: 2.5.1
CUDA device available: True
Using CUDA device: cuda:0
Random Seed: 0
Task Importance Weight: 0
Output Path: ../my-logs/myadience-coral-0.4-3-seed0
Script: adience-coral.py
Epoch: 001/050 | Batch 0000/0049 | Cost: 4.9953
Epoch: 001/050 | Batch 0010/0049 | Cost: 4.6115
Epoch: 001/050 | Batch 0020/0049 | Cost: 4.6597
Epoch: 001/050 | Batch 0030/0049 | Cost: 4.6106
Epoch: 001/050 | Batch 0040/0049 | Cost: 4.4133
MAE/RMSE/Loss/Accuracy: | Current Valid: 2.60/3.16/4.46/16.58% Ep. 1 | Best Valid : 2.60/3.16/4.46/16.58% Ep. 1
Time elapsed: 0.18 min
Epoch: 002/050 | Batch 0000/0049 | Cost: 4.3381
Epoch: 002/050 | Batch 0010/0049 | Cost: 4.2926
Epoch: 002/050 | Batch 0020/0049 | Cost: 4.5675
Epoch: 002/050 | Batch 0030/0049 | Cost: 4.4454
Epoch: 002/050 | Batch 0040/0049 | Cost: 4.3225
MAE/RMSE/Loss/Accuracy: | Current Valid: 2.39/2.97/4.22/18.91% Ep. 2 | Best Valid : 2.39/2.97/4.22/18.91% Ep. 2
Time elapsed: 0.35 min
Epoch: 003/050 | Batch 0000/0049 | Cost: 4.2227
Epoch: 003/050 | Batch 0010/0049 | Cost: 4.3847
Epoch: 003/050 | Batch 0020/0049 | Cost: 4.1883
Epoch: 003/050 | Batch 0030/0049 | Cost: 4.3245
Epoch: 003/050 | Batch 0040/0049 | Cost: 4.3529
MAE/RMSE/Loss/Accuracy: | Current Valid: 2.15/2.70/4.00/20.89% Ep. 3 | Best Valid : 2.15/2.70/4.00/20.89% Ep. 3
Time elapsed: 0.53 min
Epoch: 004/050 | Batch 0000/0049 | Cost: 4.0847
Epoch: 004/050 | Batch 0010/0049 | Cost: 4.2814
Epoch: 004/050 | Batch 0020/0049 | Cost: 4.2063
Epoch: 004/050 | Batch 0030/0049 | Cost: 4.2108
Epoch: 004/050 | Batch 0040/0049 | Cost: 4.2276
MAE/RMSE/Loss/Accuracy: | Current Valid: 2.08/2.65/4.15/21.67% Ep. 4 | Best Valid : 2.08/2.65/4.15/21.67% Ep. 4
Time elapsed: 0.89 min
Epoch: 005/050 | Batch 0000/0049 | Cost: 4.0565
Epoch: 005/050 | Batch 0010/0049 | Cost: 4.1291
Epoch: 005/050 | Batch 0020/0049 | Cost: 4.1370
Epoch: 005/050 | Batch 0030/0049 | Cost: 4.3390
Epoch: 005/050 | Batch 0040/0049 | Cost: 4.1372
MAE/RMSE/Loss/Accuracy: | Current Valid: 2.12/2.73/4.04/22.72% Ep. 5 | Best Valid : 2.08/2.65/4.15/21.67% Ep. 4
Time elapsed: 1.24 min
Epoch: 006/050 | Batch 0000/0049 | Cost: 4.1248
Epoch: 006/050 | Batch 0010/0049 | Cost: 3.9387
Epoch: 006/050 | Batch 0020/0049 | Cost: 4.0265
Epoch: 006/050 | Batch 0030/0049 | Cost: 3.9903
Epoch: 006/050 | Batch 0040/0049 | Cost: 4.0989
MAE/RMSE/Loss/Accuracy: | Current Valid: 2.27/2.90/4.00/21.67% Ep. 6 | Best Valid : 2.08/2.65/4.15/21.67% Ep. 4
Time elapsed: 1.59 min
Epoch: 007/050 | Batch 0000/0049 | Cost: 4.0061
Epoch: 007/050 | Batch 0010/0049 | Cost: 3.9055
Epoch: 007/050 | Batch 0020/0049 | Cost: 3.7995
Epoch: 007/050 | Batch 0030/0049 | Cost: 3.9339
Epoch: 007/050 | Batch 0040/0049 | Cost: 3.9676
MAE/RMSE/Loss/Accuracy: | Current Valid: 2.02/2.56/3.80/21.59% Ep. 7 | Best Valid : 2.02/2.56/3.80/21.59% Ep. 7
Time elapsed: 1.95 min
Epoch: 008/050 | Batch 0000/0049 | Cost: 3.7352
Epoch: 008/050 | Batch 0010/0049 | Cost: 3.9850
Epoch: 008/050 | Batch 0020/0049 | Cost: 3.6865
Epoch: 008/050 | Batch 0030/0049 | Cost: 3.8043
Epoch: 008/050 | Batch 0040/0049 | Cost: 3.8620
MAE/RMSE/Loss/Accuracy: | Current Valid: 1.95/2.50/3.82/22.51% Ep. 8 | Best Valid : 1.95/2.50/3.82/22.51% Ep. 8
Time elapsed: 2.31 min
Epoch: 009/050 | Batch 0000/0049 | Cost: 3.7145
Epoch: 009/050 | Batch 0010/0049 | Cost: 3.7005
Epoch: 009/050 | Batch 0020/0049 | Cost: 3.7481
Epoch: 009/050 | Batch 0030/0049 | Cost: 3.6975
Epoch: 009/050 | Batch 0040/0049 | Cost: 3.7129
MAE/RMSE/Loss/Accuracy: | Current Valid: 1.92/2.49/3.74/24.21% Ep. 9 | Best Valid : 1.92/2.49/3.74/24.21% Ep. 9
Time elapsed: 2.66 min
Epoch: 010/050 | Batch 0000/0049 | Cost: 3.5281
Epoch: 010/050 | Batch 0010/0049 | Cost: 3.5316
Epoch: 010/050 | Batch 0020/0049 | Cost: 3.7400
Epoch: 010/050 | Batch 0030/0049 | Cost: 3.7105
Epoch: 010/050 | Batch 0040/0049 | Cost: 3.5585
MAE/RMSE/Loss/Accuracy: | Current Valid: 2.06/2.67/3.82/22.87% Ep. 10 | Best Valid : 1.92/2.49/3.74/24.21% Ep. 9
Time elapsed: 3.01 min
Epoch: 011/050 | Batch 0000/0049 | Cost: 3.4509
Epoch: 011/050 | Batch 0010/0049 | Cost: 3.4801
Epoch: 011/050 | Batch 0020/0049 | Cost: 3.6065
Epoch: 011/050 | Batch 0030/0049 | Cost: 3.4104
Epoch: 011/050 | Batch 0040/0049 | Cost: 3.6302
MAE/RMSE/Loss/Accuracy: | Current Valid: 1.85/2.45/3.75/25.55% Ep. 11 | Best Valid : 1.85/2.45/3.75/25.55% Ep. 11
Time elapsed: 3.37 min
Epoch: 012/050 | Batch 0000/0049 | Cost: 3.5694
Epoch: 012/050 | Batch 0010/0049 | Cost: 3.5277
Epoch: 012/050 | Batch 0020/0049 | Cost: 3.3485
Epoch: 012/050 | Batch 0030/0049 | Cost: 3.2669
Epoch: 012/050 | Batch 0040/0049 | Cost: 3.5966
MAE/RMSE/Loss/Accuracy: | Current Valid: 1.84/2.45/3.69/24.84% Ep. 12 | Best Valid : 1.84/2.45/3.69/24.84% Ep. 12
Time elapsed: 3.72 min
Epoch: 013/050 | Batch 0000/0049 | Cost: 3.4813
Epoch: 013/050 | Batch 0010/0049 | Cost: 3.3406
Epoch: 013/050 | Batch 0020/0049 | Cost: 3.3587
Epoch: 013/050 | Batch 0030/0049 | Cost: 3.5156
Epoch: 013/050 | Batch 0040/0049 | Cost: 3.5337
MAE/RMSE/Loss/Accuracy: | Current Valid: 1.87/2.45/3.70/23.99% Ep. 13 | Best Valid : 1.84/2.45/3.69/24.84% Ep. 12
Time elapsed: 4.08 min
Epoch: 014/050 | Batch 0000/0049 | Cost: 3.4076
Epoch: 014/050 | Batch 0010/0049 | Cost: 3.3016
Epoch: 014/050 | Batch 0020/0049 | Cost: 3.1652
Epoch: 014/050 | Batch 0030/0049 | Cost: 3.4182
Epoch: 014/050 | Batch 0040/0049 | Cost: 3.3428
MAE/RMSE/Loss/Accuracy: | Current Valid: 1.83/2.42/3.66/25.34% Ep. 14 | Best Valid : 1.83/2.42/3.66/25.34% Ep. 14
Time elapsed: 4.43 min
Epoch: 015/050 | Batch 0000/0049 | Cost: 3.0747
Epoch: 015/050 | Batch 0010/0049 | Cost: 3.3242
Epoch: 015/050 | Batch 0020/0049 | Cost: 3.4169
Epoch: 015/050 | Batch 0030/0049 | Cost: 3.0597
Epoch: 015/050 | Batch 0040/0049 | Cost: 3.1281
MAE/RMSE/Loss/Accuracy: | Current Valid: 1.76/2.36/3.62/26.39% Ep. 15 | Best Valid : 1.76/2.36/3.62/26.39% Ep. 15
Time elapsed: 4.79 min
Epoch: 016/050 | Batch 0000/0049 | Cost: 3.2432
Epoch: 016/050 | Batch 0010/0049 | Cost: 3.1822
Epoch: 016/050 | Batch 0020/0049 | Cost: 3.0914
Epoch: 016/050 | Batch 0030/0049 | Cost: 3.2046
Epoch: 016/050 | Batch 0040/0049 | Cost: 3.1245
MAE/RMSE/Loss/Accuracy: | Current Valid: 1.76/2.33/3.57/26.11% Ep. 16 | Best Valid : 1.76/2.33/3.57/26.11% Ep. 16
Time elapsed: 5.15 min
Epoch: 017/050 | Batch 0000/0049 | Cost: 2.9504
Epoch: 017/050 | Batch 0010/0049 | Cost: 3.0870
Epoch: 017/050 | Batch 0020/0049 | Cost: 3.0211
Epoch: 017/050 | Batch 0030/0049 | Cost: 3.0019
Epoch: 017/050 | Batch 0040/0049 | Cost: 3.1078
MAE/RMSE/Loss/Accuracy: | Current Valid: 1.81/2.41/3.59/25.41% Ep. 17 | Best Valid : 1.76/2.33/3.57/26.11% Ep. 16
Time elapsed: 5.50 min
Epoch: 018/050 | Batch 0000/0049 | Cost: 2.9540
Epoch: 018/050 | Batch 0010/0049 | Cost: 3.0031
Epoch: 018/050 | Batch 0020/0049 | Cost: 3.0877
Epoch: 018/050 | Batch 0030/0049 | Cost: 3.0661
Epoch: 018/050 | Batch 0040/0049 | Cost: 3.1227
MAE/RMSE/Loss/Accuracy: | Current Valid: 1.87/2.43/3.68/24.91% Ep. 18 | Best Valid : 1.76/2.33/3.57/26.11% Ep. 16
Time elapsed: 5.85 min
Epoch: 019/050 | Batch 0000/0049 | Cost: 2.8266
Epoch: 019/050 | Batch 0010/0049 | Cost: 2.8850
Epoch: 019/050 | Batch 0020/0049 | Cost: 3.1384
Epoch: 019/050 | Batch 0030/0049 | Cost: 3.0382
Epoch: 019/050 | Batch 0040/0049 | Cost: 3.0609
MAE/RMSE/Loss/Accuracy: | Current Valid: 1.59/2.18/3.54/28.44% Ep. 19 | Best Valid : 1.59/2.18/3.54/28.44% Ep. 19
Time elapsed: 6.21 min
Epoch: 020/050 | Batch 0000/0049 | Cost: 2.9646
Epoch: 020/050 | Batch 0010/0049 | Cost: 2.9743
Epoch: 020/050 | Batch 0020/0049 | Cost: 2.9160
Epoch: 020/050 | Batch 0030/0049 | Cost: 3.0081
Epoch: 020/050 | Batch 0040/0049 | Cost: 2.8579
MAE/RMSE/Loss/Accuracy: | Current Valid: 1.72/2.29/3.56/27.59% Ep. 20 | Best Valid : 1.59/2.18/3.54/28.44% Ep. 19
Time elapsed: 6.57 min
Epoch: 021/050 | Batch 0000/0049 | Cost: 2.9550
Epoch: 021/050 | Batch 0010/0049 | Cost: 2.8744
Epoch: 021/050 | Batch 0020/0049 | Cost: 2.8305
Epoch: 021/050 | Batch 0030/0049 | Cost: 2.8004
Epoch: 021/050 | Batch 0040/0049 | Cost: 2.8377
MAE/RMSE/Loss/Accuracy: | Current Valid: 1.62/2.19/3.51/28.37% Ep. 21 | Best Valid : 1.59/2.18/3.54/28.44% Ep. 19
Time elapsed: 6.92 min
Epoch: 022/050 | Batch 0000/0049 | Cost: 2.8405
Epoch: 022/050 | Batch 0010/0049 | Cost: 2.8514
Epoch: 022/050 | Batch 0020/0049 | Cost: 2.9118
Epoch: 022/050 | Batch 0030/0049 | Cost: 2.9250
Epoch: 022/050 | Batch 0040/0049 | Cost: 2.7662
MAE/RMSE/Loss/Accuracy: | Current Valid: 1.68/2.26/3.55/27.59% Ep. 22 | Best Valid : 1.59/2.18/3.54/28.44% Ep. 19
Time elapsed: 7.27 min
Epoch: 023/050 | Batch 0000/0049 | Cost: 2.8783
Epoch: 023/050 | Batch 0010/0049 | Cost: 2.7154
Epoch: 023/050 | Batch 0020/0049 | Cost: 2.6506
Epoch: 023/050 | Batch 0030/0049 | Cost: 2.8111
Epoch: 023/050 | Batch 0040/0049 | Cost: 2.9194
MAE/RMSE/Loss/Accuracy: | Current Valid: 1.54/2.11/3.45/29.50% Ep. 23 | Best Valid : 1.54/2.11/3.45/29.50% Ep. 23
Time elapsed: 7.63 min
Epoch: 024/050 | Batch 0000/0049 | Cost: 2.6852
Epoch: 024/050 | Batch 0010/0049 | Cost: 2.7084
Epoch: 024/050 | Batch 0020/0049 | Cost: 2.7321
Epoch: 024/050 | Batch 0030/0049 | Cost: 3.0500
Epoch: 024/050 | Batch 0040/0049 | Cost: 2.7545
MAE/RMSE/Loss/Accuracy: | Current Valid: 1.61/2.19/3.52/28.58% Ep. 24 | Best Valid : 1.54/2.11/3.45/29.50% Ep. 23
Time elapsed: 7.98 min
Epoch: 025/050 | Batch 0000/0049 | Cost: 2.7322
Epoch: 025/050 | Batch 0010/0049 | Cost: 2.6324
Epoch: 025/050 | Batch 0020/0049 | Cost: 2.7415
Epoch: 025/050 | Batch 0030/0049 | Cost: 2.6670
Epoch: 025/050 | Batch 0040/0049 | Cost: 2.8191
MAE/RMSE/Loss/Accuracy: | Current Valid: 1.51/2.11/3.52/30.63% Ep. 25 | Best Valid : 1.51/2.11/3.52/30.63% Ep. 25
Time elapsed: 8.34 min
Epoch: 026/050 | Batch 0000/0049 | Cost: 2.6883
Epoch: 026/050 | Batch 0010/0049 | Cost: 2.6999
Epoch: 026/050 | Batch 0020/0049 | Cost: 2.8819
Epoch: 026/050 | Batch 0030/0049 | Cost: 2.6133
Epoch: 026/050 | Batch 0040/0049 | Cost: 2.7512
MAE/RMSE/Loss/Accuracy: | Current Valid: 1.41/2.01/3.34/32.39% Ep. 26 | Best Valid : 1.41/2.01/3.34/32.39% Ep. 26
Time elapsed: 8.70 min
Epoch: 027/050 | Batch 0000/0049 | Cost: 2.6786
Epoch: 027/050 | Batch 0010/0049 | Cost: 2.6736
Epoch: 027/050 | Batch 0020/0049 | Cost: 2.6097
Epoch: 027/050 | Batch 0030/0049 | Cost: 2.8510
Epoch: 027/050 | Batch 0040/0049 | Cost: 2.6871
MAE/RMSE/Loss/Accuracy: | Current Valid: 1.48/2.04/3.40/30.84% Ep. 27 | Best Valid : 1.41/2.01/3.34/32.39% Ep. 26
Time elapsed: 9.05 min
Epoch: 028/050 | Batch 0000/0049 | Cost: 2.5613
Epoch: 028/050 | Batch 0010/0049 | Cost: 2.6871
Epoch: 028/050 | Batch 0020/0049 | Cost: 2.5773
Epoch: 028/050 | Batch 0030/0049 | Cost: 2.6583
Epoch: 028/050 | Batch 0040/0049 | Cost: 2.4607
MAE/RMSE/Loss/Accuracy: | Current Valid: 1.38/1.95/3.32/32.18% Ep. 28 | Best Valid : 1.38/1.95/3.32/32.18% Ep. 28
Time elapsed: 9.41 min
Epoch: 029/050 | Batch 0000/0049 | Cost: 2.5880
Epoch: 029/050 | Batch 0010/0049 | Cost: 2.5682
Epoch: 029/050 | Batch 0020/0049 | Cost: 2.6049
Epoch: 029/050 | Batch 0030/0049 | Cost: 2.6135
Epoch: 029/050 | Batch 0040/0049 | Cost: 2.6059
MAE/RMSE/Loss/Accuracy: | Current Valid: 1.40/1.99/3.31/33.45% Ep. 29 | Best Valid : 1.38/1.95/3.32/32.18% Ep. 28
Time elapsed: 9.76 min
Epoch: 030/050 | Batch 0000/0049 | Cost: 2.5508
Epoch: 030/050 | Batch 0010/0049 | Cost: 2.7142
Epoch: 030/050 | Batch 0020/0049 | Cost: 2.6867
Epoch: 030/050 | Batch 0030/0049 | Cost: 2.5382
Epoch: 030/050 | Batch 0040/0049 | Cost: 2.6508
MAE/RMSE/Loss/Accuracy: | Current Valid: 1.39/1.99/3.28/33.80% Ep. 30 | Best Valid : 1.38/1.95/3.32/32.18% Ep. 28
Time elapsed: 10.12 min
Epoch: 031/050 | Batch 0000/0049 | Cost: 2.4406
Epoch: 031/050 | Batch 0010/0049 | Cost: 2.5283
Epoch: 031/050 | Batch 0020/0049 | Cost: 2.5024
Epoch: 031/050 | Batch 0030/0049 | Cost: 2.6318
Epoch: 031/050 | Batch 0040/0049 | Cost: 2.4566
MAE/RMSE/Loss/Accuracy: | Current Valid: 1.27/1.80/3.19/33.94% Ep. 31 | Best Valid : 1.27/1.80/3.19/33.94% Ep. 31
Time elapsed: 10.48 min
Epoch: 032/050 | Batch 0000/0049 | Cost: 2.5532
Epoch: 032/050 | Batch 0010/0049 | Cost: 2.5426
Epoch: 032/050 | Batch 0020/0049 | Cost: 2.5289
Epoch: 032/050 | Batch 0030/0049 | Cost: 2.4379
Epoch: 032/050 | Batch 0040/0049 | Cost: 2.4813
MAE/RMSE/Loss/Accuracy: | Current Valid: 1.28/1.83/3.23/33.17% Ep. 32 | Best Valid : 1.27/1.80/3.19/33.94% Ep. 31
Time elapsed: 10.83 min
Epoch: 033/050 | Batch 0000/0049 | Cost: 2.5219
Epoch: 033/050 | Batch 0010/0049 | Cost: 2.4871
Epoch: 033/050 | Batch 0020/0049 | Cost: 2.3587
Epoch: 033/050 | Batch 0030/0049 | Cost: 2.3609
Epoch: 033/050 | Batch 0040/0049 | Cost: 2.4778
MAE/RMSE/Loss/Accuracy: | Current Valid: 1.39/1.97/3.25/32.89% Ep. 33 | Best Valid : 1.27/1.80/3.19/33.94% Ep. 31
Time elapsed: 11.18 min
Epoch: 034/050 | Batch 0000/0049 | Cost: 2.5189
Epoch: 034/050 | Batch 0010/0049 | Cost: 2.3947
Epoch: 034/050 | Batch 0020/0049 | Cost: 2.4783
Epoch: 034/050 | Batch 0030/0049 | Cost: 2.5136
Epoch: 034/050 | Batch 0040/0049 | Cost: 2.5662
MAE/RMSE/Loss/Accuracy: | Current Valid: 1.33/1.90/3.24/33.03% Ep. 34 | Best Valid : 1.27/1.80/3.19/33.94% Ep. 31
Time elapsed: 11.54 min
Epoch: 035/050 | Batch 0000/0049 | Cost: 2.3544
Epoch: 035/050 | Batch 0010/0049 | Cost: 2.3729
Epoch: 035/050 | Batch 0020/0049 | Cost: 2.5077
Epoch: 035/050 | Batch 0030/0049 | Cost: 2.4332
Epoch: 035/050 | Batch 0040/0049 | Cost: 2.4684
MAE/RMSE/Loss/Accuracy: | Current Valid: 1.23/1.80/3.19/36.91% Ep. 35 | Best Valid : 1.23/1.80/3.19/36.91% Ep. 35
Time elapsed: 11.89 min
Epoch: 036/050 | Batch 0000/0049 | Cost: 2.2598
Epoch: 036/050 | Batch 0010/0049 | Cost: 2.3875
Epoch: 036/050 | Batch 0020/0049 | Cost: 2.3865
Epoch: 036/050 | Batch 0030/0049 | Cost: 2.4031
Epoch: 036/050 | Batch 0040/0049 | Cost: 2.4490
MAE/RMSE/Loss/Accuracy: | Current Valid: 1.32/1.89/3.22/33.87% Ep. 36 | Best Valid : 1.23/1.80/3.19/36.91% Ep. 35
Time elapsed: 12.25 min
Epoch: 037/050 | Batch 0000/0049 | Cost: 2.2652
Epoch: 037/050 | Batch 0010/0049 | Cost: 2.5247
Epoch: 037/050 | Batch 0020/0049 | Cost: 2.4257
Epoch: 037/050 | Batch 0030/0049 | Cost: 2.4258
Epoch: 037/050 | Batch 0040/0049 | Cost: 2.3254
MAE/RMSE/Loss/Accuracy: | Current Valid: 1.34/1.90/3.14/34.09% Ep. 37 | Best Valid : 1.23/1.80/3.19/36.91% Ep. 35
Time elapsed: 12.60 min
Epoch: 038/050 | Batch 0000/0049 | Cost: 2.2705
Epoch: 038/050 | Batch 0010/0049 | Cost: 2.3912
Epoch: 038/050 | Batch 0020/0049 | Cost: 2.3542
Epoch: 038/050 | Batch 0030/0049 | Cost: 2.4273
Epoch: 038/050 | Batch 0040/0049 | Cost: 2.3800
MAE/RMSE/Loss/Accuracy: | Current Valid: 1.14/1.67/3.03/36.70% Ep. 38 | Best Valid : 1.14/1.67/3.03/36.70% Ep. 38
Time elapsed: 12.96 min
Epoch: 039/050 | Batch 0000/0049 | Cost: 2.2677
Epoch: 039/050 | Batch 0010/0049 | Cost: 2.3435
Epoch: 039/050 | Batch 0020/0049 | Cost: 2.3073
Epoch: 039/050 | Batch 0030/0049 | Cost: 2.4357
Epoch: 039/050 | Batch 0040/0049 | Cost: 2.3920
MAE/RMSE/Loss/Accuracy: | Current Valid: 1.32/1.85/3.13/32.82% Ep. 39 | Best Valid : 1.14/1.67/3.03/36.70% Ep. 38
Time elapsed: 13.32 min
Epoch: 040/050 | Batch 0000/0049 | Cost: 2.2700
Epoch: 040/050 | Batch 0010/0049 | Cost: 2.3201
Epoch: 040/050 | Batch 0020/0049 | Cost: 2.2902
Epoch: 040/050 | Batch 0030/0049 | Cost: 2.3425
Epoch: 040/050 | Batch 0040/0049 | Cost: 2.2143
MAE/RMSE/Loss/Accuracy: | Current Valid: 1.23/1.77/3.15/35.78% Ep. 40 | Best Valid : 1.14/1.67/3.03/36.70% Ep. 38
Time elapsed: 13.67 min
Epoch: 041/050 | Batch 0000/0049 | Cost: 2.2364
Epoch: 041/050 | Batch 0010/0049 | Cost: 2.2607
Epoch: 041/050 | Batch 0020/0049 | Cost: 2.2906
Epoch: 041/050 | Batch 0030/0049 | Cost: 2.1696
Epoch: 041/050 | Batch 0040/0049 | Cost: 2.1354
MAE/RMSE/Loss/Accuracy: | Current Valid: 1.18/1.73/3.13/36.06% Ep. 41 | Best Valid : 1.14/1.67/3.03/36.70% Ep. 38
Time elapsed: 14.03 min
Epoch: 042/050 | Batch 0000/0049 | Cost: 2.2939
Epoch: 042/050 | Batch 0010/0049 | Cost: 2.1710
Epoch: 042/050 | Batch 0020/0049 | Cost: 2.2133
Epoch: 042/050 | Batch 0030/0049 | Cost: 2.1930
Epoch: 042/050 | Batch 0040/0049 | Cost: 2.3116
MAE/RMSE/Loss/Accuracy: | Current Valid: 1.22/1.75/3.11/34.86% Ep. 42 | Best Valid : 1.14/1.67/3.03/36.70% Ep. 38
Time elapsed: 14.38 min
Epoch: 043/050 | Batch 0000/0049 | Cost: 2.1834
Epoch: 043/050 | Batch 0010/0049 | Cost: 2.2862
Epoch: 043/050 | Batch 0020/0049 | Cost: 2.1168
Epoch: 043/050 | Batch 0030/0049 | Cost: 2.3279
Epoch: 043/050 | Batch 0040/0049 | Cost: 2.1643
MAE/RMSE/Loss/Accuracy: | Current Valid: 1.15/1.68/3.06/35.71% Ep. 43 | Best Valid : 1.14/1.67/3.03/36.70% Ep. 38
Time elapsed: 14.74 min
Epoch: 044/050 | Batch 0000/0049 | Cost: 2.1336
Epoch: 044/050 | Batch 0010/0049 | Cost: 2.2008
Epoch: 044/050 | Batch 0020/0049 | Cost: 2.0461
Epoch: 044/050 | Batch 0030/0049 | Cost: 2.2019
Epoch: 044/050 | Batch 0040/0049 | Cost: 2.2511
MAE/RMSE/Loss/Accuracy: | Current Valid: 1.23/1.75/3.06/35.00% Ep. 44 | Best Valid : 1.14/1.67/3.03/36.70% Ep. 38
Time elapsed: 15.09 min
Epoch: 045/050 | Batch 0000/0049 | Cost: 2.1208
Epoch: 045/050 | Batch 0010/0049 | Cost: 2.1475
Epoch: 045/050 | Batch 0020/0049 | Cost: 2.1090
Epoch: 045/050 | Batch 0030/0049 | Cost: 2.2177
Epoch: 045/050 | Batch 0040/0049 | Cost: 2.1446
MAE/RMSE/Loss/Accuracy: | Current Valid: 1.21/1.77/3.04/35.57% Ep. 45 | Best Valid : 1.14/1.67/3.03/36.70% Ep. 38
Time elapsed: 15.45 min
Epoch: 046/050 | Batch 0000/0049 | Cost: 2.2388
Epoch: 046/050 | Batch 0010/0049 | Cost: 2.1476
Epoch: 046/050 | Batch 0020/0049 | Cost: 2.1194
Epoch: 046/050 | Batch 0030/0049 | Cost: 2.2068
Epoch: 046/050 | Batch 0040/0049 | Cost: 2.1979
MAE/RMSE/Loss/Accuracy: | Current Valid: 1.19/1.72/3.01/36.56% Ep. 46 | Best Valid : 1.14/1.67/3.03/36.70% Ep. 38
Time elapsed: 15.80 min
Epoch: 047/050 | Batch 0000/0049 | Cost: 2.0203
Epoch: 047/050 | Batch 0010/0049 | Cost: 2.1362
Epoch: 047/050 | Batch 0020/0049 | Cost: 2.2628
Epoch: 047/050 | Batch 0030/0049 | Cost: 2.2716
Epoch: 047/050 | Batch 0040/0049 | Cost: 2.1155
MAE/RMSE/Loss/Accuracy: | Current Valid: 1.15/1.67/3.01/37.54% Ep. 47 | Best Valid : 1.14/1.67/3.03/36.70% Ep. 38
Time elapsed: 16.16 min
Epoch: 048/050 | Batch 0000/0049 | Cost: 2.1466
Epoch: 048/050 | Batch 0010/0049 | Cost: 2.1665
Epoch: 048/050 | Batch 0020/0049 | Cost: 1.9854
Epoch: 048/050 | Batch 0030/0049 | Cost: 2.1185
Epoch: 048/050 | Batch 0040/0049 | Cost: 2.0174
MAE/RMSE/Loss/Accuracy: | Current Valid: 1.10/1.63/2.98/38.04% Ep. 48 | Best Valid : 1.10/1.63/2.98/38.04% Ep. 48
Time elapsed: 16.52 min
Epoch: 049/050 | Batch 0000/0049 | Cost: 2.1480
Epoch: 049/050 | Batch 0010/0049 | Cost: 2.0587
Epoch: 049/050 | Batch 0020/0049 | Cost: 2.2555
Epoch: 049/050 | Batch 0030/0049 | Cost: 2.1037
Epoch: 049/050 | Batch 0040/0049 | Cost: 2.1123
MAE/RMSE/Loss/Accuracy: | Current Valid: 1.13/1.67/2.94/37.05% Ep. 49 | Best Valid : 1.10/1.63/2.98/38.04% Ep. 48
Time elapsed: 16.87 min
Epoch: 050/050 | Batch 0000/0049 | Cost: 2.1908
Epoch: 050/050 | Batch 0010/0049 | Cost: 2.1427
Epoch: 050/050 | Batch 0020/0049 | Cost: 2.1281
Epoch: 050/050 | Batch 0030/0049 | Cost: 2.1638
Epoch: 050/050 | Batch 0040/0049 | Cost: 2.0592
MAE/RMSE/Loss/Accuracy: | Current Valid: 1.15/1.67/2.99/36.41% Ep. 50 | Best Valid : 1.10/1.63/2.98/38.04% Ep. 48
Time elapsed: 17.23 min

MAE/RMSE/Loss/Accuracy: | Last Train: 0.66/1.01/2.08/49.06% | Last Valid: 1.15/1.67/2.99/36.41% | Last Test: 1.13/1.65/2.95/37.02%
Total Training Time: 17.39 min

MAE/RMSE/Loss/Accuracy: | Best Train: 0.68/1.04/2.11/48.53% | Best Valid: 1.10/1.63/2.98/38.04% | Best Test: 1.15/1.70/2.96/37.42%
