PyTorch Version: 2.5.1
CUDA device available: True
Using CUDA device: cuda:0
Random Seed: 0
Output Path: ../my-logs/afad-ce
Script: afad-ce.py
Epoch: 001/050 | Batch 0000/0462 | Cost: 3.4746
Epoch: 001/050 | Batch 0050/0462 | Cost: 2.9217
Epoch: 001/050 | Batch 0100/0462 | Cost: 2.8695
Epoch: 001/050 | Batch 0150/0462 | Cost: 2.8546
Epoch: 001/050 | Batch 0200/0462 | Cost: 2.8398
Epoch: 001/050 | Batch 0250/0462 | Cost: 2.8258
Epoch: 001/050 | Batch 0300/0462 | Cost: 2.8011
Epoch: 001/050 | Batch 0350/0462 | Cost: 2.7633
Epoch: 001/050 | Batch 0400/0462 | Cost: 2.6927
Epoch: 001/050 | Batch 0450/0462 | Cost: 2.7406
MAE/RMSE: | Current Test: 4.80/6.67 Ep. 0 | Best Test : 4.80/6.67 Ep. 0
Time elapsed: 2.52 min
Epoch: 002/050 | Batch 0000/0462 | Cost: 2.7138
Epoch: 002/050 | Batch 0050/0462 | Cost: 2.7264
Epoch: 002/050 | Batch 0100/0462 | Cost: 2.7045
Epoch: 002/050 | Batch 0150/0462 | Cost: 2.7431
Epoch: 002/050 | Batch 0200/0462 | Cost: 2.7642
Epoch: 002/050 | Batch 0250/0462 | Cost: 2.7385
Epoch: 002/050 | Batch 0300/0462 | Cost: 2.7571
Epoch: 002/050 | Batch 0350/0462 | Cost: 2.7528
Epoch: 002/050 | Batch 0400/0462 | Cost: 2.6774
Epoch: 002/050 | Batch 0450/0462 | Cost: 2.7727
MAE/RMSE: | Current Test: 4.53/6.30 Ep. 1 | Best Test : 4.53/6.30 Ep. 1
Time elapsed: 5.98 min
Epoch: 003/050 | Batch 0000/0462 | Cost: 2.7192
Epoch: 003/050 | Batch 0050/0462 | Cost: 2.7178
Epoch: 003/050 | Batch 0100/0462 | Cost: 2.7426
Epoch: 003/050 | Batch 0150/0462 | Cost: 2.7211
Epoch: 003/050 | Batch 0200/0462 | Cost: 2.6559
Epoch: 003/050 | Batch 0250/0462 | Cost: 2.6198
Epoch: 003/050 | Batch 0300/0462 | Cost: 2.7208
Epoch: 003/050 | Batch 0350/0462 | Cost: 2.6500
Epoch: 003/050 | Batch 0400/0462 | Cost: 2.7140
Epoch: 003/050 | Batch 0450/0462 | Cost: 2.7138
MAE/RMSE: | Current Test: 4.44/6.23 Ep. 2 | Best Test : 4.44/6.23 Ep. 2
Time elapsed: 9.43 min
Epoch: 004/050 | Batch 0000/0462 | Cost: 2.6383
Epoch: 004/050 | Batch 0050/0462 | Cost: 2.6718
Epoch: 004/050 | Batch 0100/0462 | Cost: 2.6059
Epoch: 004/050 | Batch 0150/0462 | Cost: 2.6958
Epoch: 004/050 | Batch 0200/0462 | Cost: 2.5919
Epoch: 004/050 | Batch 0250/0462 | Cost: 2.5457
Epoch: 004/050 | Batch 0300/0462 | Cost: 2.6099
Epoch: 004/050 | Batch 0350/0462 | Cost: 2.7038
Epoch: 004/050 | Batch 0400/0462 | Cost: 2.5630
Epoch: 004/050 | Batch 0450/0462 | Cost: 2.6696
MAE/RMSE: | Current Test: 3.88/5.45 Ep. 3 | Best Test : 3.88/5.45 Ep. 3
Time elapsed: 12.89 min
Epoch: 005/050 | Batch 0000/0462 | Cost: 2.5925
Epoch: 005/050 | Batch 0050/0462 | Cost: 2.6503
Epoch: 005/050 | Batch 0100/0462 | Cost: 2.6443
Epoch: 005/050 | Batch 0150/0462 | Cost: 2.6010
Epoch: 005/050 | Batch 0200/0462 | Cost: 2.6918
Epoch: 005/050 | Batch 0250/0462 | Cost: 2.7477
Epoch: 005/050 | Batch 0300/0462 | Cost: 2.6491
Epoch: 005/050 | Batch 0350/0462 | Cost: 2.6514
Epoch: 005/050 | Batch 0400/0462 | Cost: 2.5905
Epoch: 005/050 | Batch 0450/0462 | Cost: 2.6441
MAE/RMSE: | Current Test: 4.52/6.32 Ep. 4 | Best Test : 3.88/5.45 Ep. 3
Time elapsed: 16.34 min
Epoch: 006/050 | Batch 0000/0462 | Cost: 2.5564
Epoch: 006/050 | Batch 0050/0462 | Cost: 2.6269
Epoch: 006/050 | Batch 0100/0462 | Cost: 2.5823
Epoch: 006/050 | Batch 0150/0462 | Cost: 2.6406
Epoch: 006/050 | Batch 0200/0462 | Cost: 2.5904
Epoch: 006/050 | Batch 0250/0462 | Cost: 2.6745
Epoch: 006/050 | Batch 0300/0462 | Cost: 2.6377
Epoch: 006/050 | Batch 0350/0462 | Cost: 2.6126
Epoch: 006/050 | Batch 0400/0462 | Cost: 2.6304
Epoch: 006/050 | Batch 0450/0462 | Cost: 2.5554
MAE/RMSE: | Current Test: 3.87/5.47 Ep. 5 | Best Test : 3.87/5.47 Ep. 5
Time elapsed: 19.80 min
Epoch: 007/050 | Batch 0000/0462 | Cost: 2.5186
Epoch: 007/050 | Batch 0050/0462 | Cost: 2.5011
Epoch: 007/050 | Batch 0100/0462 | Cost: 2.5353
Epoch: 007/050 | Batch 0150/0462 | Cost: 2.6026
Epoch: 007/050 | Batch 0200/0462 | Cost: 2.5912
Epoch: 007/050 | Batch 0250/0462 | Cost: 2.5923
Epoch: 007/050 | Batch 0300/0462 | Cost: 2.5338
Epoch: 007/050 | Batch 0350/0462 | Cost: 2.5382
Epoch: 007/050 | Batch 0400/0462 | Cost: 2.6239
Epoch: 007/050 | Batch 0450/0462 | Cost: 2.6681
MAE/RMSE: | Current Test: 3.77/5.31 Ep. 6 | Best Test : 3.77/5.31 Ep. 6
Time elapsed: 23.26 min
Epoch: 008/050 | Batch 0000/0462 | Cost: 2.5438
Epoch: 008/050 | Batch 0050/0462 | Cost: 2.5717
Epoch: 008/050 | Batch 0100/0462 | Cost: 2.4897
Epoch: 008/050 | Batch 0150/0462 | Cost: 2.5074
Epoch: 008/050 | Batch 0200/0462 | Cost: 2.5934
Epoch: 008/050 | Batch 0250/0462 | Cost: 2.5393
Epoch: 008/050 | Batch 0300/0462 | Cost: 2.5080
Epoch: 008/050 | Batch 0350/0462 | Cost: 2.5431
Epoch: 008/050 | Batch 0400/0462 | Cost: 2.5223
Epoch: 008/050 | Batch 0450/0462 | Cost: 2.5195
MAE/RMSE: | Current Test: 3.87/5.46 Ep. 7 | Best Test : 3.77/5.31 Ep. 6
Time elapsed: 26.71 min
Epoch: 009/050 | Batch 0000/0462 | Cost: 2.4662
Epoch: 009/050 | Batch 0050/0462 | Cost: 2.5178
Epoch: 009/050 | Batch 0100/0462 | Cost: 2.5682
Epoch: 009/050 | Batch 0150/0462 | Cost: 2.5503
Epoch: 009/050 | Batch 0200/0462 | Cost: 2.4951
Epoch: 009/050 | Batch 0250/0462 | Cost: 2.5727
Epoch: 009/050 | Batch 0300/0462 | Cost: 2.5530
Epoch: 009/050 | Batch 0350/0462 | Cost: 2.5596
Epoch: 009/050 | Batch 0400/0462 | Cost: 2.4309
Epoch: 009/050 | Batch 0450/0462 | Cost: 2.4658
MAE/RMSE: | Current Test: 3.85/5.49 Ep. 8 | Best Test : 3.77/5.31 Ep. 6
Time elapsed: 30.16 min
Epoch: 010/050 | Batch 0000/0462 | Cost: 2.4717
Epoch: 010/050 | Batch 0050/0462 | Cost: 2.5304
Epoch: 010/050 | Batch 0100/0462 | Cost: 2.4619
Epoch: 010/050 | Batch 0150/0462 | Cost: 2.5435
Epoch: 010/050 | Batch 0200/0462 | Cost: 2.5239
Epoch: 010/050 | Batch 0250/0462 | Cost: 2.5181
Epoch: 010/050 | Batch 0300/0462 | Cost: 2.4648
Epoch: 010/050 | Batch 0350/0462 | Cost: 2.4998
Epoch: 010/050 | Batch 0400/0462 | Cost: 2.4789
Epoch: 010/050 | Batch 0450/0462 | Cost: 2.4271
MAE/RMSE: | Current Test: 4.03/5.72 Ep. 9 | Best Test : 3.77/5.31 Ep. 6
Time elapsed: 33.62 min
Epoch: 011/050 | Batch 0000/0462 | Cost: 2.3850
Epoch: 011/050 | Batch 0050/0462 | Cost: 2.3754
Epoch: 011/050 | Batch 0100/0462 | Cost: 2.4269
Epoch: 011/050 | Batch 0150/0462 | Cost: 2.5277
Epoch: 011/050 | Batch 0200/0462 | Cost: 2.4668
Epoch: 011/050 | Batch 0250/0462 | Cost: 2.5198
Epoch: 011/050 | Batch 0300/0462 | Cost: 2.5183
Epoch: 011/050 | Batch 0350/0462 | Cost: 2.5047
Epoch: 011/050 | Batch 0400/0462 | Cost: 2.4669
Epoch: 011/050 | Batch 0450/0462 | Cost: 2.5865
MAE/RMSE: | Current Test: 3.64/5.13 Ep. 10 | Best Test : 3.64/5.13 Ep. 10
Time elapsed: 37.08 min
Epoch: 012/050 | Batch 0000/0462 | Cost: 2.3226
Epoch: 012/050 | Batch 0050/0462 | Cost: 2.3670
Epoch: 012/050 | Batch 0100/0462 | Cost: 2.4408
Epoch: 012/050 | Batch 0150/0462 | Cost: 2.5176
Epoch: 012/050 | Batch 0200/0462 | Cost: 2.5051
Epoch: 012/050 | Batch 0250/0462 | Cost: 2.4234
Epoch: 012/050 | Batch 0300/0462 | Cost: 2.4804
Epoch: 012/050 | Batch 0350/0462 | Cost: 2.3970
Epoch: 012/050 | Batch 0400/0462 | Cost: 2.4791
Epoch: 012/050 | Batch 0450/0462 | Cost: 2.4557
MAE/RMSE: | Current Test: 3.52/4.96 Ep. 11 | Best Test : 3.52/4.96 Ep. 11
Time elapsed: 40.53 min
Epoch: 013/050 | Batch 0000/0462 | Cost: 2.2300
Epoch: 013/050 | Batch 0050/0462 | Cost: 2.4323
Epoch: 013/050 | Batch 0100/0462 | Cost: 2.4591
Epoch: 013/050 | Batch 0150/0462 | Cost: 2.4024
Epoch: 013/050 | Batch 0200/0462 | Cost: 2.4785
Epoch: 013/050 | Batch 0250/0462 | Cost: 2.3167
Epoch: 013/050 | Batch 0300/0462 | Cost: 2.3766
Epoch: 013/050 | Batch 0350/0462 | Cost: 2.4606
Epoch: 013/050 | Batch 0400/0462 | Cost: 2.4318
Epoch: 013/050 | Batch 0450/0462 | Cost: 2.2881
MAE/RMSE: | Current Test: 3.61/5.09 Ep. 12 | Best Test : 3.52/4.96 Ep. 11
Time elapsed: 44.00 min
Epoch: 014/050 | Batch 0000/0462 | Cost: 2.3205
Epoch: 014/050 | Batch 0050/0462 | Cost: 2.2866
Epoch: 014/050 | Batch 0100/0462 | Cost: 2.3656
Epoch: 014/050 | Batch 0150/0462 | Cost: 2.2668
Epoch: 014/050 | Batch 0200/0462 | Cost: 2.3887
Epoch: 014/050 | Batch 0250/0462 | Cost: 2.4171
Epoch: 014/050 | Batch 0300/0462 | Cost: 2.3902
Epoch: 014/050 | Batch 0350/0462 | Cost: 2.3197
Epoch: 014/050 | Batch 0400/0462 | Cost: 2.3042
Epoch: 014/050 | Batch 0450/0462 | Cost: 2.3599
MAE/RMSE: | Current Test: 3.59/5.04 Ep. 13 | Best Test : 3.52/4.96 Ep. 11
Time elapsed: 47.46 min
Epoch: 015/050 | Batch 0000/0462 | Cost: 2.2475
Epoch: 015/050 | Batch 0050/0462 | Cost: 2.2649
Epoch: 015/050 | Batch 0100/0462 | Cost: 2.2360
Epoch: 015/050 | Batch 0150/0462 | Cost: 2.3836
Epoch: 015/050 | Batch 0200/0462 | Cost: 2.2270
Epoch: 015/050 | Batch 0250/0462 | Cost: 2.3135
Epoch: 015/050 | Batch 0300/0462 | Cost: 2.2970
Epoch: 015/050 | Batch 0350/0462 | Cost: 2.3036
Epoch: 015/050 | Batch 0400/0462 | Cost: 2.3164
Epoch: 015/050 | Batch 0450/0462 | Cost: 2.3072
MAE/RMSE: | Current Test: 3.80/5.31 Ep. 14 | Best Test : 3.52/4.96 Ep. 11
Time elapsed: 50.92 min
Epoch: 016/050 | Batch 0000/0462 | Cost: 2.2164
Epoch: 016/050 | Batch 0050/0462 | Cost: 2.2614
Epoch: 016/050 | Batch 0100/0462 | Cost: 2.1325
Epoch: 016/050 | Batch 0150/0462 | Cost: 2.1063
Epoch: 016/050 | Batch 0200/0462 | Cost: 2.2767
Epoch: 016/050 | Batch 0250/0462 | Cost: 2.2564
Epoch: 016/050 | Batch 0300/0462 | Cost: 2.3577
Epoch: 016/050 | Batch 0350/0462 | Cost: 2.1966
Epoch: 016/050 | Batch 0400/0462 | Cost: 2.2655
Epoch: 016/050 | Batch 0450/0462 | Cost: 2.2401
MAE/RMSE: | Current Test: 3.57/4.99 Ep. 15 | Best Test : 3.52/4.96 Ep. 11
Time elapsed: 54.37 min
Epoch: 017/050 | Batch 0000/0462 | Cost: 2.0153
Epoch: 017/050 | Batch 0050/0462 | Cost: 2.2479
Epoch: 017/050 | Batch 0100/0462 | Cost: 2.1711
Epoch: 017/050 | Batch 0150/0462 | Cost: 2.0930
Epoch: 017/050 | Batch 0200/0462 | Cost: 2.0785
Epoch: 017/050 | Batch 0250/0462 | Cost: 2.2040
Epoch: 017/050 | Batch 0300/0462 | Cost: 2.0776
Epoch: 017/050 | Batch 0350/0462 | Cost: 2.1464
Epoch: 017/050 | Batch 0400/0462 | Cost: 2.1845
Epoch: 017/050 | Batch 0450/0462 | Cost: 2.3823
MAE/RMSE: | Current Test: 3.83/5.37 Ep. 16 | Best Test : 3.52/4.96 Ep. 11
Time elapsed: 57.83 min
Epoch: 018/050 | Batch 0000/0462 | Cost: 2.0229
Epoch: 018/050 | Batch 0050/0462 | Cost: 2.0457
Epoch: 018/050 | Batch 0100/0462 | Cost: 1.9740
Epoch: 018/050 | Batch 0150/0462 | Cost: 2.0285
Epoch: 018/050 | Batch 0200/0462 | Cost: 2.0542
Epoch: 018/050 | Batch 0250/0462 | Cost: 2.1288
Epoch: 018/050 | Batch 0300/0462 | Cost: 2.0449
Epoch: 018/050 | Batch 0350/0462 | Cost: 2.0873
Epoch: 018/050 | Batch 0400/0462 | Cost: 2.1676
Epoch: 018/050 | Batch 0450/0462 | Cost: 2.1851
MAE/RMSE: | Current Test: 3.73/5.22 Ep. 17 | Best Test : 3.52/4.96 Ep. 11
Time elapsed: 61.29 min
Epoch: 019/050 | Batch 0000/0462 | Cost: 1.8037
Epoch: 019/050 | Batch 0050/0462 | Cost: 1.8601
Epoch: 019/050 | Batch 0100/0462 | Cost: 1.9563
Epoch: 019/050 | Batch 0150/0462 | Cost: 1.9087
Epoch: 019/050 | Batch 0200/0462 | Cost: 1.9989
Epoch: 019/050 | Batch 0250/0462 | Cost: 1.9003
Epoch: 019/050 | Batch 0300/0462 | Cost: 1.9688
Epoch: 019/050 | Batch 0350/0462 | Cost: 1.8969
Epoch: 019/050 | Batch 0400/0462 | Cost: 1.9858
Epoch: 019/050 | Batch 0450/0462 | Cost: 1.9299
MAE/RMSE: | Current Test: 3.79/5.26 Ep. 18 | Best Test : 3.52/4.96 Ep. 11
Time elapsed: 64.75 min
Epoch: 020/050 | Batch 0000/0462 | Cost: 1.6919
Epoch: 020/050 | Batch 0050/0462 | Cost: 1.7324
Epoch: 020/050 | Batch 0100/0462 | Cost: 1.7640
Epoch: 020/050 | Batch 0150/0462 | Cost: 1.7354
Epoch: 020/050 | Batch 0200/0462 | Cost: 1.7766
Epoch: 020/050 | Batch 0250/0462 | Cost: 1.9103
Epoch: 020/050 | Batch 0300/0462 | Cost: 1.8589
Epoch: 020/050 | Batch 0350/0462 | Cost: 1.8361
Epoch: 020/050 | Batch 0400/0462 | Cost: 1.7975
Epoch: 020/050 | Batch 0450/0462 | Cost: 1.7743
MAE/RMSE: | Current Test: 3.78/5.22 Ep. 19 | Best Test : 3.52/4.96 Ep. 11
Time elapsed: 68.20 min
Epoch: 021/050 | Batch 0000/0462 | Cost: 1.5156
Epoch: 021/050 | Batch 0050/0462 | Cost: 1.7151
Epoch: 021/050 | Batch 0100/0462 | Cost: 1.6208
Epoch: 021/050 | Batch 0150/0462 | Cost: 1.7031
Epoch: 021/050 | Batch 0200/0462 | Cost: 1.6760
Epoch: 021/050 | Batch 0250/0462 | Cost: 1.8605
Epoch: 021/050 | Batch 0300/0462 | Cost: 1.7382
Epoch: 021/050 | Batch 0350/0462 | Cost: 1.8454
Epoch: 021/050 | Batch 0400/0462 | Cost: 1.6975
Epoch: 021/050 | Batch 0450/0462 | Cost: 1.7557
MAE/RMSE: | Current Test: 3.81/5.23 Ep. 20 | Best Test : 3.52/4.96 Ep. 11
Time elapsed: 71.65 min
Epoch: 022/050 | Batch 0000/0462 | Cost: 1.3531
Epoch: 022/050 | Batch 0050/0462 | Cost: 1.5103
Epoch: 022/050 | Batch 0100/0462 | Cost: 1.5028
Epoch: 022/050 | Batch 0150/0462 | Cost: 1.5846
Epoch: 022/050 | Batch 0200/0462 | Cost: 1.3871
Epoch: 022/050 | Batch 0250/0462 | Cost: 1.5460
Epoch: 022/050 | Batch 0300/0462 | Cost: 1.4199
Epoch: 022/050 | Batch 0350/0462 | Cost: 1.6837
Epoch: 022/050 | Batch 0400/0462 | Cost: 1.6569
Epoch: 022/050 | Batch 0450/0462 | Cost: 1.5900
MAE/RMSE: | Current Test: 3.72/5.16 Ep. 21 | Best Test : 3.52/4.96 Ep. 11
Time elapsed: 75.11 min
Epoch: 023/050 | Batch 0000/0462 | Cost: 1.2607
Epoch: 023/050 | Batch 0050/0462 | Cost: 1.2399
Epoch: 023/050 | Batch 0100/0462 | Cost: 1.3101
Epoch: 023/050 | Batch 0150/0462 | Cost: 1.3188
Epoch: 023/050 | Batch 0200/0462 | Cost: 1.4348
Epoch: 023/050 | Batch 0250/0462 | Cost: 1.3368
Epoch: 023/050 | Batch 0300/0462 | Cost: 1.3967
Epoch: 023/050 | Batch 0350/0462 | Cost: 1.4300
Epoch: 023/050 | Batch 0400/0462 | Cost: 1.3596
Epoch: 023/050 | Batch 0450/0462 | Cost: 1.4078
MAE/RMSE: | Current Test: 3.90/5.43 Ep. 22 | Best Test : 3.52/4.96 Ep. 11
Time elapsed: 78.56 min
Epoch: 024/050 | Batch 0000/0462 | Cost: 1.1057
Epoch: 024/050 | Batch 0050/0462 | Cost: 1.0965
Epoch: 024/050 | Batch 0100/0462 | Cost: 1.1809
Epoch: 024/050 | Batch 0150/0462 | Cost: 1.3435
Epoch: 024/050 | Batch 0200/0462 | Cost: 1.1953
Epoch: 024/050 | Batch 0250/0462 | Cost: 1.3016
Epoch: 024/050 | Batch 0300/0462 | Cost: 1.2471
Epoch: 024/050 | Batch 0350/0462 | Cost: 1.4214
Epoch: 024/050 | Batch 0400/0462 | Cost: 1.2125
Epoch: 024/050 | Batch 0450/0462 | Cost: 1.2913
MAE/RMSE: | Current Test: 3.82/5.40 Ep. 23 | Best Test : 3.52/4.96 Ep. 11
Time elapsed: 82.02 min
Epoch: 025/050 | Batch 0000/0462 | Cost: 0.8755
Epoch: 025/050 | Batch 0050/0462 | Cost: 0.9688
Epoch: 025/050 | Batch 0100/0462 | Cost: 1.1519
Epoch: 025/050 | Batch 0150/0462 | Cost: 1.1533
Epoch: 025/050 | Batch 0200/0462 | Cost: 1.1035
Epoch: 025/050 | Batch 0250/0462 | Cost: 1.0479
Epoch: 025/050 | Batch 0300/0462 | Cost: 1.1762
Epoch: 025/050 | Batch 0350/0462 | Cost: 1.2789
Epoch: 025/050 | Batch 0400/0462 | Cost: 1.1044
Epoch: 025/050 | Batch 0450/0462 | Cost: 1.2737
MAE/RMSE: | Current Test: 3.78/5.27 Ep. 24 | Best Test : 3.52/4.96 Ep. 11
Time elapsed: 85.48 min
Epoch: 026/050 | Batch 0000/0462 | Cost: 0.9378
Epoch: 026/050 | Batch 0050/0462 | Cost: 0.8775
Epoch: 026/050 | Batch 0100/0462 | Cost: 0.9242
Epoch: 026/050 | Batch 0150/0462 | Cost: 0.9339
Epoch: 026/050 | Batch 0200/0462 | Cost: 0.8989
Epoch: 026/050 | Batch 0250/0462 | Cost: 1.0641
Epoch: 026/050 | Batch 0300/0462 | Cost: 1.1298
Epoch: 026/050 | Batch 0350/0462 | Cost: 1.0569
Epoch: 026/050 | Batch 0400/0462 | Cost: 1.0041
Epoch: 026/050 | Batch 0450/0462 | Cost: 0.9777
MAE/RMSE: | Current Test: 3.80/5.28 Ep. 25 | Best Test : 3.52/4.96 Ep. 11
Time elapsed: 88.93 min
Epoch: 027/050 | Batch 0000/0462 | Cost: 0.8165
Epoch: 027/050 | Batch 0050/0462 | Cost: 0.8153
Epoch: 027/050 | Batch 0100/0462 | Cost: 0.8804
Epoch: 027/050 | Batch 0150/0462 | Cost: 0.8419
Epoch: 027/050 | Batch 0200/0462 | Cost: 0.8876
Epoch: 027/050 | Batch 0250/0462 | Cost: 0.8703
Epoch: 027/050 | Batch 0300/0462 | Cost: 0.9030
Epoch: 027/050 | Batch 0350/0462 | Cost: 0.8094
Epoch: 027/050 | Batch 0400/0462 | Cost: 1.0388
Epoch: 027/050 | Batch 0450/0462 | Cost: 0.8390
MAE/RMSE: | Current Test: 3.81/5.31 Ep. 26 | Best Test : 3.52/4.96 Ep. 11
Time elapsed: 92.39 min
Epoch: 028/050 | Batch 0000/0462 | Cost: 0.7829
Epoch: 028/050 | Batch 0050/0462 | Cost: 0.7914
Epoch: 028/050 | Batch 0100/0462 | Cost: 0.7523
Epoch: 028/050 | Batch 0150/0462 | Cost: 0.7760
Epoch: 028/050 | Batch 0200/0462 | Cost: 0.8382
Epoch: 028/050 | Batch 0250/0462 | Cost: 0.8132
Epoch: 028/050 | Batch 0300/0462 | Cost: 0.8277
Epoch: 028/050 | Batch 0350/0462 | Cost: 0.8384
Epoch: 028/050 | Batch 0400/0462 | Cost: 0.9044
Epoch: 028/050 | Batch 0450/0462 | Cost: 0.8214
MAE/RMSE: | Current Test: 3.87/5.39 Ep. 27 | Best Test : 3.52/4.96 Ep. 11
Time elapsed: 95.84 min
Epoch: 029/050 | Batch 0000/0462 | Cost: 0.6394
Epoch: 029/050 | Batch 0050/0462 | Cost: 0.5571
Epoch: 029/050 | Batch 0100/0462 | Cost: 0.6963
Epoch: 029/050 | Batch 0150/0462 | Cost: 0.7064
Epoch: 029/050 | Batch 0200/0462 | Cost: 0.6786
Epoch: 029/050 | Batch 0250/0462 | Cost: 0.7194
Epoch: 029/050 | Batch 0300/0462 | Cost: 0.6742
Epoch: 029/050 | Batch 0350/0462 | Cost: 0.7087
Epoch: 029/050 | Batch 0400/0462 | Cost: 0.7680
Epoch: 029/050 | Batch 0450/0462 | Cost: 0.7353
MAE/RMSE: | Current Test: 3.90/5.41 Ep. 28 | Best Test : 3.52/4.96 Ep. 11
Time elapsed: 99.30 min
Epoch: 030/050 | Batch 0000/0462 | Cost: 0.6204
Epoch: 030/050 | Batch 0050/0462 | Cost: 0.6159
Epoch: 030/050 | Batch 0100/0462 | Cost: 0.6550
Epoch: 030/050 | Batch 0150/0462 | Cost: 0.5923
Epoch: 030/050 | Batch 0200/0462 | Cost: 0.6341
Epoch: 030/050 | Batch 0250/0462 | Cost: 0.6795
Epoch: 030/050 | Batch 0300/0462 | Cost: 0.7181
Epoch: 030/050 | Batch 0350/0462 | Cost: 0.7931
Epoch: 030/050 | Batch 0400/0462 | Cost: 0.7662
Epoch: 030/050 | Batch 0450/0462 | Cost: 0.5755
MAE/RMSE: | Current Test: 3.93/5.45 Ep. 29 | Best Test : 3.52/4.96 Ep. 11
Time elapsed: 102.76 min
Epoch: 031/050 | Batch 0000/0462 | Cost: 0.6113
Epoch: 031/050 | Batch 0050/0462 | Cost: 0.5163
Epoch: 031/050 | Batch 0100/0462 | Cost: 0.6152
Epoch: 031/050 | Batch 0150/0462 | Cost: 0.5988
Epoch: 031/050 | Batch 0200/0462 | Cost: 0.5644
Epoch: 031/050 | Batch 0250/0462 | Cost: 0.7021
Epoch: 031/050 | Batch 0300/0462 | Cost: 0.6101
Epoch: 031/050 | Batch 0350/0462 | Cost: 0.7771
Epoch: 031/050 | Batch 0400/0462 | Cost: 0.6360
Epoch: 031/050 | Batch 0450/0462 | Cost: 0.6297
MAE/RMSE: | Current Test: 3.84/5.35 Ep. 30 | Best Test : 3.52/4.96 Ep. 11
Time elapsed: 106.21 min
Epoch: 032/050 | Batch 0000/0462 | Cost: 0.4739
Epoch: 032/050 | Batch 0050/0462 | Cost: 0.5260
Epoch: 032/050 | Batch 0100/0462 | Cost: 0.4158
Epoch: 032/050 | Batch 0150/0462 | Cost: 0.6728
Epoch: 032/050 | Batch 0200/0462 | Cost: 0.5941
Epoch: 032/050 | Batch 0250/0462 | Cost: 0.5675
Epoch: 032/050 | Batch 0300/0462 | Cost: 0.4755
Epoch: 032/050 | Batch 0350/0462 | Cost: 0.4957
Epoch: 032/050 | Batch 0400/0462 | Cost: 0.7125
Epoch: 032/050 | Batch 0450/0462 | Cost: 0.5123
MAE/RMSE: | Current Test: 3.91/5.45 Ep. 31 | Best Test : 3.52/4.96 Ep. 11
Time elapsed: 109.67 min
Epoch: 033/050 | Batch 0000/0462 | Cost: 0.4241
Epoch: 033/050 | Batch 0050/0462 | Cost: 0.3541
Epoch: 033/050 | Batch 0100/0462 | Cost: 0.4050
Epoch: 033/050 | Batch 0150/0462 | Cost: 0.4064
Epoch: 033/050 | Batch 0200/0462 | Cost: 0.4149
Epoch: 033/050 | Batch 0250/0462 | Cost: 0.4891
Epoch: 033/050 | Batch 0300/0462 | Cost: 0.6125
Epoch: 033/050 | Batch 0350/0462 | Cost: 0.5749
Epoch: 033/050 | Batch 0400/0462 | Cost: 0.5892
Epoch: 033/050 | Batch 0450/0462 | Cost: 0.5022
MAE/RMSE: | Current Test: 3.90/5.42 Ep. 32 | Best Test : 3.52/4.96 Ep. 11
Time elapsed: 113.12 min
Epoch: 034/050 | Batch 0000/0462 | Cost: 0.4368
Epoch: 034/050 | Batch 0050/0462 | Cost: 0.3833
Epoch: 034/050 | Batch 0100/0462 | Cost: 0.4452
Epoch: 034/050 | Batch 0150/0462 | Cost: 0.4029
Epoch: 034/050 | Batch 0200/0462 | Cost: 0.4306
Epoch: 034/050 | Batch 0250/0462 | Cost: 0.4510
Epoch: 034/050 | Batch 0300/0462 | Cost: 0.5844
Epoch: 034/050 | Batch 0350/0462 | Cost: 0.4967
Epoch: 034/050 | Batch 0400/0462 | Cost: 0.4628
Epoch: 034/050 | Batch 0450/0462 | Cost: 0.4717
MAE/RMSE: | Current Test: 3.93/5.48 Ep. 33 | Best Test : 3.52/4.96 Ep. 11
Time elapsed: 116.58 min
Epoch: 035/050 | Batch 0000/0462 | Cost: 0.3632
Epoch: 035/050 | Batch 0050/0462 | Cost: 0.3665
Epoch: 035/050 | Batch 0100/0462 | Cost: 0.3938
Epoch: 035/050 | Batch 0150/0462 | Cost: 0.4151
Epoch: 035/050 | Batch 0200/0462 | Cost: 0.5033
Epoch: 035/050 | Batch 0250/0462 | Cost: 0.3734
Epoch: 035/050 | Batch 0300/0462 | Cost: 0.4007
Epoch: 035/050 | Batch 0350/0462 | Cost: 0.3940
Epoch: 035/050 | Batch 0400/0462 | Cost: 0.4458
Epoch: 035/050 | Batch 0450/0462 | Cost: 0.4305
MAE/RMSE: | Current Test: 3.93/5.46 Ep. 34 | Best Test : 3.52/4.96 Ep. 11
Time elapsed: 120.03 min
Epoch: 036/050 | Batch 0000/0462 | Cost: 0.3461
Epoch: 036/050 | Batch 0050/0462 | Cost: 0.3099
Epoch: 036/050 | Batch 0100/0462 | Cost: 0.4132
Epoch: 036/050 | Batch 0150/0462 | Cost: 0.4008
Epoch: 036/050 | Batch 0200/0462 | Cost: 0.4966
Epoch: 036/050 | Batch 0250/0462 | Cost: 0.3591
Epoch: 036/050 | Batch 0300/0462 | Cost: 0.3535
Epoch: 036/050 | Batch 0350/0462 | Cost: 0.3635
Epoch: 036/050 | Batch 0400/0462 | Cost: 0.3587
Epoch: 036/050 | Batch 0450/0462 | Cost: 0.3064
MAE/RMSE: | Current Test: 3.93/5.49 Ep. 35 | Best Test : 3.52/4.96 Ep. 11
Time elapsed: 123.48 min
Epoch: 037/050 | Batch 0000/0462 | Cost: 0.2925
Epoch: 037/050 | Batch 0050/0462 | Cost: 0.3255
Epoch: 037/050 | Batch 0100/0462 | Cost: 0.2975
Epoch: 037/050 | Batch 0150/0462 | Cost: 0.4193
Epoch: 037/050 | Batch 0200/0462 | Cost: 0.3438
Epoch: 037/050 | Batch 0250/0462 | Cost: 0.4470
Epoch: 037/050 | Batch 0300/0462 | Cost: 0.5178
Epoch: 037/050 | Batch 0350/0462 | Cost: 0.4719
Epoch: 037/050 | Batch 0400/0462 | Cost: 0.4076
Epoch: 037/050 | Batch 0450/0462 | Cost: 0.3804
MAE/RMSE: | Current Test: 3.88/5.45 Ep. 36 | Best Test : 3.52/4.96 Ep. 11
Time elapsed: 126.94 min
Epoch: 038/050 | Batch 0000/0462 | Cost: 0.2182
Epoch: 038/050 | Batch 0050/0462 | Cost: 0.3819
Epoch: 038/050 | Batch 0100/0462 | Cost: 0.2855
Epoch: 038/050 | Batch 0150/0462 | Cost: 0.3084
Epoch: 038/050 | Batch 0200/0462 | Cost: 0.3786
Epoch: 038/050 | Batch 0250/0462 | Cost: 0.3119
Epoch: 038/050 | Batch 0300/0462 | Cost: 0.2923
Epoch: 038/050 | Batch 0350/0462 | Cost: 0.4525
Epoch: 038/050 | Batch 0400/0462 | Cost: 0.4617
Epoch: 038/050 | Batch 0450/0462 | Cost: 0.3681
MAE/RMSE: | Current Test: 3.89/5.43 Ep. 37 | Best Test : 3.52/4.96 Ep. 11
Time elapsed: 130.39 min
Epoch: 039/050 | Batch 0000/0462 | Cost: 0.2887
Epoch: 039/050 | Batch 0050/0462 | Cost: 0.2817
Epoch: 039/050 | Batch 0100/0462 | Cost: 0.2745
Epoch: 039/050 | Batch 0150/0462 | Cost: 0.2926
Epoch: 039/050 | Batch 0200/0462 | Cost: 0.3095
Epoch: 039/050 | Batch 0250/0462 | Cost: 0.3480
Epoch: 039/050 | Batch 0300/0462 | Cost: 0.4082
Epoch: 039/050 | Batch 0350/0462 | Cost: 0.2742
Epoch: 039/050 | Batch 0400/0462 | Cost: 0.3532
Epoch: 039/050 | Batch 0450/0462 | Cost: 0.3191
MAE/RMSE: | Current Test: 3.92/5.47 Ep. 38 | Best Test : 3.52/4.96 Ep. 11
Time elapsed: 133.85 min
Epoch: 040/050 | Batch 0000/0462 | Cost: 0.2278
Epoch: 040/050 | Batch 0050/0462 | Cost: 0.3277
Epoch: 040/050 | Batch 0100/0462 | Cost: 0.3765
Epoch: 040/050 | Batch 0150/0462 | Cost: 0.4027
Epoch: 040/050 | Batch 0200/0462 | Cost: 0.2744
Epoch: 040/050 | Batch 0250/0462 | Cost: 0.4010
Epoch: 040/050 | Batch 0300/0462 | Cost: 0.3049
Epoch: 040/050 | Batch 0350/0462 | Cost: 0.3677
Epoch: 040/050 | Batch 0400/0462 | Cost: 0.4046
Epoch: 040/050 | Batch 0450/0462 | Cost: 0.3150
MAE/RMSE: | Current Test: 3.89/5.41 Ep. 39 | Best Test : 3.52/4.96 Ep. 11
Time elapsed: 137.30 min
Epoch: 041/050 | Batch 0000/0462 | Cost: 0.2054
Epoch: 041/050 | Batch 0050/0462 | Cost: 0.2835
Epoch: 041/050 | Batch 0100/0462 | Cost: 0.2272
Epoch: 041/050 | Batch 0150/0462 | Cost: 0.2661
Epoch: 041/050 | Batch 0200/0462 | Cost: 0.2934
Epoch: 041/050 | Batch 0250/0462 | Cost: 0.2687
Epoch: 041/050 | Batch 0300/0462 | Cost: 0.3074
Epoch: 041/050 | Batch 0350/0462 | Cost: 0.2596
Epoch: 041/050 | Batch 0400/0462 | Cost: 0.3299
Epoch: 041/050 | Batch 0450/0462 | Cost: 0.4371
MAE/RMSE: | Current Test: 3.91/5.46 Ep. 40 | Best Test : 3.52/4.96 Ep. 11
Time elapsed: 140.76 min
Epoch: 042/050 | Batch 0000/0462 | Cost: 0.2377
Epoch: 042/050 | Batch 0050/0462 | Cost: 0.1915
Epoch: 042/050 | Batch 0100/0462 | Cost: 0.2965
Epoch: 042/050 | Batch 0150/0462 | Cost: 0.3544
Epoch: 042/050 | Batch 0200/0462 | Cost: 0.3301
Epoch: 042/050 | Batch 0250/0462 | Cost: 0.3876
Epoch: 042/050 | Batch 0300/0462 | Cost: 0.4012
Epoch: 042/050 | Batch 0350/0462 | Cost: 0.2032
Epoch: 042/050 | Batch 0400/0462 | Cost: 0.3692
Epoch: 042/050 | Batch 0450/0462 | Cost: 0.3543
MAE/RMSE: | Current Test: 3.93/5.50 Ep. 41 | Best Test : 3.52/4.96 Ep. 11
Time elapsed: 144.22 min
Epoch: 043/050 | Batch 0000/0462 | Cost: 0.3040
Epoch: 043/050 | Batch 0050/0462 | Cost: 0.3162
Epoch: 043/050 | Batch 0100/0462 | Cost: 0.2113
Epoch: 043/050 | Batch 0150/0462 | Cost: 0.2519
Epoch: 043/050 | Batch 0200/0462 | Cost: 0.3427
Epoch: 043/050 | Batch 0250/0462 | Cost: 0.2886
Epoch: 043/050 | Batch 0300/0462 | Cost: 0.2688
Epoch: 043/050 | Batch 0350/0462 | Cost: 0.2741
Epoch: 043/050 | Batch 0400/0462 | Cost: 0.3368
Epoch: 043/050 | Batch 0450/0462 | Cost: 0.3508
MAE/RMSE: | Current Test: 3.88/5.41 Ep. 42 | Best Test : 3.52/4.96 Ep. 11
Time elapsed: 147.67 min
Epoch: 044/050 | Batch 0000/0462 | Cost: 0.2197
Epoch: 044/050 | Batch 0050/0462 | Cost: 0.1670
Epoch: 044/050 | Batch 0100/0462 | Cost: 0.2569
Epoch: 044/050 | Batch 0150/0462 | Cost: 0.3210
Epoch: 044/050 | Batch 0200/0462 | Cost: 0.2968
Epoch: 044/050 | Batch 0250/0462 | Cost: 0.3313
Epoch: 044/050 | Batch 0300/0462 | Cost: 0.2492
Epoch: 044/050 | Batch 0350/0462 | Cost: 0.3690
Epoch: 044/050 | Batch 0400/0462 | Cost: 0.2563
Epoch: 044/050 | Batch 0450/0462 | Cost: 0.3370
MAE/RMSE: | Current Test: 3.92/5.48 Ep. 43 | Best Test : 3.52/4.96 Ep. 11
Time elapsed: 151.13 min
Epoch: 045/050 | Batch 0000/0462 | Cost: 0.2151
Epoch: 045/050 | Batch 0050/0462 | Cost: 0.2458
Epoch: 045/050 | Batch 0100/0462 | Cost: 0.2265
Epoch: 045/050 | Batch 0150/0462 | Cost: 0.2233
Epoch: 045/050 | Batch 0200/0462 | Cost: 0.3380
Epoch: 045/050 | Batch 0250/0462 | Cost: 0.2150
Epoch: 045/050 | Batch 0300/0462 | Cost: 0.2668
Epoch: 045/050 | Batch 0350/0462 | Cost: 0.3045
Epoch: 045/050 | Batch 0400/0462 | Cost: 0.2838
Epoch: 045/050 | Batch 0450/0462 | Cost: 0.3851
MAE/RMSE: | Current Test: 3.87/5.45 Ep. 44 | Best Test : 3.52/4.96 Ep. 11
Time elapsed: 154.58 min
Epoch: 046/050 | Batch 0000/0462 | Cost: 0.2680
Epoch: 046/050 | Batch 0050/0462 | Cost: 0.1783
Epoch: 046/050 | Batch 0100/0462 | Cost: 0.2066
Epoch: 046/050 | Batch 0150/0462 | Cost: 0.2315
Epoch: 046/050 | Batch 0200/0462 | Cost: 0.2564
Epoch: 046/050 | Batch 0250/0462 | Cost: 0.3060
Epoch: 046/050 | Batch 0300/0462 | Cost: 0.3694
Epoch: 046/050 | Batch 0350/0462 | Cost: 0.2717
Epoch: 046/050 | Batch 0400/0462 | Cost: 0.2836
Epoch: 046/050 | Batch 0450/0462 | Cost: 0.2235
MAE/RMSE: | Current Test: 3.92/5.49 Ep. 45 | Best Test : 3.52/4.96 Ep. 11
Time elapsed: 158.04 min
Epoch: 047/050 | Batch 0000/0462 | Cost: 0.2119
Epoch: 047/050 | Batch 0050/0462 | Cost: 0.1948
Epoch: 047/050 | Batch 0100/0462 | Cost: 0.2492
Epoch: 047/050 | Batch 0150/0462 | Cost: 0.3037
Epoch: 047/050 | Batch 0200/0462 | Cost: 0.1821
Epoch: 047/050 | Batch 0250/0462 | Cost: 0.3205
Epoch: 047/050 | Batch 0300/0462 | Cost: 0.2754
Epoch: 047/050 | Batch 0350/0462 | Cost: 0.3456
Epoch: 047/050 | Batch 0400/0462 | Cost: 0.2594
Epoch: 047/050 | Batch 0450/0462 | Cost: 0.3081
MAE/RMSE: | Current Test: 3.94/5.50 Ep. 46 | Best Test : 3.52/4.96 Ep. 11
Time elapsed: 161.50 min
Epoch: 048/050 | Batch 0000/0462 | Cost: 0.2323
Epoch: 048/050 | Batch 0050/0462 | Cost: 0.2455
Epoch: 048/050 | Batch 0100/0462 | Cost: 0.1943
Epoch: 048/050 | Batch 0150/0462 | Cost: 0.2518
Epoch: 048/050 | Batch 0200/0462 | Cost: 0.2522
Epoch: 048/050 | Batch 0250/0462 | Cost: 0.3349
Epoch: 048/050 | Batch 0300/0462 | Cost: 0.2145
Epoch: 048/050 | Batch 0350/0462 | Cost: 0.2787
Epoch: 048/050 | Batch 0400/0462 | Cost: 0.1776
Epoch: 048/050 | Batch 0450/0462 | Cost: 0.2324
MAE/RMSE: | Current Test: 3.88/5.40 Ep. 47 | Best Test : 3.52/4.96 Ep. 11
Time elapsed: 164.95 min
Epoch: 049/050 | Batch 0000/0462 | Cost: 0.1888
Epoch: 049/050 | Batch 0050/0462 | Cost: 0.2142
Epoch: 049/050 | Batch 0100/0462 | Cost: 0.1846
Epoch: 049/050 | Batch 0150/0462 | Cost: 0.2328
Epoch: 049/050 | Batch 0200/0462 | Cost: 0.2267
Epoch: 049/050 | Batch 0250/0462 | Cost: 0.2043
Epoch: 049/050 | Batch 0300/0462 | Cost: 0.2903
Epoch: 049/050 | Batch 0350/0462 | Cost: 0.3100
Epoch: 049/050 | Batch 0400/0462 | Cost: 0.3221
Epoch: 049/050 | Batch 0450/0462 | Cost: 0.3235
MAE/RMSE: | Current Test: 3.90/5.42 Ep. 48 | Best Test : 3.52/4.96 Ep. 11
Time elapsed: 168.30 min
Epoch: 050/050 | Batch 0000/0462 | Cost: 0.1760
Epoch: 050/050 | Batch 0050/0462 | Cost: 0.1632
Epoch: 050/050 | Batch 0100/0462 | Cost: 0.3069
Epoch: 050/050 | Batch 0150/0462 | Cost: 0.2345
Epoch: 050/050 | Batch 0200/0462 | Cost: 0.2743
Epoch: 050/050 | Batch 0250/0462 | Cost: 0.1463
Epoch: 050/050 | Batch 0300/0462 | Cost: 0.2080
Epoch: 050/050 | Batch 0350/0462 | Cost: 0.2552
Epoch: 050/050 | Batch 0400/0462 | Cost: 0.3588
Epoch: 050/050 | Batch 0450/0462 | Cost: 0.3135
MAE/RMSE: | Current Test: 3.98/5.56 Ep. 49 | Best Test : 3.52/4.96 Ep. 11
Time elapsed: 170.22 min
MAE/RMSE: | Train: 0.28/1.39 | Test: 3.98/5.56
Total Training Time: 170.83 min
Best MAE: 3.52 | Best RMSE: 4.96 | Best Epoch: 11
