PyTorch Version: 2.5.1
CUDA device available: True
Using CUDA device: cuda:0
Random Seed: 0
Task Importance Weight: 0
Output Path: ../my-logs/myadience-coral-200epoch-seed0
Script: adience-coral.py
Epoch: 001/200 | Batch 0000/0049 | Cost: 5.0129
Epoch: 001/200 | Batch 0010/0049 | Cost: 4.5929
Epoch: 001/200 | Batch 0020/0049 | Cost: 4.4102
Epoch: 001/200 | Batch 0030/0049 | Cost: 4.1551
Epoch: 001/200 | Batch 0040/0049 | Cost: 3.9959
MAE/RMSE/Loss/Accuracy: | Current Valid: 2.98/3.56/5.84/14.82% Ep. 1 | Best Valid : 2.98/3.56/5.84/14.82% Ep. 1
Time elapsed: 0.18 min
Epoch: 002/200 | Batch 0000/0049 | Cost: 4.0489
Epoch: 002/200 | Batch 0010/0049 | Cost: 4.0565
Epoch: 002/200 | Batch 0020/0049 | Cost: 3.9577
Epoch: 002/200 | Batch 0030/0049 | Cost: 3.9169
Epoch: 002/200 | Batch 0040/0049 | Cost: 3.8089
MAE/RMSE/Loss/Accuracy: | Current Valid: 2.26/2.80/4.05/19.05% Ep. 2 | Best Valid : 2.26/2.80/4.05/19.05% Ep. 2
Time elapsed: 0.35 min
Epoch: 003/200 | Batch 0000/0049 | Cost: 3.7299
Epoch: 003/200 | Batch 0010/0049 | Cost: 3.9538
Epoch: 003/200 | Batch 0020/0049 | Cost: 3.7421
Epoch: 003/200 | Batch 0030/0049 | Cost: 3.7161
Epoch: 003/200 | Batch 0040/0049 | Cost: 3.8600
MAE/RMSE/Loss/Accuracy: | Current Valid: 2.03/2.53/3.78/20.75% Ep. 3 | Best Valid : 2.03/2.53/3.78/20.75% Ep. 3
Time elapsed: 0.53 min
Epoch: 004/200 | Batch 0000/0049 | Cost: 3.6580
Epoch: 004/200 | Batch 0010/0049 | Cost: 3.8190
Epoch: 004/200 | Batch 0020/0049 | Cost: 3.8005
Epoch: 004/200 | Batch 0030/0049 | Cost: 3.6079
Epoch: 004/200 | Batch 0040/0049 | Cost: 3.6186
MAE/RMSE/Loss/Accuracy: | Current Valid: 1.97/2.48/3.73/21.81% Ep. 4 | Best Valid : 1.97/2.48/3.73/21.81% Ep. 4
Time elapsed: 0.70 min
Epoch: 005/200 | Batch 0000/0049 | Cost: 3.6914
Epoch: 005/200 | Batch 0010/0049 | Cost: 3.7569
Epoch: 005/200 | Batch 0020/0049 | Cost: 3.4779
Epoch: 005/200 | Batch 0030/0049 | Cost: 3.6886
Epoch: 005/200 | Batch 0040/0049 | Cost: 3.5934
MAE/RMSE/Loss/Accuracy: | Current Valid: 1.90/2.37/3.64/21.81% Ep. 5 | Best Valid : 1.90/2.37/3.64/21.81% Ep. 5
Time elapsed: 0.88 min
Epoch: 006/200 | Batch 0000/0049 | Cost: 3.4287
Epoch: 006/200 | Batch 0010/0049 | Cost: 3.2940
Epoch: 006/200 | Batch 0020/0049 | Cost: 3.6230
Epoch: 006/200 | Batch 0030/0049 | Cost: 3.5061
Epoch: 006/200 | Batch 0040/0049 | Cost: 3.4922
MAE/RMSE/Loss/Accuracy: | Current Valid: 1.83/2.34/3.57/23.71% Ep. 6 | Best Valid : 1.83/2.34/3.57/23.71% Ep. 6
Time elapsed: 1.23 min
Epoch: 007/200 | Batch 0000/0049 | Cost: 3.4103
Epoch: 007/200 | Batch 0010/0049 | Cost: 3.4786
Epoch: 007/200 | Batch 0020/0049 | Cost: 3.2963
Epoch: 007/200 | Batch 0030/0049 | Cost: 3.4150
Epoch: 007/200 | Batch 0040/0049 | Cost: 3.2163
MAE/RMSE/Loss/Accuracy: | Current Valid: 1.78/2.24/3.48/23.71% Ep. 7 | Best Valid : 1.78/2.24/3.48/23.71% Ep. 7
Time elapsed: 1.59 min
Epoch: 008/200 | Batch 0000/0049 | Cost: 3.1756
Epoch: 008/200 | Batch 0010/0049 | Cost: 3.2920
Epoch: 008/200 | Batch 0020/0049 | Cost: 3.2666
Epoch: 008/200 | Batch 0030/0049 | Cost: 3.3041
Epoch: 008/200 | Batch 0040/0049 | Cost: 3.3570
MAE/RMSE/Loss/Accuracy: | Current Valid: 1.76/2.25/3.46/24.98% Ep. 8 | Best Valid : 1.76/2.25/3.46/24.98% Ep. 8
Time elapsed: 1.94 min
Epoch: 009/200 | Batch 0000/0049 | Cost: 3.3243
Epoch: 009/200 | Batch 0010/0049 | Cost: 3.1117
Epoch: 009/200 | Batch 0020/0049 | Cost: 3.2112
Epoch: 009/200 | Batch 0030/0049 | Cost: 3.1677
Epoch: 009/200 | Batch 0040/0049 | Cost: 3.4644
MAE/RMSE/Loss/Accuracy: | Current Valid: 1.82/2.41/3.71/27.45% Ep. 9 | Best Valid : 1.76/2.25/3.46/24.98% Ep. 8
Time elapsed: 2.29 min
Epoch: 010/200 | Batch 0000/0049 | Cost: 3.1900
Epoch: 010/200 | Batch 0010/0049 | Cost: 3.1549
Epoch: 010/200 | Batch 0020/0049 | Cost: 3.1325
Epoch: 010/200 | Batch 0030/0049 | Cost: 3.1719
Epoch: 010/200 | Batch 0040/0049 | Cost: 3.1173
MAE/RMSE/Loss/Accuracy: | Current Valid: 1.52/2.00/3.36/28.79% Ep. 10 | Best Valid : 1.52/2.00/3.36/28.79% Ep. 10
Time elapsed: 2.65 min
Epoch: 011/200 | Batch 0000/0049 | Cost: 3.0656
Epoch: 011/200 | Batch 0010/0049 | Cost: 3.0101
Epoch: 011/200 | Batch 0020/0049 | Cost: 2.9080
Epoch: 011/200 | Batch 0030/0049 | Cost: 2.9713
Epoch: 011/200 | Batch 0040/0049 | Cost: 3.1666
MAE/RMSE/Loss/Accuracy: | Current Valid: 1.54/2.01/3.30/28.02% Ep. 11 | Best Valid : 1.52/2.00/3.36/28.79% Ep. 10
Time elapsed: 3.00 min
Epoch: 012/200 | Batch 0000/0049 | Cost: 3.1422
Epoch: 012/200 | Batch 0010/0049 | Cost: 3.0329
Epoch: 012/200 | Batch 0020/0049 | Cost: 2.9562
Epoch: 012/200 | Batch 0030/0049 | Cost: 2.9631
Epoch: 012/200 | Batch 0040/0049 | Cost: 3.2443
MAE/RMSE/Loss/Accuracy: | Current Valid: 1.50/1.98/3.30/29.08% Ep. 12 | Best Valid : 1.50/1.98/3.30/29.08% Ep. 12
Time elapsed: 3.36 min
Epoch: 013/200 | Batch 0000/0049 | Cost: 3.0429
Epoch: 013/200 | Batch 0010/0049 | Cost: 3.1015
Epoch: 013/200 | Batch 0020/0049 | Cost: 3.0768
Epoch: 013/200 | Batch 0030/0049 | Cost: 3.0554
Epoch: 013/200 | Batch 0040/0049 | Cost: 3.1337
MAE/RMSE/Loss/Accuracy: | Current Valid: 1.37/1.91/3.25/34.23% Ep. 13 | Best Valid : 1.37/1.91/3.25/34.23% Ep. 13
Time elapsed: 3.71 min
Epoch: 014/200 | Batch 0000/0049 | Cost: 3.1895
Epoch: 014/200 | Batch 0010/0049 | Cost: 3.0880
Epoch: 014/200 | Batch 0020/0049 | Cost: 2.8394
Epoch: 014/200 | Batch 0030/0049 | Cost: 3.0072
Epoch: 014/200 | Batch 0040/0049 | Cost: 3.0536
MAE/RMSE/Loss/Accuracy: | Current Valid: 1.29/1.84/3.24/36.20% Ep. 14 | Best Valid : 1.29/1.84/3.24/36.20% Ep. 14
Time elapsed: 4.06 min
Epoch: 015/200 | Batch 0000/0049 | Cost: 2.9377
Epoch: 015/200 | Batch 0010/0049 | Cost: 2.9103
Epoch: 015/200 | Batch 0020/0049 | Cost: 3.0981
Epoch: 015/200 | Batch 0030/0049 | Cost: 2.8759
Epoch: 015/200 | Batch 0040/0049 | Cost: 3.0655
MAE/RMSE/Loss/Accuracy: | Current Valid: 1.94/2.39/3.35/20.54% Ep. 15 | Best Valid : 1.29/1.84/3.24/36.20% Ep. 14
Time elapsed: 4.42 min
Epoch: 016/200 | Batch 0000/0049 | Cost: 2.9722
Epoch: 016/200 | Batch 0010/0049 | Cost: 2.9527
Epoch: 016/200 | Batch 0020/0049 | Cost: 2.7780
Epoch: 016/200 | Batch 0030/0049 | Cost: 2.8369
Epoch: 016/200 | Batch 0040/0049 | Cost: 2.8046
MAE/RMSE/Loss/Accuracy: | Current Valid: 1.60/2.05/3.17/25.97% Ep. 16 | Best Valid : 1.29/1.84/3.24/36.20% Ep. 14
Time elapsed: 4.77 min
Epoch: 017/200 | Batch 0000/0049 | Cost: 2.8672
Epoch: 017/200 | Batch 0010/0049 | Cost: 2.7375
Epoch: 017/200 | Batch 0020/0049 | Cost: 2.8262
Epoch: 017/200 | Batch 0030/0049 | Cost: 2.7672
Epoch: 017/200 | Batch 0040/0049 | Cost: 2.6485
MAE/RMSE/Loss/Accuracy: | Current Valid: 1.08/1.59/3.07/40.72% Ep. 17 | Best Valid : 1.08/1.59/3.07/40.72% Ep. 17
Time elapsed: 5.12 min
Epoch: 018/200 | Batch 0000/0049 | Cost: 2.6022
Epoch: 018/200 | Batch 0010/0049 | Cost: 2.8212
Epoch: 018/200 | Batch 0020/0049 | Cost: 2.6821
Epoch: 018/200 | Batch 0030/0049 | Cost: 2.8086
Epoch: 018/200 | Batch 0040/0049 | Cost: 2.7916
MAE/RMSE/Loss/Accuracy: | Current Valid: 1.28/1.74/3.03/33.17% Ep. 18 | Best Valid : 1.08/1.59/3.07/40.72% Ep. 17
Time elapsed: 5.48 min
Epoch: 019/200 | Batch 0000/0049 | Cost: 2.7576
Epoch: 019/200 | Batch 0010/0049 | Cost: 2.6512
Epoch: 019/200 | Batch 0020/0049 | Cost: 2.8112
Epoch: 019/200 | Batch 0030/0049 | Cost: 2.7320
Epoch: 019/200 | Batch 0040/0049 | Cost: 2.8649
MAE/RMSE/Loss/Accuracy: | Current Valid: 0.97/1.44/3.05/42.63% Ep. 19 | Best Valid : 0.97/1.44/3.05/42.63% Ep. 19
Time elapsed: 5.83 min
Epoch: 020/200 | Batch 0000/0049 | Cost: 2.8751
Epoch: 020/200 | Batch 0010/0049 | Cost: 2.7885
Epoch: 020/200 | Batch 0020/0049 | Cost: 2.6839
Epoch: 020/200 | Batch 0030/0049 | Cost: 2.6573
Epoch: 020/200 | Batch 0040/0049 | Cost: 2.6940
MAE/RMSE/Loss/Accuracy: | Current Valid: 1.31/1.78/2.95/33.31% Ep. 20 | Best Valid : 0.97/1.44/3.05/42.63% Ep. 19
Time elapsed: 6.18 min
Epoch: 021/200 | Batch 0000/0049 | Cost: 2.7830
Epoch: 021/200 | Batch 0010/0049 | Cost: 2.6533
Epoch: 021/200 | Batch 0020/0049 | Cost: 2.5868
Epoch: 021/200 | Batch 0030/0049 | Cost: 2.6864
Epoch: 021/200 | Batch 0040/0049 | Cost: 2.5518
MAE/RMSE/Loss/Accuracy: | Current Valid: 1.12/1.57/2.90/37.69% Ep. 21 | Best Valid : 0.97/1.44/3.05/42.63% Ep. 19
Time elapsed: 6.54 min
Epoch: 022/200 | Batch 0000/0049 | Cost: 2.5787
Epoch: 022/200 | Batch 0010/0049 | Cost: 2.7131
Epoch: 022/200 | Batch 0020/0049 | Cost: 2.6384
Epoch: 022/200 | Batch 0030/0049 | Cost: 2.6306
Epoch: 022/200 | Batch 0040/0049 | Cost: 2.5908
MAE/RMSE/Loss/Accuracy: | Current Valid: 1.47/1.93/3.01/28.02% Ep. 22 | Best Valid : 0.97/1.44/3.05/42.63% Ep. 19
Time elapsed: 6.89 min
Epoch: 023/200 | Batch 0000/0049 | Cost: 2.5810
Epoch: 023/200 | Batch 0010/0049 | Cost: 2.5803
Epoch: 023/200 | Batch 0020/0049 | Cost: 2.6109
Epoch: 023/200 | Batch 0030/0049 | Cost: 2.6935
Epoch: 023/200 | Batch 0040/0049 | Cost: 2.6454
MAE/RMSE/Loss/Accuracy: | Current Valid: 0.98/1.47/2.86/42.70% Ep. 23 | Best Valid : 0.97/1.44/3.05/42.63% Ep. 19
Time elapsed: 7.24 min
Epoch: 024/200 | Batch 0000/0049 | Cost: 2.6153
Epoch: 024/200 | Batch 0010/0049 | Cost: 2.4466
Epoch: 024/200 | Batch 0020/0049 | Cost: 2.3922
Epoch: 024/200 | Batch 0030/0049 | Cost: 2.7611
Epoch: 024/200 | Batch 0040/0049 | Cost: 2.6070
MAE/RMSE/Loss/Accuracy: | Current Valid: 0.94/1.40/2.83/43.12% Ep. 24 | Best Valid : 0.94/1.40/2.83/43.12% Ep. 24
Time elapsed: 7.60 min
Epoch: 025/200 | Batch 0000/0049 | Cost: 2.5727
Epoch: 025/200 | Batch 0010/0049 | Cost: 2.4722
Epoch: 025/200 | Batch 0020/0049 | Cost: 2.6138
Epoch: 025/200 | Batch 0030/0049 | Cost: 2.6492
Epoch: 025/200 | Batch 0040/0049 | Cost: 2.6625
MAE/RMSE/Loss/Accuracy: | Current Valid: 1.18/1.65/2.87/36.34% Ep. 25 | Best Valid : 0.94/1.40/2.83/43.12% Ep. 24
Time elapsed: 7.95 min
Epoch: 026/200 | Batch 0000/0049 | Cost: 2.5247
Epoch: 026/200 | Batch 0010/0049 | Cost: 2.4183
Epoch: 026/200 | Batch 0020/0049 | Cost: 2.6632
Epoch: 026/200 | Batch 0030/0049 | Cost: 2.4813
Epoch: 026/200 | Batch 0040/0049 | Cost: 2.6807
MAE/RMSE/Loss/Accuracy: | Current Valid: 0.98/1.47/2.81/42.27% Ep. 26 | Best Valid : 0.94/1.40/2.83/43.12% Ep. 24
Time elapsed: 8.30 min
Epoch: 027/200 | Batch 0000/0049 | Cost: 2.6830
Epoch: 027/200 | Batch 0010/0049 | Cost: 2.4117
Epoch: 027/200 | Batch 0020/0049 | Cost: 2.5620
Epoch: 027/200 | Batch 0030/0049 | Cost: 2.6355
Epoch: 027/200 | Batch 0040/0049 | Cost: 2.4276
MAE/RMSE/Loss/Accuracy: | Current Valid: 0.86/1.29/2.75/44.46% Ep. 27 | Best Valid : 0.86/1.29/2.75/44.46% Ep. 27
Time elapsed: 8.66 min
Epoch: 028/200 | Batch 0000/0049 | Cost: 2.4304
Epoch: 028/200 | Batch 0010/0049 | Cost: 2.5184
Epoch: 028/200 | Batch 0020/0049 | Cost: 2.4201
Epoch: 028/200 | Batch 0030/0049 | Cost: 2.4570
Epoch: 028/200 | Batch 0040/0049 | Cost: 2.5204
MAE/RMSE/Loss/Accuracy: | Current Valid: 0.88/1.32/2.76/44.81% Ep. 28 | Best Valid : 0.86/1.29/2.75/44.46% Ep. 27
Time elapsed: 9.02 min
Epoch: 029/200 | Batch 0000/0049 | Cost: 2.4359
Epoch: 029/200 | Batch 0010/0049 | Cost: 2.4214
Epoch: 029/200 | Batch 0020/0049 | Cost: 2.4221
Epoch: 029/200 | Batch 0030/0049 | Cost: 2.5210
Epoch: 029/200 | Batch 0040/0049 | Cost: 2.4997
MAE/RMSE/Loss/Accuracy: | Current Valid: 0.98/1.48/2.74/42.77% Ep. 29 | Best Valid : 0.86/1.29/2.75/44.46% Ep. 27
Time elapsed: 9.37 min
Epoch: 030/200 | Batch 0000/0049 | Cost: 2.4853
Epoch: 030/200 | Batch 0010/0049 | Cost: 2.6617
Epoch: 030/200 | Batch 0020/0049 | Cost: 2.5054
Epoch: 030/200 | Batch 0030/0049 | Cost: 2.3474
Epoch: 030/200 | Batch 0040/0049 | Cost: 2.3420
MAE/RMSE/Loss/Accuracy: | Current Valid: 0.86/1.31/2.67/45.66% Ep. 30 | Best Valid : 0.86/1.29/2.75/44.46% Ep. 27
Time elapsed: 9.72 min
Epoch: 031/200 | Batch 0000/0049 | Cost: 2.3807
Epoch: 031/200 | Batch 0010/0049 | Cost: 2.4029
Epoch: 031/200 | Batch 0020/0049 | Cost: 2.4416
Epoch: 031/200 | Batch 0030/0049 | Cost: 2.4200
Epoch: 031/200 | Batch 0040/0049 | Cost: 2.3120
MAE/RMSE/Loss/Accuracy: | Current Valid: 0.92/1.38/2.64/44.04% Ep. 31 | Best Valid : 0.86/1.29/2.75/44.46% Ep. 27
Time elapsed: 10.07 min
Epoch: 032/200 | Batch 0000/0049 | Cost: 2.4643
Epoch: 032/200 | Batch 0010/0049 | Cost: 2.4270
Epoch: 032/200 | Batch 0020/0049 | Cost: 2.3634
Epoch: 032/200 | Batch 0030/0049 | Cost: 2.4207
Epoch: 032/200 | Batch 0040/0049 | Cost: 2.3523
MAE/RMSE/Loss/Accuracy: | Current Valid: 0.89/1.37/2.67/45.24% Ep. 32 | Best Valid : 0.86/1.29/2.75/44.46% Ep. 27
Time elapsed: 10.43 min
Epoch: 033/200 | Batch 0000/0049 | Cost: 2.3047
Epoch: 033/200 | Batch 0010/0049 | Cost: 2.4676
Epoch: 033/200 | Batch 0020/0049 | Cost: 2.3160
Epoch: 033/200 | Batch 0030/0049 | Cost: 2.3383
Epoch: 033/200 | Batch 0040/0049 | Cost: 2.3974
MAE/RMSE/Loss/Accuracy: | Current Valid: 1.07/1.52/2.70/38.11% Ep. 33 | Best Valid : 0.86/1.29/2.75/44.46% Ep. 27
Time elapsed: 10.78 min
Epoch: 034/200 | Batch 0000/0049 | Cost: 2.3777
Epoch: 034/200 | Batch 0010/0049 | Cost: 2.2483
Epoch: 034/200 | Batch 0020/0049 | Cost: 2.3174
Epoch: 034/200 | Batch 0030/0049 | Cost: 2.3949
Epoch: 034/200 | Batch 0040/0049 | Cost: 2.3237
MAE/RMSE/Loss/Accuracy: | Current Valid: 0.89/1.34/2.58/44.46% Ep. 34 | Best Valid : 0.86/1.29/2.75/44.46% Ep. 27
Time elapsed: 11.13 min
Epoch: 035/200 | Batch 0000/0049 | Cost: 2.2819
Epoch: 035/200 | Batch 0010/0049 | Cost: 2.3030
Epoch: 035/200 | Batch 0020/0049 | Cost: 2.3637
Epoch: 035/200 | Batch 0030/0049 | Cost: 2.3325
Epoch: 035/200 | Batch 0040/0049 | Cost: 2.2659
MAE/RMSE/Loss/Accuracy: | Current Valid: 0.84/1.29/2.56/45.80% Ep. 35 | Best Valid : 0.84/1.29/2.56/45.80% Ep. 35
Time elapsed: 11.49 min
Epoch: 036/200 | Batch 0000/0049 | Cost: 2.2210
Epoch: 036/200 | Batch 0010/0049 | Cost: 2.2588
Epoch: 036/200 | Batch 0020/0049 | Cost: 2.2417
Epoch: 036/200 | Batch 0030/0049 | Cost: 2.2639
Epoch: 036/200 | Batch 0040/0049 | Cost: 2.3140
MAE/RMSE/Loss/Accuracy: | Current Valid: 0.86/1.30/2.59/45.31% Ep. 36 | Best Valid : 0.84/1.29/2.56/45.80% Ep. 35
Time elapsed: 11.84 min
Epoch: 037/200 | Batch 0000/0049 | Cost: 2.1580
Epoch: 037/200 | Batch 0010/0049 | Cost: 2.3750
Epoch: 037/200 | Batch 0020/0049 | Cost: 2.3261
Epoch: 037/200 | Batch 0030/0049 | Cost: 2.3092
Epoch: 037/200 | Batch 0040/0049 | Cost: 2.2396
MAE/RMSE/Loss/Accuracy: | Current Valid: 0.83/1.28/2.51/46.51% Ep. 37 | Best Valid : 0.83/1.28/2.51/46.51% Ep. 37
Time elapsed: 12.20 min
Epoch: 038/200 | Batch 0000/0049 | Cost: 2.1096
Epoch: 038/200 | Batch 0010/0049 | Cost: 2.2839
Epoch: 038/200 | Batch 0020/0049 | Cost: 2.1932
Epoch: 038/200 | Batch 0030/0049 | Cost: 2.2587
Epoch: 038/200 | Batch 0040/0049 | Cost: 2.2105
MAE/RMSE/Loss/Accuracy: | Current Valid: 0.83/1.27/2.49/46.58% Ep. 38 | Best Valid : 0.83/1.27/2.49/46.58% Ep. 38
Time elapsed: 12.55 min
Epoch: 039/200 | Batch 0000/0049 | Cost: 2.1102
Epoch: 039/200 | Batch 0010/0049 | Cost: 2.2867
Epoch: 039/200 | Batch 0020/0049 | Cost: 2.1662
Epoch: 039/200 | Batch 0030/0049 | Cost: 2.2503
Epoch: 039/200 | Batch 0040/0049 | Cost: 2.1707
MAE/RMSE/Loss/Accuracy: | Current Valid: 0.81/1.26/2.48/47.07% Ep. 39 | Best Valid : 0.81/1.26/2.48/47.07% Ep. 39
Time elapsed: 12.91 min
Epoch: 040/200 | Batch 0000/0049 | Cost: 2.0311
Epoch: 040/200 | Batch 0010/0049 | Cost: 2.2534
Epoch: 040/200 | Batch 0020/0049 | Cost: 2.1661
Epoch: 040/200 | Batch 0030/0049 | Cost: 2.2477
Epoch: 040/200 | Batch 0040/0049 | Cost: 2.1933
MAE/RMSE/Loss/Accuracy: | Current Valid: 0.88/1.31/2.55/44.11% Ep. 40 | Best Valid : 0.81/1.26/2.48/47.07% Ep. 39
Time elapsed: 13.26 min
Epoch: 041/200 | Batch 0000/0049 | Cost: 2.1334
Epoch: 041/200 | Batch 0010/0049 | Cost: 2.2380
Epoch: 041/200 | Batch 0020/0049 | Cost: 2.2188
Epoch: 041/200 | Batch 0030/0049 | Cost: 2.1683
Epoch: 041/200 | Batch 0040/0049 | Cost: 2.0786
MAE/RMSE/Loss/Accuracy: | Current Valid: 0.85/1.28/2.45/44.95% Ep. 41 | Best Valid : 0.81/1.26/2.48/47.07% Ep. 39
Time elapsed: 13.62 min
Epoch: 042/200 | Batch 0000/0049 | Cost: 2.2596
Epoch: 042/200 | Batch 0010/0049 | Cost: 2.0630
Epoch: 042/200 | Batch 0020/0049 | Cost: 2.1527
Epoch: 042/200 | Batch 0030/0049 | Cost: 2.0947
Epoch: 042/200 | Batch 0040/0049 | Cost: 2.0904
MAE/RMSE/Loss/Accuracy: | Current Valid: 0.88/1.32/2.46/44.25% Ep. 42 | Best Valid : 0.81/1.26/2.48/47.07% Ep. 39
Time elapsed: 13.97 min
Epoch: 043/200 | Batch 0000/0049 | Cost: 2.1940
Epoch: 043/200 | Batch 0010/0049 | Cost: 2.1789
Epoch: 043/200 | Batch 0020/0049 | Cost: 2.1094
Epoch: 043/200 | Batch 0030/0049 | Cost: 2.2533
Epoch: 043/200 | Batch 0040/0049 | Cost: 2.1390
MAE/RMSE/Loss/Accuracy: | Current Valid: 1.95/2.49/4.07/21.95% Ep. 43 | Best Valid : 0.81/1.26/2.48/47.07% Ep. 39
Time elapsed: 14.32 min
Epoch: 044/200 | Batch 0000/0049 | Cost: 2.1761
Epoch: 044/200 | Batch 0010/0049 | Cost: 2.1534
Epoch: 044/200 | Batch 0020/0049 | Cost: 2.1299
Epoch: 044/200 | Batch 0030/0049 | Cost: 2.2131
Epoch: 044/200 | Batch 0040/0049 | Cost: 2.2123
MAE/RMSE/Loss/Accuracy: | Current Valid: 0.83/1.27/2.47/44.95% Ep. 44 | Best Valid : 0.81/1.26/2.48/47.07% Ep. 39
Time elapsed: 14.68 min
Epoch: 045/200 | Batch 0000/0049 | Cost: 2.2601
Epoch: 045/200 | Batch 0010/0049 | Cost: 2.1141
Epoch: 045/200 | Batch 0020/0049 | Cost: 2.2513
Epoch: 045/200 | Batch 0030/0049 | Cost: 2.1151
Epoch: 045/200 | Batch 0040/0049 | Cost: 2.0378
MAE/RMSE/Loss/Accuracy: | Current Valid: 0.89/1.35/2.54/43.75% Ep. 45 | Best Valid : 0.81/1.26/2.48/47.07% Ep. 39
Time elapsed: 15.03 min
Epoch: 046/200 | Batch 0000/0049 | Cost: 2.1676
Epoch: 046/200 | Batch 0010/0049 | Cost: 2.1364
Epoch: 046/200 | Batch 0020/0049 | Cost: 2.0981
Epoch: 046/200 | Batch 0030/0049 | Cost: 2.0986
Epoch: 046/200 | Batch 0040/0049 | Cost: 2.0416
MAE/RMSE/Loss/Accuracy: | Current Valid: 0.96/1.41/2.46/41.35% Ep. 46 | Best Valid : 0.81/1.26/2.48/47.07% Ep. 39
Time elapsed: 15.39 min
Epoch: 047/200 | Batch 0000/0049 | Cost: 2.0379
Epoch: 047/200 | Batch 0010/0049 | Cost: 2.0751
Epoch: 047/200 | Batch 0020/0049 | Cost: 2.1052
Epoch: 047/200 | Batch 0030/0049 | Cost: 2.2518
Epoch: 047/200 | Batch 0040/0049 | Cost: 1.9805
MAE/RMSE/Loss/Accuracy: | Current Valid: 0.77/1.19/2.33/47.49% Ep. 47 | Best Valid : 0.77/1.19/2.33/47.49% Ep. 47
Time elapsed: 15.74 min
Epoch: 048/200 | Batch 0000/0049 | Cost: 2.0567
Epoch: 048/200 | Batch 0010/0049 | Cost: 1.9607
Epoch: 048/200 | Batch 0020/0049 | Cost: 2.0134
Epoch: 048/200 | Batch 0030/0049 | Cost: 2.0450
Epoch: 048/200 | Batch 0040/0049 | Cost: 1.9778
MAE/RMSE/Loss/Accuracy: | Current Valid: 0.74/1.15/2.34/48.48% Ep. 48 | Best Valid : 0.74/1.15/2.34/48.48% Ep. 48
Time elapsed: 16.10 min
Epoch: 049/200 | Batch 0000/0049 | Cost: 2.0862
Epoch: 049/200 | Batch 0010/0049 | Cost: 1.9922
Epoch: 049/200 | Batch 0020/0049 | Cost: 2.0993
Epoch: 049/200 | Batch 0030/0049 | Cost: 1.9903
Epoch: 049/200 | Batch 0040/0049 | Cost: 2.0148
MAE/RMSE/Loss/Accuracy: | Current Valid: 0.74/1.15/2.31/48.41% Ep. 49 | Best Valid : 0.74/1.15/2.31/48.41% Ep. 49
Time elapsed: 16.45 min
Epoch: 050/200 | Batch 0000/0049 | Cost: 2.1288
Epoch: 050/200 | Batch 0010/0049 | Cost: 1.9667
Epoch: 050/200 | Batch 0020/0049 | Cost: 1.9880
Epoch: 050/200 | Batch 0030/0049 | Cost: 1.9955
Epoch: 050/200 | Batch 0040/0049 | Cost: 1.8958
MAE/RMSE/Loss/Accuracy: | Current Valid: 0.74/1.14/2.23/48.55% Ep. 50 | Best Valid : 0.74/1.14/2.23/48.55% Ep. 50
Time elapsed: 16.81 min
Epoch: 051/200 | Batch 0000/0049 | Cost: 2.1040
Epoch: 051/200 | Batch 0010/0049 | Cost: 2.1177
Epoch: 051/200 | Batch 0020/0049 | Cost: 2.0404
Epoch: 051/200 | Batch 0030/0049 | Cost: 1.8817
Epoch: 051/200 | Batch 0040/0049 | Cost: 1.8860
MAE/RMSE/Loss/Accuracy: | Current Valid: 0.74/1.14/2.26/48.69% Ep. 51 | Best Valid : 0.74/1.14/2.23/48.55% Ep. 50
Time elapsed: 17.16 min
Epoch: 052/200 | Batch 0000/0049 | Cost: 1.8916
Epoch: 052/200 | Batch 0010/0049 | Cost: 1.9763
Epoch: 052/200 | Batch 0020/0049 | Cost: 1.9343
Epoch: 052/200 | Batch 0030/0049 | Cost: 1.9013
Epoch: 052/200 | Batch 0040/0049 | Cost: 1.9905
MAE/RMSE/Loss/Accuracy: | Current Valid: 0.70/1.12/2.21/50.39% Ep. 52 | Best Valid : 0.70/1.12/2.21/50.39% Ep. 52
Time elapsed: 17.52 min
Epoch: 053/200 | Batch 0000/0049 | Cost: 1.9475
Epoch: 053/200 | Batch 0010/0049 | Cost: 1.9258
Epoch: 053/200 | Batch 0020/0049 | Cost: 1.9547
Epoch: 053/200 | Batch 0030/0049 | Cost: 1.9089
Epoch: 053/200 | Batch 0040/0049 | Cost: 1.8084
MAE/RMSE/Loss/Accuracy: | Current Valid: 0.67/1.07/2.20/51.87% Ep. 53 | Best Valid : 0.67/1.07/2.20/51.87% Ep. 53
Time elapsed: 17.88 min
Epoch: 054/200 | Batch 0000/0049 | Cost: 1.9470
Epoch: 054/200 | Batch 0010/0049 | Cost: 1.8939
Epoch: 054/200 | Batch 0020/0049 | Cost: 2.0200
Epoch: 054/200 | Batch 0030/0049 | Cost: 1.9533
Epoch: 054/200 | Batch 0040/0049 | Cost: 2.0317
MAE/RMSE/Loss/Accuracy: | Current Valid: 0.67/1.06/2.16/51.24% Ep. 54 | Best Valid : 0.67/1.07/2.20/51.87% Ep. 53
Time elapsed: 18.23 min
Epoch: 055/200 | Batch 0000/0049 | Cost: 1.8645
Epoch: 055/200 | Batch 0010/0049 | Cost: 1.9175
Epoch: 055/200 | Batch 0020/0049 | Cost: 1.7722
Epoch: 055/200 | Batch 0030/0049 | Cost: 1.9310
Epoch: 055/200 | Batch 0040/0049 | Cost: 1.8071
MAE/RMSE/Loss/Accuracy: | Current Valid: 0.73/1.13/2.25/48.48% Ep. 55 | Best Valid : 0.67/1.07/2.20/51.87% Ep. 53
Time elapsed: 18.58 min
Epoch: 056/200 | Batch 0000/0049 | Cost: 1.8050
Epoch: 056/200 | Batch 0010/0049 | Cost: 1.8366
Epoch: 056/200 | Batch 0020/0049 | Cost: 1.8733
Epoch: 056/200 | Batch 0030/0049 | Cost: 1.9202
Epoch: 056/200 | Batch 0040/0049 | Cost: 1.8397
MAE/RMSE/Loss/Accuracy: | Current Valid: 0.72/1.12/2.16/48.34% Ep. 56 | Best Valid : 0.67/1.07/2.20/51.87% Ep. 53
Time elapsed: 18.94 min
Epoch: 057/200 | Batch 0000/0049 | Cost: 1.7536
Epoch: 057/200 | Batch 0010/0049 | Cost: 1.8424
Epoch: 057/200 | Batch 0020/0049 | Cost: 1.9328
Epoch: 057/200 | Batch 0030/0049 | Cost: 1.9375
Epoch: 057/200 | Batch 0040/0049 | Cost: 1.8399
MAE/RMSE/Loss/Accuracy: | Current Valid: 0.64/1.02/2.11/51.59% Ep. 57 | Best Valid : 0.64/1.02/2.11/51.59% Ep. 57
Time elapsed: 19.29 min
Epoch: 058/200 | Batch 0000/0049 | Cost: 1.8038
Epoch: 058/200 | Batch 0010/0049 | Cost: 1.8172
Epoch: 058/200 | Batch 0020/0049 | Cost: 1.7815
Epoch: 058/200 | Batch 0030/0049 | Cost: 1.8619
Epoch: 058/200 | Batch 0040/0049 | Cost: 1.6868
MAE/RMSE/Loss/Accuracy: | Current Valid: 0.64/1.03/2.11/52.72% Ep. 58 | Best Valid : 0.64/1.03/2.11/52.72% Ep. 58
Time elapsed: 19.65 min
Epoch: 059/200 | Batch 0000/0049 | Cost: 1.7815
Epoch: 059/200 | Batch 0010/0049 | Cost: 1.8561
Epoch: 059/200 | Batch 0020/0049 | Cost: 1.8829
Epoch: 059/200 | Batch 0030/0049 | Cost: 1.7852
Epoch: 059/200 | Batch 0040/0049 | Cost: 1.7875
MAE/RMSE/Loss/Accuracy: | Current Valid: 0.65/1.04/2.11/51.59% Ep. 59 | Best Valid : 0.64/1.03/2.11/52.72% Ep. 58
Time elapsed: 20.00 min
Epoch: 060/200 | Batch 0000/0049 | Cost: 1.8111
Epoch: 060/200 | Batch 0010/0049 | Cost: 1.7401
Epoch: 060/200 | Batch 0020/0049 | Cost: 1.8572
Epoch: 060/200 | Batch 0030/0049 | Cost: 1.7689
Epoch: 060/200 | Batch 0040/0049 | Cost: 1.7665
MAE/RMSE/Loss/Accuracy: | Current Valid: 0.64/1.02/2.06/52.29% Ep. 60 | Best Valid : 0.64/1.02/2.06/52.29% Ep. 60
Time elapsed: 20.36 min
Epoch: 061/200 | Batch 0000/0049 | Cost: 1.8001
Epoch: 061/200 | Batch 0010/0049 | Cost: 1.8115
Epoch: 061/200 | Batch 0020/0049 | Cost: 1.7377
Epoch: 061/200 | Batch 0030/0049 | Cost: 1.8366
Epoch: 061/200 | Batch 0040/0049 | Cost: 1.7047
MAE/RMSE/Loss/Accuracy: | Current Valid: 0.68/1.07/2.07/49.54% Ep. 61 | Best Valid : 0.64/1.02/2.06/52.29% Ep. 60
Time elapsed: 20.72 min
Epoch: 062/200 | Batch 0000/0049 | Cost: 1.7512
Epoch: 062/200 | Batch 0010/0049 | Cost: 1.7963
Epoch: 062/200 | Batch 0020/0049 | Cost: 1.7287
Epoch: 062/200 | Batch 0030/0049 | Cost: 1.8444
Epoch: 062/200 | Batch 0040/0049 | Cost: 1.7608
MAE/RMSE/Loss/Accuracy: | Current Valid: 0.67/1.05/2.08/51.16% Ep. 62 | Best Valid : 0.64/1.02/2.06/52.29% Ep. 60
Time elapsed: 21.07 min
Epoch: 063/200 | Batch 0000/0049 | Cost: 1.7922
Epoch: 063/200 | Batch 0010/0049 | Cost: 1.7571
Epoch: 063/200 | Batch 0020/0049 | Cost: 1.7631
Epoch: 063/200 | Batch 0030/0049 | Cost: 1.8162
Epoch: 063/200 | Batch 0040/0049 | Cost: 1.7432
MAE/RMSE/Loss/Accuracy: | Current Valid: 0.68/1.07/2.06/50.25% Ep. 63 | Best Valid : 0.64/1.02/2.06/52.29% Ep. 60
Time elapsed: 21.43 min
Epoch: 064/200 | Batch 0000/0049 | Cost: 1.7082
Epoch: 064/200 | Batch 0010/0049 | Cost: 1.6544
Epoch: 064/200 | Batch 0020/0049 | Cost: 1.7780
Epoch: 064/200 | Batch 0030/0049 | Cost: 1.8222
Epoch: 064/200 | Batch 0040/0049 | Cost: 1.7748
MAE/RMSE/Loss/Accuracy: | Current Valid: 0.65/1.04/2.07/52.08% Ep. 64 | Best Valid : 0.64/1.02/2.06/52.29% Ep. 60
Time elapsed: 21.78 min
Epoch: 065/200 | Batch 0000/0049 | Cost: 1.7601
Epoch: 065/200 | Batch 0010/0049 | Cost: 1.6596
Epoch: 065/200 | Batch 0020/0049 | Cost: 1.8562
Epoch: 065/200 | Batch 0030/0049 | Cost: 1.9145
Epoch: 065/200 | Batch 0040/0049 | Cost: 1.8180
MAE/RMSE/Loss/Accuracy: | Current Valid: 0.70/1.10/2.10/49.82% Ep. 65 | Best Valid : 0.64/1.02/2.06/52.29% Ep. 60
Time elapsed: 22.14 min
Epoch: 066/200 | Batch 0000/0049 | Cost: 1.7268
Epoch: 066/200 | Batch 0010/0049 | Cost: 1.7801
Epoch: 066/200 | Batch 0020/0049 | Cost: 1.7192
Epoch: 066/200 | Batch 0030/0049 | Cost: 1.6823
Epoch: 066/200 | Batch 0040/0049 | Cost: 1.7742
MAE/RMSE/Loss/Accuracy: | Current Valid: 0.82/1.28/2.25/45.66% Ep. 66 | Best Valid : 0.64/1.02/2.06/52.29% Ep. 60
Time elapsed: 22.49 min
Epoch: 067/200 | Batch 0000/0049 | Cost: 1.6875
Epoch: 067/200 | Batch 0010/0049 | Cost: 1.8494
Epoch: 067/200 | Batch 0020/0049 | Cost: 1.7453
Epoch: 067/200 | Batch 0030/0049 | Cost: 1.8039
Epoch: 067/200 | Batch 0040/0049 | Cost: 1.7273
MAE/RMSE/Loss/Accuracy: | Current Valid: 0.75/1.18/2.16/48.27% Ep. 67 | Best Valid : 0.64/1.02/2.06/52.29% Ep. 60
Time elapsed: 22.84 min
Epoch: 068/200 | Batch 0000/0049 | Cost: 1.7344
Epoch: 068/200 | Batch 0010/0049 | Cost: 1.8248
Epoch: 068/200 | Batch 0020/0049 | Cost: 1.8126
Epoch: 068/200 | Batch 0030/0049 | Cost: 1.8188
Epoch: 068/200 | Batch 0040/0049 | Cost: 1.8934
MAE/RMSE/Loss/Accuracy: | Current Valid: 0.78/1.22/2.17/48.20% Ep. 68 | Best Valid : 0.64/1.02/2.06/52.29% Ep. 60
Time elapsed: 23.20 min
Epoch: 069/200 | Batch 0000/0049 | Cost: 1.7174
Epoch: 069/200 | Batch 0010/0049 | Cost: 1.8638
Epoch: 069/200 | Batch 0020/0049 | Cost: 1.9440
Epoch: 069/200 | Batch 0030/0049 | Cost: 1.8302
Epoch: 069/200 | Batch 0040/0049 | Cost: 1.8585
MAE/RMSE/Loss/Accuracy: | Current Valid: 0.88/1.35/2.38/44.53% Ep. 69 | Best Valid : 0.64/1.02/2.06/52.29% Ep. 60
Time elapsed: 23.55 min
Epoch: 070/200 | Batch 0000/0049 | Cost: 1.7646
Epoch: 070/200 | Batch 0010/0049 | Cost: 1.6899
Epoch: 070/200 | Batch 0020/0049 | Cost: 1.6883
Epoch: 070/200 | Batch 0030/0049 | Cost: 1.7279
Epoch: 070/200 | Batch 0040/0049 | Cost: 1.7342
MAE/RMSE/Loss/Accuracy: | Current Valid: 0.71/1.14/2.06/49.96% Ep. 70 | Best Valid : 0.64/1.02/2.06/52.29% Ep. 60
Time elapsed: 23.91 min
Epoch: 071/200 | Batch 0000/0049 | Cost: 1.7363
Epoch: 071/200 | Batch 0010/0049 | Cost: 1.7182
Epoch: 071/200 | Batch 0020/0049 | Cost: 1.7349
Epoch: 071/200 | Batch 0030/0049 | Cost: 1.6284
Epoch: 071/200 | Batch 0040/0049 | Cost: 1.7185
MAE/RMSE/Loss/Accuracy: | Current Valid: 0.65/1.04/2.03/52.15% Ep. 71 | Best Valid : 0.64/1.02/2.06/52.29% Ep. 60
Time elapsed: 24.26 min
Epoch: 072/200 | Batch 0000/0049 | Cost: 1.7198
Epoch: 072/200 | Batch 0010/0049 | Cost: 1.7248
Epoch: 072/200 | Batch 0020/0049 | Cost: 1.6163
Epoch: 072/200 | Batch 0030/0049 | Cost: 1.6316
Epoch: 072/200 | Batch 0040/0049 | Cost: 1.6776
MAE/RMSE/Loss/Accuracy: | Current Valid: 0.60/1.00/1.97/54.34% Ep. 72 | Best Valid : 0.60/1.00/1.97/54.34% Ep. 72
Time elapsed: 24.62 min
Epoch: 073/200 | Batch 0000/0049 | Cost: 1.7151
Epoch: 073/200 | Batch 0010/0049 | Cost: 1.6444
Epoch: 073/200 | Batch 0020/0049 | Cost: 1.7410
Epoch: 073/200 | Batch 0030/0049 | Cost: 1.6690
Epoch: 073/200 | Batch 0040/0049 | Cost: 1.6250
MAE/RMSE/Loss/Accuracy: | Current Valid: 0.64/1.07/1.98/53.00% Ep. 73 | Best Valid : 0.60/1.00/1.97/54.34% Ep. 72
Time elapsed: 24.97 min
Epoch: 074/200 | Batch 0000/0049 | Cost: 1.6768
Epoch: 074/200 | Batch 0010/0049 | Cost: 1.5891
Epoch: 074/200 | Batch 0020/0049 | Cost: 1.6661
Epoch: 074/200 | Batch 0030/0049 | Cost: 1.6739
Epoch: 074/200 | Batch 0040/0049 | Cost: 1.5793
MAE/RMSE/Loss/Accuracy: | Current Valid: 0.63/1.06/2.00/53.63% Ep. 74 | Best Valid : 0.60/1.00/1.97/54.34% Ep. 72
Time elapsed: 25.32 min
Epoch: 075/200 | Batch 0000/0049 | Cost: 1.6104
Epoch: 075/200 | Batch 0010/0049 | Cost: 1.6246
Epoch: 075/200 | Batch 0020/0049 | Cost: 1.5405
Epoch: 075/200 | Batch 0030/0049 | Cost: 1.6190
Epoch: 075/200 | Batch 0040/0049 | Cost: 1.5063
MAE/RMSE/Loss/Accuracy: | Current Valid: 0.63/1.02/1.95/52.43% Ep. 75 | Best Valid : 0.60/1.00/1.97/54.34% Ep. 72
Time elapsed: 25.68 min
Epoch: 076/200 | Batch 0000/0049 | Cost: 1.5655
Epoch: 076/200 | Batch 0010/0049 | Cost: 1.5324
Epoch: 076/200 | Batch 0020/0049 | Cost: 1.5634
Epoch: 076/200 | Batch 0030/0049 | Cost: 1.5891
Epoch: 076/200 | Batch 0040/0049 | Cost: 1.5756
MAE/RMSE/Loss/Accuracy: | Current Valid: 0.57/0.97/1.90/56.53% Ep. 76 | Best Valid : 0.57/0.97/1.90/56.53% Ep. 76
Time elapsed: 26.04 min
Epoch: 077/200 | Batch 0000/0049 | Cost: 1.5222
Epoch: 077/200 | Batch 0010/0049 | Cost: 1.6232
Epoch: 077/200 | Batch 0020/0049 | Cost: 1.6007
Epoch: 077/200 | Batch 0030/0049 | Cost: 1.5715
Epoch: 077/200 | Batch 0040/0049 | Cost: 1.5506
MAE/RMSE/Loss/Accuracy: | Current Valid: 0.58/0.97/1.89/55.68% Ep. 77 | Best Valid : 0.57/0.97/1.90/56.53% Ep. 76
Time elapsed: 26.39 min
Epoch: 078/200 | Batch 0000/0049 | Cost: 1.5886
Epoch: 078/200 | Batch 0010/0049 | Cost: 1.6051
Epoch: 078/200 | Batch 0020/0049 | Cost: 1.5939
Epoch: 078/200 | Batch 0030/0049 | Cost: 1.4828
Epoch: 078/200 | Batch 0040/0049 | Cost: 1.5546
MAE/RMSE/Loss/Accuracy: | Current Valid: 0.55/0.95/1.87/57.59% Ep. 78 | Best Valid : 0.55/0.95/1.87/57.59% Ep. 78
Time elapsed: 26.75 min
Epoch: 079/200 | Batch 0000/0049 | Cost: 1.5299
Epoch: 079/200 | Batch 0010/0049 | Cost: 1.6495
Epoch: 079/200 | Batch 0020/0049 | Cost: 1.6137
Epoch: 079/200 | Batch 0030/0049 | Cost: 1.5704
Epoch: 079/200 | Batch 0040/0049 | Cost: 1.5525
MAE/RMSE/Loss/Accuracy: | Current Valid: 0.59/0.99/1.93/56.10% Ep. 79 | Best Valid : 0.55/0.95/1.87/57.59% Ep. 78
Time elapsed: 27.10 min
Epoch: 080/200 | Batch 0000/0049 | Cost: 1.5408
Epoch: 080/200 | Batch 0010/0049 | Cost: 1.5272
Epoch: 080/200 | Batch 0020/0049 | Cost: 1.5654
Epoch: 080/200 | Batch 0030/0049 | Cost: 1.5960
Epoch: 080/200 | Batch 0040/0049 | Cost: 1.5274
MAE/RMSE/Loss/Accuracy: | Current Valid: 0.56/0.97/1.90/57.45% Ep. 80 | Best Valid : 0.55/0.95/1.87/57.59% Ep. 78
Time elapsed: 27.46 min
Epoch: 081/200 | Batch 0000/0049 | Cost: 1.5821
Epoch: 081/200 | Batch 0010/0049 | Cost: 1.5361
Epoch: 081/200 | Batch 0020/0049 | Cost: 1.6684
Epoch: 081/200 | Batch 0030/0049 | Cost: 1.5960
Epoch: 081/200 | Batch 0040/0049 | Cost: 1.5771
MAE/RMSE/Loss/Accuracy: | Current Valid: 0.62/1.04/1.91/54.27% Ep. 81 | Best Valid : 0.55/0.95/1.87/57.59% Ep. 78
Time elapsed: 27.81 min
Epoch: 082/200 | Batch 0000/0049 | Cost: 1.5630
Epoch: 082/200 | Batch 0010/0049 | Cost: 1.6012
Epoch: 082/200 | Batch 0020/0049 | Cost: 1.5248
Epoch: 082/200 | Batch 0030/0049 | Cost: 1.5423
Epoch: 082/200 | Batch 0040/0049 | Cost: 1.4470
MAE/RMSE/Loss/Accuracy: | Current Valid: 0.61/1.00/1.91/54.41% Ep. 82 | Best Valid : 0.55/0.95/1.87/57.59% Ep. 78
Time elapsed: 28.17 min
Epoch: 083/200 | Batch 0000/0049 | Cost: 1.5619
Epoch: 083/200 | Batch 0010/0049 | Cost: 1.5498
Epoch: 083/200 | Batch 0020/0049 | Cost: 1.5480
Epoch: 083/200 | Batch 0030/0049 | Cost: 1.4915
Epoch: 083/200 | Batch 0040/0049 | Cost: 1.4968
MAE/RMSE/Loss/Accuracy: | Current Valid: 0.58/0.99/1.86/56.46% Ep. 83 | Best Valid : 0.55/0.95/1.87/57.59% Ep. 78
Time elapsed: 28.52 min
Epoch: 084/200 | Batch 0000/0049 | Cost: 1.4901
Epoch: 084/200 | Batch 0010/0049 | Cost: 1.5258
Epoch: 084/200 | Batch 0020/0049 | Cost: 1.5335
Epoch: 084/200 | Batch 0030/0049 | Cost: 1.6273
Epoch: 084/200 | Batch 0040/0049 | Cost: 1.5528
MAE/RMSE/Loss/Accuracy: | Current Valid: 0.63/1.03/1.93/54.06% Ep. 84 | Best Valid : 0.55/0.95/1.87/57.59% Ep. 78
Time elapsed: 28.88 min
Epoch: 085/200 | Batch 0000/0049 | Cost: 1.5597
Epoch: 085/200 | Batch 0010/0049 | Cost: 1.4576
Epoch: 085/200 | Batch 0020/0049 | Cost: 1.5284
Epoch: 085/200 | Batch 0030/0049 | Cost: 1.6738
Epoch: 085/200 | Batch 0040/0049 | Cost: 1.5265
MAE/RMSE/Loss/Accuracy: | Current Valid: 0.59/0.97/1.84/54.98% Ep. 85 | Best Valid : 0.55/0.95/1.87/57.59% Ep. 78
Time elapsed: 29.23 min
Epoch: 086/200 | Batch 0000/0049 | Cost: 1.6357
Epoch: 086/200 | Batch 0010/0049 | Cost: 1.5344
Epoch: 086/200 | Batch 0020/0049 | Cost: 1.4703
Epoch: 086/200 | Batch 0030/0049 | Cost: 1.5064
Epoch: 086/200 | Batch 0040/0049 | Cost: 1.5060
MAE/RMSE/Loss/Accuracy: | Current Valid: 0.62/1.01/1.87/53.49% Ep. 86 | Best Valid : 0.55/0.95/1.87/57.59% Ep. 78
Time elapsed: 29.59 min
Epoch: 087/200 | Batch 0000/0049 | Cost: 1.4373
Epoch: 087/200 | Batch 0010/0049 | Cost: 1.5616
Epoch: 087/200 | Batch 0020/0049 | Cost: 1.4966
Epoch: 087/200 | Batch 0030/0049 | Cost: 1.4715
Epoch: 087/200 | Batch 0040/0049 | Cost: 1.4114
MAE/RMSE/Loss/Accuracy: | Current Valid: 0.59/0.97/1.82/54.98% Ep. 87 | Best Valid : 0.55/0.95/1.87/57.59% Ep. 78
Time elapsed: 29.94 min
Epoch: 088/200 | Batch 0000/0049 | Cost: 1.5125
Epoch: 088/200 | Batch 0010/0049 | Cost: 1.4066
Epoch: 088/200 | Batch 0020/0049 | Cost: 1.5093
Epoch: 088/200 | Batch 0030/0049 | Cost: 1.4849
Epoch: 088/200 | Batch 0040/0049 | Cost: 1.3834
MAE/RMSE/Loss/Accuracy: | Current Valid: 0.56/0.96/1.84/58.01% Ep. 88 | Best Valid : 0.55/0.95/1.87/57.59% Ep. 78
Time elapsed: 30.30 min
Epoch: 089/200 | Batch 0000/0049 | Cost: 1.4839
Epoch: 089/200 | Batch 0010/0049 | Cost: 1.4882
Epoch: 089/200 | Batch 0020/0049 | Cost: 1.5655
Epoch: 089/200 | Batch 0030/0049 | Cost: 1.4825
Epoch: 089/200 | Batch 0040/0049 | Cost: 1.5956
MAE/RMSE/Loss/Accuracy: | Current Valid: 0.64/1.10/1.93/54.62% Ep. 89 | Best Valid : 0.55/0.95/1.87/57.59% Ep. 78
Time elapsed: 30.65 min
Epoch: 090/200 | Batch 0000/0049 | Cost: 1.4694
Epoch: 090/200 | Batch 0010/0049 | Cost: 1.5439
Epoch: 090/200 | Batch 0020/0049 | Cost: 1.5469
Epoch: 090/200 | Batch 0030/0049 | Cost: 1.5217
Epoch: 090/200 | Batch 0040/0049 | Cost: 1.6022
MAE/RMSE/Loss/Accuracy: | Current Valid: 0.60/1.04/1.90/56.67% Ep. 90 | Best Valid : 0.55/0.95/1.87/57.59% Ep. 78
Time elapsed: 31.00 min
Epoch: 091/200 | Batch 0000/0049 | Cost: 1.4649
Epoch: 091/200 | Batch 0010/0049 | Cost: 1.4968
Epoch: 091/200 | Batch 0020/0049 | Cost: 1.4591
Epoch: 091/200 | Batch 0030/0049 | Cost: 1.5471
Epoch: 091/200 | Batch 0040/0049 | Cost: 1.5130
MAE/RMSE/Loss/Accuracy: | Current Valid: 0.62/1.05/1.87/54.83% Ep. 91 | Best Valid : 0.55/0.95/1.87/57.59% Ep. 78
Time elapsed: 31.36 min
Epoch: 092/200 | Batch 0000/0049 | Cost: 1.4631
Epoch: 092/200 | Batch 0010/0049 | Cost: 1.5152
Epoch: 092/200 | Batch 0020/0049 | Cost: 1.5280
Epoch: 092/200 | Batch 0030/0049 | Cost: 1.4378
Epoch: 092/200 | Batch 0040/0049 | Cost: 1.4576
MAE/RMSE/Loss/Accuracy: | Current Valid: 0.62/1.04/1.86/54.98% Ep. 92 | Best Valid : 0.55/0.95/1.87/57.59% Ep. 78
Time elapsed: 31.71 min
Epoch: 093/200 | Batch 0000/0049 | Cost: 1.4514
Epoch: 093/200 | Batch 0010/0049 | Cost: 1.4356
Epoch: 093/200 | Batch 0020/0049 | Cost: 1.4944
Epoch: 093/200 | Batch 0030/0049 | Cost: 1.4707
Epoch: 093/200 | Batch 0040/0049 | Cost: 1.4371
MAE/RMSE/Loss/Accuracy: | Current Valid: 0.59/0.99/1.80/55.47% Ep. 93 | Best Valid : 0.55/0.95/1.87/57.59% Ep. 78
Time elapsed: 32.07 min
Epoch: 094/200 | Batch 0000/0049 | Cost: 1.6899
Epoch: 094/200 | Batch 0010/0049 | Cost: 1.5055
Epoch: 094/200 | Batch 0020/0049 | Cost: 1.3634
Epoch: 094/200 | Batch 0030/0049 | Cost: 1.3627
Epoch: 094/200 | Batch 0040/0049 | Cost: 1.3613
MAE/RMSE/Loss/Accuracy: | Current Valid: 0.61/1.00/1.83/53.78% Ep. 94 | Best Valid : 0.55/0.95/1.87/57.59% Ep. 78
Time elapsed: 32.42 min
Epoch: 095/200 | Batch 0000/0049 | Cost: 1.4185
Epoch: 095/200 | Batch 0010/0049 | Cost: 1.3097
Epoch: 095/200 | Batch 0020/0049 | Cost: 1.3805
Epoch: 095/200 | Batch 0030/0049 | Cost: 1.4453
Epoch: 095/200 | Batch 0040/0049 | Cost: 1.3536
MAE/RMSE/Loss/Accuracy: | Current Valid: 0.58/0.99/1.77/55.89% Ep. 95 | Best Valid : 0.55/0.95/1.87/57.59% Ep. 78
Time elapsed: 32.78 min
Epoch: 096/200 | Batch 0000/0049 | Cost: 1.4231
Epoch: 096/200 | Batch 0010/0049 | Cost: 1.4025
Epoch: 096/200 | Batch 0020/0049 | Cost: 1.3764
Epoch: 096/200 | Batch 0030/0049 | Cost: 1.4188
Epoch: 096/200 | Batch 0040/0049 | Cost: 1.4490
MAE/RMSE/Loss/Accuracy: | Current Valid: 0.52/0.92/1.74/59.63% Ep. 96 | Best Valid : 0.52/0.92/1.74/59.63% Ep. 96
Time elapsed: 33.13 min
Epoch: 097/200 | Batch 0000/0049 | Cost: 1.4172
Epoch: 097/200 | Batch 0010/0049 | Cost: 1.3791
Epoch: 097/200 | Batch 0020/0049 | Cost: 1.3674
Epoch: 097/200 | Batch 0030/0049 | Cost: 1.3202
Epoch: 097/200 | Batch 0040/0049 | Cost: 1.4076
MAE/RMSE/Loss/Accuracy: | Current Valid: 0.53/0.92/1.72/59.28% Ep. 97 | Best Valid : 0.52/0.92/1.74/59.63% Ep. 96
Time elapsed: 33.49 min
Epoch: 098/200 | Batch 0000/0049 | Cost: 1.3587
Epoch: 098/200 | Batch 0010/0049 | Cost: 1.3088
Epoch: 098/200 | Batch 0020/0049 | Cost: 1.3846
Epoch: 098/200 | Batch 0030/0049 | Cost: 1.4277
Epoch: 098/200 | Batch 0040/0049 | Cost: 1.3641
MAE/RMSE/Loss/Accuracy: | Current Valid: 0.54/0.92/1.69/56.88% Ep. 98 | Best Valid : 0.52/0.92/1.74/59.63% Ep. 96
Time elapsed: 33.84 min
Epoch: 099/200 | Batch 0000/0049 | Cost: 1.3506
Epoch: 099/200 | Batch 0010/0049 | Cost: 1.2968
Epoch: 099/200 | Batch 0020/0049 | Cost: 1.3095
Epoch: 099/200 | Batch 0030/0049 | Cost: 1.3385
Epoch: 099/200 | Batch 0040/0049 | Cost: 1.3815
MAE/RMSE/Loss/Accuracy: | Current Valid: 0.54/0.92/1.71/58.08% Ep. 99 | Best Valid : 0.52/0.92/1.74/59.63% Ep. 96
Time elapsed: 34.20 min
Epoch: 100/200 | Batch 0000/0049 | Cost: 1.3382
Epoch: 100/200 | Batch 0010/0049 | Cost: 1.2883
Epoch: 100/200 | Batch 0020/0049 | Cost: 1.3227
Epoch: 100/200 | Batch 0030/0049 | Cost: 1.3245
Epoch: 100/200 | Batch 0040/0049 | Cost: 1.2651
MAE/RMSE/Loss/Accuracy: | Current Valid: 0.53/0.95/1.73/59.63% Ep. 100 | Best Valid : 0.52/0.92/1.74/59.63% Ep. 96
Time elapsed: 34.55 min
Epoch: 101/200 | Batch 0000/0049 | Cost: 1.3689
Epoch: 101/200 | Batch 0010/0049 | Cost: 1.2581
Epoch: 101/200 | Batch 0020/0049 | Cost: 1.3335
Epoch: 101/200 | Batch 0030/0049 | Cost: 1.3674
Epoch: 101/200 | Batch 0040/0049 | Cost: 1.3599
MAE/RMSE/Loss/Accuracy: | Current Valid: 0.55/0.93/1.68/56.39% Ep. 101 | Best Valid : 0.52/0.92/1.74/59.63% Ep. 96
Time elapsed: 34.91 min
Epoch: 102/200 | Batch 0000/0049 | Cost: 1.4314
Epoch: 102/200 | Batch 0010/0049 | Cost: 1.2797
Epoch: 102/200 | Batch 0020/0049 | Cost: 1.3355
Epoch: 102/200 | Batch 0030/0049 | Cost: 1.3843
Epoch: 102/200 | Batch 0040/0049 | Cost: 1.3710
MAE/RMSE/Loss/Accuracy: | Current Valid: 0.51/0.89/1.67/60.13% Ep. 102 | Best Valid : 0.51/0.89/1.67/60.13% Ep. 102
Time elapsed: 35.27 min
Epoch: 103/200 | Batch 0000/0049 | Cost: 1.2017
Epoch: 103/200 | Batch 0010/0049 | Cost: 1.2387
Epoch: 103/200 | Batch 0020/0049 | Cost: 1.2728
Epoch: 103/200 | Batch 0030/0049 | Cost: 1.3141
Epoch: 103/200 | Batch 0040/0049 | Cost: 1.3585
MAE/RMSE/Loss/Accuracy: | Current Valid: 0.52/0.91/1.67/59.14% Ep. 103 | Best Valid : 0.51/0.89/1.67/60.13% Ep. 102
Time elapsed: 35.62 min
Epoch: 104/200 | Batch 0000/0049 | Cost: 1.3061
Epoch: 104/200 | Batch 0010/0049 | Cost: 1.2664
Epoch: 104/200 | Batch 0020/0049 | Cost: 1.2807
Epoch: 104/200 | Batch 0030/0049 | Cost: 1.3097
Epoch: 104/200 | Batch 0040/0049 | Cost: 1.2669
MAE/RMSE/Loss/Accuracy: | Current Valid: 0.49/0.89/1.68/62.03% Ep. 104 | Best Valid : 0.49/0.89/1.68/62.03% Ep. 104
Time elapsed: 35.98 min
Epoch: 105/200 | Batch 0000/0049 | Cost: 1.3025
Epoch: 105/200 | Batch 0010/0049 | Cost: 1.2938
Epoch: 105/200 | Batch 0020/0049 | Cost: 1.2723
Epoch: 105/200 | Batch 0030/0049 | Cost: 1.2981
Epoch: 105/200 | Batch 0040/0049 | Cost: 1.2557
MAE/RMSE/Loss/Accuracy: | Current Valid: 0.57/0.97/1.74/57.59% Ep. 105 | Best Valid : 0.49/0.89/1.68/62.03% Ep. 104
Time elapsed: 36.34 min
Epoch: 106/200 | Batch 0000/0049 | Cost: 1.3189
Epoch: 106/200 | Batch 0010/0049 | Cost: 1.3004
Epoch: 106/200 | Batch 0020/0049 | Cost: 1.2576
Epoch: 106/200 | Batch 0030/0049 | Cost: 1.2695
Epoch: 106/200 | Batch 0040/0049 | Cost: 1.3408
MAE/RMSE/Loss/Accuracy: | Current Valid: 0.52/0.93/1.68/60.69% Ep. 106 | Best Valid : 0.49/0.89/1.68/62.03% Ep. 104
Time elapsed: 36.69 min
Epoch: 107/200 | Batch 0000/0049 | Cost: 1.2947
Epoch: 107/200 | Batch 0010/0049 | Cost: 1.2950
Epoch: 107/200 | Batch 0020/0049 | Cost: 1.2667
Epoch: 107/200 | Batch 0030/0049 | Cost: 1.4532
Epoch: 107/200 | Batch 0040/0049 | Cost: 1.4206
MAE/RMSE/Loss/Accuracy: | Current Valid: 0.72/1.16/1.93/51.31% Ep. 107 | Best Valid : 0.49/0.89/1.68/62.03% Ep. 104
Time elapsed: 37.05 min
Epoch: 108/200 | Batch 0000/0049 | Cost: 1.4891
Epoch: 108/200 | Batch 0010/0049 | Cost: 1.4667
Epoch: 108/200 | Batch 0020/0049 | Cost: 1.4094
Epoch: 108/200 | Batch 0030/0049 | Cost: 1.4309
Epoch: 108/200 | Batch 0040/0049 | Cost: 1.3866
MAE/RMSE/Loss/Accuracy: | Current Valid: 0.62/1.03/1.81/54.83% Ep. 108 | Best Valid : 0.49/0.89/1.68/62.03% Ep. 104
Time elapsed: 37.41 min
Epoch: 109/200 | Batch 0000/0049 | Cost: 1.3356
Epoch: 109/200 | Batch 0010/0049 | Cost: 1.4035
Epoch: 109/200 | Batch 0020/0049 | Cost: 1.3664
Epoch: 109/200 | Batch 0030/0049 | Cost: 1.3534
Epoch: 109/200 | Batch 0040/0049 | Cost: 1.3932
MAE/RMSE/Loss/Accuracy: | Current Valid: 0.55/0.93/1.68/57.37% Ep. 109 | Best Valid : 0.49/0.89/1.68/62.03% Ep. 104
Time elapsed: 37.76 min
Epoch: 110/200 | Batch 0000/0049 | Cost: 1.3086
Epoch: 110/200 | Batch 0010/0049 | Cost: 1.3648
Epoch: 110/200 | Batch 0020/0049 | Cost: 1.2910
Epoch: 110/200 | Batch 0030/0049 | Cost: 1.3327
Epoch: 110/200 | Batch 0040/0049 | Cost: 1.2468
MAE/RMSE/Loss/Accuracy: | Current Valid: 0.59/1.02/1.77/56.25% Ep. 110 | Best Valid : 0.49/0.89/1.68/62.03% Ep. 104
Time elapsed: 38.12 min
Epoch: 111/200 | Batch 0000/0049 | Cost: 1.2857
Epoch: 111/200 | Batch 0010/0049 | Cost: 1.3601
Epoch: 111/200 | Batch 0020/0049 | Cost: 1.2732
Epoch: 111/200 | Batch 0030/0049 | Cost: 1.3774
Epoch: 111/200 | Batch 0040/0049 | Cost: 1.2242
MAE/RMSE/Loss/Accuracy: | Current Valid: 0.55/0.95/1.66/58.79% Ep. 111 | Best Valid : 0.49/0.89/1.68/62.03% Ep. 104
Time elapsed: 38.48 min
Epoch: 112/200 | Batch 0000/0049 | Cost: 1.2961
Epoch: 112/200 | Batch 0010/0049 | Cost: 1.2131
Epoch: 112/200 | Batch 0020/0049 | Cost: 1.1835
Epoch: 112/200 | Batch 0030/0049 | Cost: 1.2544
Epoch: 112/200 | Batch 0040/0049 | Cost: 1.2691
MAE/RMSE/Loss/Accuracy: | Current Valid: 0.58/0.99/1.69/56.25% Ep. 112 | Best Valid : 0.49/0.89/1.68/62.03% Ep. 104
Time elapsed: 38.84 min
Epoch: 113/200 | Batch 0000/0049 | Cost: 1.2484
Epoch: 113/200 | Batch 0010/0049 | Cost: 1.2314
Epoch: 113/200 | Batch 0020/0049 | Cost: 1.3259
Epoch: 113/200 | Batch 0030/0049 | Cost: 1.3257
Epoch: 113/200 | Batch 0040/0049 | Cost: 1.3091
MAE/RMSE/Loss/Accuracy: | Current Valid: 0.54/0.98/1.68/60.41% Ep. 113 | Best Valid : 0.49/0.89/1.68/62.03% Ep. 104
Time elapsed: 39.19 min
Epoch: 114/200 | Batch 0000/0049 | Cost: 1.2803
Epoch: 114/200 | Batch 0010/0049 | Cost: 1.3269
Epoch: 114/200 | Batch 0020/0049 | Cost: 1.2993
Epoch: 114/200 | Batch 0030/0049 | Cost: 1.2281
Epoch: 114/200 | Batch 0040/0049 | Cost: 1.3020
MAE/RMSE/Loss/Accuracy: | Current Valid: 0.55/0.96/1.65/58.15% Ep. 114 | Best Valid : 0.49/0.89/1.68/62.03% Ep. 104
Time elapsed: 39.55 min
Epoch: 115/200 | Batch 0000/0049 | Cost: 1.2303
Epoch: 115/200 | Batch 0010/0049 | Cost: 1.3170
Epoch: 115/200 | Batch 0020/0049 | Cost: 1.3702
Epoch: 115/200 | Batch 0030/0049 | Cost: 1.2809
Epoch: 115/200 | Batch 0040/0049 | Cost: 1.2618
MAE/RMSE/Loss/Accuracy: | Current Valid: 0.51/0.92/1.64/61.26% Ep. 115 | Best Valid : 0.49/0.89/1.68/62.03% Ep. 104
Time elapsed: 39.91 min
Epoch: 116/200 | Batch 0000/0049 | Cost: 1.2475
Epoch: 116/200 | Batch 0010/0049 | Cost: 1.1937
Epoch: 116/200 | Batch 0020/0049 | Cost: 1.2269
Epoch: 116/200 | Batch 0030/0049 | Cost: 1.2083
Epoch: 116/200 | Batch 0040/0049 | Cost: 1.1971
MAE/RMSE/Loss/Accuracy: | Current Valid: 0.51/0.94/1.65/62.17% Ep. 116 | Best Valid : 0.49/0.89/1.68/62.03% Ep. 104
Time elapsed: 40.26 min
Epoch: 117/200 | Batch 0000/0049 | Cost: 1.2360
Epoch: 117/200 | Batch 0010/0049 | Cost: 1.1630
Epoch: 117/200 | Batch 0020/0049 | Cost: 1.1945
Epoch: 117/200 | Batch 0030/0049 | Cost: 1.2278
Epoch: 117/200 | Batch 0040/0049 | Cost: 1.1877
MAE/RMSE/Loss/Accuracy: | Current Valid: 0.54/0.92/1.62/57.73% Ep. 117 | Best Valid : 0.49/0.89/1.68/62.03% Ep. 104
Time elapsed: 40.62 min
Epoch: 118/200 | Batch 0000/0049 | Cost: 1.2649
Epoch: 118/200 | Batch 0010/0049 | Cost: 1.2211
Epoch: 118/200 | Batch 0020/0049 | Cost: 1.1499
Epoch: 118/200 | Batch 0030/0049 | Cost: 1.2099
Epoch: 118/200 | Batch 0040/0049 | Cost: 1.1916
MAE/RMSE/Loss/Accuracy: | Current Valid: 0.55/0.96/1.64/58.72% Ep. 118 | Best Valid : 0.49/0.89/1.68/62.03% Ep. 104
Time elapsed: 40.98 min
Epoch: 119/200 | Batch 0000/0049 | Cost: 1.1489
Epoch: 119/200 | Batch 0010/0049 | Cost: 1.2095
Epoch: 119/200 | Batch 0020/0049 | Cost: 1.1996
Epoch: 119/200 | Batch 0030/0049 | Cost: 1.2529
Epoch: 119/200 | Batch 0040/0049 | Cost: 1.2183
MAE/RMSE/Loss/Accuracy: | Current Valid: 0.55/0.94/1.62/57.66% Ep. 119 | Best Valid : 0.49/0.89/1.68/62.03% Ep. 104
Time elapsed: 41.33 min
Epoch: 120/200 | Batch 0000/0049 | Cost: 1.0892
Epoch: 120/200 | Batch 0010/0049 | Cost: 1.1225
Epoch: 120/200 | Batch 0020/0049 | Cost: 1.1806
Epoch: 120/200 | Batch 0030/0049 | Cost: 1.1848
Epoch: 120/200 | Batch 0040/0049 | Cost: 1.1670
MAE/RMSE/Loss/Accuracy: | Current Valid: 0.49/0.90/1.58/63.37% Ep. 120 | Best Valid : 0.49/0.90/1.58/63.37% Ep. 120
Time elapsed: 41.69 min
Epoch: 121/200 | Batch 0000/0049 | Cost: 1.1483
Epoch: 121/200 | Batch 0010/0049 | Cost: 1.1395
Epoch: 121/200 | Batch 0020/0049 | Cost: 1.1534
Epoch: 121/200 | Batch 0030/0049 | Cost: 1.1846
Epoch: 121/200 | Batch 0040/0049 | Cost: 1.1204
MAE/RMSE/Loss/Accuracy: | Current Valid: 0.51/0.92/1.57/61.47% Ep. 121 | Best Valid : 0.49/0.90/1.58/63.37% Ep. 120
Time elapsed: 42.05 min
Epoch: 122/200 | Batch 0000/0049 | Cost: 1.1265
Epoch: 122/200 | Batch 0010/0049 | Cost: 1.1703
Epoch: 122/200 | Batch 0020/0049 | Cost: 1.1863
Epoch: 122/200 | Batch 0030/0049 | Cost: 1.1746
Epoch: 122/200 | Batch 0040/0049 | Cost: 1.1179
MAE/RMSE/Loss/Accuracy: | Current Valid: 0.49/0.90/1.55/62.88% Ep. 122 | Best Valid : 0.49/0.90/1.58/63.37% Ep. 120
Time elapsed: 42.41 min
Epoch: 123/200 | Batch 0000/0049 | Cost: 1.1668
Epoch: 123/200 | Batch 0010/0049 | Cost: 1.1650
Epoch: 123/200 | Batch 0020/0049 | Cost: 1.1535
Epoch: 123/200 | Batch 0030/0049 | Cost: 1.1909
Epoch: 123/200 | Batch 0040/0049 | Cost: 1.1277
MAE/RMSE/Loss/Accuracy: | Current Valid: 0.49/0.91/1.57/62.60% Ep. 123 | Best Valid : 0.49/0.90/1.58/63.37% Ep. 120
Time elapsed: 42.76 min
Epoch: 124/200 | Batch 0000/0049 | Cost: 1.1618
Epoch: 124/200 | Batch 0010/0049 | Cost: 1.1950
Epoch: 124/200 | Batch 0020/0049 | Cost: 1.2196
Epoch: 124/200 | Batch 0030/0049 | Cost: 1.0814
Epoch: 124/200 | Batch 0040/0049 | Cost: 1.0935
MAE/RMSE/Loss/Accuracy: | Current Valid: 0.48/0.88/1.55/62.46% Ep. 124 | Best Valid : 0.48/0.88/1.55/62.46% Ep. 124
Time elapsed: 43.12 min
Epoch: 125/200 | Batch 0000/0049 | Cost: 1.0864
Epoch: 125/200 | Batch 0010/0049 | Cost: 1.1373
Epoch: 125/200 | Batch 0020/0049 | Cost: 1.1114
Epoch: 125/200 | Batch 0030/0049 | Cost: 1.1923
Epoch: 125/200 | Batch 0040/0049 | Cost: 1.1345
MAE/RMSE/Loss/Accuracy: | Current Valid: 0.47/0.89/1.54/64.08% Ep. 125 | Best Valid : 0.47/0.89/1.54/64.08% Ep. 125
Time elapsed: 43.48 min
Epoch: 126/200 | Batch 0000/0049 | Cost: 1.0644
Epoch: 126/200 | Batch 0010/0049 | Cost: 1.1431
Epoch: 126/200 | Batch 0020/0049 | Cost: 1.1491
Epoch: 126/200 | Batch 0030/0049 | Cost: 1.1425
Epoch: 126/200 | Batch 0040/0049 | Cost: 1.0797
MAE/RMSE/Loss/Accuracy: | Current Valid: 0.49/0.91/1.56/63.09% Ep. 126 | Best Valid : 0.47/0.89/1.54/64.08% Ep. 125
Time elapsed: 43.83 min
Epoch: 127/200 | Batch 0000/0049 | Cost: 1.1818
Epoch: 127/200 | Batch 0010/0049 | Cost: 1.0250
Epoch: 127/200 | Batch 0020/0049 | Cost: 1.1393
Epoch: 127/200 | Batch 0030/0049 | Cost: 1.1098
Epoch: 127/200 | Batch 0040/0049 | Cost: 1.1124
MAE/RMSE/Loss/Accuracy: | Current Valid: 0.50/0.91/1.55/61.47% Ep. 127 | Best Valid : 0.47/0.89/1.54/64.08% Ep. 125
Time elapsed: 44.19 min
Epoch: 128/200 | Batch 0000/0049 | Cost: 1.2065
Epoch: 128/200 | Batch 0010/0049 | Cost: 1.1516
Epoch: 128/200 | Batch 0020/0049 | Cost: 1.1076
Epoch: 128/200 | Batch 0030/0049 | Cost: 1.1015
Epoch: 128/200 | Batch 0040/0049 | Cost: 1.1549
MAE/RMSE/Loss/Accuracy: | Current Valid: 0.50/0.92/1.59/62.24% Ep. 128 | Best Valid : 0.47/0.89/1.54/64.08% Ep. 125
Time elapsed: 44.54 min
Epoch: 129/200 | Batch 0000/0049 | Cost: 1.1832
Epoch: 129/200 | Batch 0010/0049 | Cost: 1.1286
Epoch: 129/200 | Batch 0020/0049 | Cost: 1.1742
Epoch: 129/200 | Batch 0030/0049 | Cost: 1.0897
Epoch: 129/200 | Batch 0040/0049 | Cost: 1.1025
MAE/RMSE/Loss/Accuracy: | Current Valid: 0.57/1.00/1.63/58.15% Ep. 129 | Best Valid : 0.47/0.89/1.54/64.08% Ep. 125
Time elapsed: 44.90 min
Epoch: 130/200 | Batch 0000/0049 | Cost: 1.1087
Epoch: 130/200 | Batch 0010/0049 | Cost: 1.1336
Epoch: 130/200 | Batch 0020/0049 | Cost: 1.2112
Epoch: 130/200 | Batch 0030/0049 | Cost: 1.2042
Epoch: 130/200 | Batch 0040/0049 | Cost: 1.2888
MAE/RMSE/Loss/Accuracy: | Current Valid: 0.64/1.09/1.84/54.83% Ep. 130 | Best Valid : 0.47/0.89/1.54/64.08% Ep. 125
Time elapsed: 45.25 min
Epoch: 131/200 | Batch 0000/0049 | Cost: 1.2645
Epoch: 131/200 | Batch 0010/0049 | Cost: 1.1947
Epoch: 131/200 | Batch 0020/0049 | Cost: 1.2039
Epoch: 131/200 | Batch 0030/0049 | Cost: 1.1351
Epoch: 131/200 | Batch 0040/0049 | Cost: 1.1185
MAE/RMSE/Loss/Accuracy: | Current Valid: 0.65/1.11/1.85/54.55% Ep. 131 | Best Valid : 0.47/0.89/1.54/64.08% Ep. 125
Time elapsed: 45.61 min
Epoch: 132/200 | Batch 0000/0049 | Cost: 1.1779
Epoch: 132/200 | Batch 0010/0049 | Cost: 1.1297
Epoch: 132/200 | Batch 0020/0049 | Cost: 1.2156
Epoch: 132/200 | Batch 0030/0049 | Cost: 1.2429
Epoch: 132/200 | Batch 0040/0049 | Cost: 1.2075
MAE/RMSE/Loss/Accuracy: | Current Valid: 0.58/1.03/1.65/57.52% Ep. 132 | Best Valid : 0.47/0.89/1.54/64.08% Ep. 125
Time elapsed: 45.96 min
Epoch: 133/200 | Batch 0000/0049 | Cost: 1.1703
Epoch: 133/200 | Batch 0010/0049 | Cost: 1.1767
Epoch: 133/200 | Batch 0020/0049 | Cost: 1.1859
Epoch: 133/200 | Batch 0030/0049 | Cost: 1.2165
Epoch: 133/200 | Batch 0040/0049 | Cost: 1.1440
MAE/RMSE/Loss/Accuracy: | Current Valid: 0.55/0.96/1.61/58.22% Ep. 133 | Best Valid : 0.47/0.89/1.54/64.08% Ep. 125
Time elapsed: 46.32 min
Epoch: 134/200 | Batch 0000/0049 | Cost: 1.1228
Epoch: 134/200 | Batch 0010/0049 | Cost: 1.1090
Epoch: 134/200 | Batch 0020/0049 | Cost: 1.1365
Epoch: 134/200 | Batch 0030/0049 | Cost: 1.1833
Epoch: 134/200 | Batch 0040/0049 | Cost: 1.1162
MAE/RMSE/Loss/Accuracy: | Current Valid: 0.51/0.92/1.55/61.47% Ep. 134 | Best Valid : 0.47/0.89/1.54/64.08% Ep. 125
Time elapsed: 46.67 min
Epoch: 135/200 | Batch 0000/0049 | Cost: 1.0558
Epoch: 135/200 | Batch 0010/0049 | Cost: 1.0054
Epoch: 135/200 | Batch 0020/0049 | Cost: 1.0633
Epoch: 135/200 | Batch 0030/0049 | Cost: 1.0707
Epoch: 135/200 | Batch 0040/0049 | Cost: 1.0224
MAE/RMSE/Loss/Accuracy: | Current Valid: 0.49/0.91/1.52/63.37% Ep. 135 | Best Valid : 0.47/0.89/1.54/64.08% Ep. 125
Time elapsed: 47.03 min
Epoch: 136/200 | Batch 0000/0049 | Cost: 1.0852
Epoch: 136/200 | Batch 0010/0049 | Cost: 1.1213
Epoch: 136/200 | Batch 0020/0049 | Cost: 1.1008
Epoch: 136/200 | Batch 0030/0049 | Cost: 1.1151
Epoch: 136/200 | Batch 0040/0049 | Cost: 1.1099
MAE/RMSE/Loss/Accuracy: | Current Valid: 0.50/0.90/1.52/61.26% Ep. 136 | Best Valid : 0.47/0.89/1.54/64.08% Ep. 125
Time elapsed: 47.38 min
Epoch: 137/200 | Batch 0000/0049 | Cost: 1.0123
Epoch: 137/200 | Batch 0010/0049 | Cost: 1.0689
Epoch: 137/200 | Batch 0020/0049 | Cost: 1.0704
Epoch: 137/200 | Batch 0030/0049 | Cost: 1.0050
Epoch: 137/200 | Batch 0040/0049 | Cost: 1.0575
MAE/RMSE/Loss/Accuracy: | Current Valid: 0.49/0.90/1.52/63.16% Ep. 137 | Best Valid : 0.47/0.89/1.54/64.08% Ep. 125
Time elapsed: 47.74 min
Epoch: 138/200 | Batch 0000/0049 | Cost: 0.9937
Epoch: 138/200 | Batch 0010/0049 | Cost: 1.0823
Epoch: 138/200 | Batch 0020/0049 | Cost: 1.0945
Epoch: 138/200 | Batch 0030/0049 | Cost: 1.0711
Epoch: 138/200 | Batch 0040/0049 | Cost: 1.1179
MAE/RMSE/Loss/Accuracy: | Current Valid: 0.48/0.90/1.51/63.51% Ep. 138 | Best Valid : 0.47/0.89/1.54/64.08% Ep. 125
Time elapsed: 48.09 min
Epoch: 139/200 | Batch 0000/0049 | Cost: 1.0160
Epoch: 139/200 | Batch 0010/0049 | Cost: 1.0632
Epoch: 139/200 | Batch 0020/0049 | Cost: 1.0027
Epoch: 139/200 | Batch 0030/0049 | Cost: 1.1121
Epoch: 139/200 | Batch 0040/0049 | Cost: 1.0846
MAE/RMSE/Loss/Accuracy: | Current Valid: 0.53/0.92/1.53/59.49% Ep. 139 | Best Valid : 0.47/0.89/1.54/64.08% Ep. 125
Time elapsed: 48.45 min
Epoch: 140/200 | Batch 0000/0049 | Cost: 1.0500
Epoch: 140/200 | Batch 0010/0049 | Cost: 0.9777
Epoch: 140/200 | Batch 0020/0049 | Cost: 1.1405
Epoch: 140/200 | Batch 0030/0049 | Cost: 0.9907
Epoch: 140/200 | Batch 0040/0049 | Cost: 1.0388
MAE/RMSE/Loss/Accuracy: | Current Valid: 0.47/0.87/1.49/63.66% Ep. 140 | Best Valid : 0.47/0.89/1.54/64.08% Ep. 125
Time elapsed: 48.80 min
Epoch: 141/200 | Batch 0000/0049 | Cost: 1.0524
Epoch: 141/200 | Batch 0010/0049 | Cost: 1.0192
Epoch: 141/200 | Batch 0020/0049 | Cost: 1.0379
Epoch: 141/200 | Batch 0030/0049 | Cost: 1.0337
Epoch: 141/200 | Batch 0040/0049 | Cost: 1.0944
MAE/RMSE/Loss/Accuracy: | Current Valid: 0.53/0.95/1.56/60.27% Ep. 141 | Best Valid : 0.47/0.89/1.54/64.08% Ep. 125
Time elapsed: 49.16 min
Epoch: 142/200 | Batch 0000/0049 | Cost: 1.0795
Epoch: 142/200 | Batch 0010/0049 | Cost: 1.0691
Epoch: 142/200 | Batch 0020/0049 | Cost: 1.0775
Epoch: 142/200 | Batch 0030/0049 | Cost: 1.0261
Epoch: 142/200 | Batch 0040/0049 | Cost: 1.0317
MAE/RMSE/Loss/Accuracy: | Current Valid: 0.48/0.90/1.52/63.16% Ep. 142 | Best Valid : 0.47/0.89/1.54/64.08% Ep. 125
Time elapsed: 49.52 min
Epoch: 143/200 | Batch 0000/0049 | Cost: 1.1091
Epoch: 143/200 | Batch 0010/0049 | Cost: 1.0843
Epoch: 143/200 | Batch 0020/0049 | Cost: 1.0012
Epoch: 143/200 | Batch 0030/0049 | Cost: 1.0430
Epoch: 143/200 | Batch 0040/0049 | Cost: 1.0017
MAE/RMSE/Loss/Accuracy: | Current Valid: 0.49/0.90/1.53/63.16% Ep. 143 | Best Valid : 0.47/0.89/1.54/64.08% Ep. 125
Time elapsed: 49.87 min
Epoch: 144/200 | Batch 0000/0049 | Cost: 1.0198
Epoch: 144/200 | Batch 0010/0049 | Cost: 0.9614
Epoch: 144/200 | Batch 0020/0049 | Cost: 1.0294
Epoch: 144/200 | Batch 0030/0049 | Cost: 1.0742
Epoch: 144/200 | Batch 0040/0049 | Cost: 1.0441
MAE/RMSE/Loss/Accuracy: | Current Valid: 0.51/0.91/1.49/60.41% Ep. 144 | Best Valid : 0.47/0.89/1.54/64.08% Ep. 125
Time elapsed: 50.23 min
Epoch: 145/200 | Batch 0000/0049 | Cost: 0.9962
Epoch: 145/200 | Batch 0010/0049 | Cost: 1.0446
Epoch: 145/200 | Batch 0020/0049 | Cost: 1.0734
Epoch: 145/200 | Batch 0030/0049 | Cost: 1.0521
Epoch: 145/200 | Batch 0040/0049 | Cost: 1.0466
MAE/RMSE/Loss/Accuracy: | Current Valid: 0.53/0.96/1.63/60.62% Ep. 145 | Best Valid : 0.47/0.89/1.54/64.08% Ep. 125
Time elapsed: 50.59 min
Epoch: 146/200 | Batch 0000/0049 | Cost: 1.0715
Epoch: 146/200 | Batch 0010/0049 | Cost: 1.0161
Epoch: 146/200 | Batch 0020/0049 | Cost: 1.0719
Epoch: 146/200 | Batch 0030/0049 | Cost: 1.0343
Epoch: 146/200 | Batch 0040/0049 | Cost: 1.0489
MAE/RMSE/Loss/Accuracy: | Current Valid: 0.53/0.95/1.56/60.97% Ep. 146 | Best Valid : 0.47/0.89/1.54/64.08% Ep. 125
Time elapsed: 50.94 min
Epoch: 147/200 | Batch 0000/0049 | Cost: 1.0271
Epoch: 147/200 | Batch 0010/0049 | Cost: 1.0070
Epoch: 147/200 | Batch 0020/0049 | Cost: 0.9475
Epoch: 147/200 | Batch 0030/0049 | Cost: 1.0045
Epoch: 147/200 | Batch 0040/0049 | Cost: 1.0597
MAE/RMSE/Loss/Accuracy: | Current Valid: 0.47/0.87/1.45/63.59% Ep. 147 | Best Valid : 0.47/0.89/1.54/64.08% Ep. 125
Time elapsed: 51.30 min
Epoch: 148/200 | Batch 0000/0049 | Cost: 1.0339
Epoch: 148/200 | Batch 0010/0049 | Cost: 0.9463
Epoch: 148/200 | Batch 0020/0049 | Cost: 0.9856
Epoch: 148/200 | Batch 0030/0049 | Cost: 1.0055
Epoch: 148/200 | Batch 0040/0049 | Cost: 1.0411
MAE/RMSE/Loss/Accuracy: | Current Valid: 0.55/0.98/1.59/59.35% Ep. 148 | Best Valid : 0.47/0.89/1.54/64.08% Ep. 125
Time elapsed: 51.66 min
Epoch: 149/200 | Batch 0000/0049 | Cost: 1.0560
Epoch: 149/200 | Batch 0010/0049 | Cost: 0.9560
Epoch: 149/200 | Batch 0020/0049 | Cost: 1.0199
Epoch: 149/200 | Batch 0030/0049 | Cost: 0.9368
Epoch: 149/200 | Batch 0040/0049 | Cost: 1.0015
MAE/RMSE/Loss/Accuracy: | Current Valid: 0.49/0.91/1.49/63.66% Ep. 149 | Best Valid : 0.47/0.89/1.54/64.08% Ep. 125
Time elapsed: 52.01 min
Epoch: 150/200 | Batch 0000/0049 | Cost: 0.9869
Epoch: 150/200 | Batch 0010/0049 | Cost: 0.9518
Epoch: 150/200 | Batch 0020/0049 | Cost: 0.9924
Epoch: 150/200 | Batch 0030/0049 | Cost: 1.0437
Epoch: 150/200 | Batch 0040/0049 | Cost: 1.0264
MAE/RMSE/Loss/Accuracy: | Current Valid: 0.48/0.88/1.48/63.30% Ep. 150 | Best Valid : 0.47/0.89/1.54/64.08% Ep. 125
Time elapsed: 52.37 min
Epoch: 151/200 | Batch 0000/0049 | Cost: 1.0481
Epoch: 151/200 | Batch 0010/0049 | Cost: 0.9815
Epoch: 151/200 | Batch 0020/0049 | Cost: 1.0352
Epoch: 151/200 | Batch 0030/0049 | Cost: 0.9975
Epoch: 151/200 | Batch 0040/0049 | Cost: 1.0160
MAE/RMSE/Loss/Accuracy: | Current Valid: 0.47/0.87/1.48/63.66% Ep. 151 | Best Valid : 0.47/0.89/1.54/64.08% Ep. 125
Time elapsed: 52.73 min
Epoch: 152/200 | Batch 0000/0049 | Cost: 0.9769
Epoch: 152/200 | Batch 0010/0049 | Cost: 1.0149
Epoch: 152/200 | Batch 0020/0049 | Cost: 0.9200
Epoch: 152/200 | Batch 0030/0049 | Cost: 0.9786
Epoch: 152/200 | Batch 0040/0049 | Cost: 0.9689
MAE/RMSE/Loss/Accuracy: | Current Valid: 0.45/0.86/1.44/65.42% Ep. 152 | Best Valid : 0.45/0.86/1.44/65.42% Ep. 152
Time elapsed: 53.09 min
Epoch: 153/200 | Batch 0000/0049 | Cost: 0.9336
Epoch: 153/200 | Batch 0010/0049 | Cost: 0.9529
Epoch: 153/200 | Batch 0020/0049 | Cost: 0.9884
Epoch: 153/200 | Batch 0030/0049 | Cost: 1.0062
Epoch: 153/200 | Batch 0040/0049 | Cost: 0.9165
MAE/RMSE/Loss/Accuracy: | Current Valid: 0.46/0.86/1.44/64.57% Ep. 153 | Best Valid : 0.45/0.86/1.44/65.42% Ep. 152
Time elapsed: 53.44 min
Epoch: 154/200 | Batch 0000/0049 | Cost: 0.9935
Epoch: 154/200 | Batch 0010/0049 | Cost: 0.9348
Epoch: 154/200 | Batch 0020/0049 | Cost: 0.9353
Epoch: 154/200 | Batch 0030/0049 | Cost: 0.9992
Epoch: 154/200 | Batch 0040/0049 | Cost: 0.9882
MAE/RMSE/Loss/Accuracy: | Current Valid: 0.49/0.90/1.46/63.73% Ep. 154 | Best Valid : 0.45/0.86/1.44/65.42% Ep. 152
Time elapsed: 53.79 min
Epoch: 155/200 | Batch 0000/0049 | Cost: 0.9198
Epoch: 155/200 | Batch 0010/0049 | Cost: 0.9857
Epoch: 155/200 | Batch 0020/0049 | Cost: 0.9861
Epoch: 155/200 | Batch 0030/0049 | Cost: 0.9529
Epoch: 155/200 | Batch 0040/0049 | Cost: 0.9657
MAE/RMSE/Loss/Accuracy: | Current Valid: 0.49/0.89/1.45/62.95% Ep. 155 | Best Valid : 0.45/0.86/1.44/65.42% Ep. 152
Time elapsed: 54.15 min
Epoch: 156/200 | Batch 0000/0049 | Cost: 1.0004
Epoch: 156/200 | Batch 0010/0049 | Cost: 0.9850
Epoch: 156/200 | Batch 0020/0049 | Cost: 0.9540
Epoch: 156/200 | Batch 0030/0049 | Cost: 0.9747
Epoch: 156/200 | Batch 0040/0049 | Cost: 0.9969
MAE/RMSE/Loss/Accuracy: | Current Valid: 0.47/0.87/1.42/63.94% Ep. 156 | Best Valid : 0.45/0.86/1.44/65.42% Ep. 152
Time elapsed: 54.50 min
Epoch: 157/200 | Batch 0000/0049 | Cost: 0.9740
Epoch: 157/200 | Batch 0010/0049 | Cost: 0.9632
Epoch: 157/200 | Batch 0020/0049 | Cost: 0.9541
Epoch: 157/200 | Batch 0030/0049 | Cost: 0.9193
Epoch: 157/200 | Batch 0040/0049 | Cost: 0.9389
MAE/RMSE/Loss/Accuracy: | Current Valid: 0.46/0.88/1.43/64.78% Ep. 157 | Best Valid : 0.45/0.86/1.44/65.42% Ep. 152
Time elapsed: 54.86 min
Epoch: 158/200 | Batch 0000/0049 | Cost: 0.8967
Epoch: 158/200 | Batch 0010/0049 | Cost: 0.9310
Epoch: 158/200 | Batch 0020/0049 | Cost: 1.0041
Epoch: 158/200 | Batch 0030/0049 | Cost: 0.9947
Epoch: 158/200 | Batch 0040/0049 | Cost: 0.9383
MAE/RMSE/Loss/Accuracy: | Current Valid: 0.45/0.86/1.40/65.28% Ep. 158 | Best Valid : 0.45/0.86/1.40/65.28% Ep. 158
Time elapsed: 55.22 min
Epoch: 159/200 | Batch 0000/0049 | Cost: 0.9730
Epoch: 159/200 | Batch 0010/0049 | Cost: 1.0059
Epoch: 159/200 | Batch 0020/0049 | Cost: 0.8952
Epoch: 159/200 | Batch 0030/0049 | Cost: 0.9531
Epoch: 159/200 | Batch 0040/0049 | Cost: 0.9611
MAE/RMSE/Loss/Accuracy: | Current Valid: 0.42/0.84/1.41/68.31% Ep. 159 | Best Valid : 0.42/0.84/1.41/68.31% Ep. 159
Time elapsed: 55.57 min
Epoch: 160/200 | Batch 0000/0049 | Cost: 0.9078
Epoch: 160/200 | Batch 0010/0049 | Cost: 0.9355
Epoch: 160/200 | Batch 0020/0049 | Cost: 0.8685
Epoch: 160/200 | Batch 0030/0049 | Cost: 0.8978
Epoch: 160/200 | Batch 0040/0049 | Cost: 0.9481
MAE/RMSE/Loss/Accuracy: | Current Valid: 0.45/0.86/1.42/66.13% Ep. 160 | Best Valid : 0.42/0.84/1.41/68.31% Ep. 159
Time elapsed: 55.93 min
Epoch: 161/200 | Batch 0000/0049 | Cost: 0.9184
Epoch: 161/200 | Batch 0010/0049 | Cost: 0.9625
Epoch: 161/200 | Batch 0020/0049 | Cost: 0.9106
Epoch: 161/200 | Batch 0030/0049 | Cost: 0.9447
Epoch: 161/200 | Batch 0040/0049 | Cost: 0.9803
MAE/RMSE/Loss/Accuracy: | Current Valid: 0.45/0.87/1.44/65.77% Ep. 161 | Best Valid : 0.42/0.84/1.41/68.31% Ep. 159
Time elapsed: 56.28 min
Epoch: 162/200 | Batch 0000/0049 | Cost: 0.8852
Epoch: 162/200 | Batch 0010/0049 | Cost: 0.8974
Epoch: 162/200 | Batch 0020/0049 | Cost: 0.8883
Epoch: 162/200 | Batch 0030/0049 | Cost: 0.8677
Epoch: 162/200 | Batch 0040/0049 | Cost: 1.0012
MAE/RMSE/Loss/Accuracy: | Current Valid: 0.46/0.86/1.43/65.21% Ep. 162 | Best Valid : 0.42/0.84/1.41/68.31% Ep. 159
Time elapsed: 56.64 min
Epoch: 163/200 | Batch 0000/0049 | Cost: 0.8991
Epoch: 163/200 | Batch 0010/0049 | Cost: 0.9208
Epoch: 163/200 | Batch 0020/0049 | Cost: 0.9513
Epoch: 163/200 | Batch 0030/0049 | Cost: 0.8992
Epoch: 163/200 | Batch 0040/0049 | Cost: 0.9113
MAE/RMSE/Loss/Accuracy: | Current Valid: 0.52/0.96/1.53/62.10% Ep. 163 | Best Valid : 0.42/0.84/1.41/68.31% Ep. 159
Time elapsed: 56.99 min
Epoch: 164/200 | Batch 0000/0049 | Cost: 0.9262
Epoch: 164/200 | Batch 0010/0049 | Cost: 0.9926
Epoch: 164/200 | Batch 0020/0049 | Cost: 0.8968
Epoch: 164/200 | Batch 0030/0049 | Cost: 0.9430
Epoch: 164/200 | Batch 0040/0049 | Cost: 0.9621
MAE/RMSE/Loss/Accuracy: | Current Valid: 0.52/0.95/1.50/61.26% Ep. 164 | Best Valid : 0.42/0.84/1.41/68.31% Ep. 159
Time elapsed: 57.34 min
Epoch: 165/200 | Batch 0000/0049 | Cost: 0.9275
Epoch: 165/200 | Batch 0010/0049 | Cost: 0.9080
Epoch: 165/200 | Batch 0020/0049 | Cost: 0.9369
Epoch: 165/200 | Batch 0030/0049 | Cost: 1.0050
Epoch: 165/200 | Batch 0040/0049 | Cost: 0.9473
MAE/RMSE/Loss/Accuracy: | Current Valid: 0.52/0.94/1.59/62.17% Ep. 165 | Best Valid : 0.42/0.84/1.41/68.31% Ep. 159
Time elapsed: 57.70 min
Epoch: 166/200 | Batch 0000/0049 | Cost: 0.9325
Epoch: 166/200 | Batch 0010/0049 | Cost: 0.9914
Epoch: 166/200 | Batch 0020/0049 | Cost: 0.9117
Epoch: 166/200 | Batch 0030/0049 | Cost: 0.9682
Epoch: 166/200 | Batch 0040/0049 | Cost: 1.0065
MAE/RMSE/Loss/Accuracy: | Current Valid: 0.59/1.00/1.59/56.46% Ep. 166 | Best Valid : 0.42/0.84/1.41/68.31% Ep. 159
Time elapsed: 58.05 min
Epoch: 167/200 | Batch 0000/0049 | Cost: 0.9543
Epoch: 167/200 | Batch 0010/0049 | Cost: 0.9581
Epoch: 167/200 | Batch 0020/0049 | Cost: 0.9257
Epoch: 167/200 | Batch 0030/0049 | Cost: 0.9202
Epoch: 167/200 | Batch 0040/0049 | Cost: 1.0160
MAE/RMSE/Loss/Accuracy: | Current Valid: 0.54/0.96/1.56/59.70% Ep. 167 | Best Valid : 0.42/0.84/1.41/68.31% Ep. 159
Time elapsed: 58.41 min
Epoch: 168/200 | Batch 0000/0049 | Cost: 0.9298
Epoch: 168/200 | Batch 0010/0049 | Cost: 0.9733
Epoch: 168/200 | Batch 0020/0049 | Cost: 1.0979
Epoch: 168/200 | Batch 0030/0049 | Cost: 0.9919
Epoch: 168/200 | Batch 0040/0049 | Cost: 0.9146
MAE/RMSE/Loss/Accuracy: | Current Valid: 1.05/1.55/2.70/40.44% Ep. 168 | Best Valid : 0.42/0.84/1.41/68.31% Ep. 159
Time elapsed: 58.76 min
Epoch: 169/200 | Batch 0000/0049 | Cost: 0.9964
Epoch: 169/200 | Batch 0010/0049 | Cost: 0.9900
Epoch: 169/200 | Batch 0020/0049 | Cost: 0.9702
Epoch: 169/200 | Batch 0030/0049 | Cost: 0.9152
Epoch: 169/200 | Batch 0040/0049 | Cost: 0.9554
MAE/RMSE/Loss/Accuracy: | Current Valid: 0.64/1.10/1.72/56.95% Ep. 169 | Best Valid : 0.42/0.84/1.41/68.31% Ep. 159
Time elapsed: 59.12 min
Epoch: 170/200 | Batch 0000/0049 | Cost: 0.9501
Epoch: 170/200 | Batch 0010/0049 | Cost: 0.8960
Epoch: 170/200 | Batch 0020/0049 | Cost: 0.8824
Epoch: 170/200 | Batch 0030/0049 | Cost: 0.9039
Epoch: 170/200 | Batch 0040/0049 | Cost: 0.8651
MAE/RMSE/Loss/Accuracy: | Current Valid: 0.47/0.91/1.46/65.56% Ep. 170 | Best Valid : 0.42/0.84/1.41/68.31% Ep. 159
Time elapsed: 59.47 min
Epoch: 171/200 | Batch 0000/0049 | Cost: 0.8843
Epoch: 171/200 | Batch 0010/0049 | Cost: 0.9020
Epoch: 171/200 | Batch 0020/0049 | Cost: 0.8930
Epoch: 171/200 | Batch 0030/0049 | Cost: 0.8787
Epoch: 171/200 | Batch 0040/0049 | Cost: 0.8881
MAE/RMSE/Loss/Accuracy: | Current Valid: 0.42/0.85/1.41/69.09% Ep. 171 | Best Valid : 0.42/0.84/1.41/68.31% Ep. 159
Time elapsed: 59.83 min
Epoch: 172/200 | Batch 0000/0049 | Cost: 0.8674
Epoch: 172/200 | Batch 0010/0049 | Cost: 0.9319
Epoch: 172/200 | Batch 0020/0049 | Cost: 0.8917
Epoch: 172/200 | Batch 0030/0049 | Cost: 0.8694
Epoch: 172/200 | Batch 0040/0049 | Cost: 0.8650
MAE/RMSE/Loss/Accuracy: | Current Valid: 0.46/0.87/1.39/65.42% Ep. 172 | Best Valid : 0.42/0.84/1.41/68.31% Ep. 159
Time elapsed: 60.18 min
Epoch: 173/200 | Batch 0000/0049 | Cost: 0.8583
Epoch: 173/200 | Batch 0010/0049 | Cost: 0.8484
Epoch: 173/200 | Batch 0020/0049 | Cost: 0.8497
Epoch: 173/200 | Batch 0030/0049 | Cost: 0.8323
Epoch: 173/200 | Batch 0040/0049 | Cost: 0.8400
MAE/RMSE/Loss/Accuracy: | Current Valid: 0.41/0.84/1.40/70.43% Ep. 173 | Best Valid : 0.41/0.84/1.40/70.43% Ep. 173
Time elapsed: 60.54 min
Epoch: 174/200 | Batch 0000/0049 | Cost: 0.8673
Epoch: 174/200 | Batch 0010/0049 | Cost: 0.8412
Epoch: 174/200 | Batch 0020/0049 | Cost: 0.8591
Epoch: 174/200 | Batch 0030/0049 | Cost: 0.8406
Epoch: 174/200 | Batch 0040/0049 | Cost: 0.8693
MAE/RMSE/Loss/Accuracy: | Current Valid: 0.43/0.86/1.38/68.45% Ep. 174 | Best Valid : 0.41/0.84/1.40/70.43% Ep. 173
Time elapsed: 60.89 min
Epoch: 175/200 | Batch 0000/0049 | Cost: 0.8875
Epoch: 175/200 | Batch 0010/0049 | Cost: 0.9045
Epoch: 175/200 | Batch 0020/0049 | Cost: 0.9266
Epoch: 175/200 | Batch 0030/0049 | Cost: 0.8764
Epoch: 175/200 | Batch 0040/0049 | Cost: 0.8377
MAE/RMSE/Loss/Accuracy: | Current Valid: 0.42/0.86/1.39/69.80% Ep. 175 | Best Valid : 0.41/0.84/1.40/70.43% Ep. 173
Time elapsed: 61.25 min
Epoch: 176/200 | Batch 0000/0049 | Cost: 0.8591
Epoch: 176/200 | Batch 0010/0049 | Cost: 0.8530
Epoch: 176/200 | Batch 0020/0049 | Cost: 0.8836
Epoch: 176/200 | Batch 0030/0049 | Cost: 0.8584
Epoch: 176/200 | Batch 0040/0049 | Cost: 0.8400
MAE/RMSE/Loss/Accuracy: | Current Valid: 0.42/0.83/1.40/69.02% Ep. 176 | Best Valid : 0.41/0.84/1.40/70.43% Ep. 173
Time elapsed: 61.60 min
Epoch: 177/200 | Batch 0000/0049 | Cost: 0.8511
Epoch: 177/200 | Batch 0010/0049 | Cost: 0.8488
Epoch: 177/200 | Batch 0020/0049 | Cost: 0.8725
Epoch: 177/200 | Batch 0030/0049 | Cost: 0.8618
Epoch: 177/200 | Batch 0040/0049 | Cost: 0.9281
MAE/RMSE/Loss/Accuracy: | Current Valid: 0.46/0.90/1.49/67.11% Ep. 177 | Best Valid : 0.41/0.84/1.40/70.43% Ep. 173
Time elapsed: 61.96 min
Epoch: 178/200 | Batch 0000/0049 | Cost: 0.8405
Epoch: 178/200 | Batch 0010/0049 | Cost: 0.8764
Epoch: 178/200 | Batch 0020/0049 | Cost: 0.8612
Epoch: 178/200 | Batch 0030/0049 | Cost: 0.8510
Epoch: 178/200 | Batch 0040/0049 | Cost: 0.9079
MAE/RMSE/Loss/Accuracy: | Current Valid: 0.42/0.87/1.42/70.29% Ep. 178 | Best Valid : 0.41/0.84/1.40/70.43% Ep. 173
Time elapsed: 62.31 min
Epoch: 179/200 | Batch 0000/0049 | Cost: 0.8963
Epoch: 179/200 | Batch 0010/0049 | Cost: 0.8814
Epoch: 179/200 | Batch 0020/0049 | Cost: 0.8606
Epoch: 179/200 | Batch 0030/0049 | Cost: 0.8362
Epoch: 179/200 | Batch 0040/0049 | Cost: 0.8466
MAE/RMSE/Loss/Accuracy: | Current Valid: 0.44/0.89/1.43/68.67% Ep. 179 | Best Valid : 0.41/0.84/1.40/70.43% Ep. 173
Time elapsed: 62.66 min
Epoch: 180/200 | Batch 0000/0049 | Cost: 0.8739
Epoch: 180/200 | Batch 0010/0049 | Cost: 0.8997
Epoch: 180/200 | Batch 0020/0049 | Cost: 0.8985
Epoch: 180/200 | Batch 0030/0049 | Cost: 0.8742
Epoch: 180/200 | Batch 0040/0049 | Cost: 0.9078
MAE/RMSE/Loss/Accuracy: | Current Valid: 0.47/0.91/1.48/65.63% Ep. 180 | Best Valid : 0.41/0.84/1.40/70.43% Ep. 173
Time elapsed: 63.02 min
Epoch: 181/200 | Batch 0000/0049 | Cost: 0.8588
Epoch: 181/200 | Batch 0010/0049 | Cost: 0.8620
Epoch: 181/200 | Batch 0020/0049 | Cost: 0.8346
Epoch: 181/200 | Batch 0030/0049 | Cost: 0.8561
Epoch: 181/200 | Batch 0040/0049 | Cost: 0.8616
MAE/RMSE/Loss/Accuracy: | Current Valid: 0.48/0.91/1.44/64.50% Ep. 181 | Best Valid : 0.41/0.84/1.40/70.43% Ep. 173
Time elapsed: 63.37 min
Epoch: 182/200 | Batch 0000/0049 | Cost: 0.8184
Epoch: 182/200 | Batch 0010/0049 | Cost: 0.8715
Epoch: 182/200 | Batch 0020/0049 | Cost: 0.8519
Epoch: 182/200 | Batch 0030/0049 | Cost: 0.8522
Epoch: 182/200 | Batch 0040/0049 | Cost: 0.8782
MAE/RMSE/Loss/Accuracy: | Current Valid: 0.41/0.86/1.39/70.08% Ep. 182 | Best Valid : 0.41/0.84/1.40/70.43% Ep. 173
Time elapsed: 63.73 min
Epoch: 183/200 | Batch 0000/0049 | Cost: 0.8170
Epoch: 183/200 | Batch 0010/0049 | Cost: 0.8349
Epoch: 183/200 | Batch 0020/0049 | Cost: 0.8376
Epoch: 183/200 | Batch 0030/0049 | Cost: 0.7960
Epoch: 183/200 | Batch 0040/0049 | Cost: 0.8395
MAE/RMSE/Loss/Accuracy: | Current Valid: 0.42/0.85/1.39/69.23% Ep. 183 | Best Valid : 0.41/0.84/1.40/70.43% Ep. 173
Time elapsed: 64.08 min
Epoch: 184/200 | Batch 0000/0049 | Cost: 0.8104
Epoch: 184/200 | Batch 0010/0049 | Cost: 0.8166
Epoch: 184/200 | Batch 0020/0049 | Cost: 0.8186
Epoch: 184/200 | Batch 0030/0049 | Cost: 0.8367
Epoch: 184/200 | Batch 0040/0049 | Cost: 0.8239
MAE/RMSE/Loss/Accuracy: | Current Valid: 0.40/0.84/1.38/71.00% Ep. 184 | Best Valid : 0.40/0.84/1.38/71.00% Ep. 184
Time elapsed: 64.44 min
Epoch: 185/200 | Batch 0000/0049 | Cost: 0.8290
Epoch: 185/200 | Batch 0010/0049 | Cost: 0.8282
Epoch: 185/200 | Batch 0020/0049 | Cost: 0.8442
Epoch: 185/200 | Batch 0030/0049 | Cost: 0.8111
Epoch: 185/200 | Batch 0040/0049 | Cost: 0.8231
MAE/RMSE/Loss/Accuracy: | Current Valid: 0.46/0.89/1.40/65.63% Ep. 185 | Best Valid : 0.40/0.84/1.38/71.00% Ep. 184
Time elapsed: 64.79 min
Epoch: 186/200 | Batch 0000/0049 | Cost: 0.8108
Epoch: 186/200 | Batch 0010/0049 | Cost: 0.8321
Epoch: 186/200 | Batch 0020/0049 | Cost: 0.8321
Epoch: 186/200 | Batch 0030/0049 | Cost: 0.8313
Epoch: 186/200 | Batch 0040/0049 | Cost: 0.8053
MAE/RMSE/Loss/Accuracy: | Current Valid: 0.44/0.87/1.42/67.89% Ep. 186 | Best Valid : 0.40/0.84/1.38/71.00% Ep. 184
Time elapsed: 65.14 min
Epoch: 187/200 | Batch 0000/0049 | Cost: 0.7702
Epoch: 187/200 | Batch 0010/0049 | Cost: 0.8533
Epoch: 187/200 | Batch 0020/0049 | Cost: 0.7907
Epoch: 187/200 | Batch 0030/0049 | Cost: 0.8502
Epoch: 187/200 | Batch 0040/0049 | Cost: 0.8119
MAE/RMSE/Loss/Accuracy: | Current Valid: 0.48/0.95/1.59/66.83% Ep. 187 | Best Valid : 0.40/0.84/1.38/71.00% Ep. 184
Time elapsed: 65.50 min
Epoch: 188/200 | Batch 0000/0049 | Cost: 0.8064
Epoch: 188/200 | Batch 0010/0049 | Cost: 0.8498
Epoch: 188/200 | Batch 0020/0049 | Cost: 0.8139
Epoch: 188/200 | Batch 0030/0049 | Cost: 0.8609
Epoch: 188/200 | Batch 0040/0049 | Cost: 0.8466
MAE/RMSE/Loss/Accuracy: | Current Valid: 0.54/0.98/1.56/61.47% Ep. 188 | Best Valid : 0.40/0.84/1.38/71.00% Ep. 184
Time elapsed: 65.85 min
Epoch: 189/200 | Batch 0000/0049 | Cost: 0.9701
Epoch: 189/200 | Batch 0010/0049 | Cost: 0.9163
Epoch: 189/200 | Batch 0020/0049 | Cost: 0.8717
Epoch: 189/200 | Batch 0030/0049 | Cost: 0.8887
Epoch: 189/200 | Batch 0040/0049 | Cost: 0.8638
MAE/RMSE/Loss/Accuracy: | Current Valid: 0.49/0.92/1.48/63.94% Ep. 189 | Best Valid : 0.40/0.84/1.38/71.00% Ep. 184
Time elapsed: 66.21 min
Epoch: 190/200 | Batch 0000/0049 | Cost: 0.8519
Epoch: 190/200 | Batch 0010/0049 | Cost: 0.8319
Epoch: 190/200 | Batch 0020/0049 | Cost: 0.9179
Epoch: 190/200 | Batch 0030/0049 | Cost: 0.8591
Epoch: 190/200 | Batch 0040/0049 | Cost: 0.8279
MAE/RMSE/Loss/Accuracy: | Current Valid: 0.45/0.87/1.43/67.18% Ep. 190 | Best Valid : 0.40/0.84/1.38/71.00% Ep. 184
Time elapsed: 66.56 min
Epoch: 191/200 | Batch 0000/0049 | Cost: 0.8162
Epoch: 191/200 | Batch 0010/0049 | Cost: 0.9034
Epoch: 191/200 | Batch 0020/0049 | Cost: 0.8581
Epoch: 191/200 | Batch 0030/0049 | Cost: 0.8325
Epoch: 191/200 | Batch 0040/0049 | Cost: 0.8338
MAE/RMSE/Loss/Accuracy: | Current Valid: 0.42/0.84/1.36/68.45% Ep. 191 | Best Valid : 0.40/0.84/1.38/71.00% Ep. 184
Time elapsed: 66.91 min
Epoch: 192/200 | Batch 0000/0049 | Cost: 0.8154
Epoch: 192/200 | Batch 0010/0049 | Cost: 0.7694
Epoch: 192/200 | Batch 0020/0049 | Cost: 0.7700
Epoch: 192/200 | Batch 0030/0049 | Cost: 0.7942
Epoch: 192/200 | Batch 0040/0049 | Cost: 0.8541
MAE/RMSE/Loss/Accuracy: | Current Valid: 0.44/0.87/1.43/68.17% Ep. 192 | Best Valid : 0.40/0.84/1.38/71.00% Ep. 184
Time elapsed: 67.27 min
Epoch: 193/200 | Batch 0000/0049 | Cost: 0.8350
Epoch: 193/200 | Batch 0010/0049 | Cost: 0.7726
Epoch: 193/200 | Batch 0020/0049 | Cost: 0.8307
Epoch: 193/200 | Batch 0030/0049 | Cost: 0.8037
Epoch: 193/200 | Batch 0040/0049 | Cost: 0.8016
MAE/RMSE/Loss/Accuracy: | Current Valid: 0.44/0.86/1.39/67.75% Ep. 193 | Best Valid : 0.40/0.84/1.38/71.00% Ep. 184
Time elapsed: 67.62 min
Epoch: 194/200 | Batch 0000/0049 | Cost: 0.7485
Epoch: 194/200 | Batch 0010/0049 | Cost: 0.7600
Epoch: 194/200 | Batch 0020/0049 | Cost: 0.8278
Epoch: 194/200 | Batch 0030/0049 | Cost: 0.7984
Epoch: 194/200 | Batch 0040/0049 | Cost: 0.8256
MAE/RMSE/Loss/Accuracy: | Current Valid: 0.40/0.83/1.34/70.85% Ep. 194 | Best Valid : 0.40/0.84/1.38/71.00% Ep. 184
Time elapsed: 67.97 min
Epoch: 195/200 | Batch 0000/0049 | Cost: 0.7506
Epoch: 195/200 | Batch 0010/0049 | Cost: 0.7265
Epoch: 195/200 | Batch 0020/0049 | Cost: 0.7610
Epoch: 195/200 | Batch 0030/0049 | Cost: 0.8000
Epoch: 195/200 | Batch 0040/0049 | Cost: 0.7496
MAE/RMSE/Loss/Accuracy: | Current Valid: 0.38/0.82/1.35/72.19% Ep. 195 | Best Valid : 0.38/0.82/1.35/72.19% Ep. 195
Time elapsed: 68.33 min
Epoch: 196/200 | Batch 0000/0049 | Cost: 0.7691
Epoch: 196/200 | Batch 0010/0049 | Cost: 0.7338
Epoch: 196/200 | Batch 0020/0049 | Cost: 0.7847
Epoch: 196/200 | Batch 0030/0049 | Cost: 0.7622
Epoch: 196/200 | Batch 0040/0049 | Cost: 0.7835
MAE/RMSE/Loss/Accuracy: | Current Valid: 0.38/0.82/1.33/71.77% Ep. 196 | Best Valid : 0.38/0.82/1.35/72.19% Ep. 195
Time elapsed: 68.68 min
Epoch: 197/200 | Batch 0000/0049 | Cost: 0.7546
Epoch: 197/200 | Batch 0010/0049 | Cost: 0.8034
Epoch: 197/200 | Batch 0020/0049 | Cost: 0.7644
Epoch: 197/200 | Batch 0030/0049 | Cost: 0.7803
Epoch: 197/200 | Batch 0040/0049 | Cost: 0.7703
MAE/RMSE/Loss/Accuracy: | Current Valid: 0.38/0.82/1.33/72.48% Ep. 197 | Best Valid : 0.38/0.82/1.33/72.48% Ep. 197
Time elapsed: 69.04 min
Epoch: 198/200 | Batch 0000/0049 | Cost: 0.7794
Epoch: 198/200 | Batch 0010/0049 | Cost: 0.7487
Epoch: 198/200 | Batch 0020/0049 | Cost: 0.8223
Epoch: 198/200 | Batch 0030/0049 | Cost: 0.8200
Epoch: 198/200 | Batch 0040/0049 | Cost: 0.7445
MAE/RMSE/Loss/Accuracy: | Current Valid: 0.39/0.82/1.34/71.00% Ep. 198 | Best Valid : 0.38/0.82/1.33/72.48% Ep. 197
Time elapsed: 69.39 min
Epoch: 199/200 | Batch 0000/0049 | Cost: 0.7976
Epoch: 199/200 | Batch 0010/0049 | Cost: 0.7210
Epoch: 199/200 | Batch 0020/0049 | Cost: 0.7112
Epoch: 199/200 | Batch 0030/0049 | Cost: 0.7458
Epoch: 199/200 | Batch 0040/0049 | Cost: 0.7462
MAE/RMSE/Loss/Accuracy: | Current Valid: 0.38/0.80/1.30/72.27% Ep. 199 | Best Valid : 0.38/0.80/1.30/72.27% Ep. 199
Time elapsed: 69.75 min
Epoch: 200/200 | Batch 0000/0049 | Cost: 0.7654
Epoch: 200/200 | Batch 0010/0049 | Cost: 0.7618
Epoch: 200/200 | Batch 0020/0049 | Cost: 0.7955
Epoch: 200/200 | Batch 0030/0049 | Cost: 0.7666
Epoch: 200/200 | Batch 0040/0049 | Cost: 0.7462
MAE/RMSE/Loss/Accuracy: | Current Valid: 0.38/0.81/1.33/71.84% Ep. 200 | Best Valid : 0.38/0.80/1.30/72.27% Ep. 199
Time elapsed: 70.10 min

MAE/RMSE/Loss/Accuracy: | Last Train: 0.05/0.22/0.76/95.06% | Last Valid: 0.38/0.81/1.33/71.84% | Last Test: 0.38/0.83/1.40/72.49%
Total Training Time: 70.26 min

MAE/RMSE/Loss/Accuracy: | Best Train: 0.05/0.22/0.76/95.13% | Best Valid: 0.38/0.80/1.30/72.27% | Best Test: 0.37/0.82/1.38/72.95%
