PyTorch Version: 2.5.1
CUDA device available: True
Using CUDA device: cuda:0
Random Seed: 1
Task Importance Weight: 0
Output Path: ../my-logs/afad-coral-0.4-3-seed1
Script: afad-coral.py
Epoch: 001/050 | Batch 0000/0462 | Cost: 19.6050
Epoch: 001/050 | Batch 0050/0462 | Cost: 16.1751
Epoch: 001/050 | Batch 0100/0462 | Cost: 16.2588
Epoch: 001/050 | Batch 0150/0462 | Cost: 15.8459
Epoch: 001/050 | Batch 0200/0462 | Cost: 15.6160
Epoch: 001/050 | Batch 0250/0462 | Cost: 16.0056
Epoch: 001/050 | Batch 0300/0462 | Cost: 14.9746
Epoch: 001/050 | Batch 0350/0462 | Cost: 15.4102
Epoch: 001/050 | Batch 0400/0462 | Cost: 14.6923
Epoch: 001/050 | Batch 0450/0462 | Cost: 15.0193
MAE/RMSE: | Current Valid: 11.14/13.01 Ep. 0 | Best Valid : 11.14/13.01 Ep. 0
Time elapsed: 3.32 min
Epoch: 002/050 | Batch 0000/0462 | Cost: 14.7410
Epoch: 002/050 | Batch 0050/0462 | Cost: 14.3298
Epoch: 002/050 | Batch 0100/0462 | Cost: 14.5567
Epoch: 002/050 | Batch 0150/0462 | Cost: 14.3070
Epoch: 002/050 | Batch 0200/0462 | Cost: 14.1091
Epoch: 002/050 | Batch 0250/0462 | Cost: 13.5024
Epoch: 002/050 | Batch 0300/0462 | Cost: 13.7218
Epoch: 002/050 | Batch 0350/0462 | Cost: 13.7914
Epoch: 002/050 | Batch 0400/0462 | Cost: 13.4692
Epoch: 002/050 | Batch 0450/0462 | Cost: 13.8203
MAE/RMSE: | Current Valid: 17.11/17.79 Ep. 1 | Best Valid : 11.14/13.01 Ep. 0
Time elapsed: 6.64 min
Epoch: 003/050 | Batch 0000/0462 | Cost: 13.3505
Epoch: 003/050 | Batch 0050/0462 | Cost: 13.2843
Epoch: 003/050 | Batch 0100/0462 | Cost: 13.2337
Epoch: 003/050 | Batch 0150/0462 | Cost: 13.0752
Epoch: 003/050 | Batch 0200/0462 | Cost: 13.0178
Epoch: 003/050 | Batch 0250/0462 | Cost: 12.7636
Epoch: 003/050 | Batch 0300/0462 | Cost: 12.9629
Epoch: 003/050 | Batch 0350/0462 | Cost: 12.2186
Epoch: 003/050 | Batch 0400/0462 | Cost: 12.5260
Epoch: 003/050 | Batch 0450/0462 | Cost: 12.5391
MAE/RMSE: | Current Valid: 8.49/9.77 Ep. 2 | Best Valid : 8.49/9.77 Ep. 2
Time elapsed: 9.96 min
Epoch: 004/050 | Batch 0000/0462 | Cost: 12.5181
Epoch: 004/050 | Batch 0050/0462 | Cost: 12.6701
Epoch: 004/050 | Batch 0100/0462 | Cost: 12.0349
Epoch: 004/050 | Batch 0150/0462 | Cost: 11.9254
Epoch: 004/050 | Batch 0200/0462 | Cost: 11.7882
Epoch: 004/050 | Batch 0250/0462 | Cost: 11.6083
Epoch: 004/050 | Batch 0300/0462 | Cost: 11.6791
Epoch: 004/050 | Batch 0350/0462 | Cost: 11.6681
Epoch: 004/050 | Batch 0400/0462 | Cost: 11.3138
Epoch: 004/050 | Batch 0450/0462 | Cost: 11.1194
MAE/RMSE: | Current Valid: 8.42/9.54 Ep. 3 | Best Valid : 8.42/9.54 Ep. 3
Time elapsed: 13.27 min
Epoch: 005/050 | Batch 0000/0462 | Cost: 11.6675
Epoch: 005/050 | Batch 0050/0462 | Cost: 11.5920
Epoch: 005/050 | Batch 0100/0462 | Cost: 11.7308
Epoch: 005/050 | Batch 0150/0462 | Cost: 11.3851
Epoch: 005/050 | Batch 0200/0462 | Cost: 11.6746
Epoch: 005/050 | Batch 0250/0462 | Cost: 10.9657
Epoch: 005/050 | Batch 0300/0462 | Cost: 10.9573
Epoch: 005/050 | Batch 0350/0462 | Cost: 10.5122
Epoch: 005/050 | Batch 0400/0462 | Cost: 11.0076
Epoch: 005/050 | Batch 0450/0462 | Cost: 10.7422
MAE/RMSE: | Current Valid: 8.88/10.23 Ep. 4 | Best Valid : 8.42/9.54 Ep. 3
Time elapsed: 16.58 min
Epoch: 006/050 | Batch 0000/0462 | Cost: 10.9594
Epoch: 006/050 | Batch 0050/0462 | Cost: 10.9025
Epoch: 006/050 | Batch 0100/0462 | Cost: 10.6539
Epoch: 006/050 | Batch 0150/0462 | Cost: 10.5589
Epoch: 006/050 | Batch 0200/0462 | Cost: 10.8045
Epoch: 006/050 | Batch 0250/0462 | Cost: 10.4826
Epoch: 006/050 | Batch 0300/0462 | Cost: 10.6313
Epoch: 006/050 | Batch 0350/0462 | Cost: 10.6970
Epoch: 006/050 | Batch 0400/0462 | Cost: 10.1494
Epoch: 006/050 | Batch 0450/0462 | Cost: 9.9812
MAE/RMSE: | Current Valid: 7.70/8.79 Ep. 5 | Best Valid : 7.70/8.79 Ep. 5
Time elapsed: 19.90 min
Epoch: 007/050 | Batch 0000/0462 | Cost: 10.1637
Epoch: 007/050 | Batch 0050/0462 | Cost: 10.0522
Epoch: 007/050 | Batch 0100/0462 | Cost: 10.1090
Epoch: 007/050 | Batch 0150/0462 | Cost: 9.6177
Epoch: 007/050 | Batch 0200/0462 | Cost: 9.7703
Epoch: 007/050 | Batch 0250/0462 | Cost: 10.5077
Epoch: 007/050 | Batch 0300/0462 | Cost: 9.3933
Epoch: 007/050 | Batch 0350/0462 | Cost: 10.4575
Epoch: 007/050 | Batch 0400/0462 | Cost: 9.9974
Epoch: 007/050 | Batch 0450/0462 | Cost: 9.8272
MAE/RMSE: | Current Valid: 7.33/8.49 Ep. 6 | Best Valid : 7.33/8.49 Ep. 6
Time elapsed: 23.21 min
Epoch: 008/050 | Batch 0000/0462 | Cost: 9.8715
Epoch: 008/050 | Batch 0050/0462 | Cost: 9.8877
Epoch: 008/050 | Batch 0100/0462 | Cost: 9.9288
Epoch: 008/050 | Batch 0150/0462 | Cost: 9.6095
Epoch: 008/050 | Batch 0200/0462 | Cost: 9.7514
Epoch: 008/050 | Batch 0250/0462 | Cost: 9.5920
Epoch: 008/050 | Batch 0300/0462 | Cost: 9.7259
Epoch: 008/050 | Batch 0350/0462 | Cost: 9.5975
Epoch: 008/050 | Batch 0400/0462 | Cost: 9.7324
Epoch: 008/050 | Batch 0450/0462 | Cost: 9.8464
MAE/RMSE: | Current Valid: 7.20/8.34 Ep. 7 | Best Valid : 7.20/8.34 Ep. 7
Time elapsed: 26.52 min
Epoch: 009/050 | Batch 0000/0462 | Cost: 9.3562
Epoch: 009/050 | Batch 0050/0462 | Cost: 9.6745
Epoch: 009/050 | Batch 0100/0462 | Cost: 9.1769
Epoch: 009/050 | Batch 0150/0462 | Cost: 9.7910
Epoch: 009/050 | Batch 0200/0462 | Cost: 9.9246
Epoch: 009/050 | Batch 0250/0462 | Cost: 9.4060
Epoch: 009/050 | Batch 0300/0462 | Cost: 9.2051
Epoch: 009/050 | Batch 0350/0462 | Cost: 9.3325
Epoch: 009/050 | Batch 0400/0462 | Cost: 9.3910
Epoch: 009/050 | Batch 0450/0462 | Cost: 8.9459
MAE/RMSE: | Current Valid: 7.90/9.02 Ep. 8 | Best Valid : 7.20/8.34 Ep. 7
Time elapsed: 29.83 min
Epoch: 010/050 | Batch 0000/0462 | Cost: 9.0414
Epoch: 010/050 | Batch 0050/0462 | Cost: 8.8151
Epoch: 010/050 | Batch 0100/0462 | Cost: 8.7381
Epoch: 010/050 | Batch 0150/0462 | Cost: 8.7766
Epoch: 010/050 | Batch 0200/0462 | Cost: 8.6658
Epoch: 010/050 | Batch 0250/0462 | Cost: 8.9973
Epoch: 010/050 | Batch 0300/0462 | Cost: 9.3187
Epoch: 010/050 | Batch 0350/0462 | Cost: 8.8475
Epoch: 010/050 | Batch 0400/0462 | Cost: 8.5516
Epoch: 010/050 | Batch 0450/0462 | Cost: 8.7850
MAE/RMSE: | Current Valid: 6.88/8.11 Ep. 9 | Best Valid : 6.88/8.11 Ep. 9
Time elapsed: 33.15 min
Epoch: 011/050 | Batch 0000/0462 | Cost: 8.8189
Epoch: 011/050 | Batch 0050/0462 | Cost: 8.0158
Epoch: 011/050 | Batch 0100/0462 | Cost: 8.8709
Epoch: 011/050 | Batch 0150/0462 | Cost: 8.6104
Epoch: 011/050 | Batch 0200/0462 | Cost: 8.1962
Epoch: 011/050 | Batch 0250/0462 | Cost: 8.9546
Epoch: 011/050 | Batch 0300/0462 | Cost: 8.4838
Epoch: 011/050 | Batch 0350/0462 | Cost: 8.7828
Epoch: 011/050 | Batch 0400/0462 | Cost: 8.5118
Epoch: 011/050 | Batch 0450/0462 | Cost: 8.8066
MAE/RMSE: | Current Valid: 6.14/7.44 Ep. 10 | Best Valid : 6.14/7.44 Ep. 10
Time elapsed: 36.47 min
Epoch: 012/050 | Batch 0000/0462 | Cost: 8.3773
Epoch: 012/050 | Batch 0050/0462 | Cost: 8.3952
Epoch: 012/050 | Batch 0100/0462 | Cost: 8.7460
Epoch: 012/050 | Batch 0150/0462 | Cost: 8.1756
Epoch: 012/050 | Batch 0200/0462 | Cost: 8.4958
Epoch: 012/050 | Batch 0250/0462 | Cost: 8.4315
Epoch: 012/050 | Batch 0300/0462 | Cost: 8.5086
Epoch: 012/050 | Batch 0350/0462 | Cost: 8.1014
Epoch: 012/050 | Batch 0400/0462 | Cost: 8.3255
Epoch: 012/050 | Batch 0450/0462 | Cost: 8.6439
MAE/RMSE: | Current Valid: 7.04/8.29 Ep. 11 | Best Valid : 6.14/7.44 Ep. 10
Time elapsed: 39.79 min
Epoch: 013/050 | Batch 0000/0462 | Cost: 8.1847
Epoch: 013/050 | Batch 0050/0462 | Cost: 8.0713
Epoch: 013/050 | Batch 0100/0462 | Cost: 7.7876
Epoch: 013/050 | Batch 0150/0462 | Cost: 8.1177
Epoch: 013/050 | Batch 0200/0462 | Cost: 8.0867
Epoch: 013/050 | Batch 0250/0462 | Cost: 7.9341
Epoch: 013/050 | Batch 0300/0462 | Cost: 8.3556
Epoch: 013/050 | Batch 0350/0462 | Cost: 8.8375
Epoch: 013/050 | Batch 0400/0462 | Cost: 8.3767
Epoch: 013/050 | Batch 0450/0462 | Cost: 8.2283
MAE/RMSE: | Current Valid: 6.14/7.41 Ep. 12 | Best Valid : 6.14/7.44 Ep. 10
Time elapsed: 43.11 min
Epoch: 014/050 | Batch 0000/0462 | Cost: 7.7836
Epoch: 014/050 | Batch 0050/0462 | Cost: 8.1093
Epoch: 014/050 | Batch 0100/0462 | Cost: 7.4395
Epoch: 014/050 | Batch 0150/0462 | Cost: 8.3469
Epoch: 014/050 | Batch 0200/0462 | Cost: 7.9569
Epoch: 014/050 | Batch 0250/0462 | Cost: 8.0401
Epoch: 014/050 | Batch 0300/0462 | Cost: 8.0387
Epoch: 014/050 | Batch 0350/0462 | Cost: 7.5999
Epoch: 014/050 | Batch 0400/0462 | Cost: 7.8599
Epoch: 014/050 | Batch 0450/0462 | Cost: 8.0024
MAE/RMSE: | Current Valid: 7.69/8.82 Ep. 13 | Best Valid : 6.14/7.44 Ep. 10
Time elapsed: 46.43 min
Epoch: 015/050 | Batch 0000/0462 | Cost: 7.5336
Epoch: 015/050 | Batch 0050/0462 | Cost: 7.7897
Epoch: 015/050 | Batch 0100/0462 | Cost: 7.7126
Epoch: 015/050 | Batch 0150/0462 | Cost: 7.6761
Epoch: 015/050 | Batch 0200/0462 | Cost: 7.7252
Epoch: 015/050 | Batch 0250/0462 | Cost: 7.9534
Epoch: 015/050 | Batch 0300/0462 | Cost: 7.7078
Epoch: 015/050 | Batch 0350/0462 | Cost: 7.9946
Epoch: 015/050 | Batch 0400/0462 | Cost: 7.6063
Epoch: 015/050 | Batch 0450/0462 | Cost: 7.9470
MAE/RMSE: | Current Valid: 7.24/8.51 Ep. 14 | Best Valid : 6.14/7.44 Ep. 10
Time elapsed: 49.75 min
Epoch: 016/050 | Batch 0000/0462 | Cost: 7.5438
Epoch: 016/050 | Batch 0050/0462 | Cost: 7.6745
Epoch: 016/050 | Batch 0100/0462 | Cost: 7.3270
Epoch: 016/050 | Batch 0150/0462 | Cost: 7.3284
Epoch: 016/050 | Batch 0200/0462 | Cost: 7.7670
Epoch: 016/050 | Batch 0250/0462 | Cost: 7.3640
Epoch: 016/050 | Batch 0300/0462 | Cost: 7.3853
Epoch: 016/050 | Batch 0350/0462 | Cost: 8.0296
Epoch: 016/050 | Batch 0400/0462 | Cost: 7.2512
Epoch: 016/050 | Batch 0450/0462 | Cost: 7.3330
MAE/RMSE: | Current Valid: 6.19/7.40 Ep. 15 | Best Valid : 6.14/7.44 Ep. 10
Time elapsed: 53.07 min
Epoch: 017/050 | Batch 0000/0462 | Cost: 7.1732
Epoch: 017/050 | Batch 0050/0462 | Cost: 7.0435
Epoch: 017/050 | Batch 0100/0462 | Cost: 7.3313
Epoch: 017/050 | Batch 0150/0462 | Cost: 7.4657
Epoch: 017/050 | Batch 0200/0462 | Cost: 6.9971
Epoch: 017/050 | Batch 0250/0462 | Cost: 7.8037
Epoch: 017/050 | Batch 0300/0462 | Cost: 7.4479
Epoch: 017/050 | Batch 0350/0462 | Cost: 7.3280
Epoch: 017/050 | Batch 0400/0462 | Cost: 7.2642
Epoch: 017/050 | Batch 0450/0462 | Cost: 8.1022
MAE/RMSE: | Current Valid: 5.78/7.07 Ep. 16 | Best Valid : 5.78/7.07 Ep. 16
Time elapsed: 56.39 min
Epoch: 018/050 | Batch 0000/0462 | Cost: 6.9575
Epoch: 018/050 | Batch 0050/0462 | Cost: 7.5872
Epoch: 018/050 | Batch 0100/0462 | Cost: 7.4474
Epoch: 018/050 | Batch 0150/0462 | Cost: 7.1748
Epoch: 018/050 | Batch 0200/0462 | Cost: 6.8416
Epoch: 018/050 | Batch 0250/0462 | Cost: 6.6809
Epoch: 018/050 | Batch 0300/0462 | Cost: 7.3504
Epoch: 018/050 | Batch 0350/0462 | Cost: 7.2784
Epoch: 018/050 | Batch 0400/0462 | Cost: 7.0486
Epoch: 018/050 | Batch 0450/0462 | Cost: 7.3079
MAE/RMSE: | Current Valid: 5.79/7.12 Ep. 17 | Best Valid : 5.78/7.07 Ep. 16
Time elapsed: 59.71 min
Epoch: 019/050 | Batch 0000/0462 | Cost: 6.6364
Epoch: 019/050 | Batch 0050/0462 | Cost: 6.8224
Epoch: 019/050 | Batch 0100/0462 | Cost: 6.7574
Epoch: 019/050 | Batch 0150/0462 | Cost: 6.9378
Epoch: 019/050 | Batch 0200/0462 | Cost: 6.9969
Epoch: 019/050 | Batch 0250/0462 | Cost: 6.8105
Epoch: 019/050 | Batch 0300/0462 | Cost: 6.8958
Epoch: 019/050 | Batch 0350/0462 | Cost: 6.8145
Epoch: 019/050 | Batch 0400/0462 | Cost: 6.7368
Epoch: 019/050 | Batch 0450/0462 | Cost: 7.2305
MAE/RMSE: | Current Valid: 5.75/7.12 Ep. 18 | Best Valid : 5.75/7.12 Ep. 18
Time elapsed: 63.04 min
Epoch: 020/050 | Batch 0000/0462 | Cost: 6.4109
Epoch: 020/050 | Batch 0050/0462 | Cost: 6.6977
Epoch: 020/050 | Batch 0100/0462 | Cost: 6.6403
Epoch: 020/050 | Batch 0150/0462 | Cost: 6.7172
Epoch: 020/050 | Batch 0200/0462 | Cost: 6.5525
Epoch: 020/050 | Batch 0250/0462 | Cost: 6.5562
Epoch: 020/050 | Batch 0300/0462 | Cost: 6.9200
Epoch: 020/050 | Batch 0350/0462 | Cost: 6.7860
Epoch: 020/050 | Batch 0400/0462 | Cost: 6.8520
Epoch: 020/050 | Batch 0450/0462 | Cost: 6.8822
MAE/RMSE: | Current Valid: 6.01/7.29 Ep. 19 | Best Valid : 5.75/7.12 Ep. 18
Time elapsed: 66.36 min
Epoch: 021/050 | Batch 0000/0462 | Cost: 6.7304
Epoch: 021/050 | Batch 0050/0462 | Cost: 6.6007
Epoch: 021/050 | Batch 0100/0462 | Cost: 6.6182
Epoch: 021/050 | Batch 0150/0462 | Cost: 6.3216
Epoch: 021/050 | Batch 0200/0462 | Cost: 6.7983
Epoch: 021/050 | Batch 0250/0462 | Cost: 6.7521
Epoch: 021/050 | Batch 0300/0462 | Cost: 6.9759
Epoch: 021/050 | Batch 0350/0462 | Cost: 6.3645
Epoch: 021/050 | Batch 0400/0462 | Cost: 6.1719
Epoch: 021/050 | Batch 0450/0462 | Cost: 6.6250
MAE/RMSE: | Current Valid: 6.94/8.30 Ep. 20 | Best Valid : 5.75/7.12 Ep. 18
Time elapsed: 69.67 min
Epoch: 022/050 | Batch 0000/0462 | Cost: 6.4149
Epoch: 022/050 | Batch 0050/0462 | Cost: 6.2104
Epoch: 022/050 | Batch 0100/0462 | Cost: 6.4356
Epoch: 022/050 | Batch 0150/0462 | Cost: 6.4594
Epoch: 022/050 | Batch 0200/0462 | Cost: 6.6796
Epoch: 022/050 | Batch 0250/0462 | Cost: 6.4435
Epoch: 022/050 | Batch 0300/0462 | Cost: 6.2791
Epoch: 022/050 | Batch 0350/0462 | Cost: 6.6000
Epoch: 022/050 | Batch 0400/0462 | Cost: 6.2841
Epoch: 022/050 | Batch 0450/0462 | Cost: 6.4337
MAE/RMSE: | Current Valid: 6.21/7.50 Ep. 21 | Best Valid : 5.75/7.12 Ep. 18
Time elapsed: 72.99 min
Epoch: 023/050 | Batch 0000/0462 | Cost: 6.1069
Epoch: 023/050 | Batch 0050/0462 | Cost: 5.6945
Epoch: 023/050 | Batch 0100/0462 | Cost: 6.0778
Epoch: 023/050 | Batch 0150/0462 | Cost: 6.0336
Epoch: 023/050 | Batch 0200/0462 | Cost: 6.0911
Epoch: 023/050 | Batch 0250/0462 | Cost: 6.5400
Epoch: 023/050 | Batch 0300/0462 | Cost: 5.7257
Epoch: 023/050 | Batch 0350/0462 | Cost: 6.1568
Epoch: 023/050 | Batch 0400/0462 | Cost: 5.7390
Epoch: 023/050 | Batch 0450/0462 | Cost: 6.7412
MAE/RMSE: | Current Valid: 6.46/7.83 Ep. 22 | Best Valid : 5.75/7.12 Ep. 18
Time elapsed: 76.31 min
Epoch: 024/050 | Batch 0000/0462 | Cost: 5.9428
Epoch: 024/050 | Batch 0050/0462 | Cost: 6.1114
Epoch: 024/050 | Batch 0100/0462 | Cost: 6.2602
Epoch: 024/050 | Batch 0150/0462 | Cost: 5.8536
Epoch: 024/050 | Batch 0200/0462 | Cost: 5.8832
Epoch: 024/050 | Batch 0250/0462 | Cost: 6.0107
Epoch: 024/050 | Batch 0300/0462 | Cost: 6.6135
Epoch: 024/050 | Batch 0350/0462 | Cost: 6.1565
Epoch: 024/050 | Batch 0400/0462 | Cost: 6.0907
Epoch: 024/050 | Batch 0450/0462 | Cost: 6.5756
MAE/RMSE: | Current Valid: 5.78/7.19 Ep. 23 | Best Valid : 5.75/7.12 Ep. 18
Time elapsed: 79.63 min
Epoch: 025/050 | Batch 0000/0462 | Cost: 5.6011
Epoch: 025/050 | Batch 0050/0462 | Cost: 5.6216
Epoch: 025/050 | Batch 0100/0462 | Cost: 5.5892
Epoch: 025/050 | Batch 0150/0462 | Cost: 5.7652
Epoch: 025/050 | Batch 0200/0462 | Cost: 6.2024
Epoch: 025/050 | Batch 0250/0462 | Cost: 5.6272
Epoch: 025/050 | Batch 0300/0462 | Cost: 5.7140
Epoch: 025/050 | Batch 0350/0462 | Cost: 6.2124
Epoch: 025/050 | Batch 0400/0462 | Cost: 6.0741
Epoch: 025/050 | Batch 0450/0462 | Cost: 6.0911
MAE/RMSE: | Current Valid: 6.48/7.78 Ep. 24 | Best Valid : 5.75/7.12 Ep. 18
Time elapsed: 82.95 min
Epoch: 026/050 | Batch 0000/0462 | Cost: 5.4959
Epoch: 026/050 | Batch 0050/0462 | Cost: 5.5504
Epoch: 026/050 | Batch 0100/0462 | Cost: 6.0312
Epoch: 026/050 | Batch 0150/0462 | Cost: 5.1665
Epoch: 026/050 | Batch 0200/0462 | Cost: 5.6169
Epoch: 026/050 | Batch 0250/0462 | Cost: 5.5997
Epoch: 026/050 | Batch 0300/0462 | Cost: 5.7026
Epoch: 026/050 | Batch 0350/0462 | Cost: 5.9587
Epoch: 026/050 | Batch 0400/0462 | Cost: 5.6482
Epoch: 026/050 | Batch 0450/0462 | Cost: 5.9261
MAE/RMSE: | Current Valid: 5.55/6.87 Ep. 25 | Best Valid : 5.55/6.87 Ep. 25
Time elapsed: 86.27 min
Epoch: 027/050 | Batch 0000/0462 | Cost: 5.6210
Epoch: 027/050 | Batch 0050/0462 | Cost: 5.2537
Epoch: 027/050 | Batch 0100/0462 | Cost: 5.6264
Epoch: 027/050 | Batch 0150/0462 | Cost: 5.2644
Epoch: 027/050 | Batch 0200/0462 | Cost: 5.0603
Epoch: 027/050 | Batch 0250/0462 | Cost: 5.6141
Epoch: 027/050 | Batch 0300/0462 | Cost: 5.6814
Epoch: 027/050 | Batch 0350/0462 | Cost: 5.9860
Epoch: 027/050 | Batch 0400/0462 | Cost: 5.1391
Epoch: 027/050 | Batch 0450/0462 | Cost: 5.5004
MAE/RMSE: | Current Valid: 6.01/7.41 Ep. 26 | Best Valid : 5.55/6.87 Ep. 25
Time elapsed: 89.59 min
Epoch: 028/050 | Batch 0000/0462 | Cost: 5.0746
Epoch: 028/050 | Batch 0050/0462 | Cost: 5.2247
Epoch: 028/050 | Batch 0100/0462 | Cost: 5.4492
Epoch: 028/050 | Batch 0150/0462 | Cost: 5.1802
Epoch: 028/050 | Batch 0200/0462 | Cost: 5.4106
Epoch: 028/050 | Batch 0250/0462 | Cost: 4.9676
Epoch: 028/050 | Batch 0300/0462 | Cost: 5.4225
Epoch: 028/050 | Batch 0350/0462 | Cost: 5.0394
Epoch: 028/050 | Batch 0400/0462 | Cost: 5.8249
Epoch: 028/050 | Batch 0450/0462 | Cost: 5.3124
MAE/RMSE: | Current Valid: 5.23/6.57 Ep. 27 | Best Valid : 5.23/6.57 Ep. 27
Time elapsed: 92.91 min
Epoch: 029/050 | Batch 0000/0462 | Cost: 5.2149
Epoch: 029/050 | Batch 0050/0462 | Cost: 4.8458
Epoch: 029/050 | Batch 0100/0462 | Cost: 5.0913
Epoch: 029/050 | Batch 0150/0462 | Cost: 4.9551
Epoch: 029/050 | Batch 0200/0462 | Cost: 5.2366
Epoch: 029/050 | Batch 0250/0462 | Cost: 5.1501
Epoch: 029/050 | Batch 0300/0462 | Cost: 5.1174
Epoch: 029/050 | Batch 0350/0462 | Cost: 5.0444
Epoch: 029/050 | Batch 0400/0462 | Cost: 5.1925
Epoch: 029/050 | Batch 0450/0462 | Cost: 5.5280
MAE/RMSE: | Current Valid: 5.89/7.29 Ep. 28 | Best Valid : 5.23/6.57 Ep. 27
Time elapsed: 96.22 min
Epoch: 030/050 | Batch 0000/0462 | Cost: 5.0696
Epoch: 030/050 | Batch 0050/0462 | Cost: 4.4606
Epoch: 030/050 | Batch 0100/0462 | Cost: 4.7716
Epoch: 030/050 | Batch 0150/0462 | Cost: 4.9733
Epoch: 030/050 | Batch 0200/0462 | Cost: 4.5519
Epoch: 030/050 | Batch 0250/0462 | Cost: 5.0369
Epoch: 030/050 | Batch 0300/0462 | Cost: 5.0031
Epoch: 030/050 | Batch 0350/0462 | Cost: 5.1020
Epoch: 030/050 | Batch 0400/0462 | Cost: 5.0749
Epoch: 030/050 | Batch 0450/0462 | Cost: 4.6816
MAE/RMSE: | Current Valid: 5.81/7.14 Ep. 29 | Best Valid : 5.23/6.57 Ep. 27
Time elapsed: 99.55 min
Epoch: 031/050 | Batch 0000/0462 | Cost: 4.4961
Epoch: 031/050 | Batch 0050/0462 | Cost: 4.5449
Epoch: 031/050 | Batch 0100/0462 | Cost: 4.5651
Epoch: 031/050 | Batch 0150/0462 | Cost: 4.9152
Epoch: 031/050 | Batch 0200/0462 | Cost: 4.9781
Epoch: 031/050 | Batch 0250/0462 | Cost: 5.0108
Epoch: 031/050 | Batch 0300/0462 | Cost: 4.7462
Epoch: 031/050 | Batch 0350/0462 | Cost: 4.9311
Epoch: 031/050 | Batch 0400/0462 | Cost: 5.0283
Epoch: 031/050 | Batch 0450/0462 | Cost: 4.9429
MAE/RMSE: | Current Valid: 5.64/6.98 Ep. 30 | Best Valid : 5.23/6.57 Ep. 27
Time elapsed: 102.86 min
Epoch: 032/050 | Batch 0000/0462 | Cost: 4.4988
Epoch: 032/050 | Batch 0050/0462 | Cost: 4.4958
Epoch: 032/050 | Batch 0100/0462 | Cost: 4.5060
Epoch: 032/050 | Batch 0150/0462 | Cost: 4.9111
Epoch: 032/050 | Batch 0200/0462 | Cost: 4.5040
Epoch: 032/050 | Batch 0250/0462 | Cost: 4.7972
Epoch: 032/050 | Batch 0300/0462 | Cost: 5.0412
Epoch: 032/050 | Batch 0350/0462 | Cost: 4.4806
Epoch: 032/050 | Batch 0400/0462 | Cost: 4.5942
Epoch: 032/050 | Batch 0450/0462 | Cost: 4.4616
MAE/RMSE: | Current Valid: 5.77/7.13 Ep. 31 | Best Valid : 5.23/6.57 Ep. 27
Time elapsed: 106.18 min
Epoch: 033/050 | Batch 0000/0462 | Cost: 4.2438
Epoch: 033/050 | Batch 0050/0462 | Cost: 4.3630
Epoch: 033/050 | Batch 0100/0462 | Cost: 4.4361
Epoch: 033/050 | Batch 0150/0462 | Cost: 4.4521
Epoch: 033/050 | Batch 0200/0462 | Cost: 4.5549
Epoch: 033/050 | Batch 0250/0462 | Cost: 4.7413
Epoch: 033/050 | Batch 0300/0462 | Cost: 4.6214
Epoch: 033/050 | Batch 0350/0462 | Cost: 4.4737
Epoch: 033/050 | Batch 0400/0462 | Cost: 4.5067
Epoch: 033/050 | Batch 0450/0462 | Cost: 4.5788
MAE/RMSE: | Current Valid: 5.75/7.07 Ep. 32 | Best Valid : 5.23/6.57 Ep. 27
Time elapsed: 109.50 min
Epoch: 034/050 | Batch 0000/0462 | Cost: 4.2709
Epoch: 034/050 | Batch 0050/0462 | Cost: 4.2399
Epoch: 034/050 | Batch 0100/0462 | Cost: 4.3432
Epoch: 034/050 | Batch 0150/0462 | Cost: 4.4484
Epoch: 034/050 | Batch 0200/0462 | Cost: 4.1601
Epoch: 034/050 | Batch 0250/0462 | Cost: 4.2508
Epoch: 034/050 | Batch 0300/0462 | Cost: 4.2049
Epoch: 034/050 | Batch 0350/0462 | Cost: 4.7093
Epoch: 034/050 | Batch 0400/0462 | Cost: 4.6416
Epoch: 034/050 | Batch 0450/0462 | Cost: 4.4749
MAE/RMSE: | Current Valid: 5.93/7.29 Ep. 33 | Best Valid : 5.23/6.57 Ep. 27
Time elapsed: 112.82 min
Epoch: 035/050 | Batch 0000/0462 | Cost: 4.2762
Epoch: 035/050 | Batch 0050/0462 | Cost: 4.0800
Epoch: 035/050 | Batch 0100/0462 | Cost: 3.8929
Epoch: 035/050 | Batch 0150/0462 | Cost: 4.0204
Epoch: 035/050 | Batch 0200/0462 | Cost: 4.5928
Epoch: 035/050 | Batch 0250/0462 | Cost: 4.1423
Epoch: 035/050 | Batch 0300/0462 | Cost: 4.4175
Epoch: 035/050 | Batch 0350/0462 | Cost: 4.3206
Epoch: 035/050 | Batch 0400/0462 | Cost: 4.5730
Epoch: 035/050 | Batch 0450/0462 | Cost: 4.1045
MAE/RMSE: | Current Valid: 5.86/7.21 Ep. 34 | Best Valid : 5.23/6.57 Ep. 27
Time elapsed: 116.14 min
Epoch: 036/050 | Batch 0000/0462 | Cost: 3.9118
Epoch: 036/050 | Batch 0050/0462 | Cost: 3.8475
Epoch: 036/050 | Batch 0100/0462 | Cost: 4.2151
Epoch: 036/050 | Batch 0150/0462 | Cost: 3.8493
Epoch: 036/050 | Batch 0200/0462 | Cost: 4.1488
Epoch: 036/050 | Batch 0250/0462 | Cost: 4.3154
Epoch: 036/050 | Batch 0300/0462 | Cost: 4.2836
Epoch: 036/050 | Batch 0350/0462 | Cost: 4.1227
Epoch: 036/050 | Batch 0400/0462 | Cost: 4.2061
Epoch: 036/050 | Batch 0450/0462 | Cost: 4.5948
MAE/RMSE: | Current Valid: 6.25/7.57 Ep. 35 | Best Valid : 5.23/6.57 Ep. 27
Time elapsed: 119.46 min
Epoch: 037/050 | Batch 0000/0462 | Cost: 3.7972
Epoch: 037/050 | Batch 0050/0462 | Cost: 3.7764
Epoch: 037/050 | Batch 0100/0462 | Cost: 4.0703
Epoch: 037/050 | Batch 0150/0462 | Cost: 3.9047
Epoch: 037/050 | Batch 0200/0462 | Cost: 4.5334
Epoch: 037/050 | Batch 0250/0462 | Cost: 3.9418
Epoch: 037/050 | Batch 0300/0462 | Cost: 4.1548
Epoch: 037/050 | Batch 0350/0462 | Cost: 4.0783
Epoch: 037/050 | Batch 0400/0462 | Cost: 4.1961
Epoch: 037/050 | Batch 0450/0462 | Cost: 4.0852
MAE/RMSE: | Current Valid: 6.28/7.61 Ep. 36 | Best Valid : 5.23/6.57 Ep. 27
Time elapsed: 122.78 min
Epoch: 038/050 | Batch 0000/0462 | Cost: 3.8893
Epoch: 038/050 | Batch 0050/0462 | Cost: 3.9436
Epoch: 038/050 | Batch 0100/0462 | Cost: 3.7055
Epoch: 038/050 | Batch 0150/0462 | Cost: 4.0776
Epoch: 038/050 | Batch 0200/0462 | Cost: 3.9415
Epoch: 038/050 | Batch 0250/0462 | Cost: 3.8004
Epoch: 038/050 | Batch 0300/0462 | Cost: 3.7825
Epoch: 038/050 | Batch 0350/0462 | Cost: 3.8650
Epoch: 038/050 | Batch 0400/0462 | Cost: 3.9677
Epoch: 038/050 | Batch 0450/0462 | Cost: 3.8817
MAE/RMSE: | Current Valid: 6.01/7.37 Ep. 37 | Best Valid : 5.23/6.57 Ep. 27
Time elapsed: 126.10 min
Epoch: 039/050 | Batch 0000/0462 | Cost: 3.7174
Epoch: 039/050 | Batch 0050/0462 | Cost: 3.8144
Epoch: 039/050 | Batch 0100/0462 | Cost: 3.9413
Epoch: 039/050 | Batch 0150/0462 | Cost: 3.5886
Epoch: 039/050 | Batch 0200/0462 | Cost: 3.5915
Epoch: 039/050 | Batch 0250/0462 | Cost: 3.6072
Epoch: 039/050 | Batch 0300/0462 | Cost: 3.9152
Epoch: 039/050 | Batch 0350/0462 | Cost: 3.8995
Epoch: 039/050 | Batch 0400/0462 | Cost: 4.1351
Epoch: 039/050 | Batch 0450/0462 | Cost: 3.8499
MAE/RMSE: | Current Valid: 6.09/7.42 Ep. 38 | Best Valid : 5.23/6.57 Ep. 27
Time elapsed: 129.41 min
Epoch: 040/050 | Batch 0000/0462 | Cost: 3.9211
Epoch: 040/050 | Batch 0050/0462 | Cost: 3.6507
Epoch: 040/050 | Batch 0100/0462 | Cost: 3.8236
Epoch: 040/050 | Batch 0150/0462 | Cost: 3.6877
Epoch: 040/050 | Batch 0200/0462 | Cost: 3.5842
Epoch: 040/050 | Batch 0250/0462 | Cost: 3.6102
Epoch: 040/050 | Batch 0300/0462 | Cost: 3.5886
Epoch: 040/050 | Batch 0350/0462 | Cost: 3.9798
Epoch: 040/050 | Batch 0400/0462 | Cost: 3.8986
Epoch: 040/050 | Batch 0450/0462 | Cost: 3.7755
MAE/RMSE: | Current Valid: 5.87/7.20 Ep. 39 | Best Valid : 5.23/6.57 Ep. 27
Time elapsed: 132.73 min
Epoch: 041/050 | Batch 0000/0462 | Cost: 3.7768
Epoch: 041/050 | Batch 0050/0462 | Cost: 3.4015
Epoch: 041/050 | Batch 0100/0462 | Cost: 3.7516
Epoch: 041/050 | Batch 0150/0462 | Cost: 3.5802
Epoch: 041/050 | Batch 0200/0462 | Cost: 3.6401
Epoch: 041/050 | Batch 0250/0462 | Cost: 3.5329
Epoch: 041/050 | Batch 0300/0462 | Cost: 3.7784
Epoch: 041/050 | Batch 0350/0462 | Cost: 3.6858
Epoch: 041/050 | Batch 0400/0462 | Cost: 3.6205
Epoch: 041/050 | Batch 0450/0462 | Cost: 4.0094
MAE/RMSE: | Current Valid: 5.69/7.06 Ep. 40 | Best Valid : 5.23/6.57 Ep. 27
Time elapsed: 136.05 min
Epoch: 042/050 | Batch 0000/0462 | Cost: 3.6206
Epoch: 042/050 | Batch 0050/0462 | Cost: 3.6723
Epoch: 042/050 | Batch 0100/0462 | Cost: 3.6783
Epoch: 042/050 | Batch 0150/0462 | Cost: 3.5488
Epoch: 042/050 | Batch 0200/0462 | Cost: 3.4949
Epoch: 042/050 | Batch 0250/0462 | Cost: 3.6008
Epoch: 042/050 | Batch 0300/0462 | Cost: 3.6297
Epoch: 042/050 | Batch 0350/0462 | Cost: 3.7212
Epoch: 042/050 | Batch 0400/0462 | Cost: 3.6671
Epoch: 042/050 | Batch 0450/0462 | Cost: 3.8622
MAE/RMSE: | Current Valid: 5.93/7.29 Ep. 41 | Best Valid : 5.23/6.57 Ep. 27
Time elapsed: 139.36 min
Epoch: 043/050 | Batch 0000/0462 | Cost: 3.7331
Epoch: 043/050 | Batch 0050/0462 | Cost: 3.4755
Epoch: 043/050 | Batch 0100/0462 | Cost: 3.4484
Epoch: 043/050 | Batch 0150/0462 | Cost: 3.4025
Epoch: 043/050 | Batch 0200/0462 | Cost: 3.3320
Epoch: 043/050 | Batch 0250/0462 | Cost: 3.4889
Epoch: 043/050 | Batch 0300/0462 | Cost: 3.4121
Epoch: 043/050 | Batch 0350/0462 | Cost: 3.6239
Epoch: 043/050 | Batch 0400/0462 | Cost: 3.4272
Epoch: 043/050 | Batch 0450/0462 | Cost: 3.4423
MAE/RMSE: | Current Valid: 6.03/7.40 Ep. 42 | Best Valid : 5.23/6.57 Ep. 27
Time elapsed: 142.68 min
Epoch: 044/050 | Batch 0000/0462 | Cost: 3.3309
Epoch: 044/050 | Batch 0050/0462 | Cost: 3.4378
Epoch: 044/050 | Batch 0100/0462 | Cost: 3.6560
Epoch: 044/050 | Batch 0150/0462 | Cost: 3.5908
Epoch: 044/050 | Batch 0200/0462 | Cost: 3.3528
Epoch: 044/050 | Batch 0250/0462 | Cost: 3.5643
Epoch: 044/050 | Batch 0300/0462 | Cost: 3.6478
Epoch: 044/050 | Batch 0350/0462 | Cost: 3.3171
Epoch: 044/050 | Batch 0400/0462 | Cost: 3.3712
Epoch: 044/050 | Batch 0450/0462 | Cost: 3.5292
MAE/RMSE: | Current Valid: 6.30/7.64 Ep. 43 | Best Valid : 5.23/6.57 Ep. 27
Time elapsed: 146.00 min
Epoch: 045/050 | Batch 0000/0462 | Cost: 3.3390
Epoch: 045/050 | Batch 0050/0462 | Cost: 3.2992
Epoch: 045/050 | Batch 0100/0462 | Cost: 3.4342
Epoch: 045/050 | Batch 0150/0462 | Cost: 3.3422
Epoch: 045/050 | Batch 0200/0462 | Cost: 3.4703
Epoch: 045/050 | Batch 0250/0462 | Cost: 3.5264
Epoch: 045/050 | Batch 0300/0462 | Cost: 3.6237
Epoch: 045/050 | Batch 0350/0462 | Cost: 3.4399
Epoch: 045/050 | Batch 0400/0462 | Cost: 3.2992
Epoch: 045/050 | Batch 0450/0462 | Cost: 3.6371
MAE/RMSE: | Current Valid: 6.30/7.66 Ep. 44 | Best Valid : 5.23/6.57 Ep. 27
Time elapsed: 149.32 min
Epoch: 046/050 | Batch 0000/0462 | Cost: 3.4250
Epoch: 046/050 | Batch 0050/0462 | Cost: 3.2930
Epoch: 046/050 | Batch 0100/0462 | Cost: 3.1796
Epoch: 046/050 | Batch 0150/0462 | Cost: 3.2673
Epoch: 046/050 | Batch 0200/0462 | Cost: 3.1752
Epoch: 046/050 | Batch 0250/0462 | Cost: 3.3218
Epoch: 046/050 | Batch 0300/0462 | Cost: 3.3906
Epoch: 046/050 | Batch 0350/0462 | Cost: 3.3037
Epoch: 046/050 | Batch 0400/0462 | Cost: 3.3696
Epoch: 046/050 | Batch 0450/0462 | Cost: 3.5318
MAE/RMSE: | Current Valid: 6.10/7.46 Ep. 45 | Best Valid : 5.23/6.57 Ep. 27
Time elapsed: 152.63 min
Epoch: 047/050 | Batch 0000/0462 | Cost: 3.3375
Epoch: 047/050 | Batch 0050/0462 | Cost: 3.0454
Epoch: 047/050 | Batch 0100/0462 | Cost: 3.1971
Epoch: 047/050 | Batch 0150/0462 | Cost: 3.3878
Epoch: 047/050 | Batch 0200/0462 | Cost: 3.3404
Epoch: 047/050 | Batch 0250/0462 | Cost: 3.0388
Epoch: 047/050 | Batch 0300/0462 | Cost: 3.1964
Epoch: 047/050 | Batch 0350/0462 | Cost: 3.6572
Epoch: 047/050 | Batch 0400/0462 | Cost: 3.4588
Epoch: 047/050 | Batch 0450/0462 | Cost: 3.3351
MAE/RMSE: | Current Valid: 6.04/7.43 Ep. 46 | Best Valid : 5.23/6.57 Ep. 27
Time elapsed: 155.95 min
Epoch: 048/050 | Batch 0000/0462 | Cost: 3.0425
Epoch: 048/050 | Batch 0050/0462 | Cost: 3.0064
Epoch: 048/050 | Batch 0100/0462 | Cost: 2.9937
Epoch: 048/050 | Batch 0150/0462 | Cost: 3.4272
Epoch: 048/050 | Batch 0200/0462 | Cost: 3.1273
Epoch: 048/050 | Batch 0250/0462 | Cost: 3.2029
Epoch: 048/050 | Batch 0300/0462 | Cost: 2.9912
Epoch: 048/050 | Batch 0350/0462 | Cost: 3.3155
Epoch: 048/050 | Batch 0400/0462 | Cost: 3.1688
Epoch: 048/050 | Batch 0450/0462 | Cost: 3.2476
MAE/RMSE: | Current Valid: 5.85/7.22 Ep. 47 | Best Valid : 5.23/6.57 Ep. 27
Time elapsed: 159.27 min
Epoch: 049/050 | Batch 0000/0462 | Cost: 3.2497
Epoch: 049/050 | Batch 0050/0462 | Cost: 3.0706
Epoch: 049/050 | Batch 0100/0462 | Cost: 3.1827
Epoch: 049/050 | Batch 0150/0462 | Cost: 3.0453
Epoch: 049/050 | Batch 0200/0462 | Cost: 3.3144
Epoch: 049/050 | Batch 0250/0462 | Cost: 3.0945
Epoch: 049/050 | Batch 0300/0462 | Cost: 3.2543
Epoch: 049/050 | Batch 0350/0462 | Cost: 3.1018
Epoch: 049/050 | Batch 0400/0462 | Cost: 3.1081
Epoch: 049/050 | Batch 0450/0462 | Cost: 2.8327
MAE/RMSE: | Current Valid: 6.29/7.60 Ep. 48 | Best Valid : 5.23/6.57 Ep. 27
Time elapsed: 162.59 min
Epoch: 050/050 | Batch 0000/0462 | Cost: 2.8567
Epoch: 050/050 | Batch 0050/0462 | Cost: 2.9614
Epoch: 050/050 | Batch 0100/0462 | Cost: 3.0575
Epoch: 050/050 | Batch 0150/0462 | Cost: 3.1350
Epoch: 050/050 | Batch 0200/0462 | Cost: 3.2393
Epoch: 050/050 | Batch 0250/0462 | Cost: 3.0939
Epoch: 050/050 | Batch 0300/0462 | Cost: 3.1174
Epoch: 050/050 | Batch 0350/0462 | Cost: 3.0883
Epoch: 050/050 | Batch 0400/0462 | Cost: 3.2501
Epoch: 050/050 | Batch 0450/0462 | Cost: 2.9870
MAE/RMSE: | Current Valid: 5.91/7.28 Ep. 49 | Best Valid : 5.23/6.57 Ep. 27
Time elapsed: 165.83 min
MAE/RMSE: | Train: 1.25/1.72 | Valid: 5.91/7.28 | Test: 3.58/4.85
Total Training Time: 166.49 min
MAE/RMSE: | Best Train: 2.30/3.02 | Best Valid: 5.23/6.57 | Best Test: 3.64/4.88
