PyTorch Version: 2.5.1
CUDA device available: True
Using CUDA device: cuda:0
Random Seed: 1
Task Importance Weight: 0
Output Path: ../my-logs/myadience-coral-seed1
Script: adience-coral.py
Epoch: 001/050 | Batch 0000/0049 | Cost: 5.1861
Epoch: 001/050 | Batch 0010/0049 | Cost: 4.9840
Epoch: 001/050 | Batch 0020/0049 | Cost: 4.3454
Epoch: 001/050 | Batch 0030/0049 | Cost: 4.2243
Epoch: 001/050 | Batch 0040/0049 | Cost: 4.1691
MAE/RMSE/Loss/Accuracy: | Current Valid: 2.30/2.83/4.10/18.63% Ep. 1 | Best Valid : 2.30/2.83/4.10/18.63% Ep. 1
Time elapsed: 0.18 min
Epoch: 002/050 | Batch 0000/0049 | Cost: 4.1250
Epoch: 002/050 | Batch 0010/0049 | Cost: 3.9309
Epoch: 002/050 | Batch 0020/0049 | Cost: 3.8687
Epoch: 002/050 | Batch 0030/0049 | Cost: 3.9509
Epoch: 002/050 | Batch 0040/0049 | Cost: 3.7251
MAE/RMSE/Loss/Accuracy: | Current Valid: 2.18/2.70/3.91/19.83% Ep. 2 | Best Valid : 2.18/2.70/3.91/19.83% Ep. 2
Time elapsed: 0.35 min
Epoch: 003/050 | Batch 0000/0049 | Cost: 3.8230
Epoch: 003/050 | Batch 0010/0049 | Cost: 3.7622
Epoch: 003/050 | Batch 0020/0049 | Cost: 3.8443
Epoch: 003/050 | Batch 0030/0049 | Cost: 3.8223
Epoch: 003/050 | Batch 0040/0049 | Cost: 3.8452
MAE/RMSE/Loss/Accuracy: | Current Valid: 2.43/3.02/4.25/19.27% Ep. 3 | Best Valid : 2.18/2.70/3.91/19.83% Ep. 2
Time elapsed: 0.53 min
Epoch: 004/050 | Batch 0000/0049 | Cost: 3.5928
Epoch: 004/050 | Batch 0010/0049 | Cost: 3.7081
Epoch: 004/050 | Batch 0020/0049 | Cost: 3.7356
Epoch: 004/050 | Batch 0030/0049 | Cost: 3.8514
Epoch: 004/050 | Batch 0040/0049 | Cost: 3.4484
MAE/RMSE/Loss/Accuracy: | Current Valid: 2.10/2.62/3.84/20.32% Ep. 4 | Best Valid : 2.10/2.62/3.84/20.32% Ep. 4
Time elapsed: 0.70 min
Epoch: 005/050 | Batch 0000/0049 | Cost: 3.3466
Epoch: 005/050 | Batch 0010/0049 | Cost: 3.5442
Epoch: 005/050 | Batch 0020/0049 | Cost: 3.6331
Epoch: 005/050 | Batch 0030/0049 | Cost: 3.3336
Epoch: 005/050 | Batch 0040/0049 | Cost: 3.5669
MAE/RMSE/Loss/Accuracy: | Current Valid: 1.91/2.40/3.69/22.02% Ep. 5 | Best Valid : 1.91/2.40/3.69/22.02% Ep. 5
Time elapsed: 0.88 min
Epoch: 006/050 | Batch 0000/0049 | Cost: 3.4412
Epoch: 006/050 | Batch 0010/0049 | Cost: 3.6284
Epoch: 006/050 | Batch 0020/0049 | Cost: 3.3933
Epoch: 006/050 | Batch 0030/0049 | Cost: 3.5361
Epoch: 006/050 | Batch 0040/0049 | Cost: 3.5742
MAE/RMSE/Loss/Accuracy: | Current Valid: 1.93/2.41/3.66/21.95% Ep. 6 | Best Valid : 1.91/2.40/3.69/22.02% Ep. 5
Time elapsed: 1.05 min
Epoch: 007/050 | Batch 0000/0049 | Cost: 3.2396
Epoch: 007/050 | Batch 0010/0049 | Cost: 3.3779
Epoch: 007/050 | Batch 0020/0049 | Cost: 3.4132
Epoch: 007/050 | Batch 0030/0049 | Cost: 3.2454
Epoch: 007/050 | Batch 0040/0049 | Cost: 3.3730
MAE/RMSE/Loss/Accuracy: | Current Valid: 1.98/2.45/3.65/20.75% Ep. 7 | Best Valid : 1.91/2.40/3.69/22.02% Ep. 5
Time elapsed: 1.23 min
Epoch: 008/050 | Batch 0000/0049 | Cost: 3.4541
Epoch: 008/050 | Batch 0010/0049 | Cost: 3.3228
Epoch: 008/050 | Batch 0020/0049 | Cost: 3.2434
Epoch: 008/050 | Batch 0030/0049 | Cost: 3.4268
Epoch: 008/050 | Batch 0040/0049 | Cost: 3.2282
MAE/RMSE/Loss/Accuracy: | Current Valid: 1.80/2.28/3.47/23.08% Ep. 8 | Best Valid : 1.80/2.28/3.47/23.08% Ep. 8
Time elapsed: 1.40 min
Epoch: 009/050 | Batch 0000/0049 | Cost: 3.2622
Epoch: 009/050 | Batch 0010/0049 | Cost: 3.2217
Epoch: 009/050 | Batch 0020/0049 | Cost: 3.2623
Epoch: 009/050 | Batch 0030/0049 | Cost: 3.3643
Epoch: 009/050 | Batch 0040/0049 | Cost: 3.1747
MAE/RMSE/Loss/Accuracy: | Current Valid: 1.61/2.16/3.49/29.36% Ep. 9 | Best Valid : 1.61/2.16/3.49/29.36% Ep. 9
Time elapsed: 1.58 min
Epoch: 010/050 | Batch 0000/0049 | Cost: 3.1871
Epoch: 010/050 | Batch 0010/0049 | Cost: 3.2565
Epoch: 010/050 | Batch 0020/0049 | Cost: 3.1243
Epoch: 010/050 | Batch 0030/0049 | Cost: 3.1440
Epoch: 010/050 | Batch 0040/0049 | Cost: 3.0498
MAE/RMSE/Loss/Accuracy: | Current Valid: 1.60/2.09/3.38/26.96% Ep. 10 | Best Valid : 1.60/2.09/3.38/26.96% Ep. 10
Time elapsed: 1.75 min
Epoch: 011/050 | Batch 0000/0049 | Cost: 3.0831
Epoch: 011/050 | Batch 0010/0049 | Cost: 3.2459
Epoch: 011/050 | Batch 0020/0049 | Cost: 3.1534
Epoch: 011/050 | Batch 0030/0049 | Cost: 3.1758
Epoch: 011/050 | Batch 0040/0049 | Cost: 3.1589
MAE/RMSE/Loss/Accuracy: | Current Valid: 1.47/2.05/3.36/32.96% Ep. 11 | Best Valid : 1.47/2.05/3.36/32.96% Ep. 11
Time elapsed: 1.93 min
Epoch: 012/050 | Batch 0000/0049 | Cost: 2.9602
Epoch: 012/050 | Batch 0010/0049 | Cost: 3.0038
Epoch: 012/050 | Batch 0020/0049 | Cost: 2.9989
Epoch: 012/050 | Batch 0030/0049 | Cost: 3.0193
Epoch: 012/050 | Batch 0040/0049 | Cost: 3.1988
MAE/RMSE/Loss/Accuracy: | Current Valid: 1.97/2.45/3.58/20.68% Ep. 12 | Best Valid : 1.47/2.05/3.36/32.96% Ep. 11
Time elapsed: 2.10 min
Epoch: 013/050 | Batch 0000/0049 | Cost: 3.0465
Epoch: 013/050 | Batch 0010/0049 | Cost: 3.0040
Epoch: 013/050 | Batch 0020/0049 | Cost: 3.0433
Epoch: 013/050 | Batch 0030/0049 | Cost: 3.0977
Epoch: 013/050 | Batch 0040/0049 | Cost: 3.0693
MAE/RMSE/Loss/Accuracy: | Current Valid: 1.90/2.41/3.48/22.58% Ep. 13 | Best Valid : 1.47/2.05/3.36/32.96% Ep. 11
Time elapsed: 2.28 min
Epoch: 014/050 | Batch 0000/0049 | Cost: 2.8699
Epoch: 014/050 | Batch 0010/0049 | Cost: 2.9681
Epoch: 014/050 | Batch 0020/0049 | Cost: 3.0241
Epoch: 014/050 | Batch 0030/0049 | Cost: 3.1277
Epoch: 014/050 | Batch 0040/0049 | Cost: 3.0500
MAE/RMSE/Loss/Accuracy: | Current Valid: 1.35/1.84/3.18/33.03% Ep. 14 | Best Valid : 1.35/1.84/3.18/33.03% Ep. 14
Time elapsed: 2.45 min
Epoch: 015/050 | Batch 0000/0049 | Cost: 3.1737
Epoch: 015/050 | Batch 0010/0049 | Cost: 2.9545
Epoch: 015/050 | Batch 0020/0049 | Cost: 2.8314
Epoch: 015/050 | Batch 0030/0049 | Cost: 2.8945
Epoch: 015/050 | Batch 0040/0049 | Cost: 2.9714
MAE/RMSE/Loss/Accuracy: | Current Valid: 1.44/1.92/3.18/30.49% Ep. 15 | Best Valid : 1.35/1.84/3.18/33.03% Ep. 14
Time elapsed: 2.63 min
Epoch: 016/050 | Batch 0000/0049 | Cost: 2.9311
Epoch: 016/050 | Batch 0010/0049 | Cost: 2.9015
Epoch: 016/050 | Batch 0020/0049 | Cost: 2.8585
Epoch: 016/050 | Batch 0030/0049 | Cost: 2.8192
Epoch: 016/050 | Batch 0040/0049 | Cost: 2.9042
MAE/RMSE/Loss/Accuracy: | Current Valid: 1.26/1.75/3.12/35.22% Ep. 16 | Best Valid : 1.26/1.75/3.12/35.22% Ep. 16
Time elapsed: 2.80 min
Epoch: 017/050 | Batch 0000/0049 | Cost: 3.0697
Epoch: 017/050 | Batch 0010/0049 | Cost: 2.8339
Epoch: 017/050 | Batch 0020/0049 | Cost: 2.8765
Epoch: 017/050 | Batch 0030/0049 | Cost: 2.8033
Epoch: 017/050 | Batch 0040/0049 | Cost: 2.8389
MAE/RMSE/Loss/Accuracy: | Current Valid: 1.27/1.76/3.09/34.58% Ep. 17 | Best Valid : 1.26/1.75/3.12/35.22% Ep. 16
Time elapsed: 2.98 min
Epoch: 018/050 | Batch 0000/0049 | Cost: 2.8392
Epoch: 018/050 | Batch 0010/0049 | Cost: 2.7721
Epoch: 018/050 | Batch 0020/0049 | Cost: 2.9035
Epoch: 018/050 | Batch 0030/0049 | Cost: 2.7515
Epoch: 018/050 | Batch 0040/0049 | Cost: 2.8201
MAE/RMSE/Loss/Accuracy: | Current Valid: 1.32/1.80/3.07/33.52% Ep. 18 | Best Valid : 1.26/1.75/3.12/35.22% Ep. 16
Time elapsed: 3.15 min
Epoch: 019/050 | Batch 0000/0049 | Cost: 2.7950
Epoch: 019/050 | Batch 0010/0049 | Cost: 2.6767
Epoch: 019/050 | Batch 0020/0049 | Cost: 2.6801
Epoch: 019/050 | Batch 0030/0049 | Cost: 2.6847
Epoch: 019/050 | Batch 0040/0049 | Cost: 2.8389
MAE/RMSE/Loss/Accuracy: | Current Valid: 1.19/1.67/2.99/36.70% Ep. 19 | Best Valid : 1.19/1.67/2.99/36.70% Ep. 19
Time elapsed: 3.33 min
Epoch: 020/050 | Batch 0000/0049 | Cost: 2.6053
Epoch: 020/050 | Batch 0010/0049 | Cost: 2.7155
Epoch: 020/050 | Batch 0020/0049 | Cost: 2.8235
Epoch: 020/050 | Batch 0030/0049 | Cost: 2.6925
Epoch: 020/050 | Batch 0040/0049 | Cost: 2.6385
MAE/RMSE/Loss/Accuracy: | Current Valid: 1.35/1.83/3.04/32.82% Ep. 20 | Best Valid : 1.19/1.67/2.99/36.70% Ep. 19
Time elapsed: 3.50 min
Epoch: 021/050 | Batch 0000/0049 | Cost: 2.7547
Epoch: 021/050 | Batch 0010/0049 | Cost: 2.7344
Epoch: 021/050 | Batch 0020/0049 | Cost: 2.8299
Epoch: 021/050 | Batch 0030/0049 | Cost: 2.7217
Epoch: 021/050 | Batch 0040/0049 | Cost: 2.7253
MAE/RMSE/Loss/Accuracy: | Current Valid: 1.07/1.56/2.98/40.16% Ep. 21 | Best Valid : 1.07/1.56/2.98/40.16% Ep. 21
Time elapsed: 3.68 min
Epoch: 022/050 | Batch 0000/0049 | Cost: 2.8342
Epoch: 022/050 | Batch 0010/0049 | Cost: 2.7094
Epoch: 022/050 | Batch 0020/0049 | Cost: 2.6981
Epoch: 022/050 | Batch 0030/0049 | Cost: 2.5877
Epoch: 022/050 | Batch 0040/0049 | Cost: 2.5753
MAE/RMSE/Loss/Accuracy: | Current Valid: 1.23/1.71/2.90/35.57% Ep. 22 | Best Valid : 1.07/1.56/2.98/40.16% Ep. 21
Time elapsed: 3.85 min
Epoch: 023/050 | Batch 0000/0049 | Cost: 2.4795
Epoch: 023/050 | Batch 0010/0049 | Cost: 2.7246
Epoch: 023/050 | Batch 0020/0049 | Cost: 2.5763
Epoch: 023/050 | Batch 0030/0049 | Cost: 2.5864
Epoch: 023/050 | Batch 0040/0049 | Cost: 2.6804
MAE/RMSE/Loss/Accuracy: | Current Valid: 1.33/1.82/3.03/33.24% Ep. 23 | Best Valid : 1.07/1.56/2.98/40.16% Ep. 21
Time elapsed: 4.02 min
Epoch: 024/050 | Batch 0000/0049 | Cost: 2.4558
Epoch: 024/050 | Batch 0010/0049 | Cost: 2.6049
Epoch: 024/050 | Batch 0020/0049 | Cost: 2.5528
Epoch: 024/050 | Batch 0030/0049 | Cost: 2.7190
Epoch: 024/050 | Batch 0040/0049 | Cost: 2.5928
MAE/RMSE/Loss/Accuracy: | Current Valid: 0.98/1.48/2.88/43.82% Ep. 24 | Best Valid : 0.98/1.48/2.88/43.82% Ep. 24
Time elapsed: 4.20 min
Epoch: 025/050 | Batch 0000/0049 | Cost: 2.5588
Epoch: 025/050 | Batch 0010/0049 | Cost: 2.6144
Epoch: 025/050 | Batch 0020/0049 | Cost: 2.5850
Epoch: 025/050 | Batch 0030/0049 | Cost: 2.6447
Epoch: 025/050 | Batch 0040/0049 | Cost: 2.4539
MAE/RMSE/Loss/Accuracy: | Current Valid: 1.04/1.51/2.82/40.72% Ep. 25 | Best Valid : 0.98/1.48/2.88/43.82% Ep. 24
Time elapsed: 4.37 min
Epoch: 026/050 | Batch 0000/0049 | Cost: 2.5250
Epoch: 026/050 | Batch 0010/0049 | Cost: 2.5832
Epoch: 026/050 | Batch 0020/0049 | Cost: 2.6101
Epoch: 026/050 | Batch 0030/0049 | Cost: 2.5276
Epoch: 026/050 | Batch 0040/0049 | Cost: 2.6382
MAE/RMSE/Loss/Accuracy: | Current Valid: 1.09/1.54/2.78/38.53% Ep. 26 | Best Valid : 0.98/1.48/2.88/43.82% Ep. 24
Time elapsed: 4.55 min
Epoch: 027/050 | Batch 0000/0049 | Cost: 2.4964
Epoch: 027/050 | Batch 0010/0049 | Cost: 2.4644
Epoch: 027/050 | Batch 0020/0049 | Cost: 2.3226
Epoch: 027/050 | Batch 0030/0049 | Cost: 2.4420
Epoch: 027/050 | Batch 0040/0049 | Cost: 2.5811
MAE/RMSE/Loss/Accuracy: | Current Valid: 0.92/1.38/2.76/43.61% Ep. 27 | Best Valid : 0.92/1.38/2.76/43.61% Ep. 27
Time elapsed: 4.72 min
Epoch: 028/050 | Batch 0000/0049 | Cost: 2.4110
Epoch: 028/050 | Batch 0010/0049 | Cost: 2.4279
Epoch: 028/050 | Batch 0020/0049 | Cost: 2.4851
Epoch: 028/050 | Batch 0030/0049 | Cost: 2.4385
Epoch: 028/050 | Batch 0040/0049 | Cost: 2.5512
MAE/RMSE/Loss/Accuracy: | Current Valid: 0.99/1.46/2.72/42.34% Ep. 28 | Best Valid : 0.92/1.38/2.76/43.61% Ep. 27
Time elapsed: 4.90 min
Epoch: 029/050 | Batch 0000/0049 | Cost: 2.4461
Epoch: 029/050 | Batch 0010/0049 | Cost: 2.4371
Epoch: 029/050 | Batch 0020/0049 | Cost: 2.4213
Epoch: 029/050 | Batch 0030/0049 | Cost: 2.4500
Epoch: 029/050 | Batch 0040/0049 | Cost: 2.4709
MAE/RMSE/Loss/Accuracy: | Current Valid: 0.97/1.40/2.71/41.64% Ep. 29 | Best Valid : 0.92/1.38/2.76/43.61% Ep. 27
Time elapsed: 5.07 min
Epoch: 030/050 | Batch 0000/0049 | Cost: 2.2370
Epoch: 030/050 | Batch 0010/0049 | Cost: 2.3641
Epoch: 030/050 | Batch 0020/0049 | Cost: 2.3461
Epoch: 030/050 | Batch 0030/0049 | Cost: 2.5089
Epoch: 030/050 | Batch 0040/0049 | Cost: 2.4798
MAE/RMSE/Loss/Accuracy: | Current Valid: 0.89/1.34/2.66/44.95% Ep. 30 | Best Valid : 0.89/1.34/2.66/44.95% Ep. 30
Time elapsed: 5.25 min
Epoch: 031/050 | Batch 0000/0049 | Cost: 2.5519
Epoch: 031/050 | Batch 0010/0049 | Cost: 2.4217
Epoch: 031/050 | Batch 0020/0049 | Cost: 2.3335
Epoch: 031/050 | Batch 0030/0049 | Cost: 2.3901
Epoch: 031/050 | Batch 0040/0049 | Cost: 2.4266
MAE/RMSE/Loss/Accuracy: | Current Valid: 0.89/1.33/2.66/44.88% Ep. 31 | Best Valid : 0.89/1.33/2.66/44.88% Ep. 31
Time elapsed: 5.42 min
Epoch: 032/050 | Batch 0000/0049 | Cost: 2.4074
Epoch: 032/050 | Batch 0010/0049 | Cost: 2.5024
Epoch: 032/050 | Batch 0020/0049 | Cost: 2.1640
Epoch: 032/050 | Batch 0030/0049 | Cost: 2.4157
Epoch: 032/050 | Batch 0040/0049 | Cost: 2.3057
MAE/RMSE/Loss/Accuracy: | Current Valid: 0.99/1.42/2.78/40.16% Ep. 32 | Best Valid : 0.89/1.33/2.66/44.88% Ep. 31
Time elapsed: 5.60 min
Epoch: 033/050 | Batch 0000/0049 | Cost: 2.4766
Epoch: 033/050 | Batch 0010/0049 | Cost: 2.2522
Epoch: 033/050 | Batch 0020/0049 | Cost: 2.3693
Epoch: 033/050 | Batch 0030/0049 | Cost: 2.4798
Epoch: 033/050 | Batch 0040/0049 | Cost: 2.3157
MAE/RMSE/Loss/Accuracy: | Current Valid: 0.90/1.32/2.66/43.47% Ep. 33 | Best Valid : 0.89/1.33/2.66/44.88% Ep. 31
Time elapsed: 5.77 min
Epoch: 034/050 | Batch 0000/0049 | Cost: 2.1529
Epoch: 034/050 | Batch 0010/0049 | Cost: 2.3410
Epoch: 034/050 | Batch 0020/0049 | Cost: 2.2167
Epoch: 034/050 | Batch 0030/0049 | Cost: 2.3994
Epoch: 034/050 | Batch 0040/0049 | Cost: 2.3611
MAE/RMSE/Loss/Accuracy: | Current Valid: 0.90/1.37/2.63/45.45% Ep. 34 | Best Valid : 0.89/1.33/2.66/44.88% Ep. 31
Time elapsed: 5.95 min
Epoch: 035/050 | Batch 0000/0049 | Cost: 2.3322
Epoch: 035/050 | Batch 0010/0049 | Cost: 2.3165
Epoch: 035/050 | Batch 0020/0049 | Cost: 2.3269
Epoch: 035/050 | Batch 0030/0049 | Cost: 2.2113
Epoch: 035/050 | Batch 0040/0049 | Cost: 2.3192
MAE/RMSE/Loss/Accuracy: | Current Valid: 0.81/1.24/2.58/47.28% Ep. 35 | Best Valid : 0.81/1.24/2.58/47.28% Ep. 35
Time elapsed: 6.12 min
Epoch: 036/050 | Batch 0000/0049 | Cost: 2.1966
Epoch: 036/050 | Batch 0010/0049 | Cost: 2.3001
Epoch: 036/050 | Batch 0020/0049 | Cost: 2.2448
Epoch: 036/050 | Batch 0030/0049 | Cost: 2.2496
Epoch: 036/050 | Batch 0040/0049 | Cost: 2.4691
MAE/RMSE/Loss/Accuracy: | Current Valid: 0.96/1.41/2.63/41.71% Ep. 36 | Best Valid : 0.81/1.24/2.58/47.28% Ep. 35
Time elapsed: 6.30 min
Epoch: 037/050 | Batch 0000/0049 | Cost: 2.1797
Epoch: 037/050 | Batch 0010/0049 | Cost: 2.3429
Epoch: 037/050 | Batch 0020/0049 | Cost: 2.2978
Epoch: 037/050 | Batch 0030/0049 | Cost: 2.2521
Epoch: 037/050 | Batch 0040/0049 | Cost: 2.4128
MAE/RMSE/Loss/Accuracy: | Current Valid: 0.89/1.36/2.59/44.88% Ep. 37 | Best Valid : 0.81/1.24/2.58/47.28% Ep. 35
Time elapsed: 6.47 min
Epoch: 038/050 | Batch 0000/0049 | Cost: 2.2587
Epoch: 038/050 | Batch 0010/0049 | Cost: 2.2607
Epoch: 038/050 | Batch 0020/0049 | Cost: 2.2770
Epoch: 038/050 | Batch 0030/0049 | Cost: 2.1662
Epoch: 038/050 | Batch 0040/0049 | Cost: 2.2844
MAE/RMSE/Loss/Accuracy: | Current Valid: 0.85/1.27/2.53/45.31% Ep. 38 | Best Valid : 0.81/1.24/2.58/47.28% Ep. 35
Time elapsed: 6.64 min
Epoch: 039/050 | Batch 0000/0049 | Cost: 2.2737
Epoch: 039/050 | Batch 0010/0049 | Cost: 2.2872
Epoch: 039/050 | Batch 0020/0049 | Cost: 2.2461
Epoch: 039/050 | Batch 0030/0049 | Cost: 2.2907
Epoch: 039/050 | Batch 0040/0049 | Cost: 2.2271
MAE/RMSE/Loss/Accuracy: | Current Valid: 0.88/1.31/2.52/44.74% Ep. 39 | Best Valid : 0.81/1.24/2.58/47.28% Ep. 35
Time elapsed: 6.82 min
Epoch: 040/050 | Batch 0000/0049 | Cost: 2.1956
Epoch: 040/050 | Batch 0010/0049 | Cost: 2.1980
Epoch: 040/050 | Batch 0020/0049 | Cost: 2.2418
Epoch: 040/050 | Batch 0030/0049 | Cost: 2.2322
Epoch: 040/050 | Batch 0040/0049 | Cost: 2.3022
MAE/RMSE/Loss/Accuracy: | Current Valid: 0.86/1.30/2.56/45.38% Ep. 40 | Best Valid : 0.81/1.24/2.58/47.28% Ep. 35
Time elapsed: 6.99 min
Epoch: 041/050 | Batch 0000/0049 | Cost: 2.2343
Epoch: 041/050 | Batch 0010/0049 | Cost: 2.2457
Epoch: 041/050 | Batch 0020/0049 | Cost: 2.1951
Epoch: 041/050 | Batch 0030/0049 | Cost: 2.2194
Epoch: 041/050 | Batch 0040/0049 | Cost: 2.1771
MAE/RMSE/Loss/Accuracy: | Current Valid: 0.82/1.24/2.44/46.44% Ep. 41 | Best Valid : 0.81/1.24/2.58/47.28% Ep. 35
Time elapsed: 7.17 min
Epoch: 042/050 | Batch 0000/0049 | Cost: 2.1683
Epoch: 042/050 | Batch 0010/0049 | Cost: 2.1610
Epoch: 042/050 | Batch 0020/0049 | Cost: 2.1808
Epoch: 042/050 | Batch 0030/0049 | Cost: 2.1862
Epoch: 042/050 | Batch 0040/0049 | Cost: 2.1317
MAE/RMSE/Loss/Accuracy: | Current Valid: 0.83/1.25/2.44/45.80% Ep. 42 | Best Valid : 0.81/1.24/2.58/47.28% Ep. 35
Time elapsed: 7.34 min
Epoch: 043/050 | Batch 0000/0049 | Cost: 1.9985
Epoch: 043/050 | Batch 0010/0049 | Cost: 2.1472
Epoch: 043/050 | Batch 0020/0049 | Cost: 2.1487
Epoch: 043/050 | Batch 0030/0049 | Cost: 1.9983
Epoch: 043/050 | Batch 0040/0049 | Cost: 2.0385
MAE/RMSE/Loss/Accuracy: | Current Valid: 0.82/1.23/2.43/45.59% Ep. 43 | Best Valid : 0.81/1.24/2.58/47.28% Ep. 35
Time elapsed: 7.51 min
Epoch: 044/050 | Batch 0000/0049 | Cost: 2.0774
Epoch: 044/050 | Batch 0010/0049 | Cost: 2.2174
Epoch: 044/050 | Batch 0020/0049 | Cost: 2.1177
Epoch: 044/050 | Batch 0030/0049 | Cost: 2.0938
Epoch: 044/050 | Batch 0040/0049 | Cost: 2.1142
MAE/RMSE/Loss/Accuracy: | Current Valid: 0.89/1.34/2.48/43.75% Ep. 44 | Best Valid : 0.81/1.24/2.58/47.28% Ep. 35
Time elapsed: 7.69 min
Epoch: 045/050 | Batch 0000/0049 | Cost: 2.1970
Epoch: 045/050 | Batch 0010/0049 | Cost: 2.1807
Epoch: 045/050 | Batch 0020/0049 | Cost: 2.1830
Epoch: 045/050 | Batch 0030/0049 | Cost: 2.1164
Epoch: 045/050 | Batch 0040/0049 | Cost: 2.0803
MAE/RMSE/Loss/Accuracy: | Current Valid: 0.73/1.13/2.34/48.27% Ep. 45 | Best Valid : 0.73/1.13/2.34/48.27% Ep. 45
Time elapsed: 7.86 min
Epoch: 046/050 | Batch 0000/0049 | Cost: 2.0446
Epoch: 046/050 | Batch 0010/0049 | Cost: 2.2021
Epoch: 046/050 | Batch 0020/0049 | Cost: 2.1258
Epoch: 046/050 | Batch 0030/0049 | Cost: 2.0234
Epoch: 046/050 | Batch 0040/0049 | Cost: 2.0587
MAE/RMSE/Loss/Accuracy: | Current Valid: 0.73/1.12/2.31/48.06% Ep. 46 | Best Valid : 0.73/1.13/2.34/48.27% Ep. 45
Time elapsed: 8.04 min
Epoch: 047/050 | Batch 0000/0049 | Cost: 1.8953
Epoch: 047/050 | Batch 0010/0049 | Cost: 2.0802
Epoch: 047/050 | Batch 0020/0049 | Cost: 2.1178
Epoch: 047/050 | Batch 0030/0049 | Cost: 2.1021
Epoch: 047/050 | Batch 0040/0049 | Cost: 2.0309
MAE/RMSE/Loss/Accuracy: | Current Valid: 0.71/1.11/2.28/50.18% Ep. 47 | Best Valid : 0.71/1.11/2.28/50.18% Ep. 47
Time elapsed: 8.21 min
Epoch: 048/050 | Batch 0000/0049 | Cost: 2.0030
Epoch: 048/050 | Batch 0010/0049 | Cost: 2.0116
Epoch: 048/050 | Batch 0020/0049 | Cost: 1.9929
Epoch: 048/050 | Batch 0030/0049 | Cost: 1.8936
Epoch: 048/050 | Batch 0040/0049 | Cost: 2.0622
MAE/RMSE/Loss/Accuracy: | Current Valid: 0.71/1.11/2.27/50.18% Ep. 48 | Best Valid : 0.71/1.11/2.27/50.18% Ep. 48
Time elapsed: 8.39 min
Epoch: 049/050 | Batch 0000/0049 | Cost: 1.9472
Epoch: 049/050 | Batch 0010/0049 | Cost: 2.0702
Epoch: 049/050 | Batch 0020/0049 | Cost: 2.0483
Epoch: 049/050 | Batch 0030/0049 | Cost: 2.0417
Epoch: 049/050 | Batch 0040/0049 | Cost: 1.9623
MAE/RMSE/Loss/Accuracy: | Current Valid: 0.73/1.15/2.27/49.47% Ep. 49 | Best Valid : 0.71/1.11/2.27/50.18% Ep. 48
Time elapsed: 8.56 min
Epoch: 050/050 | Batch 0000/0049 | Cost: 2.0491
Epoch: 050/050 | Batch 0010/0049 | Cost: 1.9869
Epoch: 050/050 | Batch 0020/0049 | Cost: 1.9761
Epoch: 050/050 | Batch 0030/0049 | Cost: 1.9608
Epoch: 050/050 | Batch 0040/0049 | Cost: 2.0276
MAE/RMSE/Loss/Accuracy: | Current Valid: 0.72/1.12/2.26/48.98% Ep. 50 | Best Valid : 0.71/1.11/2.27/50.18% Ep. 48
Time elapsed: 8.74 min

MAE/RMSE/Loss/Accuracy: | Last Train: 0.56/0.89/1.96/55.71% | Last Valid: 0.72/1.12/2.26/48.98% | Last Test: 0.71/1.10/2.29/49.11%
Total Training Time: 8.82 min

MAE/RMSE/Loss/Accuracy: | Best Train: 0.58/0.93/2.00/55.77% | Best Valid: 0.71/1.11/2.27/50.18% | Best Test: 0.70/1.09/2.29/49.68%
