PyTorch Version: 2.5.1
CUDA device available: True
Using CUDA device: cuda:0
Random Seed: 2
Task Importance Weight: 0
Output Path: ../my-logs/myadience-coral-200epoch-seed2
Script: adience-coral.py
Epoch: 001/200 | Batch 0000/0049 | Cost: 5.0028
Epoch: 001/200 | Batch 0010/0049 | Cost: 4.7144
Epoch: 001/200 | Batch 0020/0049 | Cost: 4.3270
Epoch: 001/200 | Batch 0030/0049 | Cost: 4.1786
Epoch: 001/200 | Batch 0040/0049 | Cost: 4.1206
MAE/RMSE/Loss/Accuracy: | Current Valid: 3.08/3.66/4.92/14.11% Ep. 1 | Best Valid : 3.08/3.66/4.92/14.11% Ep. 1
Time elapsed: 0.36 min
Epoch: 002/200 | Batch 0000/0049 | Cost: 4.0979
Epoch: 002/200 | Batch 0010/0049 | Cost: 3.9074
Epoch: 002/200 | Batch 0020/0049 | Cost: 3.9273
Epoch: 002/200 | Batch 0030/0049 | Cost: 3.7921
Epoch: 002/200 | Batch 0040/0049 | Cost: 3.8285
MAE/RMSE/Loss/Accuracy: | Current Valid: 2.13/2.69/3.95/21.59% Ep. 2 | Best Valid : 2.13/2.69/3.95/21.59% Ep. 2
Time elapsed: 0.72 min
Epoch: 003/200 | Batch 0000/0049 | Cost: 3.7586
Epoch: 003/200 | Batch 0010/0049 | Cost: 3.8990
Epoch: 003/200 | Batch 0020/0049 | Cost: 4.0175
Epoch: 003/200 | Batch 0030/0049 | Cost: 3.9022
Epoch: 003/200 | Batch 0040/0049 | Cost: 3.8201
MAE/RMSE/Loss/Accuracy: | Current Valid: 2.04/2.55/3.83/21.67% Ep. 3 | Best Valid : 2.04/2.55/3.83/21.67% Ep. 3
Time elapsed: 1.08 min
Epoch: 004/200 | Batch 0000/0049 | Cost: 3.6726
Epoch: 004/200 | Batch 0010/0049 | Cost: 3.7955
Epoch: 004/200 | Batch 0020/0049 | Cost: 3.5189
Epoch: 004/200 | Batch 0030/0049 | Cost: 3.5411
Epoch: 004/200 | Batch 0040/0049 | Cost: 3.7439
MAE/RMSE/Loss/Accuracy: | Current Valid: 1.85/2.39/3.71/24.84% Ep. 4 | Best Valid : 1.85/2.39/3.71/24.84% Ep. 4
Time elapsed: 1.44 min
Epoch: 005/200 | Batch 0000/0049 | Cost: 3.6424
Epoch: 005/200 | Batch 0010/0049 | Cost: 3.5406
Epoch: 005/200 | Batch 0020/0049 | Cost: 3.4434
Epoch: 005/200 | Batch 0030/0049 | Cost: 3.5259
Epoch: 005/200 | Batch 0040/0049 | Cost: 3.4323
MAE/RMSE/Loss/Accuracy: | Current Valid: 1.84/2.34/3.66/23.57% Ep. 5 | Best Valid : 1.84/2.34/3.66/23.57% Ep. 5
Time elapsed: 1.79 min
Epoch: 006/200 | Batch 0000/0049 | Cost: 3.4336
Epoch: 006/200 | Batch 0010/0049 | Cost: 3.5449
Epoch: 006/200 | Batch 0020/0049 | Cost: 3.6808
Epoch: 006/200 | Batch 0030/0049 | Cost: 3.4166
Epoch: 006/200 | Batch 0040/0049 | Cost: 3.3799
MAE/RMSE/Loss/Accuracy: | Current Valid: 1.75/2.30/3.62/26.61% Ep. 6 | Best Valid : 1.75/2.30/3.62/26.61% Ep. 6
Time elapsed: 2.15 min
Epoch: 007/200 | Batch 0000/0049 | Cost: 3.2043
Epoch: 007/200 | Batch 0010/0049 | Cost: 3.2707
Epoch: 007/200 | Batch 0020/0049 | Cost: 3.4746
Epoch: 007/200 | Batch 0030/0049 | Cost: 3.3038
Epoch: 007/200 | Batch 0040/0049 | Cost: 3.5469
MAE/RMSE/Loss/Accuracy: | Current Valid: 1.95/2.43/3.63/21.38% Ep. 7 | Best Valid : 1.75/2.30/3.62/26.61% Ep. 6
Time elapsed: 2.51 min
Epoch: 008/200 | Batch 0000/0049 | Cost: 3.4829
Epoch: 008/200 | Batch 0010/0049 | Cost: 3.4157
Epoch: 008/200 | Batch 0020/0049 | Cost: 3.4724
Epoch: 008/200 | Batch 0030/0049 | Cost: 3.2827
Epoch: 008/200 | Batch 0040/0049 | Cost: 3.1951
MAE/RMSE/Loss/Accuracy: | Current Valid: 1.63/2.13/3.48/27.03% Ep. 8 | Best Valid : 1.63/2.13/3.48/27.03% Ep. 8
Time elapsed: 2.86 min
Epoch: 009/200 | Batch 0000/0049 | Cost: 3.2421
Epoch: 009/200 | Batch 0010/0049 | Cost: 3.4575
Epoch: 009/200 | Batch 0020/0049 | Cost: 3.3172
Epoch: 009/200 | Batch 0030/0049 | Cost: 3.2079
Epoch: 009/200 | Batch 0040/0049 | Cost: 3.1909
MAE/RMSE/Loss/Accuracy: | Current Valid: 1.76/2.34/3.49/27.38% Ep. 9 | Best Valid : 1.63/2.13/3.48/27.03% Ep. 8
Time elapsed: 3.22 min
Epoch: 010/200 | Batch 0000/0049 | Cost: 3.0423
Epoch: 010/200 | Batch 0010/0049 | Cost: 3.3447
Epoch: 010/200 | Batch 0020/0049 | Cost: 3.2732
Epoch: 010/200 | Batch 0030/0049 | Cost: 3.4236
Epoch: 010/200 | Batch 0040/0049 | Cost: 3.1040
MAE/RMSE/Loss/Accuracy: | Current Valid: 1.56/2.13/3.41/31.19% Ep. 10 | Best Valid : 1.56/2.13/3.41/31.19% Ep. 10
Time elapsed: 3.58 min
Epoch: 011/200 | Batch 0000/0049 | Cost: 3.1318
Epoch: 011/200 | Batch 0010/0049 | Cost: 3.0848
Epoch: 011/200 | Batch 0020/0049 | Cost: 3.0769
Epoch: 011/200 | Batch 0030/0049 | Cost: 3.0479
Epoch: 011/200 | Batch 0040/0049 | Cost: 3.1672
MAE/RMSE/Loss/Accuracy: | Current Valid: 1.47/2.00/3.31/31.83% Ep. 11 | Best Valid : 1.47/2.00/3.31/31.83% Ep. 11
Time elapsed: 3.93 min
Epoch: 012/200 | Batch 0000/0049 | Cost: 3.0879
Epoch: 012/200 | Batch 0010/0049 | Cost: 2.9126
Epoch: 012/200 | Batch 0020/0049 | Cost: 3.1028
Epoch: 012/200 | Batch 0030/0049 | Cost: 2.9619
Epoch: 012/200 | Batch 0040/0049 | Cost: 2.9948
MAE/RMSE/Loss/Accuracy: | Current Valid: 1.38/1.89/3.27/32.46% Ep. 12 | Best Valid : 1.38/1.89/3.27/32.46% Ep. 12
Time elapsed: 4.29 min
Epoch: 013/200 | Batch 0000/0049 | Cost: 2.8700
Epoch: 013/200 | Batch 0010/0049 | Cost: 2.9443
Epoch: 013/200 | Batch 0020/0049 | Cost: 3.0345
Epoch: 013/200 | Batch 0030/0049 | Cost: 3.1235
Epoch: 013/200 | Batch 0040/0049 | Cost: 3.1430
MAE/RMSE/Loss/Accuracy: | Current Valid: 1.86/2.31/3.38/22.16% Ep. 13 | Best Valid : 1.38/1.89/3.27/32.46% Ep. 12
Time elapsed: 4.64 min
Epoch: 014/200 | Batch 0000/0049 | Cost: 3.0192
Epoch: 014/200 | Batch 0010/0049 | Cost: 3.0821
Epoch: 014/200 | Batch 0020/0049 | Cost: 2.9833
Epoch: 014/200 | Batch 0030/0049 | Cost: 2.9723
Epoch: 014/200 | Batch 0040/0049 | Cost: 2.9556
MAE/RMSE/Loss/Accuracy: | Current Valid: 1.29/1.85/3.28/36.27% Ep. 14 | Best Valid : 1.29/1.85/3.28/36.27% Ep. 14
Time elapsed: 5.00 min
Epoch: 015/200 | Batch 0000/0049 | Cost: 2.9311
Epoch: 015/200 | Batch 0010/0049 | Cost: 2.9652
Epoch: 015/200 | Batch 0020/0049 | Cost: 3.0087
Epoch: 015/200 | Batch 0030/0049 | Cost: 2.7436
Epoch: 015/200 | Batch 0040/0049 | Cost: 2.8748
MAE/RMSE/Loss/Accuracy: | Current Valid: 1.32/1.86/3.16/35.50% Ep. 15 | Best Valid : 1.29/1.85/3.28/36.27% Ep. 14
Time elapsed: 5.35 min
Epoch: 016/200 | Batch 0000/0049 | Cost: 2.9838
Epoch: 016/200 | Batch 0010/0049 | Cost: 2.9708
Epoch: 016/200 | Batch 0020/0049 | Cost: 2.9198
Epoch: 016/200 | Batch 0030/0049 | Cost: 3.0189
Epoch: 016/200 | Batch 0040/0049 | Cost: 2.7646
MAE/RMSE/Loss/Accuracy: | Current Valid: 1.51/1.97/3.11/27.66% Ep. 16 | Best Valid : 1.29/1.85/3.28/36.27% Ep. 14
Time elapsed: 5.71 min
Epoch: 017/200 | Batch 0000/0049 | Cost: 2.7783
Epoch: 017/200 | Batch 0010/0049 | Cost: 2.9564
Epoch: 017/200 | Batch 0020/0049 | Cost: 2.9139
Epoch: 017/200 | Batch 0030/0049 | Cost: 2.9314
Epoch: 017/200 | Batch 0040/0049 | Cost: 2.8617
MAE/RMSE/Loss/Accuracy: | Current Valid: 1.30/1.82/3.11/35.22% Ep. 17 | Best Valid : 1.29/1.85/3.28/36.27% Ep. 14
Time elapsed: 6.06 min
Epoch: 018/200 | Batch 0000/0049 | Cost: 2.8713
Epoch: 018/200 | Batch 0010/0049 | Cost: 2.8818
Epoch: 018/200 | Batch 0020/0049 | Cost: 2.8446
Epoch: 018/200 | Batch 0030/0049 | Cost: 2.7307
Epoch: 018/200 | Batch 0040/0049 | Cost: 2.9101
MAE/RMSE/Loss/Accuracy: | Current Valid: 1.54/2.00/3.12/26.96% Ep. 18 | Best Valid : 1.29/1.85/3.28/36.27% Ep. 14
Time elapsed: 6.42 min
Epoch: 019/200 | Batch 0000/0049 | Cost: 2.6265
Epoch: 019/200 | Batch 0010/0049 | Cost: 2.9312
Epoch: 019/200 | Batch 0020/0049 | Cost: 2.6985
Epoch: 019/200 | Batch 0030/0049 | Cost: 2.8546
Epoch: 019/200 | Batch 0040/0049 | Cost: 2.8046
MAE/RMSE/Loss/Accuracy: | Current Valid: 1.39/1.88/3.05/31.55% Ep. 19 | Best Valid : 1.29/1.85/3.28/36.27% Ep. 14
Time elapsed: 6.77 min
Epoch: 020/200 | Batch 0000/0049 | Cost: 2.6134
Epoch: 020/200 | Batch 0010/0049 | Cost: 2.7334
Epoch: 020/200 | Batch 0020/0049 | Cost: 2.7321
Epoch: 020/200 | Batch 0030/0049 | Cost: 2.5799
Epoch: 020/200 | Batch 0040/0049 | Cost: 2.7911
MAE/RMSE/Loss/Accuracy: | Current Valid: 1.20/1.67/2.94/35.92% Ep. 20 | Best Valid : 1.20/1.67/2.94/35.92% Ep. 20
Time elapsed: 7.13 min
Epoch: 021/200 | Batch 0000/0049 | Cost: 2.7711
Epoch: 021/200 | Batch 0010/0049 | Cost: 2.7149
Epoch: 021/200 | Batch 0020/0049 | Cost: 2.6263
Epoch: 021/200 | Batch 0030/0049 | Cost: 2.6955
Epoch: 021/200 | Batch 0040/0049 | Cost: 2.6923
MAE/RMSE/Loss/Accuracy: | Current Valid: 1.09/1.64/3.03/41.00% Ep. 21 | Best Valid : 1.09/1.64/3.03/41.00% Ep. 21
Time elapsed: 7.49 min
Epoch: 022/200 | Batch 0000/0049 | Cost: 2.6272
Epoch: 022/200 | Batch 0010/0049 | Cost: 2.7280
Epoch: 022/200 | Batch 0020/0049 | Cost: 2.6432
Epoch: 022/200 | Batch 0030/0049 | Cost: 2.5676
Epoch: 022/200 | Batch 0040/0049 | Cost: 2.6296
MAE/RMSE/Loss/Accuracy: | Current Valid: 1.09/1.55/2.92/39.45% Ep. 22 | Best Valid : 1.09/1.55/2.92/39.45% Ep. 22
Time elapsed: 7.85 min
Epoch: 023/200 | Batch 0000/0049 | Cost: 2.5074
Epoch: 023/200 | Batch 0010/0049 | Cost: 2.6058
Epoch: 023/200 | Batch 0020/0049 | Cost: 2.7989
Epoch: 023/200 | Batch 0030/0049 | Cost: 2.5528
Epoch: 023/200 | Batch 0040/0049 | Cost: 2.6382
MAE/RMSE/Loss/Accuracy: | Current Valid: 1.14/1.65/2.93/38.46% Ep. 23 | Best Valid : 1.09/1.55/2.92/39.45% Ep. 22
Time elapsed: 8.20 min
Epoch: 024/200 | Batch 0000/0049 | Cost: 2.5634
Epoch: 024/200 | Batch 0010/0049 | Cost: 2.6842
Epoch: 024/200 | Batch 0020/0049 | Cost: 2.4927
Epoch: 024/200 | Batch 0030/0049 | Cost: 2.5448
Epoch: 024/200 | Batch 0040/0049 | Cost: 2.5980
MAE/RMSE/Loss/Accuracy: | Current Valid: 1.07/1.53/2.86/38.81% Ep. 24 | Best Valid : 1.07/1.53/2.86/38.81% Ep. 24
Time elapsed: 8.56 min
Epoch: 025/200 | Batch 0000/0049 | Cost: 2.6505
Epoch: 025/200 | Batch 0010/0049 | Cost: 2.5788
Epoch: 025/200 | Batch 0020/0049 | Cost: 2.6086
Epoch: 025/200 | Batch 0030/0049 | Cost: 2.5704
Epoch: 025/200 | Batch 0040/0049 | Cost: 2.5689
MAE/RMSE/Loss/Accuracy: | Current Valid: 1.07/1.61/3.10/40.72% Ep. 25 | Best Valid : 1.07/1.61/3.10/40.72% Ep. 25
Time elapsed: 8.92 min
Epoch: 026/200 | Batch 0000/0049 | Cost: 2.6709
Epoch: 026/200 | Batch 0010/0049 | Cost: 2.6373
Epoch: 026/200 | Batch 0020/0049 | Cost: 2.5457
Epoch: 026/200 | Batch 0030/0049 | Cost: 2.4020
Epoch: 026/200 | Batch 0040/0049 | Cost: 2.6248
MAE/RMSE/Loss/Accuracy: | Current Valid: 0.96/1.43/2.78/42.84% Ep. 26 | Best Valid : 0.96/1.43/2.78/42.84% Ep. 26
Time elapsed: 9.27 min
Epoch: 027/200 | Batch 0000/0049 | Cost: 2.4735
Epoch: 027/200 | Batch 0010/0049 | Cost: 2.5524
Epoch: 027/200 | Batch 0020/0049 | Cost: 2.6181
Epoch: 027/200 | Batch 0030/0049 | Cost: 2.5163
Epoch: 027/200 | Batch 0040/0049 | Cost: 2.6262
MAE/RMSE/Loss/Accuracy: | Current Valid: 1.21/1.66/2.79/34.79% Ep. 27 | Best Valid : 0.96/1.43/2.78/42.84% Ep. 26
Time elapsed: 9.63 min
Epoch: 028/200 | Batch 0000/0049 | Cost: 2.3208
Epoch: 028/200 | Batch 0010/0049 | Cost: 2.5059
Epoch: 028/200 | Batch 0020/0049 | Cost: 2.4466
Epoch: 028/200 | Batch 0030/0049 | Cost: 2.4408
Epoch: 028/200 | Batch 0040/0049 | Cost: 2.3826
MAE/RMSE/Loss/Accuracy: | Current Valid: 0.92/1.36/2.71/43.54% Ep. 28 | Best Valid : 0.92/1.36/2.71/43.54% Ep. 28
Time elapsed: 9.99 min
Epoch: 029/200 | Batch 0000/0049 | Cost: 2.5312
Epoch: 029/200 | Batch 0010/0049 | Cost: 2.5971
Epoch: 029/200 | Batch 0020/0049 | Cost: 2.6631
Epoch: 029/200 | Batch 0030/0049 | Cost: 2.5118
Epoch: 029/200 | Batch 0040/0049 | Cost: 2.4444
MAE/RMSE/Loss/Accuracy: | Current Valid: 0.94/1.40/2.69/43.68% Ep. 29 | Best Valid : 0.92/1.36/2.71/43.54% Ep. 28
Time elapsed: 10.34 min
Epoch: 030/200 | Batch 0000/0049 | Cost: 2.4279
Epoch: 030/200 | Batch 0010/0049 | Cost: 2.3335
Epoch: 030/200 | Batch 0020/0049 | Cost: 2.3826
Epoch: 030/200 | Batch 0030/0049 | Cost: 2.4406
Epoch: 030/200 | Batch 0040/0049 | Cost: 2.5289
MAE/RMSE/Loss/Accuracy: | Current Valid: 0.96/1.44/2.72/42.48% Ep. 30 | Best Valid : 0.92/1.36/2.71/43.54% Ep. 28
Time elapsed: 10.69 min
Epoch: 031/200 | Batch 0000/0049 | Cost: 2.5110
Epoch: 031/200 | Batch 0010/0049 | Cost: 2.3683
Epoch: 031/200 | Batch 0020/0049 | Cost: 2.4662
Epoch: 031/200 | Batch 0030/0049 | Cost: 2.3607
Epoch: 031/200 | Batch 0040/0049 | Cost: 2.4526
MAE/RMSE/Loss/Accuracy: | Current Valid: 1.01/1.48/2.75/41.43% Ep. 31 | Best Valid : 0.92/1.36/2.71/43.54% Ep. 28
Time elapsed: 11.05 min
Epoch: 032/200 | Batch 0000/0049 | Cost: 2.5101
Epoch: 032/200 | Batch 0010/0049 | Cost: 2.3360
Epoch: 032/200 | Batch 0020/0049 | Cost: 2.2407
Epoch: 032/200 | Batch 0030/0049 | Cost: 2.4735
Epoch: 032/200 | Batch 0040/0049 | Cost: 2.4402
MAE/RMSE/Loss/Accuracy: | Current Valid: 0.87/1.32/2.67/45.17% Ep. 32 | Best Valid : 0.87/1.32/2.67/45.17% Ep. 32
Time elapsed: 11.40 min
Epoch: 033/200 | Batch 0000/0049 | Cost: 2.4600
Epoch: 033/200 | Batch 0010/0049 | Cost: 2.3970
Epoch: 033/200 | Batch 0020/0049 | Cost: 2.4763
Epoch: 033/200 | Batch 0030/0049 | Cost: 2.2307
Epoch: 033/200 | Batch 0040/0049 | Cost: 2.3802
MAE/RMSE/Loss/Accuracy: | Current Valid: 0.93/1.38/2.68/42.91% Ep. 33 | Best Valid : 0.87/1.32/2.67/45.17% Ep. 32
Time elapsed: 11.76 min
Epoch: 034/200 | Batch 0000/0049 | Cost: 2.4144
Epoch: 034/200 | Batch 0010/0049 | Cost: 2.3578
Epoch: 034/200 | Batch 0020/0049 | Cost: 2.3033
Epoch: 034/200 | Batch 0030/0049 | Cost: 2.3347
Epoch: 034/200 | Batch 0040/0049 | Cost: 2.3235
MAE/RMSE/Loss/Accuracy: | Current Valid: 0.90/1.35/2.58/43.33% Ep. 34 | Best Valid : 0.87/1.32/2.67/45.17% Ep. 32
Time elapsed: 12.11 min
Epoch: 035/200 | Batch 0000/0049 | Cost: 2.2797
Epoch: 035/200 | Batch 0010/0049 | Cost: 2.2869
Epoch: 035/200 | Batch 0020/0049 | Cost: 2.2747
Epoch: 035/200 | Batch 0030/0049 | Cost: 2.3182
Epoch: 035/200 | Batch 0040/0049 | Cost: 2.2504
MAE/RMSE/Loss/Accuracy: | Current Valid: 0.88/1.32/2.60/43.97% Ep. 35 | Best Valid : 0.87/1.32/2.67/45.17% Ep. 32
Time elapsed: 12.47 min
Epoch: 036/200 | Batch 0000/0049 | Cost: 2.2630
Epoch: 036/200 | Batch 0010/0049 | Cost: 2.1948
Epoch: 036/200 | Batch 0020/0049 | Cost: 2.2637
Epoch: 036/200 | Batch 0030/0049 | Cost: 2.2670
Epoch: 036/200 | Batch 0040/0049 | Cost: 2.4291
MAE/RMSE/Loss/Accuracy: | Current Valid: 0.86/1.31/2.53/45.24% Ep. 36 | Best Valid : 0.86/1.31/2.53/45.24% Ep. 36
Time elapsed: 12.82 min
Epoch: 037/200 | Batch 0000/0049 | Cost: 2.3006
Epoch: 037/200 | Batch 0010/0049 | Cost: 2.1790
Epoch: 037/200 | Batch 0020/0049 | Cost: 2.2120
Epoch: 037/200 | Batch 0030/0049 | Cost: 2.1640
Epoch: 037/200 | Batch 0040/0049 | Cost: 2.2425
MAE/RMSE/Loss/Accuracy: | Current Valid: 0.90/1.33/2.51/43.47% Ep. 37 | Best Valid : 0.86/1.31/2.53/45.24% Ep. 36
Time elapsed: 13.18 min
Epoch: 038/200 | Batch 0000/0049 | Cost: 2.1838
Epoch: 038/200 | Batch 0010/0049 | Cost: 2.2040
Epoch: 038/200 | Batch 0020/0049 | Cost: 2.2664
Epoch: 038/200 | Batch 0030/0049 | Cost: 2.2480
Epoch: 038/200 | Batch 0040/0049 | Cost: 2.3033
MAE/RMSE/Loss/Accuracy: | Current Valid: 0.84/1.28/2.53/45.87% Ep. 38 | Best Valid : 0.84/1.28/2.53/45.87% Ep. 38
Time elapsed: 13.54 min
Epoch: 039/200 | Batch 0000/0049 | Cost: 2.3492
Epoch: 039/200 | Batch 0010/0049 | Cost: 2.1687
Epoch: 039/200 | Batch 0020/0049 | Cost: 2.3071
Epoch: 039/200 | Batch 0030/0049 | Cost: 2.1863
Epoch: 039/200 | Batch 0040/0049 | Cost: 2.2239
MAE/RMSE/Loss/Accuracy: | Current Valid: 0.86/1.31/2.46/45.66% Ep. 39 | Best Valid : 0.84/1.28/2.53/45.87% Ep. 38
Time elapsed: 13.89 min
Epoch: 040/200 | Batch 0000/0049 | Cost: 2.2986
Epoch: 040/200 | Batch 0010/0049 | Cost: 2.2766
Epoch: 040/200 | Batch 0020/0049 | Cost: 2.1217
Epoch: 040/200 | Batch 0030/0049 | Cost: 2.2084
Epoch: 040/200 | Batch 0040/0049 | Cost: 2.0893
MAE/RMSE/Loss/Accuracy: | Current Valid: 0.79/1.22/2.47/47.00% Ep. 40 | Best Valid : 0.79/1.22/2.47/47.00% Ep. 40
Time elapsed: 14.25 min
Epoch: 041/200 | Batch 0000/0049 | Cost: 2.2820
Epoch: 041/200 | Batch 0010/0049 | Cost: 2.1141
Epoch: 041/200 | Batch 0020/0049 | Cost: 2.1054
Epoch: 041/200 | Batch 0030/0049 | Cost: 2.0620
Epoch: 041/200 | Batch 0040/0049 | Cost: 2.1557
MAE/RMSE/Loss/Accuracy: | Current Valid: 0.78/1.20/2.45/47.64% Ep. 41 | Best Valid : 0.78/1.20/2.45/47.64% Ep. 41
Time elapsed: 14.60 min
Epoch: 042/200 | Batch 0000/0049 | Cost: 2.1383
Epoch: 042/200 | Batch 0010/0049 | Cost: 2.1064
Epoch: 042/200 | Batch 0020/0049 | Cost: 2.1592
Epoch: 042/200 | Batch 0030/0049 | Cost: 2.2114
Epoch: 042/200 | Batch 0040/0049 | Cost: 2.2636
MAE/RMSE/Loss/Accuracy: | Current Valid: 0.94/1.40/2.55/42.77% Ep. 42 | Best Valid : 0.78/1.20/2.45/47.64% Ep. 41
Time elapsed: 14.96 min
Epoch: 043/200 | Batch 0000/0049 | Cost: 2.1751
Epoch: 043/200 | Batch 0010/0049 | Cost: 2.1548
Epoch: 043/200 | Batch 0020/0049 | Cost: 2.0156
Epoch: 043/200 | Batch 0030/0049 | Cost: 2.1546
Epoch: 043/200 | Batch 0040/0049 | Cost: 2.0701
MAE/RMSE/Loss/Accuracy: | Current Valid: 0.84/1.31/2.47/46.29% Ep. 43 | Best Valid : 0.78/1.20/2.45/47.64% Ep. 41
Time elapsed: 15.31 min
Epoch: 044/200 | Batch 0000/0049 | Cost: 2.0907
Epoch: 044/200 | Batch 0010/0049 | Cost: 2.1467
Epoch: 044/200 | Batch 0020/0049 | Cost: 2.0791
Epoch: 044/200 | Batch 0030/0049 | Cost: 2.0876
Epoch: 044/200 | Batch 0040/0049 | Cost: 2.1356
MAE/RMSE/Loss/Accuracy: | Current Valid: 0.75/1.16/2.42/48.06% Ep. 44 | Best Valid : 0.75/1.16/2.42/48.06% Ep. 44
Time elapsed: 15.67 min
Epoch: 045/200 | Batch 0000/0049 | Cost: 2.0742
Epoch: 045/200 | Batch 0010/0049 | Cost: 2.0907
Epoch: 045/200 | Batch 0020/0049 | Cost: 2.0062
Epoch: 045/200 | Batch 0030/0049 | Cost: 2.1146
Epoch: 045/200 | Batch 0040/0049 | Cost: 2.1960
MAE/RMSE/Loss/Accuracy: | Current Valid: 0.78/1.20/2.40/47.00% Ep. 45 | Best Valid : 0.75/1.16/2.42/48.06% Ep. 44
Time elapsed: 16.02 min
Epoch: 046/200 | Batch 0000/0049 | Cost: 2.1506
Epoch: 046/200 | Batch 0010/0049 | Cost: 2.0967
Epoch: 046/200 | Batch 0020/0049 | Cost: 2.1655
Epoch: 046/200 | Batch 0030/0049 | Cost: 1.9605
Epoch: 046/200 | Batch 0040/0049 | Cost: 2.0842
MAE/RMSE/Loss/Accuracy: | Current Valid: 0.78/1.20/2.39/47.07% Ep. 46 | Best Valid : 0.75/1.16/2.42/48.06% Ep. 44
Time elapsed: 16.38 min
Epoch: 047/200 | Batch 0000/0049 | Cost: 2.0411
Epoch: 047/200 | Batch 0010/0049 | Cost: 2.0699
Epoch: 047/200 | Batch 0020/0049 | Cost: 2.0979
Epoch: 047/200 | Batch 0030/0049 | Cost: 2.0751
Epoch: 047/200 | Batch 0040/0049 | Cost: 2.0145
MAE/RMSE/Loss/Accuracy: | Current Valid: 0.87/1.31/2.42/45.31% Ep. 47 | Best Valid : 0.75/1.16/2.42/48.06% Ep. 44
Time elapsed: 16.73 min
Epoch: 048/200 | Batch 0000/0049 | Cost: 2.1288
Epoch: 048/200 | Batch 0010/0049 | Cost: 2.1425
Epoch: 048/200 | Batch 0020/0049 | Cost: 2.0752
Epoch: 048/200 | Batch 0030/0049 | Cost: 2.0472
Epoch: 048/200 | Batch 0040/0049 | Cost: 2.0571
MAE/RMSE/Loss/Accuracy: | Current Valid: 0.95/1.41/2.55/41.85% Ep. 48 | Best Valid : 0.75/1.16/2.42/48.06% Ep. 44
Time elapsed: 17.08 min
Epoch: 049/200 | Batch 0000/0049 | Cost: 2.1416
Epoch: 049/200 | Batch 0010/0049 | Cost: 2.1322
Epoch: 049/200 | Batch 0020/0049 | Cost: 2.1170
Epoch: 049/200 | Batch 0030/0049 | Cost: 2.1457
Epoch: 049/200 | Batch 0040/0049 | Cost: 2.1305
MAE/RMSE/Loss/Accuracy: | Current Valid: 0.86/1.31/2.45/44.25% Ep. 49 | Best Valid : 0.75/1.16/2.42/48.06% Ep. 44
Time elapsed: 17.44 min
Epoch: 050/200 | Batch 0000/0049 | Cost: 2.1700
Epoch: 050/200 | Batch 0010/0049 | Cost: 2.0226
Epoch: 050/200 | Batch 0020/0049 | Cost: 2.1929
Epoch: 050/200 | Batch 0030/0049 | Cost: 2.2025
Epoch: 050/200 | Batch 0040/0049 | Cost: 2.0343
MAE/RMSE/Loss/Accuracy: | Current Valid: 0.73/1.12/2.31/47.71% Ep. 50 | Best Valid : 0.73/1.12/2.31/47.71% Ep. 50
Time elapsed: 17.79 min
Epoch: 051/200 | Batch 0000/0049 | Cost: 2.0578
Epoch: 051/200 | Batch 0010/0049 | Cost: 2.1357
Epoch: 051/200 | Batch 0020/0049 | Cost: 2.0135
Epoch: 051/200 | Batch 0030/0049 | Cost: 1.9974
Epoch: 051/200 | Batch 0040/0049 | Cost: 2.0358
MAE/RMSE/Loss/Accuracy: | Current Valid: 0.78/1.21/2.30/47.85% Ep. 51 | Best Valid : 0.73/1.12/2.31/47.71% Ep. 50
Time elapsed: 18.14 min
Epoch: 052/200 | Batch 0000/0049 | Cost: 2.0106
Epoch: 052/200 | Batch 0010/0049 | Cost: 1.8718
Epoch: 052/200 | Batch 0020/0049 | Cost: 2.0121
Epoch: 052/200 | Batch 0030/0049 | Cost: 1.9864
Epoch: 052/200 | Batch 0040/0049 | Cost: 1.9889
MAE/RMSE/Loss/Accuracy: | Current Valid: 0.73/1.12/2.26/48.41% Ep. 52 | Best Valid : 0.73/1.12/2.26/48.41% Ep. 52
Time elapsed: 18.50 min
Epoch: 053/200 | Batch 0000/0049 | Cost: 1.9273
Epoch: 053/200 | Batch 0010/0049 | Cost: 1.8347
Epoch: 053/200 | Batch 0020/0049 | Cost: 1.9579
Epoch: 053/200 | Batch 0030/0049 | Cost: 2.0094
Epoch: 053/200 | Batch 0040/0049 | Cost: 2.0252
MAE/RMSE/Loss/Accuracy: | Current Valid: 0.83/1.28/2.30/45.80% Ep. 53 | Best Valid : 0.73/1.12/2.26/48.41% Ep. 52
Time elapsed: 18.86 min
Epoch: 054/200 | Batch 0000/0049 | Cost: 1.8816
Epoch: 054/200 | Batch 0010/0049 | Cost: 2.0746
Epoch: 054/200 | Batch 0020/0049 | Cost: 1.8935
Epoch: 054/200 | Batch 0030/0049 | Cost: 1.8879
Epoch: 054/200 | Batch 0040/0049 | Cost: 1.9193
MAE/RMSE/Loss/Accuracy: | Current Valid: 0.91/1.39/2.55/44.25% Ep. 54 | Best Valid : 0.73/1.12/2.26/48.41% Ep. 52
Time elapsed: 19.21 min
Epoch: 055/200 | Batch 0000/0049 | Cost: 1.9336
Epoch: 055/200 | Batch 0010/0049 | Cost: 1.9111
Epoch: 055/200 | Batch 0020/0049 | Cost: 1.9640
Epoch: 055/200 | Batch 0030/0049 | Cost: 1.9413
Epoch: 055/200 | Batch 0040/0049 | Cost: 1.8856
MAE/RMSE/Loss/Accuracy: | Current Valid: 0.68/1.07/2.17/49.68% Ep. 55 | Best Valid : 0.68/1.07/2.17/49.68% Ep. 55
Time elapsed: 19.57 min
Epoch: 056/200 | Batch 0000/0049 | Cost: 1.8951
Epoch: 056/200 | Batch 0010/0049 | Cost: 1.8429
Epoch: 056/200 | Batch 0020/0049 | Cost: 1.8751
Epoch: 056/200 | Batch 0030/0049 | Cost: 1.9660
Epoch: 056/200 | Batch 0040/0049 | Cost: 1.8624
MAE/RMSE/Loss/Accuracy: | Current Valid: 0.68/1.09/2.18/51.09% Ep. 56 | Best Valid : 0.68/1.07/2.17/49.68% Ep. 55
Time elapsed: 19.92 min
Epoch: 057/200 | Batch 0000/0049 | Cost: 1.9350
Epoch: 057/200 | Batch 0010/0049 | Cost: 1.8943
Epoch: 057/200 | Batch 0020/0049 | Cost: 1.8600
Epoch: 057/200 | Batch 0030/0049 | Cost: 1.8246
Epoch: 057/200 | Batch 0040/0049 | Cost: 1.8447
MAE/RMSE/Loss/Accuracy: | Current Valid: 0.76/1.17/2.25/47.78% Ep. 57 | Best Valid : 0.68/1.07/2.17/49.68% Ep. 55
Time elapsed: 20.28 min
Epoch: 058/200 | Batch 0000/0049 | Cost: 1.9326
Epoch: 058/200 | Batch 0010/0049 | Cost: 1.8678
Epoch: 058/200 | Batch 0020/0049 | Cost: 1.8302
Epoch: 058/200 | Batch 0030/0049 | Cost: 1.8356
Epoch: 058/200 | Batch 0040/0049 | Cost: 1.7905
MAE/RMSE/Loss/Accuracy: | Current Valid: 0.67/1.05/2.13/50.67% Ep. 58 | Best Valid : 0.67/1.05/2.13/50.67% Ep. 58
Time elapsed: 20.64 min
Epoch: 059/200 | Batch 0000/0049 | Cost: 1.8266
Epoch: 059/200 | Batch 0010/0049 | Cost: 1.7357
Epoch: 059/200 | Batch 0020/0049 | Cost: 1.9124
Epoch: 059/200 | Batch 0030/0049 | Cost: 1.8660
Epoch: 059/200 | Batch 0040/0049 | Cost: 1.8107
MAE/RMSE/Loss/Accuracy: | Current Valid: 0.67/1.08/2.12/51.24% Ep. 59 | Best Valid : 0.67/1.05/2.13/50.67% Ep. 58
Time elapsed: 20.99 min
Epoch: 060/200 | Batch 0000/0049 | Cost: 1.6894
Epoch: 060/200 | Batch 0010/0049 | Cost: 1.8286
Epoch: 060/200 | Batch 0020/0049 | Cost: 1.8666
Epoch: 060/200 | Batch 0030/0049 | Cost: 1.7823
Epoch: 060/200 | Batch 0040/0049 | Cost: 1.8240
MAE/RMSE/Loss/Accuracy: | Current Valid: 0.66/1.06/2.12/52.51% Ep. 60 | Best Valid : 0.66/1.06/2.12/52.51% Ep. 60
Time elapsed: 21.35 min
Epoch: 061/200 | Batch 0000/0049 | Cost: 1.7402
Epoch: 061/200 | Batch 0010/0049 | Cost: 1.8166
Epoch: 061/200 | Batch 0020/0049 | Cost: 1.8198
Epoch: 061/200 | Batch 0030/0049 | Cost: 1.8444
Epoch: 061/200 | Batch 0040/0049 | Cost: 1.6997
MAE/RMSE/Loss/Accuracy: | Current Valid: 0.63/1.02/2.07/52.58% Ep. 61 | Best Valid : 0.63/1.02/2.07/52.58% Ep. 61
Time elapsed: 21.71 min
Epoch: 062/200 | Batch 0000/0049 | Cost: 1.8319
Epoch: 062/200 | Batch 0010/0049 | Cost: 1.7974
Epoch: 062/200 | Batch 0020/0049 | Cost: 1.7966
Epoch: 062/200 | Batch 0030/0049 | Cost: 1.8346
Epoch: 062/200 | Batch 0040/0049 | Cost: 1.8324
MAE/RMSE/Loss/Accuracy: | Current Valid: 0.67/1.05/2.08/50.39% Ep. 62 | Best Valid : 0.63/1.02/2.07/52.58% Ep. 61
Time elapsed: 22.06 min
Epoch: 063/200 | Batch 0000/0049 | Cost: 1.9022
Epoch: 063/200 | Batch 0010/0049 | Cost: 1.7548
Epoch: 063/200 | Batch 0020/0049 | Cost: 1.7773
Epoch: 063/200 | Batch 0030/0049 | Cost: 1.7423
Epoch: 063/200 | Batch 0040/0049 | Cost: 1.7914
MAE/RMSE/Loss/Accuracy: | Current Valid: 0.66/1.05/2.06/51.45% Ep. 63 | Best Valid : 0.63/1.02/2.07/52.58% Ep. 61
Time elapsed: 22.42 min
Epoch: 064/200 | Batch 0000/0049 | Cost: 1.7848
Epoch: 064/200 | Batch 0010/0049 | Cost: 1.7374
Epoch: 064/200 | Batch 0020/0049 | Cost: 1.8015
Epoch: 064/200 | Batch 0030/0049 | Cost: 1.7326
Epoch: 064/200 | Batch 0040/0049 | Cost: 1.7633
MAE/RMSE/Loss/Accuracy: | Current Valid: 0.60/0.99/2.07/53.92% Ep. 64 | Best Valid : 0.60/0.99/2.07/53.92% Ep. 64
Time elapsed: 22.77 min
Epoch: 065/200 | Batch 0000/0049 | Cost: 1.7143
Epoch: 065/200 | Batch 0010/0049 | Cost: 1.7913
Epoch: 065/200 | Batch 0020/0049 | Cost: 1.7655
Epoch: 065/200 | Batch 0030/0049 | Cost: 1.6798
Epoch: 065/200 | Batch 0040/0049 | Cost: 1.8269
MAE/RMSE/Loss/Accuracy: | Current Valid: 0.68/1.08/2.09/51.31% Ep. 65 | Best Valid : 0.60/0.99/2.07/53.92% Ep. 64
Time elapsed: 23.13 min
Epoch: 066/200 | Batch 0000/0049 | Cost: 1.7119
Epoch: 066/200 | Batch 0010/0049 | Cost: 1.6878
Epoch: 066/200 | Batch 0020/0049 | Cost: 1.7071
Epoch: 066/200 | Batch 0030/0049 | Cost: 1.7134
Epoch: 066/200 | Batch 0040/0049 | Cost: 1.7261
MAE/RMSE/Loss/Accuracy: | Current Valid: 0.62/1.02/2.04/52.72% Ep. 66 | Best Valid : 0.60/0.99/2.07/53.92% Ep. 64
Time elapsed: 23.48 min
Epoch: 067/200 | Batch 0000/0049 | Cost: 1.6938
Epoch: 067/200 | Batch 0010/0049 | Cost: 1.7360
Epoch: 067/200 | Batch 0020/0049 | Cost: 1.7464
Epoch: 067/200 | Batch 0030/0049 | Cost: 1.6146
Epoch: 067/200 | Batch 0040/0049 | Cost: 1.7232
MAE/RMSE/Loss/Accuracy: | Current Valid: 0.60/0.99/2.02/54.20% Ep. 67 | Best Valid : 0.60/0.99/2.07/53.92% Ep. 64
Time elapsed: 23.83 min
Epoch: 068/200 | Batch 0000/0049 | Cost: 1.6519
Epoch: 068/200 | Batch 0010/0049 | Cost: 1.6688
Epoch: 068/200 | Batch 0020/0049 | Cost: 1.6414
Epoch: 068/200 | Batch 0030/0049 | Cost: 1.7042
Epoch: 068/200 | Batch 0040/0049 | Cost: 1.6846
MAE/RMSE/Loss/Accuracy: | Current Valid: 0.67/1.05/2.00/50.39% Ep. 68 | Best Valid : 0.60/0.99/2.07/53.92% Ep. 64
Time elapsed: 24.19 min
Epoch: 069/200 | Batch 0000/0049 | Cost: 1.6898
Epoch: 069/200 | Batch 0010/0049 | Cost: 1.7014
Epoch: 069/200 | Batch 0020/0049 | Cost: 1.7351
Epoch: 069/200 | Batch 0030/0049 | Cost: 1.7285
Epoch: 069/200 | Batch 0040/0049 | Cost: 1.6832
MAE/RMSE/Loss/Accuracy: | Current Valid: 0.66/1.06/2.03/51.45% Ep. 69 | Best Valid : 0.60/0.99/2.07/53.92% Ep. 64
Time elapsed: 24.54 min
Epoch: 070/200 | Batch 0000/0049 | Cost: 1.6705
Epoch: 070/200 | Batch 0010/0049 | Cost: 1.6281
Epoch: 070/200 | Batch 0020/0049 | Cost: 1.6757
Epoch: 070/200 | Batch 0030/0049 | Cost: 1.6509
Epoch: 070/200 | Batch 0040/0049 | Cost: 1.6302
MAE/RMSE/Loss/Accuracy: | Current Valid: 0.59/0.98/2.01/54.83% Ep. 70 | Best Valid : 0.59/0.98/2.01/54.83% Ep. 70
Time elapsed: 24.90 min
Epoch: 071/200 | Batch 0000/0049 | Cost: 1.6166
Epoch: 071/200 | Batch 0010/0049 | Cost: 1.6218
Epoch: 071/200 | Batch 0020/0049 | Cost: 1.6498
Epoch: 071/200 | Batch 0030/0049 | Cost: 1.7297
Epoch: 071/200 | Batch 0040/0049 | Cost: 1.7798
MAE/RMSE/Loss/Accuracy: | Current Valid: 0.68/1.10/2.08/50.81% Ep. 71 | Best Valid : 0.59/0.98/2.01/54.83% Ep. 70
Time elapsed: 25.25 min
Epoch: 072/200 | Batch 0000/0049 | Cost: 1.6419
Epoch: 072/200 | Batch 0010/0049 | Cost: 1.6418
Epoch: 072/200 | Batch 0020/0049 | Cost: 1.6732
Epoch: 072/200 | Batch 0030/0049 | Cost: 1.6376
Epoch: 072/200 | Batch 0040/0049 | Cost: 1.7309
MAE/RMSE/Loss/Accuracy: | Current Valid: 0.73/1.15/2.13/49.68% Ep. 72 | Best Valid : 0.59/0.98/2.01/54.83% Ep. 70
Time elapsed: 25.61 min
Epoch: 073/200 | Batch 0000/0049 | Cost: 1.7460
Epoch: 073/200 | Batch 0010/0049 | Cost: 1.5773
Epoch: 073/200 | Batch 0020/0049 | Cost: 1.7088
Epoch: 073/200 | Batch 0030/0049 | Cost: 1.6828
Epoch: 073/200 | Batch 0040/0049 | Cost: 1.7492
MAE/RMSE/Loss/Accuracy: | Current Valid: 0.67/1.06/2.00/50.95% Ep. 73 | Best Valid : 0.59/0.98/2.01/54.83% Ep. 70
Time elapsed: 25.96 min
Epoch: 074/200 | Batch 0000/0049 | Cost: 1.6655
Epoch: 074/200 | Batch 0010/0049 | Cost: 1.7834
Epoch: 074/200 | Batch 0020/0049 | Cost: 1.7695
Epoch: 074/200 | Batch 0030/0049 | Cost: 1.6930
Epoch: 074/200 | Batch 0040/0049 | Cost: 1.6890
MAE/RMSE/Loss/Accuracy: | Current Valid: 0.67/1.09/2.07/51.80% Ep. 74 | Best Valid : 0.59/0.98/2.01/54.83% Ep. 70
Time elapsed: 26.31 min
Epoch: 075/200 | Batch 0000/0049 | Cost: 1.5767
Epoch: 075/200 | Batch 0010/0049 | Cost: 1.6315
Epoch: 075/200 | Batch 0020/0049 | Cost: 1.7153
Epoch: 075/200 | Batch 0030/0049 | Cost: 1.5858
Epoch: 075/200 | Batch 0040/0049 | Cost: 1.6342
MAE/RMSE/Loss/Accuracy: | Current Valid: 0.68/1.07/1.98/50.18% Ep. 75 | Best Valid : 0.59/0.98/2.01/54.83% Ep. 70
Time elapsed: 26.67 min
Epoch: 076/200 | Batch 0000/0049 | Cost: 1.5295
Epoch: 076/200 | Batch 0010/0049 | Cost: 1.5831
Epoch: 076/200 | Batch 0020/0049 | Cost: 1.5603
Epoch: 076/200 | Batch 0030/0049 | Cost: 1.5920
Epoch: 076/200 | Batch 0040/0049 | Cost: 1.6653
MAE/RMSE/Loss/Accuracy: | Current Valid: 0.60/0.99/1.98/53.49% Ep. 76 | Best Valid : 0.59/0.98/2.01/54.83% Ep. 70
Time elapsed: 27.02 min
Epoch: 077/200 | Batch 0000/0049 | Cost: 1.6473
Epoch: 077/200 | Batch 0010/0049 | Cost: 1.6063
Epoch: 077/200 | Batch 0020/0049 | Cost: 1.5844
Epoch: 077/200 | Batch 0030/0049 | Cost: 1.5625
Epoch: 077/200 | Batch 0040/0049 | Cost: 1.6525
MAE/RMSE/Loss/Accuracy: | Current Valid: 0.58/0.95/1.92/54.55% Ep. 77 | Best Valid : 0.58/0.95/1.92/54.55% Ep. 77
Time elapsed: 27.38 min
Epoch: 078/200 | Batch 0000/0049 | Cost: 1.5950
Epoch: 078/200 | Batch 0010/0049 | Cost: 1.5238
Epoch: 078/200 | Batch 0020/0049 | Cost: 1.6946
Epoch: 078/200 | Batch 0030/0049 | Cost: 1.6517
Epoch: 078/200 | Batch 0040/0049 | Cost: 1.6685
MAE/RMSE/Loss/Accuracy: | Current Valid: 0.63/1.03/2.01/53.85% Ep. 78 | Best Valid : 0.58/0.95/1.92/54.55% Ep. 77
Time elapsed: 27.73 min
Epoch: 079/200 | Batch 0000/0049 | Cost: 1.7132
Epoch: 079/200 | Batch 0010/0049 | Cost: 1.6728
Epoch: 079/200 | Batch 0020/0049 | Cost: 1.5745
Epoch: 079/200 | Batch 0030/0049 | Cost: 1.7188
Epoch: 079/200 | Batch 0040/0049 | Cost: 1.6926
MAE/RMSE/Loss/Accuracy: | Current Valid: 0.64/1.04/1.95/52.72% Ep. 79 | Best Valid : 0.58/0.95/1.92/54.55% Ep. 77
Time elapsed: 28.09 min
Epoch: 080/200 | Batch 0000/0049 | Cost: 1.6265
Epoch: 080/200 | Batch 0010/0049 | Cost: 1.5948
Epoch: 080/200 | Batch 0020/0049 | Cost: 1.5960
Epoch: 080/200 | Batch 0030/0049 | Cost: 1.5487
Epoch: 080/200 | Batch 0040/0049 | Cost: 1.5700
MAE/RMSE/Loss/Accuracy: | Current Valid: 0.59/1.01/1.93/56.03% Ep. 80 | Best Valid : 0.58/0.95/1.92/54.55% Ep. 77
Time elapsed: 28.44 min
Epoch: 081/200 | Batch 0000/0049 | Cost: 1.5988
Epoch: 081/200 | Batch 0010/0049 | Cost: 1.5761
Epoch: 081/200 | Batch 0020/0049 | Cost: 1.5579
Epoch: 081/200 | Batch 0030/0049 | Cost: 1.6043
Epoch: 081/200 | Batch 0040/0049 | Cost: 1.5531
MAE/RMSE/Loss/Accuracy: | Current Valid: 0.54/0.93/1.88/58.08% Ep. 81 | Best Valid : 0.54/0.93/1.88/58.08% Ep. 81
Time elapsed: 28.80 min
Epoch: 082/200 | Batch 0000/0049 | Cost: 1.6276
Epoch: 082/200 | Batch 0010/0049 | Cost: 1.5319
Epoch: 082/200 | Batch 0020/0049 | Cost: 1.6081
Epoch: 082/200 | Batch 0030/0049 | Cost: 1.4790
Epoch: 082/200 | Batch 0040/0049 | Cost: 1.5266
MAE/RMSE/Loss/Accuracy: | Current Valid: 0.59/0.98/1.90/54.27% Ep. 82 | Best Valid : 0.54/0.93/1.88/58.08% Ep. 81
Time elapsed: 29.16 min
Epoch: 083/200 | Batch 0000/0049 | Cost: 1.6000
Epoch: 083/200 | Batch 0010/0049 | Cost: 1.5089
Epoch: 083/200 | Batch 0020/0049 | Cost: 1.4755
Epoch: 083/200 | Batch 0030/0049 | Cost: 1.5567
Epoch: 083/200 | Batch 0040/0049 | Cost: 1.5363
MAE/RMSE/Loss/Accuracy: | Current Valid: 0.62/1.00/1.86/53.28% Ep. 83 | Best Valid : 0.54/0.93/1.88/58.08% Ep. 81
Time elapsed: 29.51 min
Epoch: 084/200 | Batch 0000/0049 | Cost: 1.5220
Epoch: 084/200 | Batch 0010/0049 | Cost: 1.5175
Epoch: 084/200 | Batch 0020/0049 | Cost: 1.4783
Epoch: 084/200 | Batch 0030/0049 | Cost: 1.5531
Epoch: 084/200 | Batch 0040/0049 | Cost: 1.5782
MAE/RMSE/Loss/Accuracy: | Current Valid: 0.58/0.98/1.88/56.18% Ep. 84 | Best Valid : 0.54/0.93/1.88/58.08% Ep. 81
Time elapsed: 29.87 min
Epoch: 085/200 | Batch 0000/0049 | Cost: 1.5133
Epoch: 085/200 | Batch 0010/0049 | Cost: 1.5025
Epoch: 085/200 | Batch 0020/0049 | Cost: 1.5288
Epoch: 085/200 | Batch 0030/0049 | Cost: 1.4587
Epoch: 085/200 | Batch 0040/0049 | Cost: 1.4583
MAE/RMSE/Loss/Accuracy: | Current Valid: 0.58/0.98/1.88/55.96% Ep. 85 | Best Valid : 0.54/0.93/1.88/58.08% Ep. 81
Time elapsed: 30.22 min
Epoch: 086/200 | Batch 0000/0049 | Cost: 1.4804
Epoch: 086/200 | Batch 0010/0049 | Cost: 1.5157
Epoch: 086/200 | Batch 0020/0049 | Cost: 1.5031
Epoch: 086/200 | Batch 0030/0049 | Cost: 1.4328
Epoch: 086/200 | Batch 0040/0049 | Cost: 1.5310
MAE/RMSE/Loss/Accuracy: | Current Valid: 0.58/0.99/1.86/55.75% Ep. 86 | Best Valid : 0.54/0.93/1.88/58.08% Ep. 81
Time elapsed: 30.57 min
Epoch: 087/200 | Batch 0000/0049 | Cost: 1.4768
Epoch: 087/200 | Batch 0010/0049 | Cost: 1.5330
Epoch: 087/200 | Batch 0020/0049 | Cost: 1.4624
Epoch: 087/200 | Batch 0030/0049 | Cost: 1.5292
Epoch: 087/200 | Batch 0040/0049 | Cost: 1.5262
MAE/RMSE/Loss/Accuracy: | Current Valid: 0.55/0.93/1.81/57.45% Ep. 87 | Best Valid : 0.54/0.93/1.88/58.08% Ep. 81
Time elapsed: 30.93 min
Epoch: 088/200 | Batch 0000/0049 | Cost: 1.4095
Epoch: 088/200 | Batch 0010/0049 | Cost: 1.4280
Epoch: 088/200 | Batch 0020/0049 | Cost: 1.4996
Epoch: 088/200 | Batch 0030/0049 | Cost: 1.4075
Epoch: 088/200 | Batch 0040/0049 | Cost: 1.4009
MAE/RMSE/Loss/Accuracy: | Current Valid: 0.58/0.96/1.83/54.90% Ep. 88 | Best Valid : 0.54/0.93/1.88/58.08% Ep. 81
Time elapsed: 31.29 min
Epoch: 089/200 | Batch 0000/0049 | Cost: 1.4710
Epoch: 089/200 | Batch 0010/0049 | Cost: 1.4301
Epoch: 089/200 | Batch 0020/0049 | Cost: 1.5041
Epoch: 089/200 | Batch 0030/0049 | Cost: 1.4260
Epoch: 089/200 | Batch 0040/0049 | Cost: 1.4250
MAE/RMSE/Loss/Accuracy: | Current Valid: 0.53/0.91/1.77/58.22% Ep. 89 | Best Valid : 0.53/0.91/1.77/58.22% Ep. 89
Time elapsed: 31.64 min
Epoch: 090/200 | Batch 0000/0049 | Cost: 1.4573
Epoch: 090/200 | Batch 0010/0049 | Cost: 1.4342
Epoch: 090/200 | Batch 0020/0049 | Cost: 1.4779
Epoch: 090/200 | Batch 0030/0049 | Cost: 1.5363
Epoch: 090/200 | Batch 0040/0049 | Cost: 1.4681
MAE/RMSE/Loss/Accuracy: | Current Valid: 0.58/0.98/1.86/56.10% Ep. 90 | Best Valid : 0.53/0.91/1.77/58.22% Ep. 89
Time elapsed: 32.00 min
Epoch: 091/200 | Batch 0000/0049 | Cost: 1.4912
Epoch: 091/200 | Batch 0010/0049 | Cost: 1.4182
Epoch: 091/200 | Batch 0020/0049 | Cost: 1.4795
Epoch: 091/200 | Batch 0030/0049 | Cost: 1.4652
Epoch: 091/200 | Batch 0040/0049 | Cost: 1.3757
MAE/RMSE/Loss/Accuracy: | Current Valid: 0.55/0.92/1.80/56.60% Ep. 91 | Best Valid : 0.53/0.91/1.77/58.22% Ep. 89
Time elapsed: 32.35 min
Epoch: 092/200 | Batch 0000/0049 | Cost: 1.4314
Epoch: 092/200 | Batch 0010/0049 | Cost: 1.3841
Epoch: 092/200 | Batch 0020/0049 | Cost: 1.4706
Epoch: 092/200 | Batch 0030/0049 | Cost: 1.4709
Epoch: 092/200 | Batch 0040/0049 | Cost: 1.4331
MAE/RMSE/Loss/Accuracy: | Current Valid: 0.56/0.98/1.83/58.08% Ep. 92 | Best Valid : 0.53/0.91/1.77/58.22% Ep. 89
Time elapsed: 32.71 min
Epoch: 093/200 | Batch 0000/0049 | Cost: 1.3582
Epoch: 093/200 | Batch 0010/0049 | Cost: 1.4108
Epoch: 093/200 | Batch 0020/0049 | Cost: 1.4448
Epoch: 093/200 | Batch 0030/0049 | Cost: 1.4769
Epoch: 093/200 | Batch 0040/0049 | Cost: 1.4554
MAE/RMSE/Loss/Accuracy: | Current Valid: 0.58/0.97/1.86/56.18% Ep. 93 | Best Valid : 0.53/0.91/1.77/58.22% Ep. 89
Time elapsed: 33.06 min
Epoch: 094/200 | Batch 0000/0049 | Cost: 1.4170
Epoch: 094/200 | Batch 0010/0049 | Cost: 1.4112
Epoch: 094/200 | Batch 0020/0049 | Cost: 1.4055
Epoch: 094/200 | Batch 0030/0049 | Cost: 1.3213
Epoch: 094/200 | Batch 0040/0049 | Cost: 1.4630
MAE/RMSE/Loss/Accuracy: | Current Valid: 0.54/0.93/1.78/57.73% Ep. 94 | Best Valid : 0.53/0.91/1.77/58.22% Ep. 89
Time elapsed: 33.42 min
Epoch: 095/200 | Batch 0000/0049 | Cost: 1.3563
Epoch: 095/200 | Batch 0010/0049 | Cost: 1.4369
Epoch: 095/200 | Batch 0020/0049 | Cost: 1.3507
Epoch: 095/200 | Batch 0030/0049 | Cost: 1.4248
Epoch: 095/200 | Batch 0040/0049 | Cost: 1.4258
MAE/RMSE/Loss/Accuracy: | Current Valid: 0.71/1.15/2.06/51.31% Ep. 95 | Best Valid : 0.53/0.91/1.77/58.22% Ep. 89
Time elapsed: 33.77 min
Epoch: 096/200 | Batch 0000/0049 | Cost: 1.5340
Epoch: 096/200 | Batch 0010/0049 | Cost: 1.4151
Epoch: 096/200 | Batch 0020/0049 | Cost: 1.5057
Epoch: 096/200 | Batch 0030/0049 | Cost: 1.4645
Epoch: 096/200 | Batch 0040/0049 | Cost: 1.3940
MAE/RMSE/Loss/Accuracy: | Current Valid: 0.92/1.49/2.71/47.64% Ep. 96 | Best Valid : 0.53/0.91/1.77/58.22% Ep. 89
Time elapsed: 34.13 min
Epoch: 097/200 | Batch 0000/0049 | Cost: 1.4605
Epoch: 097/200 | Batch 0010/0049 | Cost: 1.4185
Epoch: 097/200 | Batch 0020/0049 | Cost: 1.4931
Epoch: 097/200 | Batch 0030/0049 | Cost: 1.5021
Epoch: 097/200 | Batch 0040/0049 | Cost: 1.5743
MAE/RMSE/Loss/Accuracy: | Current Valid: 0.65/1.08/1.89/53.49% Ep. 97 | Best Valid : 0.53/0.91/1.77/58.22% Ep. 89
Time elapsed: 34.48 min
Epoch: 098/200 | Batch 0000/0049 | Cost: 1.3754
Epoch: 098/200 | Batch 0010/0049 | Cost: 1.4246
Epoch: 098/200 | Batch 0020/0049 | Cost: 1.4290
Epoch: 098/200 | Batch 0030/0049 | Cost: 1.4580
Epoch: 098/200 | Batch 0040/0049 | Cost: 1.4436
MAE/RMSE/Loss/Accuracy: | Current Valid: 0.58/0.98/1.81/56.10% Ep. 98 | Best Valid : 0.53/0.91/1.77/58.22% Ep. 89
Time elapsed: 34.83 min
Epoch: 099/200 | Batch 0000/0049 | Cost: 1.4227
Epoch: 099/200 | Batch 0010/0049 | Cost: 1.3758
Epoch: 099/200 | Batch 0020/0049 | Cost: 1.3791
Epoch: 099/200 | Batch 0030/0049 | Cost: 1.4399
Epoch: 099/200 | Batch 0040/0049 | Cost: 1.3289
MAE/RMSE/Loss/Accuracy: | Current Valid: 0.59/1.01/1.85/55.68% Ep. 99 | Best Valid : 0.53/0.91/1.77/58.22% Ep. 89
Time elapsed: 35.19 min
Epoch: 100/200 | Batch 0000/0049 | Cost: 1.3436
Epoch: 100/200 | Batch 0010/0049 | Cost: 1.3611
Epoch: 100/200 | Batch 0020/0049 | Cost: 1.3777
Epoch: 100/200 | Batch 0030/0049 | Cost: 1.3784
Epoch: 100/200 | Batch 0040/0049 | Cost: 1.4372
MAE/RMSE/Loss/Accuracy: | Current Valid: 0.61/1.01/1.80/54.27% Ep. 100 | Best Valid : 0.53/0.91/1.77/58.22% Ep. 89
Time elapsed: 35.54 min
Epoch: 101/200 | Batch 0000/0049 | Cost: 1.4148
Epoch: 101/200 | Batch 0010/0049 | Cost: 1.3034
Epoch: 101/200 | Batch 0020/0049 | Cost: 1.3119
Epoch: 101/200 | Batch 0030/0049 | Cost: 1.2685
Epoch: 101/200 | Batch 0040/0049 | Cost: 1.3916
MAE/RMSE/Loss/Accuracy: | Current Valid: 0.57/0.96/1.76/56.32% Ep. 101 | Best Valid : 0.53/0.91/1.77/58.22% Ep. 89
Time elapsed: 35.90 min
Epoch: 102/200 | Batch 0000/0049 | Cost: 1.3664
Epoch: 102/200 | Batch 0010/0049 | Cost: 1.2996
Epoch: 102/200 | Batch 0020/0049 | Cost: 1.3451
Epoch: 102/200 | Batch 0030/0049 | Cost: 1.3957
Epoch: 102/200 | Batch 0040/0049 | Cost: 1.3193
MAE/RMSE/Loss/Accuracy: | Current Valid: 0.58/0.98/1.75/56.67% Ep. 102 | Best Valid : 0.53/0.91/1.77/58.22% Ep. 89
Time elapsed: 36.25 min
Epoch: 103/200 | Batch 0000/0049 | Cost: 1.3414
Epoch: 103/200 | Batch 0010/0049 | Cost: 1.3550
Epoch: 103/200 | Batch 0020/0049 | Cost: 1.2961
Epoch: 103/200 | Batch 0030/0049 | Cost: 1.3048
Epoch: 103/200 | Batch 0040/0049 | Cost: 1.4155
MAE/RMSE/Loss/Accuracy: | Current Valid: 0.54/0.94/1.75/59.56% Ep. 103 | Best Valid : 0.53/0.91/1.77/58.22% Ep. 89
Time elapsed: 36.61 min
Epoch: 104/200 | Batch 0000/0049 | Cost: 1.3679
Epoch: 104/200 | Batch 0010/0049 | Cost: 1.3207
Epoch: 104/200 | Batch 0020/0049 | Cost: 1.3422
Epoch: 104/200 | Batch 0030/0049 | Cost: 1.2944
Epoch: 104/200 | Batch 0040/0049 | Cost: 1.3126
MAE/RMSE/Loss/Accuracy: | Current Valid: 0.56/0.96/1.72/57.59% Ep. 104 | Best Valid : 0.53/0.91/1.77/58.22% Ep. 89
Time elapsed: 36.96 min
Epoch: 105/200 | Batch 0000/0049 | Cost: 1.3618
Epoch: 105/200 | Batch 0010/0049 | Cost: 1.3033
Epoch: 105/200 | Batch 0020/0049 | Cost: 1.2823
Epoch: 105/200 | Batch 0030/0049 | Cost: 1.3618
Epoch: 105/200 | Batch 0040/0049 | Cost: 1.2256
MAE/RMSE/Loss/Accuracy: | Current Valid: 0.56/0.97/1.71/57.87% Ep. 105 | Best Valid : 0.53/0.91/1.77/58.22% Ep. 89
Time elapsed: 37.32 min
Epoch: 106/200 | Batch 0000/0049 | Cost: 1.3437
Epoch: 106/200 | Batch 0010/0049 | Cost: 1.2844
Epoch: 106/200 | Batch 0020/0049 | Cost: 1.2717
Epoch: 106/200 | Batch 0030/0049 | Cost: 1.2662
Epoch: 106/200 | Batch 0040/0049 | Cost: 1.2914
MAE/RMSE/Loss/Accuracy: | Current Valid: 0.52/0.93/1.73/59.99% Ep. 106 | Best Valid : 0.52/0.93/1.73/59.99% Ep. 106
Time elapsed: 37.68 min
Epoch: 107/200 | Batch 0000/0049 | Cost: 1.3448
Epoch: 107/200 | Batch 0010/0049 | Cost: 1.1957
Epoch: 107/200 | Batch 0020/0049 | Cost: 1.3310
Epoch: 107/200 | Batch 0030/0049 | Cost: 1.6031
Epoch: 107/200 | Batch 0040/0049 | Cost: 1.2216
MAE/RMSE/Loss/Accuracy: | Current Valid: 0.53/0.90/1.68/58.50% Ep. 107 | Best Valid : 0.52/0.93/1.73/59.99% Ep. 106
Time elapsed: 38.03 min
Epoch: 108/200 | Batch 0000/0049 | Cost: 1.3050
Epoch: 108/200 | Batch 0010/0049 | Cost: 1.3124
Epoch: 108/200 | Batch 0020/0049 | Cost: 1.3335
Epoch: 108/200 | Batch 0030/0049 | Cost: 1.2757
Epoch: 108/200 | Batch 0040/0049 | Cost: 1.2557
MAE/RMSE/Loss/Accuracy: | Current Valid: 0.56/0.95/1.69/56.53% Ep. 108 | Best Valid : 0.52/0.93/1.73/59.99% Ep. 106
Time elapsed: 38.39 min
Epoch: 109/200 | Batch 0000/0049 | Cost: 1.2477
Epoch: 109/200 | Batch 0010/0049 | Cost: 1.2463
Epoch: 109/200 | Batch 0020/0049 | Cost: 1.2535
Epoch: 109/200 | Batch 0030/0049 | Cost: 1.3059
Epoch: 109/200 | Batch 0040/0049 | Cost: 1.2889
MAE/RMSE/Loss/Accuracy: | Current Valid: 0.53/0.93/1.63/58.50% Ep. 109 | Best Valid : 0.52/0.93/1.73/59.99% Ep. 106
Time elapsed: 38.74 min
Epoch: 110/200 | Batch 0000/0049 | Cost: 1.2532
Epoch: 110/200 | Batch 0010/0049 | Cost: 1.2537
Epoch: 110/200 | Batch 0020/0049 | Cost: 1.3266
Epoch: 110/200 | Batch 0030/0049 | Cost: 1.2605
Epoch: 110/200 | Batch 0040/0049 | Cost: 1.3143
MAE/RMSE/Loss/Accuracy: | Current Valid: 0.53/0.91/1.66/58.93% Ep. 110 | Best Valid : 0.52/0.93/1.73/59.99% Ep. 106
Time elapsed: 39.09 min
Epoch: 111/200 | Batch 0000/0049 | Cost: 1.2505
Epoch: 111/200 | Batch 0010/0049 | Cost: 1.2669
Epoch: 111/200 | Batch 0020/0049 | Cost: 1.2289
Epoch: 111/200 | Batch 0030/0049 | Cost: 1.2688
Epoch: 111/200 | Batch 0040/0049 | Cost: 1.2144
MAE/RMSE/Loss/Accuracy: | Current Valid: 0.53/0.92/1.65/58.65% Ep. 111 | Best Valid : 0.52/0.93/1.73/59.99% Ep. 106
Time elapsed: 39.45 min
Epoch: 112/200 | Batch 0000/0049 | Cost: 1.2373
Epoch: 112/200 | Batch 0010/0049 | Cost: 1.1941
Epoch: 112/200 | Batch 0020/0049 | Cost: 1.2934
Epoch: 112/200 | Batch 0030/0049 | Cost: 1.3020
Epoch: 112/200 | Batch 0040/0049 | Cost: 1.2752
MAE/RMSE/Loss/Accuracy: | Current Valid: 0.53/0.93/1.64/59.28% Ep. 112 | Best Valid : 0.52/0.93/1.73/59.99% Ep. 106
Time elapsed: 39.80 min
Epoch: 113/200 | Batch 0000/0049 | Cost: 1.2036
Epoch: 113/200 | Batch 0010/0049 | Cost: 1.2501
Epoch: 113/200 | Batch 0020/0049 | Cost: 1.2284
Epoch: 113/200 | Batch 0030/0049 | Cost: 1.2376
Epoch: 113/200 | Batch 0040/0049 | Cost: 1.1945
MAE/RMSE/Loss/Accuracy: | Current Valid: 0.50/0.89/1.67/61.33% Ep. 113 | Best Valid : 0.50/0.89/1.67/61.33% Ep. 113
Time elapsed: 40.16 min
Epoch: 114/200 | Batch 0000/0049 | Cost: 1.2170
Epoch: 114/200 | Batch 0010/0049 | Cost: 1.2573
Epoch: 114/200 | Batch 0020/0049 | Cost: 1.1544
Epoch: 114/200 | Batch 0030/0049 | Cost: 1.2367
Epoch: 114/200 | Batch 0040/0049 | Cost: 1.2504
MAE/RMSE/Loss/Accuracy: | Current Valid: 0.56/0.97/1.74/57.52% Ep. 114 | Best Valid : 0.50/0.89/1.67/61.33% Ep. 113
Time elapsed: 40.51 min
Epoch: 115/200 | Batch 0000/0049 | Cost: 1.2505
Epoch: 115/200 | Batch 0010/0049 | Cost: 1.2004
Epoch: 115/200 | Batch 0020/0049 | Cost: 1.2991
Epoch: 115/200 | Batch 0030/0049 | Cost: 1.1973
Epoch: 115/200 | Batch 0040/0049 | Cost: 1.1981
MAE/RMSE/Loss/Accuracy: | Current Valid: 0.55/0.94/1.67/57.80% Ep. 115 | Best Valid : 0.50/0.89/1.67/61.33% Ep. 113
Time elapsed: 40.87 min
Epoch: 116/200 | Batch 0000/0049 | Cost: 1.2672
Epoch: 116/200 | Batch 0010/0049 | Cost: 1.2268
Epoch: 116/200 | Batch 0020/0049 | Cost: 1.2546
Epoch: 116/200 | Batch 0030/0049 | Cost: 1.1953
Epoch: 116/200 | Batch 0040/0049 | Cost: 1.2967
MAE/RMSE/Loss/Accuracy: | Current Valid: 0.57/1.01/1.76/58.86% Ep. 116 | Best Valid : 0.50/0.89/1.67/61.33% Ep. 113
Time elapsed: 41.22 min
Epoch: 117/200 | Batch 0000/0049 | Cost: 1.2498
Epoch: 117/200 | Batch 0010/0049 | Cost: 1.1636
Epoch: 117/200 | Batch 0020/0049 | Cost: 1.2062
Epoch: 117/200 | Batch 0030/0049 | Cost: 1.1539
Epoch: 117/200 | Batch 0040/0049 | Cost: 1.2194
MAE/RMSE/Loss/Accuracy: | Current Valid: 0.56/0.96/1.68/56.95% Ep. 117 | Best Valid : 0.50/0.89/1.67/61.33% Ep. 113
Time elapsed: 41.58 min
Epoch: 118/200 | Batch 0000/0049 | Cost: 1.2342
Epoch: 118/200 | Batch 0010/0049 | Cost: 1.2393
Epoch: 118/200 | Batch 0020/0049 | Cost: 1.2100
Epoch: 118/200 | Batch 0030/0049 | Cost: 1.2851
Epoch: 118/200 | Batch 0040/0049 | Cost: 1.1921
MAE/RMSE/Loss/Accuracy: | Current Valid: 0.52/0.91/1.71/59.99% Ep. 118 | Best Valid : 0.50/0.89/1.67/61.33% Ep. 113
Time elapsed: 41.93 min
Epoch: 119/200 | Batch 0000/0049 | Cost: 1.2230
Epoch: 119/200 | Batch 0010/0049 | Cost: 1.2433
Epoch: 119/200 | Batch 0020/0049 | Cost: 1.2661
Epoch: 119/200 | Batch 0030/0049 | Cost: 1.2561
Epoch: 119/200 | Batch 0040/0049 | Cost: 1.2664
MAE/RMSE/Loss/Accuracy: | Current Valid: 0.68/1.16/1.93/52.86% Ep. 119 | Best Valid : 0.50/0.89/1.67/61.33% Ep. 113
Time elapsed: 42.29 min
Epoch: 120/200 | Batch 0000/0049 | Cost: 1.3336
Epoch: 120/200 | Batch 0010/0049 | Cost: 1.4007
Epoch: 120/200 | Batch 0020/0049 | Cost: 1.3051
Epoch: 120/200 | Batch 0030/0049 | Cost: 1.4058
Epoch: 120/200 | Batch 0040/0049 | Cost: 1.3986
MAE/RMSE/Loss/Accuracy: | Current Valid: 0.70/1.15/1.97/51.02% Ep. 120 | Best Valid : 0.50/0.89/1.67/61.33% Ep. 113
Time elapsed: 42.65 min
Epoch: 121/200 | Batch 0000/0049 | Cost: 1.3190
Epoch: 121/200 | Batch 0010/0049 | Cost: 1.1979
Epoch: 121/200 | Batch 0020/0049 | Cost: 1.2251
Epoch: 121/200 | Batch 0030/0049 | Cost: 1.2382
Epoch: 121/200 | Batch 0040/0049 | Cost: 1.2465
MAE/RMSE/Loss/Accuracy: | Current Valid: 0.64/1.08/1.81/55.33% Ep. 121 | Best Valid : 0.50/0.89/1.67/61.33% Ep. 113
Time elapsed: 43.00 min
Epoch: 122/200 | Batch 0000/0049 | Cost: 1.1968
Epoch: 122/200 | Batch 0010/0049 | Cost: 1.2188
Epoch: 122/200 | Batch 0020/0049 | Cost: 1.3649
Epoch: 122/200 | Batch 0030/0049 | Cost: 1.1844
Epoch: 122/200 | Batch 0040/0049 | Cost: 1.2384
MAE/RMSE/Loss/Accuracy: | Current Valid: 0.53/0.94/1.64/59.56% Ep. 122 | Best Valid : 0.50/0.89/1.67/61.33% Ep. 113
Time elapsed: 43.35 min
Epoch: 123/200 | Batch 0000/0049 | Cost: 1.2098
Epoch: 123/200 | Batch 0010/0049 | Cost: 1.1680
Epoch: 123/200 | Batch 0020/0049 | Cost: 1.1830
Epoch: 123/200 | Batch 0030/0049 | Cost: 1.1641
Epoch: 123/200 | Batch 0040/0049 | Cost: 1.1537
MAE/RMSE/Loss/Accuracy: | Current Valid: 0.54/0.96/1.68/59.77% Ep. 123 | Best Valid : 0.50/0.89/1.67/61.33% Ep. 113
Time elapsed: 43.71 min
Epoch: 124/200 | Batch 0000/0049 | Cost: 1.1595
Epoch: 124/200 | Batch 0010/0049 | Cost: 1.0852
Epoch: 124/200 | Batch 0020/0049 | Cost: 1.1212
Epoch: 124/200 | Batch 0030/0049 | Cost: 1.0969
Epoch: 124/200 | Batch 0040/0049 | Cost: 1.1607
MAE/RMSE/Loss/Accuracy: | Current Valid: 0.51/0.91/1.59/60.06% Ep. 124 | Best Valid : 0.50/0.89/1.67/61.33% Ep. 113
Time elapsed: 44.06 min
Epoch: 125/200 | Batch 0000/0049 | Cost: 1.1708
Epoch: 125/200 | Batch 0010/0049 | Cost: 1.1342
Epoch: 125/200 | Batch 0020/0049 | Cost: 1.2179
Epoch: 125/200 | Batch 0030/0049 | Cost: 1.1879
Epoch: 125/200 | Batch 0040/0049 | Cost: 1.1833
MAE/RMSE/Loss/Accuracy: | Current Valid: 0.51/0.90/1.59/60.62% Ep. 125 | Best Valid : 0.50/0.89/1.67/61.33% Ep. 113
Time elapsed: 44.42 min
Epoch: 126/200 | Batch 0000/0049 | Cost: 1.1783
Epoch: 126/200 | Batch 0010/0049 | Cost: 1.0968
Epoch: 126/200 | Batch 0020/0049 | Cost: 1.1486
Epoch: 126/200 | Batch 0030/0049 | Cost: 1.1845
Epoch: 126/200 | Batch 0040/0049 | Cost: 1.1116
MAE/RMSE/Loss/Accuracy: | Current Valid: 0.53/0.96/1.70/61.04% Ep. 126 | Best Valid : 0.50/0.89/1.67/61.33% Ep. 113
Time elapsed: 44.77 min
Epoch: 127/200 | Batch 0000/0049 | Cost: 1.1555
Epoch: 127/200 | Batch 0010/0049 | Cost: 1.1320
Epoch: 127/200 | Batch 0020/0049 | Cost: 1.1500
Epoch: 127/200 | Batch 0030/0049 | Cost: 1.1311
Epoch: 127/200 | Batch 0040/0049 | Cost: 1.0865
MAE/RMSE/Loss/Accuracy: | Current Valid: 0.51/0.92/1.62/61.54% Ep. 127 | Best Valid : 0.50/0.89/1.67/61.33% Ep. 113
Time elapsed: 45.13 min
Epoch: 128/200 | Batch 0000/0049 | Cost: 1.0737
Epoch: 128/200 | Batch 0010/0049 | Cost: 1.0768
Epoch: 128/200 | Batch 0020/0049 | Cost: 1.1672
Epoch: 128/200 | Batch 0030/0049 | Cost: 1.1612
Epoch: 128/200 | Batch 0040/0049 | Cost: 1.1590
MAE/RMSE/Loss/Accuracy: | Current Valid: 0.48/0.89/1.57/62.67% Ep. 128 | Best Valid : 0.48/0.89/1.57/62.67% Ep. 128
Time elapsed: 45.48 min
Epoch: 129/200 | Batch 0000/0049 | Cost: 1.1432
Epoch: 129/200 | Batch 0010/0049 | Cost: 1.0890
Epoch: 129/200 | Batch 0020/0049 | Cost: 1.1125
Epoch: 129/200 | Batch 0030/0049 | Cost: 1.1369
Epoch: 129/200 | Batch 0040/0049 | Cost: 1.1167
MAE/RMSE/Loss/Accuracy: | Current Valid: 0.51/0.91/1.60/61.33% Ep. 129 | Best Valid : 0.48/0.89/1.57/62.67% Ep. 128
Time elapsed: 45.84 min
Epoch: 130/200 | Batch 0000/0049 | Cost: 1.1424
Epoch: 130/200 | Batch 0010/0049 | Cost: 1.0987
Epoch: 130/200 | Batch 0020/0049 | Cost: 1.1440
Epoch: 130/200 | Batch 0030/0049 | Cost: 1.1606
Epoch: 130/200 | Batch 0040/0049 | Cost: 1.1198
MAE/RMSE/Loss/Accuracy: | Current Valid: 0.51/0.94/1.65/61.89% Ep. 130 | Best Valid : 0.48/0.89/1.57/62.67% Ep. 128
Time elapsed: 46.19 min
Epoch: 131/200 | Batch 0000/0049 | Cost: 1.1123
Epoch: 131/200 | Batch 0010/0049 | Cost: 1.1290
Epoch: 131/200 | Batch 0020/0049 | Cost: 1.1456
Epoch: 131/200 | Batch 0030/0049 | Cost: 1.1669
Epoch: 131/200 | Batch 0040/0049 | Cost: 1.1129
MAE/RMSE/Loss/Accuracy: | Current Valid: 0.51/0.91/1.60/60.97% Ep. 131 | Best Valid : 0.48/0.89/1.57/62.67% Ep. 128
Time elapsed: 46.55 min
Epoch: 132/200 | Batch 0000/0049 | Cost: 1.1831
Epoch: 132/200 | Batch 0010/0049 | Cost: 1.0895
Epoch: 132/200 | Batch 0020/0049 | Cost: 1.1110
Epoch: 132/200 | Batch 0030/0049 | Cost: 1.1777
Epoch: 132/200 | Batch 0040/0049 | Cost: 1.1421
MAE/RMSE/Loss/Accuracy: | Current Valid: 0.55/0.99/1.67/59.92% Ep. 132 | Best Valid : 0.48/0.89/1.57/62.67% Ep. 128
Time elapsed: 46.90 min
Epoch: 133/200 | Batch 0000/0049 | Cost: 1.1425
Epoch: 133/200 | Batch 0010/0049 | Cost: 1.1479
Epoch: 133/200 | Batch 0020/0049 | Cost: 1.1229
Epoch: 133/200 | Batch 0030/0049 | Cost: 1.1640
Epoch: 133/200 | Batch 0040/0049 | Cost: 1.1443
MAE/RMSE/Loss/Accuracy: | Current Valid: 0.50/0.92/1.57/62.24% Ep. 133 | Best Valid : 0.48/0.89/1.57/62.67% Ep. 128
Time elapsed: 47.26 min
Epoch: 134/200 | Batch 0000/0049 | Cost: 1.1152
Epoch: 134/200 | Batch 0010/0049 | Cost: 1.1109
Epoch: 134/200 | Batch 0020/0049 | Cost: 1.1035
Epoch: 134/200 | Batch 0030/0049 | Cost: 1.1415
Epoch: 134/200 | Batch 0040/0049 | Cost: 1.1899
MAE/RMSE/Loss/Accuracy: | Current Valid: 0.55/0.96/1.59/59.21% Ep. 134 | Best Valid : 0.48/0.89/1.57/62.67% Ep. 128
Time elapsed: 47.61 min
Epoch: 135/200 | Batch 0000/0049 | Cost: 1.0831
Epoch: 135/200 | Batch 0010/0049 | Cost: 1.0579
Epoch: 135/200 | Batch 0020/0049 | Cost: 1.0694
Epoch: 135/200 | Batch 0030/0049 | Cost: 1.0320
Epoch: 135/200 | Batch 0040/0049 | Cost: 1.1268
MAE/RMSE/Loss/Accuracy: | Current Valid: 0.56/0.99/1.67/58.93% Ep. 135 | Best Valid : 0.48/0.89/1.57/62.67% Ep. 128
Time elapsed: 47.97 min
Epoch: 136/200 | Batch 0000/0049 | Cost: 1.0400
Epoch: 136/200 | Batch 0010/0049 | Cost: 1.0423
Epoch: 136/200 | Batch 0020/0049 | Cost: 1.1188
Epoch: 136/200 | Batch 0030/0049 | Cost: 1.0824
Epoch: 136/200 | Batch 0040/0049 | Cost: 1.0944
MAE/RMSE/Loss/Accuracy: | Current Valid: 0.52/0.93/1.61/60.83% Ep. 136 | Best Valid : 0.48/0.89/1.57/62.67% Ep. 128
Time elapsed: 48.32 min
Epoch: 137/200 | Batch 0000/0049 | Cost: 1.0857
Epoch: 137/200 | Batch 0010/0049 | Cost: 1.0635
Epoch: 137/200 | Batch 0020/0049 | Cost: 1.0496
Epoch: 137/200 | Batch 0030/0049 | Cost: 1.0673
Epoch: 137/200 | Batch 0040/0049 | Cost: 1.0882
MAE/RMSE/Loss/Accuracy: | Current Valid: 0.47/0.88/1.57/64.43% Ep. 137 | Best Valid : 0.47/0.88/1.57/64.43% Ep. 137
Time elapsed: 48.68 min
Epoch: 138/200 | Batch 0000/0049 | Cost: 1.0700
Epoch: 138/200 | Batch 0010/0049 | Cost: 1.1009
Epoch: 138/200 | Batch 0020/0049 | Cost: 1.0538
Epoch: 138/200 | Batch 0030/0049 | Cost: 1.1329
Epoch: 138/200 | Batch 0040/0049 | Cost: 1.1122
MAE/RMSE/Loss/Accuracy: | Current Valid: 0.51/0.94/1.60/63.02% Ep. 138 | Best Valid : 0.47/0.88/1.57/64.43% Ep. 137
Time elapsed: 49.03 min
Epoch: 139/200 | Batch 0000/0049 | Cost: 1.0855
Epoch: 139/200 | Batch 0010/0049 | Cost: 1.1216
Epoch: 139/200 | Batch 0020/0049 | Cost: 1.0608
Epoch: 139/200 | Batch 0030/0049 | Cost: 1.0440
Epoch: 139/200 | Batch 0040/0049 | Cost: 1.0237
MAE/RMSE/Loss/Accuracy: | Current Valid: 0.50/0.92/1.55/62.53% Ep. 139 | Best Valid : 0.47/0.88/1.57/64.43% Ep. 137
Time elapsed: 49.39 min
Epoch: 140/200 | Batch 0000/0049 | Cost: 1.0233
Epoch: 140/200 | Batch 0010/0049 | Cost: 1.0360
Epoch: 140/200 | Batch 0020/0049 | Cost: 1.0787
Epoch: 140/200 | Batch 0030/0049 | Cost: 1.0870
Epoch: 140/200 | Batch 0040/0049 | Cost: 1.0921
MAE/RMSE/Loss/Accuracy: | Current Valid: 0.49/0.91/1.55/63.16% Ep. 140 | Best Valid : 0.47/0.88/1.57/64.43% Ep. 137
Time elapsed: 49.74 min
Epoch: 141/200 | Batch 0000/0049 | Cost: 1.0581
Epoch: 141/200 | Batch 0010/0049 | Cost: 1.0999
Epoch: 141/200 | Batch 0020/0049 | Cost: 1.0166
Epoch: 141/200 | Batch 0030/0049 | Cost: 1.0505
Epoch: 141/200 | Batch 0040/0049 | Cost: 1.0273
MAE/RMSE/Loss/Accuracy: | Current Valid: 0.52/0.96/1.58/61.75% Ep. 141 | Best Valid : 0.47/0.88/1.57/64.43% Ep. 137
Time elapsed: 50.10 min
Epoch: 142/200 | Batch 0000/0049 | Cost: 1.0243
Epoch: 142/200 | Batch 0010/0049 | Cost: 1.0715
Epoch: 142/200 | Batch 0020/0049 | Cost: 1.0276
Epoch: 142/200 | Batch 0030/0049 | Cost: 0.9767
Epoch: 142/200 | Batch 0040/0049 | Cost: 1.0219
MAE/RMSE/Loss/Accuracy: | Current Valid: 0.54/0.95/1.53/59.21% Ep. 142 | Best Valid : 0.47/0.88/1.57/64.43% Ep. 137
Time elapsed: 50.45 min
Epoch: 143/200 | Batch 0000/0049 | Cost: 1.0478
Epoch: 143/200 | Batch 0010/0049 | Cost: 0.9941
Epoch: 143/200 | Batch 0020/0049 | Cost: 1.0549
Epoch: 143/200 | Batch 0030/0049 | Cost: 1.0618
Epoch: 143/200 | Batch 0040/0049 | Cost: 1.0714
MAE/RMSE/Loss/Accuracy: | Current Valid: 0.50/0.93/1.54/62.67% Ep. 143 | Best Valid : 0.47/0.88/1.57/64.43% Ep. 137
Time elapsed: 50.80 min
Epoch: 144/200 | Batch 0000/0049 | Cost: 1.0257
Epoch: 144/200 | Batch 0010/0049 | Cost: 0.9978
Epoch: 144/200 | Batch 0020/0049 | Cost: 1.0219
Epoch: 144/200 | Batch 0030/0049 | Cost: 1.0579
Epoch: 144/200 | Batch 0040/0049 | Cost: 1.0023
MAE/RMSE/Loss/Accuracy: | Current Valid: 0.49/0.93/1.53/63.73% Ep. 144 | Best Valid : 0.47/0.88/1.57/64.43% Ep. 137
Time elapsed: 51.16 min
Epoch: 145/200 | Batch 0000/0049 | Cost: 1.0859
Epoch: 145/200 | Batch 0010/0049 | Cost: 1.0177
Epoch: 145/200 | Batch 0020/0049 | Cost: 0.9705
Epoch: 145/200 | Batch 0030/0049 | Cost: 1.0239
Epoch: 145/200 | Batch 0040/0049 | Cost: 1.0008
MAE/RMSE/Loss/Accuracy: | Current Valid: 0.49/0.89/1.52/62.53% Ep. 145 | Best Valid : 0.47/0.88/1.57/64.43% Ep. 137
Time elapsed: 51.51 min
Epoch: 146/200 | Batch 0000/0049 | Cost: 1.0168
Epoch: 146/200 | Batch 0010/0049 | Cost: 0.9830
Epoch: 146/200 | Batch 0020/0049 | Cost: 1.0008
Epoch: 146/200 | Batch 0030/0049 | Cost: 1.0473
Epoch: 146/200 | Batch 0040/0049 | Cost: 1.0064
MAE/RMSE/Loss/Accuracy: | Current Valid: 0.48/0.92/1.62/64.15% Ep. 146 | Best Valid : 0.47/0.88/1.57/64.43% Ep. 137
Time elapsed: 51.87 min
Epoch: 147/200 | Batch 0000/0049 | Cost: 1.0845
Epoch: 147/200 | Batch 0010/0049 | Cost: 1.0016
Epoch: 147/200 | Batch 0020/0049 | Cost: 0.9858
Epoch: 147/200 | Batch 0030/0049 | Cost: 1.0385
Epoch: 147/200 | Batch 0040/0049 | Cost: 0.9921
MAE/RMSE/Loss/Accuracy: | Current Valid: 0.50/0.91/1.48/62.74% Ep. 147 | Best Valid : 0.47/0.88/1.57/64.43% Ep. 137
Time elapsed: 52.22 min
Epoch: 148/200 | Batch 0000/0049 | Cost: 1.0340
Epoch: 148/200 | Batch 0010/0049 | Cost: 0.9994
Epoch: 148/200 | Batch 0020/0049 | Cost: 1.0062
Epoch: 148/200 | Batch 0030/0049 | Cost: 1.0250
Epoch: 148/200 | Batch 0040/0049 | Cost: 1.0356
MAE/RMSE/Loss/Accuracy: | Current Valid: 0.48/0.89/1.50/63.16% Ep. 148 | Best Valid : 0.47/0.88/1.57/64.43% Ep. 137
Time elapsed: 52.58 min
Epoch: 149/200 | Batch 0000/0049 | Cost: 1.0260
Epoch: 149/200 | Batch 0010/0049 | Cost: 0.9853
Epoch: 149/200 | Batch 0020/0049 | Cost: 1.0138
Epoch: 149/200 | Batch 0030/0049 | Cost: 1.0438
Epoch: 149/200 | Batch 0040/0049 | Cost: 1.0011
MAE/RMSE/Loss/Accuracy: | Current Valid: 0.48/0.88/1.49/63.02% Ep. 149 | Best Valid : 0.47/0.88/1.57/64.43% Ep. 137
Time elapsed: 52.93 min
Epoch: 150/200 | Batch 0000/0049 | Cost: 0.9843
Epoch: 150/200 | Batch 0010/0049 | Cost: 0.9731
Epoch: 150/200 | Batch 0020/0049 | Cost: 1.0062
Epoch: 150/200 | Batch 0030/0049 | Cost: 0.9918
Epoch: 150/200 | Batch 0040/0049 | Cost: 0.9986
MAE/RMSE/Loss/Accuracy: | Current Valid: 0.55/0.95/1.63/58.86% Ep. 150 | Best Valid : 0.47/0.88/1.57/64.43% Ep. 137
Time elapsed: 53.29 min
Epoch: 151/200 | Batch 0000/0049 | Cost: 1.0080
Epoch: 151/200 | Batch 0010/0049 | Cost: 1.0218
Epoch: 151/200 | Batch 0020/0049 | Cost: 1.1199
Epoch: 151/200 | Batch 0030/0049 | Cost: 1.0490
Epoch: 151/200 | Batch 0040/0049 | Cost: 0.9934
MAE/RMSE/Loss/Accuracy: | Current Valid: 0.62/1.07/1.66/56.39% Ep. 151 | Best Valid : 0.47/0.88/1.57/64.43% Ep. 137
Time elapsed: 53.64 min
Epoch: 152/200 | Batch 0000/0049 | Cost: 1.0550
Epoch: 152/200 | Batch 0010/0049 | Cost: 1.0330
Epoch: 152/200 | Batch 0020/0049 | Cost: 0.9713
Epoch: 152/200 | Batch 0030/0049 | Cost: 1.0033
Epoch: 152/200 | Batch 0040/0049 | Cost: 1.0590
MAE/RMSE/Loss/Accuracy: | Current Valid: 0.55/0.98/1.53/59.00% Ep. 152 | Best Valid : 0.47/0.88/1.57/64.43% Ep. 137
Time elapsed: 54.00 min
Epoch: 153/200 | Batch 0000/0049 | Cost: 0.9874
Epoch: 153/200 | Batch 0010/0049 | Cost: 1.0539
Epoch: 153/200 | Batch 0020/0049 | Cost: 1.0761
Epoch: 153/200 | Batch 0030/0049 | Cost: 1.0080
Epoch: 153/200 | Batch 0040/0049 | Cost: 0.9930
MAE/RMSE/Loss/Accuracy: | Current Valid: 0.55/1.00/1.67/59.84% Ep. 153 | Best Valid : 0.47/0.88/1.57/64.43% Ep. 137
Time elapsed: 54.35 min
Epoch: 154/200 | Batch 0000/0049 | Cost: 0.9545
Epoch: 154/200 | Batch 0010/0049 | Cost: 1.0493
Epoch: 154/200 | Batch 0020/0049 | Cost: 1.0280
Epoch: 154/200 | Batch 0030/0049 | Cost: 1.0222
Epoch: 154/200 | Batch 0040/0049 | Cost: 1.0037
MAE/RMSE/Loss/Accuracy: | Current Valid: 0.61/1.07/1.73/57.94% Ep. 154 | Best Valid : 0.47/0.88/1.57/64.43% Ep. 137
Time elapsed: 54.71 min
Epoch: 155/200 | Batch 0000/0049 | Cost: 1.0036
Epoch: 155/200 | Batch 0010/0049 | Cost: 1.0165
Epoch: 155/200 | Batch 0020/0049 | Cost: 1.0318
Epoch: 155/200 | Batch 0030/0049 | Cost: 0.9867
Epoch: 155/200 | Batch 0040/0049 | Cost: 1.0511
MAE/RMSE/Loss/Accuracy: | Current Valid: 0.54/0.96/1.62/60.34% Ep. 155 | Best Valid : 0.47/0.88/1.57/64.43% Ep. 137
Time elapsed: 55.06 min
Epoch: 156/200 | Batch 0000/0049 | Cost: 0.9883
Epoch: 156/200 | Batch 0010/0049 | Cost: 0.9838
Epoch: 156/200 | Batch 0020/0049 | Cost: 0.9438
Epoch: 156/200 | Batch 0030/0049 | Cost: 1.0245
Epoch: 156/200 | Batch 0040/0049 | Cost: 0.9375
MAE/RMSE/Loss/Accuracy: | Current Valid: 0.50/0.92/1.50/62.46% Ep. 156 | Best Valid : 0.47/0.88/1.57/64.43% Ep. 137
Time elapsed: 55.42 min
Epoch: 157/200 | Batch 0000/0049 | Cost: 0.9395
Epoch: 157/200 | Batch 0010/0049 | Cost: 0.9475
Epoch: 157/200 | Batch 0020/0049 | Cost: 0.9426
Epoch: 157/200 | Batch 0030/0049 | Cost: 0.9271
Epoch: 157/200 | Batch 0040/0049 | Cost: 0.9648
MAE/RMSE/Loss/Accuracy: | Current Valid: 0.48/0.90/1.49/63.16% Ep. 157 | Best Valid : 0.47/0.88/1.57/64.43% Ep. 137
Time elapsed: 55.77 min
Epoch: 158/200 | Batch 0000/0049 | Cost: 0.9134
Epoch: 158/200 | Batch 0010/0049 | Cost: 0.9805
Epoch: 158/200 | Batch 0020/0049 | Cost: 0.9709
Epoch: 158/200 | Batch 0030/0049 | Cost: 0.9741
Epoch: 158/200 | Batch 0040/0049 | Cost: 0.9451
MAE/RMSE/Loss/Accuracy: | Current Valid: 0.43/0.86/1.49/68.74% Ep. 158 | Best Valid : 0.43/0.86/1.49/68.74% Ep. 158
Time elapsed: 56.13 min
Epoch: 159/200 | Batch 0000/0049 | Cost: 0.9312
Epoch: 159/200 | Batch 0010/0049 | Cost: 0.9712
Epoch: 159/200 | Batch 0020/0049 | Cost: 0.9056
Epoch: 159/200 | Batch 0030/0049 | Cost: 0.9412
Epoch: 159/200 | Batch 0040/0049 | Cost: 0.9537
MAE/RMSE/Loss/Accuracy: | Current Valid: 0.49/0.92/1.52/63.66% Ep. 159 | Best Valid : 0.43/0.86/1.49/68.74% Ep. 158
Time elapsed: 56.48 min
Epoch: 160/200 | Batch 0000/0049 | Cost: 0.9424
Epoch: 160/200 | Batch 0010/0049 | Cost: 0.9273
Epoch: 160/200 | Batch 0020/0049 | Cost: 0.9963
Epoch: 160/200 | Batch 0030/0049 | Cost: 0.9926
Epoch: 160/200 | Batch 0040/0049 | Cost: 0.9220
MAE/RMSE/Loss/Accuracy: | Current Valid: 0.47/0.88/1.53/65.21% Ep. 160 | Best Valid : 0.43/0.86/1.49/68.74% Ep. 158
Time elapsed: 56.84 min
Epoch: 161/200 | Batch 0000/0049 | Cost: 0.9478
Epoch: 161/200 | Batch 0010/0049 | Cost: 0.9179
Epoch: 161/200 | Batch 0020/0049 | Cost: 0.9008
Epoch: 161/200 | Batch 0030/0049 | Cost: 0.9707
Epoch: 161/200 | Batch 0040/0049 | Cost: 0.9748
MAE/RMSE/Loss/Accuracy: | Current Valid: 0.49/0.91/1.56/64.93% Ep. 161 | Best Valid : 0.43/0.86/1.49/68.74% Ep. 158
Time elapsed: 57.19 min
Epoch: 162/200 | Batch 0000/0049 | Cost: 0.9511
Epoch: 162/200 | Batch 0010/0049 | Cost: 0.8950
Epoch: 162/200 | Batch 0020/0049 | Cost: 0.9179
Epoch: 162/200 | Batch 0030/0049 | Cost: 0.9276
Epoch: 162/200 | Batch 0040/0049 | Cost: 0.9406
MAE/RMSE/Loss/Accuracy: | Current Valid: 0.48/0.87/1.46/62.53% Ep. 162 | Best Valid : 0.43/0.86/1.49/68.74% Ep. 158
Time elapsed: 57.55 min
Epoch: 163/200 | Batch 0000/0049 | Cost: 0.9111
Epoch: 163/200 | Batch 0010/0049 | Cost: 0.8860
Epoch: 163/200 | Batch 0020/0049 | Cost: 0.8765
Epoch: 163/200 | Batch 0030/0049 | Cost: 0.8851
Epoch: 163/200 | Batch 0040/0049 | Cost: 1.0288
MAE/RMSE/Loss/Accuracy: | Current Valid: 0.52/0.94/1.52/61.82% Ep. 163 | Best Valid : 0.43/0.86/1.49/68.74% Ep. 158
Time elapsed: 57.90 min
Epoch: 164/200 | Batch 0000/0049 | Cost: 0.9718
Epoch: 164/200 | Batch 0010/0049 | Cost: 0.9270
Epoch: 164/200 | Batch 0020/0049 | Cost: 0.9627
Epoch: 164/200 | Batch 0030/0049 | Cost: 0.9636
Epoch: 164/200 | Batch 0040/0049 | Cost: 0.9844
MAE/RMSE/Loss/Accuracy: | Current Valid: 0.47/0.87/1.46/63.59% Ep. 164 | Best Valid : 0.43/0.86/1.49/68.74% Ep. 158
Time elapsed: 58.25 min
Epoch: 165/200 | Batch 0000/0049 | Cost: 0.9075
Epoch: 165/200 | Batch 0010/0049 | Cost: 0.9148
Epoch: 165/200 | Batch 0020/0049 | Cost: 0.9281
Epoch: 165/200 | Batch 0030/0049 | Cost: 0.8836
Epoch: 165/200 | Batch 0040/0049 | Cost: 0.9338
MAE/RMSE/Loss/Accuracy: | Current Valid: 0.46/0.87/1.44/64.93% Ep. 165 | Best Valid : 0.43/0.86/1.49/68.74% Ep. 158
Time elapsed: 58.61 min
Epoch: 166/200 | Batch 0000/0049 | Cost: 0.9172
Epoch: 166/200 | Batch 0010/0049 | Cost: 0.9049
Epoch: 166/200 | Batch 0020/0049 | Cost: 0.8772
Epoch: 166/200 | Batch 0030/0049 | Cost: 0.8649
Epoch: 166/200 | Batch 0040/0049 | Cost: 0.9452
MAE/RMSE/Loss/Accuracy: | Current Valid: 0.48/0.91/1.49/64.15% Ep. 166 | Best Valid : 0.43/0.86/1.49/68.74% Ep. 158
Time elapsed: 58.96 min
Epoch: 167/200 | Batch 0000/0049 | Cost: 0.9271
Epoch: 167/200 | Batch 0010/0049 | Cost: 0.8903
Epoch: 167/200 | Batch 0020/0049 | Cost: 0.8839
Epoch: 167/200 | Batch 0030/0049 | Cost: 0.8578
Epoch: 167/200 | Batch 0040/0049 | Cost: 0.9255
MAE/RMSE/Loss/Accuracy: | Current Valid: 0.47/0.87/1.48/63.87% Ep. 167 | Best Valid : 0.43/0.86/1.49/68.74% Ep. 158
Time elapsed: 59.32 min
Epoch: 168/200 | Batch 0000/0049 | Cost: 0.8833
Epoch: 168/200 | Batch 0010/0049 | Cost: 0.8300
Epoch: 168/200 | Batch 0020/0049 | Cost: 0.9162
Epoch: 168/200 | Batch 0030/0049 | Cost: 0.8938
Epoch: 168/200 | Batch 0040/0049 | Cost: 0.9163
MAE/RMSE/Loss/Accuracy: | Current Valid: 0.43/0.87/1.51/68.53% Ep. 168 | Best Valid : 0.43/0.86/1.49/68.74% Ep. 158
Time elapsed: 59.67 min
Epoch: 169/200 | Batch 0000/0049 | Cost: 0.8984
Epoch: 169/200 | Batch 0010/0049 | Cost: 0.8920
Epoch: 169/200 | Batch 0020/0049 | Cost: 0.9094
Epoch: 169/200 | Batch 0030/0049 | Cost: 0.8675
Epoch: 169/200 | Batch 0040/0049 | Cost: 0.9627
MAE/RMSE/Loss/Accuracy: | Current Valid: 0.47/0.89/1.47/64.01% Ep. 169 | Best Valid : 0.43/0.86/1.49/68.74% Ep. 158
Time elapsed: 60.02 min
Epoch: 170/200 | Batch 0000/0049 | Cost: 0.8869
Epoch: 170/200 | Batch 0010/0049 | Cost: 0.8827
Epoch: 170/200 | Batch 0020/0049 | Cost: 0.8898
Epoch: 170/200 | Batch 0030/0049 | Cost: 0.8716
Epoch: 170/200 | Batch 0040/0049 | Cost: 0.8972
MAE/RMSE/Loss/Accuracy: | Current Valid: 0.44/0.86/1.42/66.55% Ep. 170 | Best Valid : 0.43/0.86/1.49/68.74% Ep. 158
Time elapsed: 60.38 min
Epoch: 171/200 | Batch 0000/0049 | Cost: 0.8823
Epoch: 171/200 | Batch 0010/0049 | Cost: 0.9118
Epoch: 171/200 | Batch 0020/0049 | Cost: 0.8745
Epoch: 171/200 | Batch 0030/0049 | Cost: 0.9080
Epoch: 171/200 | Batch 0040/0049 | Cost: 0.8791
MAE/RMSE/Loss/Accuracy: | Current Valid: 0.49/0.91/1.53/64.08% Ep. 171 | Best Valid : 0.43/0.86/1.49/68.74% Ep. 158
Time elapsed: 60.73 min
Epoch: 172/200 | Batch 0000/0049 | Cost: 0.8849
Epoch: 172/200 | Batch 0010/0049 | Cost: 0.9097
Epoch: 172/200 | Batch 0020/0049 | Cost: 0.9224
Epoch: 172/200 | Batch 0030/0049 | Cost: 0.8714
Epoch: 172/200 | Batch 0040/0049 | Cost: 0.8674
MAE/RMSE/Loss/Accuracy: | Current Valid: 0.42/0.84/1.42/69.09% Ep. 172 | Best Valid : 0.42/0.84/1.42/69.09% Ep. 172
Time elapsed: 61.09 min
Epoch: 173/200 | Batch 0000/0049 | Cost: 0.8491
Epoch: 173/200 | Batch 0010/0049 | Cost: 0.9091
Epoch: 173/200 | Batch 0020/0049 | Cost: 0.8316
Epoch: 173/200 | Batch 0030/0049 | Cost: 0.8618
Epoch: 173/200 | Batch 0040/0049 | Cost: 0.8281
MAE/RMSE/Loss/Accuracy: | Current Valid: 0.49/0.93/1.53/63.73% Ep. 173 | Best Valid : 0.42/0.84/1.42/69.09% Ep. 172
Time elapsed: 61.44 min
Epoch: 174/200 | Batch 0000/0049 | Cost: 0.8698
Epoch: 174/200 | Batch 0010/0049 | Cost: 0.9309
Epoch: 174/200 | Batch 0020/0049 | Cost: 0.8014
Epoch: 174/200 | Batch 0030/0049 | Cost: 0.8885
Epoch: 174/200 | Batch 0040/0049 | Cost: 0.8491
MAE/RMSE/Loss/Accuracy: | Current Valid: 0.41/0.85/1.46/70.64% Ep. 174 | Best Valid : 0.41/0.85/1.46/70.64% Ep. 174
Time elapsed: 61.80 min
Epoch: 175/200 | Batch 0000/0049 | Cost: 0.8603
Epoch: 175/200 | Batch 0010/0049 | Cost: 0.8046
Epoch: 175/200 | Batch 0020/0049 | Cost: 0.8977
Epoch: 175/200 | Batch 0030/0049 | Cost: 0.8606
Epoch: 175/200 | Batch 0040/0049 | Cost: 0.9133
MAE/RMSE/Loss/Accuracy: | Current Valid: 0.48/0.91/1.46/63.51% Ep. 175 | Best Valid : 0.41/0.85/1.46/70.64% Ep. 174
Time elapsed: 62.15 min
Epoch: 176/200 | Batch 0000/0049 | Cost: 0.8696
Epoch: 176/200 | Batch 0010/0049 | Cost: 0.8726
Epoch: 176/200 | Batch 0020/0049 | Cost: 0.8841
Epoch: 176/200 | Batch 0030/0049 | Cost: 0.8931
Epoch: 176/200 | Batch 0040/0049 | Cost: 0.8636
MAE/RMSE/Loss/Accuracy: | Current Valid: 0.47/0.92/1.50/65.84% Ep. 176 | Best Valid : 0.41/0.85/1.46/70.64% Ep. 174
Time elapsed: 62.51 min
Epoch: 177/200 | Batch 0000/0049 | Cost: 0.8626
Epoch: 177/200 | Batch 0010/0049 | Cost: 0.8362
Epoch: 177/200 | Batch 0020/0049 | Cost: 0.8546
Epoch: 177/200 | Batch 0030/0049 | Cost: 0.9116
Epoch: 177/200 | Batch 0040/0049 | Cost: 0.8853
MAE/RMSE/Loss/Accuracy: | Current Valid: 0.42/0.85/1.45/69.44% Ep. 177 | Best Valid : 0.41/0.85/1.46/70.64% Ep. 174
Time elapsed: 62.86 min
Epoch: 178/200 | Batch 0000/0049 | Cost: 0.8228
Epoch: 178/200 | Batch 0010/0049 | Cost: 0.8925
Epoch: 178/200 | Batch 0020/0049 | Cost: 0.9218
Epoch: 178/200 | Batch 0030/0049 | Cost: 0.9176
Epoch: 178/200 | Batch 0040/0049 | Cost: 0.8533
MAE/RMSE/Loss/Accuracy: | Current Valid: 0.44/0.88/1.52/67.96% Ep. 178 | Best Valid : 0.41/0.85/1.46/70.64% Ep. 174
Time elapsed: 63.22 min
Epoch: 179/200 | Batch 0000/0049 | Cost: 0.8546
Epoch: 179/200 | Batch 0010/0049 | Cost: 0.8681
Epoch: 179/200 | Batch 0020/0049 | Cost: 0.9171
Epoch: 179/200 | Batch 0030/0049 | Cost: 0.8407
Epoch: 179/200 | Batch 0040/0049 | Cost: 0.8778
MAE/RMSE/Loss/Accuracy: | Current Valid: 0.46/0.90/1.53/66.83% Ep. 179 | Best Valid : 0.41/0.85/1.46/70.64% Ep. 174
Time elapsed: 63.57 min
Epoch: 180/200 | Batch 0000/0049 | Cost: 0.8508
Epoch: 180/200 | Batch 0010/0049 | Cost: 0.9173
Epoch: 180/200 | Batch 0020/0049 | Cost: 0.9813
Epoch: 180/200 | Batch 0030/0049 | Cost: 1.0072
Epoch: 180/200 | Batch 0040/0049 | Cost: 1.0344
MAE/RMSE/Loss/Accuracy: | Current Valid: 0.57/0.99/1.61/58.57% Ep. 180 | Best Valid : 0.41/0.85/1.46/70.64% Ep. 174
Time elapsed: 63.93 min
Epoch: 181/200 | Batch 0000/0049 | Cost: 0.9481
Epoch: 181/200 | Batch 0010/0049 | Cost: 0.9271
Epoch: 181/200 | Batch 0020/0049 | Cost: 0.9347
Epoch: 181/200 | Batch 0030/0049 | Cost: 0.9279
Epoch: 181/200 | Batch 0040/0049 | Cost: 0.8897
MAE/RMSE/Loss/Accuracy: | Current Valid: 0.49/0.92/1.47/64.86% Ep. 181 | Best Valid : 0.41/0.85/1.46/70.64% Ep. 174
Time elapsed: 64.28 min
Epoch: 182/200 | Batch 0000/0049 | Cost: 0.8300
Epoch: 182/200 | Batch 0010/0049 | Cost: 0.9097
Epoch: 182/200 | Batch 0020/0049 | Cost: 0.9490
Epoch: 182/200 | Batch 0030/0049 | Cost: 0.9310
Epoch: 182/200 | Batch 0040/0049 | Cost: 0.8982
MAE/RMSE/Loss/Accuracy: | Current Valid: 0.50/0.93/1.54/63.73% Ep. 182 | Best Valid : 0.41/0.85/1.46/70.64% Ep. 174
Time elapsed: 64.64 min
Epoch: 183/200 | Batch 0000/0049 | Cost: 0.9204
Epoch: 183/200 | Batch 0010/0049 | Cost: 0.8370
Epoch: 183/200 | Batch 0020/0049 | Cost: 0.8601
Epoch: 183/200 | Batch 0030/0049 | Cost: 0.8519
Epoch: 183/200 | Batch 0040/0049 | Cost: 0.8401
MAE/RMSE/Loss/Accuracy: | Current Valid: 0.45/0.90/1.50/67.25% Ep. 183 | Best Valid : 0.41/0.85/1.46/70.64% Ep. 174
Time elapsed: 64.99 min
Epoch: 184/200 | Batch 0000/0049 | Cost: 0.8578
Epoch: 184/200 | Batch 0010/0049 | Cost: 0.8102
Epoch: 184/200 | Batch 0020/0049 | Cost: 0.7826
Epoch: 184/200 | Batch 0030/0049 | Cost: 0.8589
Epoch: 184/200 | Batch 0040/0049 | Cost: 0.8705
MAE/RMSE/Loss/Accuracy: | Current Valid: 0.42/0.88/1.46/69.80% Ep. 184 | Best Valid : 0.41/0.85/1.46/70.64% Ep. 174
Time elapsed: 65.35 min
Epoch: 185/200 | Batch 0000/0049 | Cost: 0.8201
Epoch: 185/200 | Batch 0010/0049 | Cost: 0.8216
Epoch: 185/200 | Batch 0020/0049 | Cost: 0.7971
Epoch: 185/200 | Batch 0030/0049 | Cost: 0.8461
Epoch: 185/200 | Batch 0040/0049 | Cost: 0.8561
MAE/RMSE/Loss/Accuracy: | Current Valid: 0.44/0.86/1.42/67.61% Ep. 185 | Best Valid : 0.41/0.85/1.46/70.64% Ep. 174
Time elapsed: 65.70 min
Epoch: 186/200 | Batch 0000/0049 | Cost: 0.8396
Epoch: 186/200 | Batch 0010/0049 | Cost: 0.8415
Epoch: 186/200 | Batch 0020/0049 | Cost: 0.7806
Epoch: 186/200 | Batch 0030/0049 | Cost: 0.7916
Epoch: 186/200 | Batch 0040/0049 | Cost: 0.8059
MAE/RMSE/Loss/Accuracy: | Current Valid: 0.43/0.89/1.47/70.08% Ep. 186 | Best Valid : 0.41/0.85/1.46/70.64% Ep. 174
Time elapsed: 66.06 min
Epoch: 187/200 | Batch 0000/0049 | Cost: 0.7998
Epoch: 187/200 | Batch 0010/0049 | Cost: 0.8203
Epoch: 187/200 | Batch 0020/0049 | Cost: 0.8358
Epoch: 187/200 | Batch 0030/0049 | Cost: 0.8085
Epoch: 187/200 | Batch 0040/0049 | Cost: 0.8023
MAE/RMSE/Loss/Accuracy: | Current Valid: 0.41/0.86/1.43/70.85% Ep. 187 | Best Valid : 0.41/0.85/1.46/70.64% Ep. 174
Time elapsed: 66.41 min
Epoch: 188/200 | Batch 0000/0049 | Cost: 0.7748
Epoch: 188/200 | Batch 0010/0049 | Cost: 0.8093
Epoch: 188/200 | Batch 0020/0049 | Cost: 0.8694
Epoch: 188/200 | Batch 0030/0049 | Cost: 0.8120
Epoch: 188/200 | Batch 0040/0049 | Cost: 0.8091
MAE/RMSE/Loss/Accuracy: | Current Valid: 0.44/0.88/1.45/67.96% Ep. 188 | Best Valid : 0.41/0.85/1.46/70.64% Ep. 174
Time elapsed: 66.77 min
Epoch: 189/200 | Batch 0000/0049 | Cost: 0.8329
Epoch: 189/200 | Batch 0010/0049 | Cost: 0.8228
Epoch: 189/200 | Batch 0020/0049 | Cost: 0.7878
Epoch: 189/200 | Batch 0030/0049 | Cost: 0.7945
Epoch: 189/200 | Batch 0040/0049 | Cost: 0.7760
MAE/RMSE/Loss/Accuracy: | Current Valid: 0.41/0.85/1.44/70.92% Ep. 189 | Best Valid : 0.41/0.85/1.44/70.92% Ep. 189
Time elapsed: 67.12 min
Epoch: 190/200 | Batch 0000/0049 | Cost: 0.7880
Epoch: 190/200 | Batch 0010/0049 | Cost: 0.7783
Epoch: 190/200 | Batch 0020/0049 | Cost: 0.8312
Epoch: 190/200 | Batch 0030/0049 | Cost: 0.7640
Epoch: 190/200 | Batch 0040/0049 | Cost: 0.8473
MAE/RMSE/Loss/Accuracy: | Current Valid: 0.39/0.83/1.41/71.35% Ep. 190 | Best Valid : 0.39/0.83/1.41/71.35% Ep. 190
Time elapsed: 67.48 min
Epoch: 191/200 | Batch 0000/0049 | Cost: 0.7852
Epoch: 191/200 | Batch 0010/0049 | Cost: 0.8273
Epoch: 191/200 | Batch 0020/0049 | Cost: 0.8242
Epoch: 191/200 | Batch 0030/0049 | Cost: 0.8246
Epoch: 191/200 | Batch 0040/0049 | Cost: 0.7931
MAE/RMSE/Loss/Accuracy: | Current Valid: 0.40/0.83/1.39/70.92% Ep. 191 | Best Valid : 0.39/0.83/1.41/71.35% Ep. 190
Time elapsed: 67.84 min
Epoch: 192/200 | Batch 0000/0049 | Cost: 0.7928
Epoch: 192/200 | Batch 0010/0049 | Cost: 0.7821
Epoch: 192/200 | Batch 0020/0049 | Cost: 0.8095
Epoch: 192/200 | Batch 0030/0049 | Cost: 0.7484
Epoch: 192/200 | Batch 0040/0049 | Cost: 0.7787
MAE/RMSE/Loss/Accuracy: | Current Valid: 0.40/0.84/1.38/70.78% Ep. 192 | Best Valid : 0.39/0.83/1.41/71.35% Ep. 190
Time elapsed: 68.19 min
Epoch: 193/200 | Batch 0000/0049 | Cost: 0.8252
Epoch: 193/200 | Batch 0010/0049 | Cost: 0.8293
Epoch: 193/200 | Batch 0020/0049 | Cost: 0.7691
Epoch: 193/200 | Batch 0030/0049 | Cost: 0.7868
Epoch: 193/200 | Batch 0040/0049 | Cost: 0.8299
MAE/RMSE/Loss/Accuracy: | Current Valid: 0.49/0.97/1.65/66.13% Ep. 193 | Best Valid : 0.39/0.83/1.41/71.35% Ep. 190
Time elapsed: 68.55 min
Epoch: 194/200 | Batch 0000/0049 | Cost: 0.8257
Epoch: 194/200 | Batch 0010/0049 | Cost: 0.8067
Epoch: 194/200 | Batch 0020/0049 | Cost: 0.8539
Epoch: 194/200 | Batch 0030/0049 | Cost: 1.0116
Epoch: 194/200 | Batch 0040/0049 | Cost: 0.9051
MAE/RMSE/Loss/Accuracy: | Current Valid: 0.65/1.10/1.85/54.76% Ep. 194 | Best Valid : 0.39/0.83/1.41/71.35% Ep. 190
Time elapsed: 68.90 min
Epoch: 195/200 | Batch 0000/0049 | Cost: 1.0130
Epoch: 195/200 | Batch 0010/0049 | Cost: 0.9393
Epoch: 195/200 | Batch 0020/0049 | Cost: 0.8868
Epoch: 195/200 | Batch 0030/0049 | Cost: 0.7926
Epoch: 195/200 | Batch 0040/0049 | Cost: 0.8409
MAE/RMSE/Loss/Accuracy: | Current Valid: 0.41/0.85/1.39/69.65% Ep. 195 | Best Valid : 0.39/0.83/1.41/71.35% Ep. 190
Time elapsed: 69.26 min
Epoch: 196/200 | Batch 0000/0049 | Cost: 0.8358
Epoch: 196/200 | Batch 0010/0049 | Cost: 0.8222
Epoch: 196/200 | Batch 0020/0049 | Cost: 0.8755
Epoch: 196/200 | Batch 0030/0049 | Cost: 0.7818
Epoch: 196/200 | Batch 0040/0049 | Cost: 0.7972
MAE/RMSE/Loss/Accuracy: | Current Valid: 0.42/0.85/1.39/69.16% Ep. 196 | Best Valid : 0.39/0.83/1.41/71.35% Ep. 190
Time elapsed: 69.61 min
Epoch: 197/200 | Batch 0000/0049 | Cost: 0.7638
Epoch: 197/200 | Batch 0010/0049 | Cost: 0.7836
Epoch: 197/200 | Batch 0020/0049 | Cost: 0.8387
Epoch: 197/200 | Batch 0030/0049 | Cost: 0.7923
Epoch: 197/200 | Batch 0040/0049 | Cost: 0.7013
MAE/RMSE/Loss/Accuracy: | Current Valid: 0.41/0.87/1.42/70.71% Ep. 197 | Best Valid : 0.39/0.83/1.41/71.35% Ep. 190
Time elapsed: 69.96 min
Epoch: 198/200 | Batch 0000/0049 | Cost: 0.8059
Epoch: 198/200 | Batch 0010/0049 | Cost: 0.8051
Epoch: 198/200 | Batch 0020/0049 | Cost: 0.8207
Epoch: 198/200 | Batch 0030/0049 | Cost: 0.7334
Epoch: 198/200 | Batch 0040/0049 | Cost: 0.7717
MAE/RMSE/Loss/Accuracy: | Current Valid: 0.42/0.87/1.42/69.87% Ep. 198 | Best Valid : 0.39/0.83/1.41/71.35% Ep. 190
Time elapsed: 70.31 min
Epoch: 199/200 | Batch 0000/0049 | Cost: 0.7461
Epoch: 199/200 | Batch 0010/0049 | Cost: 0.7402
Epoch: 199/200 | Batch 0020/0049 | Cost: 0.7837
Epoch: 199/200 | Batch 0030/0049 | Cost: 0.7807
Epoch: 199/200 | Batch 0040/0049 | Cost: 0.8024
MAE/RMSE/Loss/Accuracy: | Current Valid: 0.41/0.85/1.38/69.72% Ep. 199 | Best Valid : 0.39/0.83/1.41/71.35% Ep. 190
Time elapsed: 70.60 min
Epoch: 200/200 | Batch 0000/0049 | Cost: 0.7886
Epoch: 200/200 | Batch 0010/0049 | Cost: 0.7348
Epoch: 200/200 | Batch 0020/0049 | Cost: 0.7832
Epoch: 200/200 | Batch 0030/0049 | Cost: 0.7278
Epoch: 200/200 | Batch 0040/0049 | Cost: 0.7633
MAE/RMSE/Loss/Accuracy: | Current Valid: 0.39/0.83/1.41/71.07% Ep. 200 | Best Valid : 0.39/0.83/1.41/71.07% Ep. 200
Time elapsed: 70.78 min

MAE/RMSE/Loss/Accuracy: | Last Train: 0.01/0.11/0.77/98.74% | Last Valid: 0.39/0.83/1.41/71.07% | Last Test: 0.39/0.84/1.40/72.52%
Total Training Time: 70.86 min

MAE/RMSE/Loss/Accuracy: | Best Train: 0.01/0.11/0.76/98.83% | Best Valid: 0.39/0.83/1.41/71.07% | Best Test: 0.39/0.84/1.40/72.52%
