PyTorch Version: 2.5.1
CUDA device available: True
Using CUDA device: cuda:0
Random Seed: 1
Output Path: ../my-logs/afad-ce-0.4-3-seed1
Script: afad-ce.py
Epoch: 001/050 | Batch 0000/0462 | Cost: 3.4495
Epoch: 001/050 | Batch 0050/0462 | Cost: 3.0527
Epoch: 001/050 | Batch 0100/0462 | Cost: 2.9480
Epoch: 001/050 | Batch 0150/0462 | Cost: 2.8836
Epoch: 001/050 | Batch 0200/0462 | Cost: 3.0056
Epoch: 001/050 | Batch 0250/0462 | Cost: 2.9225
Epoch: 001/050 | Batch 0300/0462 | Cost: 2.8914
Epoch: 001/050 | Batch 0350/0462 | Cost: 2.8491
Epoch: 001/050 | Batch 0400/0462 | Cost: 2.9051
Epoch: 001/050 | Batch 0450/0462 | Cost: 2.9150
MAE/RMSE: | Current Valid: 9.15/10.38 Ep. 0 | Best Valid : 9.15/10.38 Ep. 0
Time elapsed: 2.99 min
Epoch: 002/050 | Batch 0000/0462 | Cost: 2.9565
Epoch: 002/050 | Batch 0050/0462 | Cost: 2.8861
Epoch: 002/050 | Batch 0100/0462 | Cost: 2.9277
Epoch: 002/050 | Batch 0150/0462 | Cost: 2.8917
Epoch: 002/050 | Batch 0200/0462 | Cost: 2.8826
Epoch: 002/050 | Batch 0250/0462 | Cost: 2.7847
Epoch: 002/050 | Batch 0300/0462 | Cost: 2.9242
Epoch: 002/050 | Batch 0350/0462 | Cost: 2.9668
Epoch: 002/050 | Batch 0400/0462 | Cost: 2.8787
Epoch: 002/050 | Batch 0450/0462 | Cost: 2.8557
MAE/RMSE: | Current Valid: 8.08/9.25 Ep. 1 | Best Valid : 8.08/9.25 Ep. 1
Time elapsed: 6.28 min
Epoch: 003/050 | Batch 0000/0462 | Cost: 2.8088
Epoch: 003/050 | Batch 0050/0462 | Cost: 2.8239
Epoch: 003/050 | Batch 0100/0462 | Cost: 2.8210
Epoch: 003/050 | Batch 0150/0462 | Cost: 2.8910
Epoch: 003/050 | Batch 0200/0462 | Cost: 2.8079
Epoch: 003/050 | Batch 0250/0462 | Cost: 2.8821
Epoch: 003/050 | Batch 0300/0462 | Cost: 2.7642
Epoch: 003/050 | Batch 0350/0462 | Cost: 2.8286
Epoch: 003/050 | Batch 0400/0462 | Cost: 2.8946
Epoch: 003/050 | Batch 0450/0462 | Cost: 2.9107
MAE/RMSE: | Current Valid: 7.64/9.26 Ep. 2 | Best Valid : 7.64/9.26 Ep. 2
Time elapsed: 9.58 min
Epoch: 004/050 | Batch 0000/0462 | Cost: 2.7640
Epoch: 004/050 | Batch 0050/0462 | Cost: 2.7595
Epoch: 004/050 | Batch 0100/0462 | Cost: 2.8032
Epoch: 004/050 | Batch 0150/0462 | Cost: 2.9200
Epoch: 004/050 | Batch 0200/0462 | Cost: 2.8056
Epoch: 004/050 | Batch 0250/0462 | Cost: 2.8890
Epoch: 004/050 | Batch 0300/0462 | Cost: 2.8873
Epoch: 004/050 | Batch 0350/0462 | Cost: 2.8253
Epoch: 004/050 | Batch 0400/0462 | Cost: 2.8317
Epoch: 004/050 | Batch 0450/0462 | Cost: 2.8604
MAE/RMSE: | Current Valid: 7.33/8.83 Ep. 3 | Best Valid : 7.33/8.83 Ep. 3
Time elapsed: 12.88 min
Epoch: 005/050 | Batch 0000/0462 | Cost: 2.7674
Epoch: 005/050 | Batch 0050/0462 | Cost: 2.7279
Epoch: 005/050 | Batch 0100/0462 | Cost: 2.8703
Epoch: 005/050 | Batch 0150/0462 | Cost: 2.9030
Epoch: 005/050 | Batch 0200/0462 | Cost: 2.8103
Epoch: 005/050 | Batch 0250/0462 | Cost: 2.7845
Epoch: 005/050 | Batch 0300/0462 | Cost: 2.7301
Epoch: 005/050 | Batch 0350/0462 | Cost: 2.8055
Epoch: 005/050 | Batch 0400/0462 | Cost: 2.8082
Epoch: 005/050 | Batch 0450/0462 | Cost: 2.8494
MAE/RMSE: | Current Valid: 7.50/8.96 Ep. 4 | Best Valid : 7.33/8.83 Ep. 3
Time elapsed: 16.18 min
Epoch: 006/050 | Batch 0000/0462 | Cost: 2.7631
Epoch: 006/050 | Batch 0050/0462 | Cost: 2.8300
Epoch: 006/050 | Batch 0100/0462 | Cost: 2.7099
Epoch: 006/050 | Batch 0150/0462 | Cost: 2.7319
Epoch: 006/050 | Batch 0200/0462 | Cost: 2.8307
Epoch: 006/050 | Batch 0250/0462 | Cost: 2.8254
Epoch: 006/050 | Batch 0300/0462 | Cost: 2.8569
Epoch: 006/050 | Batch 0350/0462 | Cost: 2.8176
Epoch: 006/050 | Batch 0400/0462 | Cost: 2.7839
Epoch: 006/050 | Batch 0450/0462 | Cost: 2.7651
MAE/RMSE: | Current Valid: 7.11/8.74 Ep. 5 | Best Valid : 7.11/8.74 Ep. 5
Time elapsed: 19.49 min
Epoch: 007/050 | Batch 0000/0462 | Cost: 2.6911
Epoch: 007/050 | Batch 0050/0462 | Cost: 2.7509
Epoch: 007/050 | Batch 0100/0462 | Cost: 2.8295
Epoch: 007/050 | Batch 0150/0462 | Cost: 2.7448
Epoch: 007/050 | Batch 0200/0462 | Cost: 2.7826
Epoch: 007/050 | Batch 0250/0462 | Cost: 2.8064
Epoch: 007/050 | Batch 0300/0462 | Cost: 2.7361
Epoch: 007/050 | Batch 0350/0462 | Cost: 2.7601
Epoch: 007/050 | Batch 0400/0462 | Cost: 2.7698
Epoch: 007/050 | Batch 0450/0462 | Cost: 2.8355
MAE/RMSE: | Current Valid: 6.31/7.95 Ep. 6 | Best Valid : 6.31/7.95 Ep. 6
Time elapsed: 22.79 min
Epoch: 008/050 | Batch 0000/0462 | Cost: 2.7268
Epoch: 008/050 | Batch 0050/0462 | Cost: 2.7478
Epoch: 008/050 | Batch 0100/0462 | Cost: 2.8242
Epoch: 008/050 | Batch 0150/0462 | Cost: 2.6720
Epoch: 008/050 | Batch 0200/0462 | Cost: 2.7199
Epoch: 008/050 | Batch 0250/0462 | Cost: 2.7140
Epoch: 008/050 | Batch 0300/0462 | Cost: 2.8053
Epoch: 008/050 | Batch 0350/0462 | Cost: 2.7197
Epoch: 008/050 | Batch 0400/0462 | Cost: 2.7826
Epoch: 008/050 | Batch 0450/0462 | Cost: 2.7494
MAE/RMSE: | Current Valid: 7.38/8.85 Ep. 7 | Best Valid : 6.31/7.95 Ep. 6
Time elapsed: 26.09 min
Epoch: 009/050 | Batch 0000/0462 | Cost: 2.7346
Epoch: 009/050 | Batch 0050/0462 | Cost: 2.7136
Epoch: 009/050 | Batch 0100/0462 | Cost: 2.7061
Epoch: 009/050 | Batch 0150/0462 | Cost: 2.6828
Epoch: 009/050 | Batch 0200/0462 | Cost: 2.7130
Epoch: 009/050 | Batch 0250/0462 | Cost: 2.7672
Epoch: 009/050 | Batch 0300/0462 | Cost: 2.7509
Epoch: 009/050 | Batch 0350/0462 | Cost: 2.6992
Epoch: 009/050 | Batch 0400/0462 | Cost: 2.7202
Epoch: 009/050 | Batch 0450/0462 | Cost: 2.7082
MAE/RMSE: | Current Valid: 6.21/7.81 Ep. 8 | Best Valid : 6.21/7.81 Ep. 8
Time elapsed: 29.39 min
Epoch: 010/050 | Batch 0000/0462 | Cost: 2.6691
Epoch: 010/050 | Batch 0050/0462 | Cost: 2.7277
Epoch: 010/050 | Batch 0100/0462 | Cost: 2.6856
Epoch: 010/050 | Batch 0150/0462 | Cost: 2.7587
Epoch: 010/050 | Batch 0200/0462 | Cost: 2.7747
Epoch: 010/050 | Batch 0250/0462 | Cost: 2.7219
Epoch: 010/050 | Batch 0300/0462 | Cost: 2.6665
Epoch: 010/050 | Batch 0350/0462 | Cost: 2.6784
Epoch: 010/050 | Batch 0400/0462 | Cost: 2.7228
Epoch: 010/050 | Batch 0450/0462 | Cost: 2.6987
MAE/RMSE: | Current Valid: 6.63/8.21 Ep. 9 | Best Valid : 6.21/7.81 Ep. 8
Time elapsed: 32.68 min
Epoch: 011/050 | Batch 0000/0462 | Cost: 2.7409
Epoch: 011/050 | Batch 0050/0462 | Cost: 2.6733
Epoch: 011/050 | Batch 0100/0462 | Cost: 2.6960
Epoch: 011/050 | Batch 0150/0462 | Cost: 2.6674
Epoch: 011/050 | Batch 0200/0462 | Cost: 2.7406
Epoch: 011/050 | Batch 0250/0462 | Cost: 2.6456
Epoch: 011/050 | Batch 0300/0462 | Cost: 2.6560
Epoch: 011/050 | Batch 0350/0462 | Cost: 2.6671
Epoch: 011/050 | Batch 0400/0462 | Cost: 2.6262
Epoch: 011/050 | Batch 0450/0462 | Cost: 2.8030
MAE/RMSE: | Current Valid: 6.17/7.79 Ep. 10 | Best Valid : 6.17/7.79 Ep. 10
Time elapsed: 35.98 min
Epoch: 012/050 | Batch 0000/0462 | Cost: 2.6157
Epoch: 012/050 | Batch 0050/0462 | Cost: 2.6268
Epoch: 012/050 | Batch 0100/0462 | Cost: 2.6764
Epoch: 012/050 | Batch 0150/0462 | Cost: 2.6431
Epoch: 012/050 | Batch 0200/0462 | Cost: 2.5803
Epoch: 012/050 | Batch 0250/0462 | Cost: 2.7063
Epoch: 012/050 | Batch 0300/0462 | Cost: 2.7948
Epoch: 012/050 | Batch 0350/0462 | Cost: 2.6436
Epoch: 012/050 | Batch 0400/0462 | Cost: 2.6344
Epoch: 012/050 | Batch 0450/0462 | Cost: 2.7305
MAE/RMSE: | Current Valid: 5.19/6.77 Ep. 11 | Best Valid : 5.19/6.77 Ep. 11
Time elapsed: 39.28 min
Epoch: 013/050 | Batch 0000/0462 | Cost: 2.5554
Epoch: 013/050 | Batch 0050/0462 | Cost: 2.5783
Epoch: 013/050 | Batch 0100/0462 | Cost: 2.6627
Epoch: 013/050 | Batch 0150/0462 | Cost: 2.6247
Epoch: 013/050 | Batch 0200/0462 | Cost: 2.6510
Epoch: 013/050 | Batch 0250/0462 | Cost: 2.5819
Epoch: 013/050 | Batch 0300/0462 | Cost: 2.5702
Epoch: 013/050 | Batch 0350/0462 | Cost: 2.6019
Epoch: 013/050 | Batch 0400/0462 | Cost: 2.6785
Epoch: 013/050 | Batch 0450/0462 | Cost: 2.6374
MAE/RMSE: | Current Valid: 6.45/7.88 Ep. 12 | Best Valid : 5.19/6.77 Ep. 11
Time elapsed: 42.57 min
Epoch: 014/050 | Batch 0000/0462 | Cost: 2.6579
Epoch: 014/050 | Batch 0050/0462 | Cost: 2.4791
Epoch: 014/050 | Batch 0100/0462 | Cost: 2.5681
Epoch: 014/050 | Batch 0150/0462 | Cost: 2.6972
Epoch: 014/050 | Batch 0200/0462 | Cost: 2.6555
Epoch: 014/050 | Batch 0250/0462 | Cost: 2.7174
Epoch: 014/050 | Batch 0300/0462 | Cost: 2.5999
Epoch: 014/050 | Batch 0350/0462 | Cost: 2.6431
Epoch: 014/050 | Batch 0400/0462 | Cost: 2.5815
Epoch: 014/050 | Batch 0450/0462 | Cost: 2.5888
MAE/RMSE: | Current Valid: 5.82/7.22 Ep. 13 | Best Valid : 5.19/6.77 Ep. 11
Time elapsed: 45.86 min
Epoch: 015/050 | Batch 0000/0462 | Cost: 2.5971
Epoch: 015/050 | Batch 0050/0462 | Cost: 2.5367
Epoch: 015/050 | Batch 0100/0462 | Cost: 2.6311
Epoch: 015/050 | Batch 0150/0462 | Cost: 2.5428
Epoch: 015/050 | Batch 0200/0462 | Cost: 2.5819
Epoch: 015/050 | Batch 0250/0462 | Cost: 2.6034
Epoch: 015/050 | Batch 0300/0462 | Cost: 2.5621
Epoch: 015/050 | Batch 0350/0462 | Cost: 2.5991
Epoch: 015/050 | Batch 0400/0462 | Cost: 2.5943
Epoch: 015/050 | Batch 0450/0462 | Cost: 2.5870
MAE/RMSE: | Current Valid: 7.60/8.98 Ep. 14 | Best Valid : 5.19/6.77 Ep. 11
Time elapsed: 49.15 min
Epoch: 016/050 | Batch 0000/0462 | Cost: 2.5883
Epoch: 016/050 | Batch 0050/0462 | Cost: 2.5098
Epoch: 016/050 | Batch 0100/0462 | Cost: 2.4815
Epoch: 016/050 | Batch 0150/0462 | Cost: 2.4827
Epoch: 016/050 | Batch 0200/0462 | Cost: 2.5462
Epoch: 016/050 | Batch 0250/0462 | Cost: 2.4763
Epoch: 016/050 | Batch 0300/0462 | Cost: 2.4282
Epoch: 016/050 | Batch 0350/0462 | Cost: 2.5289
Epoch: 016/050 | Batch 0400/0462 | Cost: 2.5428
Epoch: 016/050 | Batch 0450/0462 | Cost: 2.5480
MAE/RMSE: | Current Valid: 6.56/8.05 Ep. 15 | Best Valid : 5.19/6.77 Ep. 11
Time elapsed: 52.45 min
Epoch: 017/050 | Batch 0000/0462 | Cost: 2.4108
Epoch: 017/050 | Batch 0050/0462 | Cost: 2.3382
Epoch: 017/050 | Batch 0100/0462 | Cost: 2.4216
Epoch: 017/050 | Batch 0150/0462 | Cost: 2.4028
Epoch: 017/050 | Batch 0200/0462 | Cost: 2.6332
Epoch: 017/050 | Batch 0250/0462 | Cost: 2.4938
Epoch: 017/050 | Batch 0300/0462 | Cost: 2.5435
Epoch: 017/050 | Batch 0350/0462 | Cost: 2.3923
Epoch: 017/050 | Batch 0400/0462 | Cost: 2.5038
Epoch: 017/050 | Batch 0450/0462 | Cost: 2.5520
MAE/RMSE: | Current Valid: 6.21/7.72 Ep. 16 | Best Valid : 5.19/6.77 Ep. 11
Time elapsed: 55.74 min
Epoch: 018/050 | Batch 0000/0462 | Cost: 2.3856
Epoch: 018/050 | Batch 0050/0462 | Cost: 2.3322
Epoch: 018/050 | Batch 0100/0462 | Cost: 2.3814
Epoch: 018/050 | Batch 0150/0462 | Cost: 2.4372
Epoch: 018/050 | Batch 0200/0462 | Cost: 2.3543
Epoch: 018/050 | Batch 0250/0462 | Cost: 2.3307
Epoch: 018/050 | Batch 0300/0462 | Cost: 2.3169
Epoch: 018/050 | Batch 0350/0462 | Cost: 2.3563
Epoch: 018/050 | Batch 0400/0462 | Cost: 2.4980
Epoch: 018/050 | Batch 0450/0462 | Cost: 2.4220
MAE/RMSE: | Current Valid: 6.13/7.62 Ep. 17 | Best Valid : 5.19/6.77 Ep. 11
Time elapsed: 59.03 min
Epoch: 019/050 | Batch 0000/0462 | Cost: 2.1804
Epoch: 019/050 | Batch 0050/0462 | Cost: 2.3037
Epoch: 019/050 | Batch 0100/0462 | Cost: 2.2722
Epoch: 019/050 | Batch 0150/0462 | Cost: 2.2222
Epoch: 019/050 | Batch 0200/0462 | Cost: 2.3936
Epoch: 019/050 | Batch 0250/0462 | Cost: 2.3388
Epoch: 019/050 | Batch 0300/0462 | Cost: 2.4357
Epoch: 019/050 | Batch 0350/0462 | Cost: 2.3253
Epoch: 019/050 | Batch 0400/0462 | Cost: 2.2575
Epoch: 019/050 | Batch 0450/0462 | Cost: 2.2745
MAE/RMSE: | Current Valid: 6.69/8.22 Ep. 18 | Best Valid : 5.19/6.77 Ep. 11
Time elapsed: 62.33 min
Epoch: 020/050 | Batch 0000/0462 | Cost: 2.1205
Epoch: 020/050 | Batch 0050/0462 | Cost: 2.1883
Epoch: 020/050 | Batch 0100/0462 | Cost: 2.1516
Epoch: 020/050 | Batch 0150/0462 | Cost: 2.2092
Epoch: 020/050 | Batch 0200/0462 | Cost: 2.1470
Epoch: 020/050 | Batch 0250/0462 | Cost: 2.1457
Epoch: 020/050 | Batch 0300/0462 | Cost: 2.2072
Epoch: 020/050 | Batch 0350/0462 | Cost: 2.0547
Epoch: 020/050 | Batch 0400/0462 | Cost: 2.3200
Epoch: 020/050 | Batch 0450/0462 | Cost: 2.2000
MAE/RMSE: | Current Valid: 6.22/7.69 Ep. 19 | Best Valid : 5.19/6.77 Ep. 11
Time elapsed: 65.61 min
Epoch: 021/050 | Batch 0000/0462 | Cost: 1.9996
Epoch: 021/050 | Batch 0050/0462 | Cost: 1.9063
Epoch: 021/050 | Batch 0100/0462 | Cost: 1.9769
Epoch: 021/050 | Batch 0150/0462 | Cost: 2.1262
Epoch: 021/050 | Batch 0200/0462 | Cost: 2.1272
Epoch: 021/050 | Batch 0250/0462 | Cost: 2.1148
Epoch: 021/050 | Batch 0300/0462 | Cost: 2.2621
Epoch: 021/050 | Batch 0350/0462 | Cost: 2.1811
Epoch: 021/050 | Batch 0400/0462 | Cost: 2.2379
Epoch: 021/050 | Batch 0450/0462 | Cost: 2.1443
MAE/RMSE: | Current Valid: 5.86/7.28 Ep. 20 | Best Valid : 5.19/6.77 Ep. 11
Time elapsed: 68.92 min
Epoch: 022/050 | Batch 0000/0462 | Cost: 1.9186
Epoch: 022/050 | Batch 0050/0462 | Cost: 1.7660
Epoch: 022/050 | Batch 0100/0462 | Cost: 2.0079
Epoch: 022/050 | Batch 0150/0462 | Cost: 1.8980
Epoch: 022/050 | Batch 0200/0462 | Cost: 2.0894
Epoch: 022/050 | Batch 0250/0462 | Cost: 2.1222
Epoch: 022/050 | Batch 0300/0462 | Cost: 1.8830
Epoch: 022/050 | Batch 0350/0462 | Cost: 2.1197
Epoch: 022/050 | Batch 0400/0462 | Cost: 1.9751
Epoch: 022/050 | Batch 0450/0462 | Cost: 2.1233
MAE/RMSE: | Current Valid: 6.36/7.81 Ep. 21 | Best Valid : 5.19/6.77 Ep. 11
Time elapsed: 72.22 min
Epoch: 023/050 | Batch 0000/0462 | Cost: 1.7351
Epoch: 023/050 | Batch 0050/0462 | Cost: 1.6695
Epoch: 023/050 | Batch 0100/0462 | Cost: 1.8402
Epoch: 023/050 | Batch 0150/0462 | Cost: 1.7399
Epoch: 023/050 | Batch 0200/0462 | Cost: 1.8531
Epoch: 023/050 | Batch 0250/0462 | Cost: 1.8475
Epoch: 023/050 | Batch 0300/0462 | Cost: 1.9244
Epoch: 023/050 | Batch 0350/0462 | Cost: 1.8646
Epoch: 023/050 | Batch 0400/0462 | Cost: 1.8543
Epoch: 023/050 | Batch 0450/0462 | Cost: 1.9912
MAE/RMSE: | Current Valid: 6.40/7.86 Ep. 22 | Best Valid : 5.19/6.77 Ep. 11
Time elapsed: 75.51 min
Epoch: 024/050 | Batch 0000/0462 | Cost: 1.5686
Epoch: 024/050 | Batch 0050/0462 | Cost: 1.6743
Epoch: 024/050 | Batch 0100/0462 | Cost: 1.6263
Epoch: 024/050 | Batch 0150/0462 | Cost: 1.5225
Epoch: 024/050 | Batch 0200/0462 | Cost: 1.7666
Epoch: 024/050 | Batch 0250/0462 | Cost: 1.7370
Epoch: 024/050 | Batch 0300/0462 | Cost: 1.6510
Epoch: 024/050 | Batch 0350/0462 | Cost: 1.7646
Epoch: 024/050 | Batch 0400/0462 | Cost: 1.8096
Epoch: 024/050 | Batch 0450/0462 | Cost: 1.6083
MAE/RMSE: | Current Valid: 6.17/7.66 Ep. 23 | Best Valid : 5.19/6.77 Ep. 11
Time elapsed: 78.80 min
Epoch: 025/050 | Batch 0000/0462 | Cost: 1.3204
Epoch: 025/050 | Batch 0050/0462 | Cost: 1.3328
Epoch: 025/050 | Batch 0100/0462 | Cost: 1.5358
Epoch: 025/050 | Batch 0150/0462 | Cost: 1.5459
Epoch: 025/050 | Batch 0200/0462 | Cost: 1.4329
Epoch: 025/050 | Batch 0250/0462 | Cost: 1.4874
Epoch: 025/050 | Batch 0300/0462 | Cost: 1.4152
Epoch: 025/050 | Batch 0350/0462 | Cost: 1.4828
Epoch: 025/050 | Batch 0400/0462 | Cost: 1.5390
Epoch: 025/050 | Batch 0450/0462 | Cost: 1.6979
MAE/RMSE: | Current Valid: 6.08/7.56 Ep. 24 | Best Valid : 5.19/6.77 Ep. 11
Time elapsed: 82.10 min
Epoch: 026/050 | Batch 0000/0462 | Cost: 1.2798
Epoch: 026/050 | Batch 0050/0462 | Cost: 1.3275
Epoch: 026/050 | Batch 0100/0462 | Cost: 1.1884
Epoch: 026/050 | Batch 0150/0462 | Cost: 1.2966
Epoch: 026/050 | Batch 0200/0462 | Cost: 1.2966
Epoch: 026/050 | Batch 0250/0462 | Cost: 1.3025
Epoch: 026/050 | Batch 0300/0462 | Cost: 1.4614
Epoch: 026/050 | Batch 0350/0462 | Cost: 1.4745
Epoch: 026/050 | Batch 0400/0462 | Cost: 1.4024
Epoch: 026/050 | Batch 0450/0462 | Cost: 1.3434
MAE/RMSE: | Current Valid: 6.48/8.03 Ep. 25 | Best Valid : 5.19/6.77 Ep. 11
Time elapsed: 85.39 min
Epoch: 027/050 | Batch 0000/0462 | Cost: 0.9714
Epoch: 027/050 | Batch 0050/0462 | Cost: 1.1327
Epoch: 027/050 | Batch 0100/0462 | Cost: 1.1428
Epoch: 027/050 | Batch 0150/0462 | Cost: 1.1552
Epoch: 027/050 | Batch 0200/0462 | Cost: 1.2985
Epoch: 027/050 | Batch 0250/0462 | Cost: 1.2707
Epoch: 027/050 | Batch 0300/0462 | Cost: 1.2937
Epoch: 027/050 | Batch 0350/0462 | Cost: 1.2053
Epoch: 027/050 | Batch 0400/0462 | Cost: 1.3223
Epoch: 027/050 | Batch 0450/0462 | Cost: 1.2401
MAE/RMSE: | Current Valid: 6.16/7.72 Ep. 26 | Best Valid : 5.19/6.77 Ep. 11
Time elapsed: 88.68 min
Epoch: 028/050 | Batch 0000/0462 | Cost: 0.9395
Epoch: 028/050 | Batch 0050/0462 | Cost: 0.8134
Epoch: 028/050 | Batch 0100/0462 | Cost: 1.1276
Epoch: 028/050 | Batch 0150/0462 | Cost: 1.1815
Epoch: 028/050 | Batch 0200/0462 | Cost: 1.0119
Epoch: 028/050 | Batch 0250/0462 | Cost: 1.1377
Epoch: 028/050 | Batch 0300/0462 | Cost: 1.0608
Epoch: 028/050 | Batch 0350/0462 | Cost: 1.0533
Epoch: 028/050 | Batch 0400/0462 | Cost: 1.1088
Epoch: 028/050 | Batch 0450/0462 | Cost: 1.3025
MAE/RMSE: | Current Valid: 6.53/8.15 Ep. 27 | Best Valid : 5.19/6.77 Ep. 11
Time elapsed: 91.98 min
Epoch: 029/050 | Batch 0000/0462 | Cost: 0.8962
Epoch: 029/050 | Batch 0050/0462 | Cost: 0.8424
Epoch: 029/050 | Batch 0100/0462 | Cost: 0.9115
Epoch: 029/050 | Batch 0150/0462 | Cost: 0.8942
Epoch: 029/050 | Batch 0200/0462 | Cost: 1.1284
Epoch: 029/050 | Batch 0250/0462 | Cost: 0.8554
Epoch: 029/050 | Batch 0300/0462 | Cost: 1.0636
Epoch: 029/050 | Batch 0350/0462 | Cost: 0.9930
Epoch: 029/050 | Batch 0400/0462 | Cost: 0.9515
Epoch: 029/050 | Batch 0450/0462 | Cost: 1.0706
MAE/RMSE: | Current Valid: 6.04/7.53 Ep. 28 | Best Valid : 5.19/6.77 Ep. 11
Time elapsed: 95.27 min
Epoch: 030/050 | Batch 0000/0462 | Cost: 0.8023
Epoch: 030/050 | Batch 0050/0462 | Cost: 0.6437
Epoch: 030/050 | Batch 0100/0462 | Cost: 0.8172
Epoch: 030/050 | Batch 0150/0462 | Cost: 0.7837
Epoch: 030/050 | Batch 0200/0462 | Cost: 0.7685
Epoch: 030/050 | Batch 0250/0462 | Cost: 0.8962
Epoch: 030/050 | Batch 0300/0462 | Cost: 0.8436
Epoch: 030/050 | Batch 0350/0462 | Cost: 0.9643
Epoch: 030/050 | Batch 0400/0462 | Cost: 0.8718
Epoch: 030/050 | Batch 0450/0462 | Cost: 1.0390
MAE/RMSE: | Current Valid: 6.57/8.09 Ep. 29 | Best Valid : 5.19/6.77 Ep. 11
Time elapsed: 98.57 min
Epoch: 031/050 | Batch 0000/0462 | Cost: 0.7198
Epoch: 031/050 | Batch 0050/0462 | Cost: 0.7109
Epoch: 031/050 | Batch 0100/0462 | Cost: 0.7066
Epoch: 031/050 | Batch 0150/0462 | Cost: 0.7559
Epoch: 031/050 | Batch 0200/0462 | Cost: 0.8501
Epoch: 031/050 | Batch 0250/0462 | Cost: 0.8602
Epoch: 031/050 | Batch 0300/0462 | Cost: 0.9366
Epoch: 031/050 | Batch 0350/0462 | Cost: 0.8291
Epoch: 031/050 | Batch 0400/0462 | Cost: 0.7697
Epoch: 031/050 | Batch 0450/0462 | Cost: 0.7977
MAE/RMSE: | Current Valid: 6.52/8.08 Ep. 30 | Best Valid : 5.19/6.77 Ep. 11
Time elapsed: 101.87 min
Epoch: 032/050 | Batch 0000/0462 | Cost: 0.6386
Epoch: 032/050 | Batch 0050/0462 | Cost: 0.5744
Epoch: 032/050 | Batch 0100/0462 | Cost: 0.6798
Epoch: 032/050 | Batch 0150/0462 | Cost: 0.6463
Epoch: 032/050 | Batch 0200/0462 | Cost: 0.7388
Epoch: 032/050 | Batch 0250/0462 | Cost: 0.6064
Epoch: 032/050 | Batch 0300/0462 | Cost: 0.6378
Epoch: 032/050 | Batch 0350/0462 | Cost: 0.6087
Epoch: 032/050 | Batch 0400/0462 | Cost: 0.7719
Epoch: 032/050 | Batch 0450/0462 | Cost: 0.8118
MAE/RMSE: | Current Valid: 6.86/8.42 Ep. 31 | Best Valid : 5.19/6.77 Ep. 11
Time elapsed: 105.16 min
Epoch: 033/050 | Batch 0000/0462 | Cost: 0.4907
Epoch: 033/050 | Batch 0050/0462 | Cost: 0.7034
Epoch: 033/050 | Batch 0100/0462 | Cost: 0.6579
Epoch: 033/050 | Batch 0150/0462 | Cost: 0.7359
Epoch: 033/050 | Batch 0200/0462 | Cost: 0.6042
Epoch: 033/050 | Batch 0250/0462 | Cost: 0.5814
Epoch: 033/050 | Batch 0300/0462 | Cost: 0.8392
Epoch: 033/050 | Batch 0350/0462 | Cost: 0.6162
Epoch: 033/050 | Batch 0400/0462 | Cost: 0.8061
Epoch: 033/050 | Batch 0450/0462 | Cost: 0.7957
MAE/RMSE: | Current Valid: 6.32/7.85 Ep. 32 | Best Valid : 5.19/6.77 Ep. 11
Time elapsed: 108.45 min
Epoch: 034/050 | Batch 0000/0462 | Cost: 0.5663
Epoch: 034/050 | Batch 0050/0462 | Cost: 0.5594
Epoch: 034/050 | Batch 0100/0462 | Cost: 0.6279
Epoch: 034/050 | Batch 0150/0462 | Cost: 0.5014
Epoch: 034/050 | Batch 0200/0462 | Cost: 0.7683
Epoch: 034/050 | Batch 0250/0462 | Cost: 0.6438
Epoch: 034/050 | Batch 0300/0462 | Cost: 0.5927
Epoch: 034/050 | Batch 0350/0462 | Cost: 0.7493
Epoch: 034/050 | Batch 0400/0462 | Cost: 0.6315
Epoch: 034/050 | Batch 0450/0462 | Cost: 0.5337
MAE/RMSE: | Current Valid: 6.09/7.58 Ep. 33 | Best Valid : 5.19/6.77 Ep. 11
Time elapsed: 111.75 min
Epoch: 035/050 | Batch 0000/0462 | Cost: 0.4419
Epoch: 035/050 | Batch 0050/0462 | Cost: 0.5206
Epoch: 035/050 | Batch 0100/0462 | Cost: 0.4865
Epoch: 035/050 | Batch 0150/0462 | Cost: 0.5346
Epoch: 035/050 | Batch 0200/0462 | Cost: 0.5842
Epoch: 035/050 | Batch 0250/0462 | Cost: 0.5906
Epoch: 035/050 | Batch 0300/0462 | Cost: 0.6974
Epoch: 035/050 | Batch 0350/0462 | Cost: 0.5192
Epoch: 035/050 | Batch 0400/0462 | Cost: 0.6253
Epoch: 035/050 | Batch 0450/0462 | Cost: 0.7383
MAE/RMSE: | Current Valid: 6.43/8.01 Ep. 34 | Best Valid : 5.19/6.77 Ep. 11
Time elapsed: 115.04 min
Epoch: 036/050 | Batch 0000/0462 | Cost: 0.3346
Epoch: 036/050 | Batch 0050/0462 | Cost: 0.4803
Epoch: 036/050 | Batch 0100/0462 | Cost: 0.4800
Epoch: 036/050 | Batch 0150/0462 | Cost: 0.4237
Epoch: 036/050 | Batch 0200/0462 | Cost: 0.6897
Epoch: 036/050 | Batch 0250/0462 | Cost: 0.5593
Epoch: 036/050 | Batch 0300/0462 | Cost: 0.4785
Epoch: 036/050 | Batch 0350/0462 | Cost: 0.6291
Epoch: 036/050 | Batch 0400/0462 | Cost: 0.5992
Epoch: 036/050 | Batch 0450/0462 | Cost: 0.6007
MAE/RMSE: | Current Valid: 6.74/8.28 Ep. 35 | Best Valid : 5.19/6.77 Ep. 11
Time elapsed: 118.34 min
Epoch: 037/050 | Batch 0000/0462 | Cost: 0.4149
Epoch: 037/050 | Batch 0050/0462 | Cost: 0.3846
Epoch: 037/050 | Batch 0100/0462 | Cost: 0.4501
Epoch: 037/050 | Batch 0150/0462 | Cost: 0.3403
Epoch: 037/050 | Batch 0200/0462 | Cost: 0.4587
Epoch: 037/050 | Batch 0250/0462 | Cost: 0.6779
Epoch: 037/050 | Batch 0300/0462 | Cost: 0.4695
Epoch: 037/050 | Batch 0350/0462 | Cost: 0.5221
Epoch: 037/050 | Batch 0400/0462 | Cost: 0.4677
Epoch: 037/050 | Batch 0450/0462 | Cost: 0.6411
MAE/RMSE: | Current Valid: 6.60/8.13 Ep. 36 | Best Valid : 5.19/6.77 Ep. 11
Time elapsed: 121.64 min
Epoch: 038/050 | Batch 0000/0462 | Cost: 0.4300
Epoch: 038/050 | Batch 0050/0462 | Cost: 0.2970
Epoch: 038/050 | Batch 0100/0462 | Cost: 0.3743
Epoch: 038/050 | Batch 0150/0462 | Cost: 0.4399
Epoch: 038/050 | Batch 0200/0462 | Cost: 0.4798
Epoch: 038/050 | Batch 0250/0462 | Cost: 0.4536
Epoch: 038/050 | Batch 0300/0462 | Cost: 0.4674
Epoch: 038/050 | Batch 0350/0462 | Cost: 0.4866
Epoch: 038/050 | Batch 0400/0462 | Cost: 0.4848
Epoch: 038/050 | Batch 0450/0462 | Cost: 0.5813
MAE/RMSE: | Current Valid: 6.51/8.03 Ep. 37 | Best Valid : 5.19/6.77 Ep. 11
Time elapsed: 124.93 min
Epoch: 039/050 | Batch 0000/0462 | Cost: 0.4145
Epoch: 039/050 | Batch 0050/0462 | Cost: 0.2611
Epoch: 039/050 | Batch 0100/0462 | Cost: 0.3046
Epoch: 039/050 | Batch 0150/0462 | Cost: 0.3778
Epoch: 039/050 | Batch 0200/0462 | Cost: 0.4405
Epoch: 039/050 | Batch 0250/0462 | Cost: 0.4394
Epoch: 039/050 | Batch 0300/0462 | Cost: 0.4520
Epoch: 039/050 | Batch 0350/0462 | Cost: 0.4080
Epoch: 039/050 | Batch 0400/0462 | Cost: 0.4106
Epoch: 039/050 | Batch 0450/0462 | Cost: 0.4266
MAE/RMSE: | Current Valid: 6.25/7.80 Ep. 38 | Best Valid : 5.19/6.77 Ep. 11
Time elapsed: 128.23 min
Epoch: 040/050 | Batch 0000/0462 | Cost: 0.3935
Epoch: 040/050 | Batch 0050/0462 | Cost: 0.3874
Epoch: 040/050 | Batch 0100/0462 | Cost: 0.4597
Epoch: 040/050 | Batch 0150/0462 | Cost: 0.3754
Epoch: 040/050 | Batch 0200/0462 | Cost: 0.3844
Epoch: 040/050 | Batch 0250/0462 | Cost: 0.3294
Epoch: 040/050 | Batch 0300/0462 | Cost: 0.4732
Epoch: 040/050 | Batch 0350/0462 | Cost: 0.4582
Epoch: 040/050 | Batch 0400/0462 | Cost: 0.4150
Epoch: 040/050 | Batch 0450/0462 | Cost: 0.4844
MAE/RMSE: | Current Valid: 6.56/8.14 Ep. 39 | Best Valid : 5.19/6.77 Ep. 11
Time elapsed: 131.52 min
Epoch: 041/050 | Batch 0000/0462 | Cost: 0.3204
Epoch: 041/050 | Batch 0050/0462 | Cost: 0.3893
Epoch: 041/050 | Batch 0100/0462 | Cost: 0.2737
Epoch: 041/050 | Batch 0150/0462 | Cost: 0.3179
Epoch: 041/050 | Batch 0200/0462 | Cost: 0.3562
Epoch: 041/050 | Batch 0250/0462 | Cost: 0.4619
Epoch: 041/050 | Batch 0300/0462 | Cost: 0.3508
Epoch: 041/050 | Batch 0350/0462 | Cost: 0.4629
Epoch: 041/050 | Batch 0400/0462 | Cost: 0.4809
Epoch: 041/050 | Batch 0450/0462 | Cost: 0.5431
MAE/RMSE: | Current Valid: 6.64/8.18 Ep. 40 | Best Valid : 5.19/6.77 Ep. 11
Time elapsed: 134.82 min
Epoch: 042/050 | Batch 0000/0462 | Cost: 0.3704
Epoch: 042/050 | Batch 0050/0462 | Cost: 0.2990
Epoch: 042/050 | Batch 0100/0462 | Cost: 0.2747
Epoch: 042/050 | Batch 0150/0462 | Cost: 0.4084
Epoch: 042/050 | Batch 0200/0462 | Cost: 0.4053
Epoch: 042/050 | Batch 0250/0462 | Cost: 0.3144
Epoch: 042/050 | Batch 0300/0462 | Cost: 0.4292
Epoch: 042/050 | Batch 0350/0462 | Cost: 0.3725
Epoch: 042/050 | Batch 0400/0462 | Cost: 0.4238
Epoch: 042/050 | Batch 0450/0462 | Cost: 0.3996
MAE/RMSE: | Current Valid: 6.48/7.95 Ep. 41 | Best Valid : 5.19/6.77 Ep. 11
Time elapsed: 138.11 min
Epoch: 043/050 | Batch 0000/0462 | Cost: 0.2872
Epoch: 043/050 | Batch 0050/0462 | Cost: 0.3099
Epoch: 043/050 | Batch 0100/0462 | Cost: 0.3160
Epoch: 043/050 | Batch 0150/0462 | Cost: 0.2858
Epoch: 043/050 | Batch 0200/0462 | Cost: 0.4306
Epoch: 043/050 | Batch 0250/0462 | Cost: 0.3074
Epoch: 043/050 | Batch 0300/0462 | Cost: 0.3580
Epoch: 043/050 | Batch 0350/0462 | Cost: 0.3395
Epoch: 043/050 | Batch 0400/0462 | Cost: 0.3252
Epoch: 043/050 | Batch 0450/0462 | Cost: 0.2905
MAE/RMSE: | Current Valid: 6.11/7.61 Ep. 42 | Best Valid : 5.19/6.77 Ep. 11
Time elapsed: 141.41 min
Epoch: 044/050 | Batch 0000/0462 | Cost: 0.2802
Epoch: 044/050 | Batch 0050/0462 | Cost: 0.3681
Epoch: 044/050 | Batch 0100/0462 | Cost: 0.3181
Epoch: 044/050 | Batch 0150/0462 | Cost: 0.2734
Epoch: 044/050 | Batch 0200/0462 | Cost: 0.3122
Epoch: 044/050 | Batch 0250/0462 | Cost: 0.3617
Epoch: 044/050 | Batch 0300/0462 | Cost: 0.2748
Epoch: 044/050 | Batch 0350/0462 | Cost: 0.4155
Epoch: 044/050 | Batch 0400/0462 | Cost: 0.3703
Epoch: 044/050 | Batch 0450/0462 | Cost: 0.3912
MAE/RMSE: | Current Valid: 6.60/8.10 Ep. 43 | Best Valid : 5.19/6.77 Ep. 11
Time elapsed: 144.71 min
Epoch: 045/050 | Batch 0000/0462 | Cost: 0.2829
Epoch: 045/050 | Batch 0050/0462 | Cost: 0.2644
Epoch: 045/050 | Batch 0100/0462 | Cost: 0.2479
Epoch: 045/050 | Batch 0150/0462 | Cost: 0.2209
Epoch: 045/050 | Batch 0200/0462 | Cost: 0.3314
Epoch: 045/050 | Batch 0250/0462 | Cost: 0.4038
Epoch: 045/050 | Batch 0300/0462 | Cost: 0.4655
Epoch: 045/050 | Batch 0350/0462 | Cost: 0.3011
Epoch: 045/050 | Batch 0400/0462 | Cost: 0.4388
Epoch: 045/050 | Batch 0450/0462 | Cost: 0.3655
MAE/RMSE: | Current Valid: 6.90/8.47 Ep. 44 | Best Valid : 5.19/6.77 Ep. 11
Time elapsed: 148.01 min
Epoch: 046/050 | Batch 0000/0462 | Cost: 0.2489
Epoch: 046/050 | Batch 0050/0462 | Cost: 0.2166
Epoch: 046/050 | Batch 0100/0462 | Cost: 0.3028
Epoch: 046/050 | Batch 0150/0462 | Cost: 0.2449
Epoch: 046/050 | Batch 0200/0462 | Cost: 0.2583
Epoch: 046/050 | Batch 0250/0462 | Cost: 0.2653
Epoch: 046/050 | Batch 0300/0462 | Cost: 0.3048
Epoch: 046/050 | Batch 0350/0462 | Cost: 0.3350
Epoch: 046/050 | Batch 0400/0462 | Cost: 0.3802
Epoch: 046/050 | Batch 0450/0462 | Cost: 0.3308
MAE/RMSE: | Current Valid: 6.66/8.18 Ep. 45 | Best Valid : 5.19/6.77 Ep. 11
Time elapsed: 151.30 min
Epoch: 047/050 | Batch 0000/0462 | Cost: 0.2787
Epoch: 047/050 | Batch 0050/0462 | Cost: 0.2716
Epoch: 047/050 | Batch 0100/0462 | Cost: 0.2175
Epoch: 047/050 | Batch 0150/0462 | Cost: 0.2409
Epoch: 047/050 | Batch 0200/0462 | Cost: 0.2283
Epoch: 047/050 | Batch 0250/0462 | Cost: 0.3539
Epoch: 047/050 | Batch 0300/0462 | Cost: 0.2881
Epoch: 047/050 | Batch 0350/0462 | Cost: 0.3558
Epoch: 047/050 | Batch 0400/0462 | Cost: 0.4122
Epoch: 047/050 | Batch 0450/0462 | Cost: 0.2885
MAE/RMSE: | Current Valid: 6.48/7.96 Ep. 46 | Best Valid : 5.19/6.77 Ep. 11
Time elapsed: 154.60 min
Epoch: 048/050 | Batch 0000/0462 | Cost: 0.2153
Epoch: 048/050 | Batch 0050/0462 | Cost: 0.2533
Epoch: 048/050 | Batch 0100/0462 | Cost: 0.2755
Epoch: 048/050 | Batch 0150/0462 | Cost: 0.3131
Epoch: 048/050 | Batch 0200/0462 | Cost: 0.2689
Epoch: 048/050 | Batch 0250/0462 | Cost: 0.3106
Epoch: 048/050 | Batch 0300/0462 | Cost: 0.2806
Epoch: 048/050 | Batch 0350/0462 | Cost: 0.3575
Epoch: 048/050 | Batch 0400/0462 | Cost: 0.2893
Epoch: 048/050 | Batch 0450/0462 | Cost: 0.3830
MAE/RMSE: | Current Valid: 6.73/8.37 Ep. 47 | Best Valid : 5.19/6.77 Ep. 11
Time elapsed: 157.89 min
Epoch: 049/050 | Batch 0000/0462 | Cost: 0.2332
Epoch: 049/050 | Batch 0050/0462 | Cost: 0.2499
Epoch: 049/050 | Batch 0100/0462 | Cost: 0.2020
Epoch: 049/050 | Batch 0150/0462 | Cost: 0.2842
Epoch: 049/050 | Batch 0200/0462 | Cost: 0.3292
Epoch: 049/050 | Batch 0250/0462 | Cost: 0.3595
Epoch: 049/050 | Batch 0300/0462 | Cost: 0.4398
Epoch: 049/050 | Batch 0350/0462 | Cost: 0.3779
Epoch: 049/050 | Batch 0400/0462 | Cost: 0.2540
Epoch: 049/050 | Batch 0450/0462 | Cost: 0.4037
MAE/RMSE: | Current Valid: 6.35/7.91 Ep. 48 | Best Valid : 5.19/6.77 Ep. 11
Time elapsed: 161.19 min
Epoch: 050/050 | Batch 0000/0462 | Cost: 0.2549
Epoch: 050/050 | Batch 0050/0462 | Cost: 0.2002
Epoch: 050/050 | Batch 0100/0462 | Cost: 0.2496
Epoch: 050/050 | Batch 0150/0462 | Cost: 0.2768
Epoch: 050/050 | Batch 0200/0462 | Cost: 0.2445
Epoch: 050/050 | Batch 0250/0462 | Cost: 0.2963
Epoch: 050/050 | Batch 0300/0462 | Cost: 0.3307
Epoch: 050/050 | Batch 0350/0462 | Cost: 0.3863
Epoch: 050/050 | Batch 0400/0462 | Cost: 0.3337
Epoch: 050/050 | Batch 0450/0462 | Cost: 0.2962
MAE/RMSE: | Current Valid: 6.87/8.45 Ep. 49 | Best Valid : 5.19/6.77 Ep. 11
Time elapsed: 164.49 min
MAE/RMSE: | Train: 0.36/1.59 | Valid: 6.87/8.45 | Test: 4.19/5.70
Total Training Time: 165.83 min
Best MAE: 5.19 | Best RMSE: 6.77 | Best Epoch: 11
