PyTorch Version: 2.5.1
CUDA device available: True
Using CUDA device: cuda:0
Random Seed: 2
Task Importance Weight: 0
Output Path: ../my-logs/myadience-coral-seed2
Script: adience-coral.py
Epoch: 001/050 | Batch 0000/0049 | Cost: 5.0028
Epoch: 001/050 | Batch 0010/0049 | Cost: 4.7144
Epoch: 001/050 | Batch 0020/0049 | Cost: 4.3270
Epoch: 001/050 | Batch 0030/0049 | Cost: 4.1786
Epoch: 001/050 | Batch 0040/0049 | Cost: 4.1206
MAE/RMSE/Loss/Accuracy: | Current Valid: 3.08/3.66/4.92/14.11% Ep. 1 | Best Valid : 3.08/3.66/4.92/14.11% Ep. 1
Time elapsed: 0.18 min
Epoch: 002/050 | Batch 0000/0049 | Cost: 4.0979
Epoch: 002/050 | Batch 0010/0049 | Cost: 3.9074
Epoch: 002/050 | Batch 0020/0049 | Cost: 3.9273
Epoch: 002/050 | Batch 0030/0049 | Cost: 3.7921
Epoch: 002/050 | Batch 0040/0049 | Cost: 3.8285
MAE/RMSE/Loss/Accuracy: | Current Valid: 2.13/2.69/3.95/21.59% Ep. 2 | Best Valid : 2.13/2.69/3.95/21.59% Ep. 2
Time elapsed: 0.35 min
Epoch: 003/050 | Batch 0000/0049 | Cost: 3.7586
Epoch: 003/050 | Batch 0010/0049 | Cost: 3.8990
Epoch: 003/050 | Batch 0020/0049 | Cost: 4.0175
Epoch: 003/050 | Batch 0030/0049 | Cost: 3.9022
Epoch: 003/050 | Batch 0040/0049 | Cost: 3.8201
MAE/RMSE/Loss/Accuracy: | Current Valid: 2.04/2.55/3.83/21.67% Ep. 3 | Best Valid : 2.04/2.55/3.83/21.67% Ep. 3
Time elapsed: 0.53 min
Epoch: 004/050 | Batch 0000/0049 | Cost: 3.6726
Epoch: 004/050 | Batch 0010/0049 | Cost: 3.7955
Epoch: 004/050 | Batch 0020/0049 | Cost: 3.5189
Epoch: 004/050 | Batch 0030/0049 | Cost: 3.5411
Epoch: 004/050 | Batch 0040/0049 | Cost: 3.7439
MAE/RMSE/Loss/Accuracy: | Current Valid: 1.85/2.39/3.71/24.84% Ep. 4 | Best Valid : 1.85/2.39/3.71/24.84% Ep. 4
Time elapsed: 0.70 min
Epoch: 005/050 | Batch 0000/0049 | Cost: 3.6424
Epoch: 005/050 | Batch 0010/0049 | Cost: 3.5406
Epoch: 005/050 | Batch 0020/0049 | Cost: 3.4434
Epoch: 005/050 | Batch 0030/0049 | Cost: 3.5259
Epoch: 005/050 | Batch 0040/0049 | Cost: 3.4323
MAE/RMSE/Loss/Accuracy: | Current Valid: 1.84/2.34/3.66/23.57% Ep. 5 | Best Valid : 1.84/2.34/3.66/23.57% Ep. 5
Time elapsed: 0.88 min
Epoch: 006/050 | Batch 0000/0049 | Cost: 3.4336
Epoch: 006/050 | Batch 0010/0049 | Cost: 3.5449
Epoch: 006/050 | Batch 0020/0049 | Cost: 3.6808
Epoch: 006/050 | Batch 0030/0049 | Cost: 3.4166
Epoch: 006/050 | Batch 0040/0049 | Cost: 3.3799
MAE/RMSE/Loss/Accuracy: | Current Valid: 1.75/2.30/3.62/26.61% Ep. 6 | Best Valid : 1.75/2.30/3.62/26.61% Ep. 6
Time elapsed: 1.06 min
Epoch: 007/050 | Batch 0000/0049 | Cost: 3.2043
Epoch: 007/050 | Batch 0010/0049 | Cost: 3.2707
Epoch: 007/050 | Batch 0020/0049 | Cost: 3.4746
Epoch: 007/050 | Batch 0030/0049 | Cost: 3.3038
Epoch: 007/050 | Batch 0040/0049 | Cost: 3.5469
MAE/RMSE/Loss/Accuracy: | Current Valid: 1.95/2.43/3.63/21.38% Ep. 7 | Best Valid : 1.75/2.30/3.62/26.61% Ep. 6
Time elapsed: 1.23 min
Epoch: 008/050 | Batch 0000/0049 | Cost: 3.4829
Epoch: 008/050 | Batch 0010/0049 | Cost: 3.4157
Epoch: 008/050 | Batch 0020/0049 | Cost: 3.4724
Epoch: 008/050 | Batch 0030/0049 | Cost: 3.2827
Epoch: 008/050 | Batch 0040/0049 | Cost: 3.1951
MAE/RMSE/Loss/Accuracy: | Current Valid: 1.63/2.13/3.48/27.03% Ep. 8 | Best Valid : 1.63/2.13/3.48/27.03% Ep. 8
Time elapsed: 1.40 min
Epoch: 009/050 | Batch 0000/0049 | Cost: 3.2421
Epoch: 009/050 | Batch 0010/0049 | Cost: 3.4575
Epoch: 009/050 | Batch 0020/0049 | Cost: 3.3172
Epoch: 009/050 | Batch 0030/0049 | Cost: 3.2079
Epoch: 009/050 | Batch 0040/0049 | Cost: 3.1909
MAE/RMSE/Loss/Accuracy: | Current Valid: 1.76/2.34/3.49/27.38% Ep. 9 | Best Valid : 1.63/2.13/3.48/27.03% Ep. 8
Time elapsed: 1.58 min
Epoch: 010/050 | Batch 0000/0049 | Cost: 3.0423
Epoch: 010/050 | Batch 0010/0049 | Cost: 3.3447
Epoch: 010/050 | Batch 0020/0049 | Cost: 3.2732
Epoch: 010/050 | Batch 0030/0049 | Cost: 3.4236
Epoch: 010/050 | Batch 0040/0049 | Cost: 3.1040
MAE/RMSE/Loss/Accuracy: | Current Valid: 1.56/2.13/3.41/31.19% Ep. 10 | Best Valid : 1.56/2.13/3.41/31.19% Ep. 10
Time elapsed: 1.75 min
Epoch: 011/050 | Batch 0000/0049 | Cost: 3.1318
Epoch: 011/050 | Batch 0010/0049 | Cost: 3.0848
Epoch: 011/050 | Batch 0020/0049 | Cost: 3.0769
Epoch: 011/050 | Batch 0030/0049 | Cost: 3.0479
Epoch: 011/050 | Batch 0040/0049 | Cost: 3.1672
MAE/RMSE/Loss/Accuracy: | Current Valid: 1.47/2.00/3.31/31.83% Ep. 11 | Best Valid : 1.47/2.00/3.31/31.83% Ep. 11
Time elapsed: 1.93 min
Epoch: 012/050 | Batch 0000/0049 | Cost: 3.0879
Epoch: 012/050 | Batch 0010/0049 | Cost: 2.9126
Epoch: 012/050 | Batch 0020/0049 | Cost: 3.1028
Epoch: 012/050 | Batch 0030/0049 | Cost: 2.9619
Epoch: 012/050 | Batch 0040/0049 | Cost: 2.9948
MAE/RMSE/Loss/Accuracy: | Current Valid: 1.38/1.89/3.27/32.46% Ep. 12 | Best Valid : 1.38/1.89/3.27/32.46% Ep. 12
Time elapsed: 2.10 min
Epoch: 013/050 | Batch 0000/0049 | Cost: 2.8700
Epoch: 013/050 | Batch 0010/0049 | Cost: 2.9443
Epoch: 013/050 | Batch 0020/0049 | Cost: 3.0345
Epoch: 013/050 | Batch 0030/0049 | Cost: 3.1235
Epoch: 013/050 | Batch 0040/0049 | Cost: 3.1430
MAE/RMSE/Loss/Accuracy: | Current Valid: 1.86/2.31/3.38/22.16% Ep. 13 | Best Valid : 1.38/1.89/3.27/32.46% Ep. 12
Time elapsed: 2.28 min
Epoch: 014/050 | Batch 0000/0049 | Cost: 3.0192
Epoch: 014/050 | Batch 0010/0049 | Cost: 3.0821
Epoch: 014/050 | Batch 0020/0049 | Cost: 2.9833
Epoch: 014/050 | Batch 0030/0049 | Cost: 2.9723
Epoch: 014/050 | Batch 0040/0049 | Cost: 2.9556
MAE/RMSE/Loss/Accuracy: | Current Valid: 1.29/1.85/3.28/36.27% Ep. 14 | Best Valid : 1.29/1.85/3.28/36.27% Ep. 14
Time elapsed: 2.45 min
Epoch: 015/050 | Batch 0000/0049 | Cost: 2.9311
Epoch: 015/050 | Batch 0010/0049 | Cost: 2.9652
Epoch: 015/050 | Batch 0020/0049 | Cost: 3.0087
Epoch: 015/050 | Batch 0030/0049 | Cost: 2.7436
Epoch: 015/050 | Batch 0040/0049 | Cost: 2.8748
MAE/RMSE/Loss/Accuracy: | Current Valid: 1.32/1.86/3.16/35.50% Ep. 15 | Best Valid : 1.29/1.85/3.28/36.27% Ep. 14
Time elapsed: 2.63 min
Epoch: 016/050 | Batch 0000/0049 | Cost: 2.9838
Epoch: 016/050 | Batch 0010/0049 | Cost: 2.9708
Epoch: 016/050 | Batch 0020/0049 | Cost: 2.9198
Epoch: 016/050 | Batch 0030/0049 | Cost: 3.0189
Epoch: 016/050 | Batch 0040/0049 | Cost: 2.7646
MAE/RMSE/Loss/Accuracy: | Current Valid: 1.51/1.97/3.11/27.66% Ep. 16 | Best Valid : 1.29/1.85/3.28/36.27% Ep. 14
Time elapsed: 2.80 min
Epoch: 017/050 | Batch 0000/0049 | Cost: 2.7783
Epoch: 017/050 | Batch 0010/0049 | Cost: 2.9564
Epoch: 017/050 | Batch 0020/0049 | Cost: 2.9139
Epoch: 017/050 | Batch 0030/0049 | Cost: 2.9314
Epoch: 017/050 | Batch 0040/0049 | Cost: 2.8617
MAE/RMSE/Loss/Accuracy: | Current Valid: 1.30/1.82/3.11/35.22% Ep. 17 | Best Valid : 1.29/1.85/3.28/36.27% Ep. 14
Time elapsed: 2.97 min
Epoch: 018/050 | Batch 0000/0049 | Cost: 2.8713
Epoch: 018/050 | Batch 0010/0049 | Cost: 2.8818
Epoch: 018/050 | Batch 0020/0049 | Cost: 2.8446
Epoch: 018/050 | Batch 0030/0049 | Cost: 2.7307
Epoch: 018/050 | Batch 0040/0049 | Cost: 2.9101
MAE/RMSE/Loss/Accuracy: | Current Valid: 1.54/2.00/3.12/26.96% Ep. 18 | Best Valid : 1.29/1.85/3.28/36.27% Ep. 14
Time elapsed: 3.15 min
Epoch: 019/050 | Batch 0000/0049 | Cost: 2.6265
Epoch: 019/050 | Batch 0010/0049 | Cost: 2.9312
Epoch: 019/050 | Batch 0020/0049 | Cost: 2.6985
Epoch: 019/050 | Batch 0030/0049 | Cost: 2.8546
Epoch: 019/050 | Batch 0040/0049 | Cost: 2.8046
MAE/RMSE/Loss/Accuracy: | Current Valid: 1.39/1.88/3.05/31.55% Ep. 19 | Best Valid : 1.29/1.85/3.28/36.27% Ep. 14
Time elapsed: 3.32 min
Epoch: 020/050 | Batch 0000/0049 | Cost: 2.6134
Epoch: 020/050 | Batch 0010/0049 | Cost: 2.7334
Epoch: 020/050 | Batch 0020/0049 | Cost: 2.7321
Epoch: 020/050 | Batch 0030/0049 | Cost: 2.5799
Epoch: 020/050 | Batch 0040/0049 | Cost: 2.7911
MAE/RMSE/Loss/Accuracy: | Current Valid: 1.20/1.67/2.94/35.92% Ep. 20 | Best Valid : 1.20/1.67/2.94/35.92% Ep. 20
Time elapsed: 3.50 min
Epoch: 021/050 | Batch 0000/0049 | Cost: 2.7711
Epoch: 021/050 | Batch 0010/0049 | Cost: 2.7149
Epoch: 021/050 | Batch 0020/0049 | Cost: 2.6263
Epoch: 021/050 | Batch 0030/0049 | Cost: 2.6955
Epoch: 021/050 | Batch 0040/0049 | Cost: 2.6923
MAE/RMSE/Loss/Accuracy: | Current Valid: 1.09/1.64/3.03/41.00% Ep. 21 | Best Valid : 1.09/1.64/3.03/41.00% Ep. 21
Time elapsed: 3.67 min
Epoch: 022/050 | Batch 0000/0049 | Cost: 2.6272
Epoch: 022/050 | Batch 0010/0049 | Cost: 2.7280
Epoch: 022/050 | Batch 0020/0049 | Cost: 2.6432
Epoch: 022/050 | Batch 0030/0049 | Cost: 2.5676
Epoch: 022/050 | Batch 0040/0049 | Cost: 2.6296
MAE/RMSE/Loss/Accuracy: | Current Valid: 1.09/1.55/2.92/39.45% Ep. 22 | Best Valid : 1.09/1.55/2.92/39.45% Ep. 22
Time elapsed: 3.85 min
Epoch: 023/050 | Batch 0000/0049 | Cost: 2.5074
Epoch: 023/050 | Batch 0010/0049 | Cost: 2.6058
Epoch: 023/050 | Batch 0020/0049 | Cost: 2.7989
Epoch: 023/050 | Batch 0030/0049 | Cost: 2.5528
Epoch: 023/050 | Batch 0040/0049 | Cost: 2.6382
MAE/RMSE/Loss/Accuracy: | Current Valid: 1.14/1.65/2.93/38.46% Ep. 23 | Best Valid : 1.09/1.55/2.92/39.45% Ep. 22
Time elapsed: 4.02 min
Epoch: 024/050 | Batch 0000/0049 | Cost: 2.5634
Epoch: 024/050 | Batch 0010/0049 | Cost: 2.6842
Epoch: 024/050 | Batch 0020/0049 | Cost: 2.4927
Epoch: 024/050 | Batch 0030/0049 | Cost: 2.5448
Epoch: 024/050 | Batch 0040/0049 | Cost: 2.5980
MAE/RMSE/Loss/Accuracy: | Current Valid: 1.07/1.53/2.86/38.81% Ep. 24 | Best Valid : 1.07/1.53/2.86/38.81% Ep. 24
Time elapsed: 4.20 min
Epoch: 025/050 | Batch 0000/0049 | Cost: 2.6505
Epoch: 025/050 | Batch 0010/0049 | Cost: 2.5788
Epoch: 025/050 | Batch 0020/0049 | Cost: 2.6086
Epoch: 025/050 | Batch 0030/0049 | Cost: 2.5704
Epoch: 025/050 | Batch 0040/0049 | Cost: 2.5689
MAE/RMSE/Loss/Accuracy: | Current Valid: 1.07/1.61/3.10/40.72% Ep. 25 | Best Valid : 1.07/1.61/3.10/40.72% Ep. 25
Time elapsed: 4.38 min
Epoch: 026/050 | Batch 0000/0049 | Cost: 2.6709
Epoch: 026/050 | Batch 0010/0049 | Cost: 2.6373
Epoch: 026/050 | Batch 0020/0049 | Cost: 2.5457
Epoch: 026/050 | Batch 0030/0049 | Cost: 2.4020
Epoch: 026/050 | Batch 0040/0049 | Cost: 2.6248
MAE/RMSE/Loss/Accuracy: | Current Valid: 0.96/1.43/2.78/42.84% Ep. 26 | Best Valid : 0.96/1.43/2.78/42.84% Ep. 26
Time elapsed: 4.55 min
Epoch: 027/050 | Batch 0000/0049 | Cost: 2.4735
Epoch: 027/050 | Batch 0010/0049 | Cost: 2.5524
Epoch: 027/050 | Batch 0020/0049 | Cost: 2.6181
Epoch: 027/050 | Batch 0030/0049 | Cost: 2.5163
Epoch: 027/050 | Batch 0040/0049 | Cost: 2.6262
MAE/RMSE/Loss/Accuracy: | Current Valid: 1.21/1.66/2.79/34.79% Ep. 27 | Best Valid : 0.96/1.43/2.78/42.84% Ep. 26
Time elapsed: 4.72 min
Epoch: 028/050 | Batch 0000/0049 | Cost: 2.3208
Epoch: 028/050 | Batch 0010/0049 | Cost: 2.5059
Epoch: 028/050 | Batch 0020/0049 | Cost: 2.4466
Epoch: 028/050 | Batch 0030/0049 | Cost: 2.4408
Epoch: 028/050 | Batch 0040/0049 | Cost: 2.3826
MAE/RMSE/Loss/Accuracy: | Current Valid: 0.92/1.36/2.71/43.54% Ep. 28 | Best Valid : 0.92/1.36/2.71/43.54% Ep. 28
Time elapsed: 4.90 min
Epoch: 029/050 | Batch 0000/0049 | Cost: 2.5312
Epoch: 029/050 | Batch 0010/0049 | Cost: 2.5971
Epoch: 029/050 | Batch 0020/0049 | Cost: 2.6631
Epoch: 029/050 | Batch 0030/0049 | Cost: 2.5118
Epoch: 029/050 | Batch 0040/0049 | Cost: 2.4444
MAE/RMSE/Loss/Accuracy: | Current Valid: 0.94/1.40/2.69/43.68% Ep. 29 | Best Valid : 0.92/1.36/2.71/43.54% Ep. 28
Time elapsed: 5.07 min
Epoch: 030/050 | Batch 0000/0049 | Cost: 2.4279
Epoch: 030/050 | Batch 0010/0049 | Cost: 2.3335
Epoch: 030/050 | Batch 0020/0049 | Cost: 2.3826
Epoch: 030/050 | Batch 0030/0049 | Cost: 2.4406
Epoch: 030/050 | Batch 0040/0049 | Cost: 2.5289
MAE/RMSE/Loss/Accuracy: | Current Valid: 0.96/1.44/2.72/42.48% Ep. 30 | Best Valid : 0.92/1.36/2.71/43.54% Ep. 28
Time elapsed: 5.25 min
Epoch: 031/050 | Batch 0000/0049 | Cost: 2.5110
Epoch: 031/050 | Batch 0010/0049 | Cost: 2.3683
Epoch: 031/050 | Batch 0020/0049 | Cost: 2.4662
Epoch: 031/050 | Batch 0030/0049 | Cost: 2.3607
Epoch: 031/050 | Batch 0040/0049 | Cost: 2.4526
MAE/RMSE/Loss/Accuracy: | Current Valid: 1.01/1.48/2.75/41.43% Ep. 31 | Best Valid : 0.92/1.36/2.71/43.54% Ep. 28
Time elapsed: 5.42 min
Epoch: 032/050 | Batch 0000/0049 | Cost: 2.5101
Epoch: 032/050 | Batch 0010/0049 | Cost: 2.3360
Epoch: 032/050 | Batch 0020/0049 | Cost: 2.2407
Epoch: 032/050 | Batch 0030/0049 | Cost: 2.4735
Epoch: 032/050 | Batch 0040/0049 | Cost: 2.4402
MAE/RMSE/Loss/Accuracy: | Current Valid: 0.87/1.32/2.67/45.17% Ep. 32 | Best Valid : 0.87/1.32/2.67/45.17% Ep. 32
Time elapsed: 5.60 min
Epoch: 033/050 | Batch 0000/0049 | Cost: 2.4600
Epoch: 033/050 | Batch 0010/0049 | Cost: 2.3970
Epoch: 033/050 | Batch 0020/0049 | Cost: 2.4763
Epoch: 033/050 | Batch 0030/0049 | Cost: 2.2307
Epoch: 033/050 | Batch 0040/0049 | Cost: 2.3802
MAE/RMSE/Loss/Accuracy: | Current Valid: 0.93/1.38/2.68/42.91% Ep. 33 | Best Valid : 0.87/1.32/2.67/45.17% Ep. 32
Time elapsed: 5.77 min
Epoch: 034/050 | Batch 0000/0049 | Cost: 2.4144
Epoch: 034/050 | Batch 0010/0049 | Cost: 2.3578
Epoch: 034/050 | Batch 0020/0049 | Cost: 2.3033
Epoch: 034/050 | Batch 0030/0049 | Cost: 2.3347
Epoch: 034/050 | Batch 0040/0049 | Cost: 2.3235
MAE/RMSE/Loss/Accuracy: | Current Valid: 0.90/1.35/2.58/43.33% Ep. 34 | Best Valid : 0.87/1.32/2.67/45.17% Ep. 32
Time elapsed: 5.95 min
Epoch: 035/050 | Batch 0000/0049 | Cost: 2.2797
Epoch: 035/050 | Batch 0010/0049 | Cost: 2.2869
Epoch: 035/050 | Batch 0020/0049 | Cost: 2.2747
Epoch: 035/050 | Batch 0030/0049 | Cost: 2.3182
Epoch: 035/050 | Batch 0040/0049 | Cost: 2.2504
MAE/RMSE/Loss/Accuracy: | Current Valid: 0.88/1.32/2.60/43.97% Ep. 35 | Best Valid : 0.87/1.32/2.67/45.17% Ep. 32
Time elapsed: 6.12 min
Epoch: 036/050 | Batch 0000/0049 | Cost: 2.2630
Epoch: 036/050 | Batch 0010/0049 | Cost: 2.1948
Epoch: 036/050 | Batch 0020/0049 | Cost: 2.2637
Epoch: 036/050 | Batch 0030/0049 | Cost: 2.2670
Epoch: 036/050 | Batch 0040/0049 | Cost: 2.4291
MAE/RMSE/Loss/Accuracy: | Current Valid: 0.86/1.31/2.53/45.24% Ep. 36 | Best Valid : 0.86/1.31/2.53/45.24% Ep. 36
Time elapsed: 6.29 min
Epoch: 037/050 | Batch 0000/0049 | Cost: 2.3006
Epoch: 037/050 | Batch 0010/0049 | Cost: 2.1790
Epoch: 037/050 | Batch 0020/0049 | Cost: 2.2120
Epoch: 037/050 | Batch 0030/0049 | Cost: 2.1640
Epoch: 037/050 | Batch 0040/0049 | Cost: 2.2425
MAE/RMSE/Loss/Accuracy: | Current Valid: 0.90/1.33/2.51/43.47% Ep. 37 | Best Valid : 0.86/1.31/2.53/45.24% Ep. 36
Time elapsed: 6.47 min
Epoch: 038/050 | Batch 0000/0049 | Cost: 2.1838
Epoch: 038/050 | Batch 0010/0049 | Cost: 2.2040
Epoch: 038/050 | Batch 0020/0049 | Cost: 2.2664
Epoch: 038/050 | Batch 0030/0049 | Cost: 2.2480
Epoch: 038/050 | Batch 0040/0049 | Cost: 2.3033
MAE/RMSE/Loss/Accuracy: | Current Valid: 0.84/1.28/2.53/45.87% Ep. 38 | Best Valid : 0.84/1.28/2.53/45.87% Ep. 38
Time elapsed: 6.64 min
Epoch: 039/050 | Batch 0000/0049 | Cost: 2.3492
Epoch: 039/050 | Batch 0010/0049 | Cost: 2.1687
Epoch: 039/050 | Batch 0020/0049 | Cost: 2.3071
Epoch: 039/050 | Batch 0030/0049 | Cost: 2.1863
Epoch: 039/050 | Batch 0040/0049 | Cost: 2.2239
MAE/RMSE/Loss/Accuracy: | Current Valid: 0.86/1.31/2.46/45.66% Ep. 39 | Best Valid : 0.84/1.28/2.53/45.87% Ep. 38
Time elapsed: 6.82 min
Epoch: 040/050 | Batch 0000/0049 | Cost: 2.2986
Epoch: 040/050 | Batch 0010/0049 | Cost: 2.2766
Epoch: 040/050 | Batch 0020/0049 | Cost: 2.1217
Epoch: 040/050 | Batch 0030/0049 | Cost: 2.2084
Epoch: 040/050 | Batch 0040/0049 | Cost: 2.0893
MAE/RMSE/Loss/Accuracy: | Current Valid: 0.79/1.22/2.47/47.00% Ep. 40 | Best Valid : 0.79/1.22/2.47/47.00% Ep. 40
Time elapsed: 7.00 min
Epoch: 041/050 | Batch 0000/0049 | Cost: 2.2820
Epoch: 041/050 | Batch 0010/0049 | Cost: 2.1141
Epoch: 041/050 | Batch 0020/0049 | Cost: 2.1054
Epoch: 041/050 | Batch 0030/0049 | Cost: 2.0620
Epoch: 041/050 | Batch 0040/0049 | Cost: 2.1557
MAE/RMSE/Loss/Accuracy: | Current Valid: 0.78/1.20/2.45/47.64% Ep. 41 | Best Valid : 0.78/1.20/2.45/47.64% Ep. 41
Time elapsed: 7.18 min
Epoch: 042/050 | Batch 0000/0049 | Cost: 2.1383
Epoch: 042/050 | Batch 0010/0049 | Cost: 2.1064
Epoch: 042/050 | Batch 0020/0049 | Cost: 2.1592
Epoch: 042/050 | Batch 0030/0049 | Cost: 2.2114
Epoch: 042/050 | Batch 0040/0049 | Cost: 2.2636
MAE/RMSE/Loss/Accuracy: | Current Valid: 0.94/1.40/2.55/42.77% Ep. 42 | Best Valid : 0.78/1.20/2.45/47.64% Ep. 41
Time elapsed: 7.35 min
Epoch: 043/050 | Batch 0000/0049 | Cost: 2.1751
Epoch: 043/050 | Batch 0010/0049 | Cost: 2.1548
Epoch: 043/050 | Batch 0020/0049 | Cost: 2.0156
Epoch: 043/050 | Batch 0030/0049 | Cost: 2.1546
Epoch: 043/050 | Batch 0040/0049 | Cost: 2.0701
MAE/RMSE/Loss/Accuracy: | Current Valid: 0.84/1.31/2.47/46.29% Ep. 43 | Best Valid : 0.78/1.20/2.45/47.64% Ep. 41
Time elapsed: 7.52 min
Epoch: 044/050 | Batch 0000/0049 | Cost: 2.0907
Epoch: 044/050 | Batch 0010/0049 | Cost: 2.1467
Epoch: 044/050 | Batch 0020/0049 | Cost: 2.0791
Epoch: 044/050 | Batch 0030/0049 | Cost: 2.0876
Epoch: 044/050 | Batch 0040/0049 | Cost: 2.1356
MAE/RMSE/Loss/Accuracy: | Current Valid: 0.75/1.16/2.42/48.06% Ep. 44 | Best Valid : 0.75/1.16/2.42/48.06% Ep. 44
Time elapsed: 7.70 min
Epoch: 045/050 | Batch 0000/0049 | Cost: 2.0742
Epoch: 045/050 | Batch 0010/0049 | Cost: 2.0907
Epoch: 045/050 | Batch 0020/0049 | Cost: 2.0062
Epoch: 045/050 | Batch 0030/0049 | Cost: 2.1146
Epoch: 045/050 | Batch 0040/0049 | Cost: 2.1960
MAE/RMSE/Loss/Accuracy: | Current Valid: 0.78/1.20/2.40/47.00% Ep. 45 | Best Valid : 0.75/1.16/2.42/48.06% Ep. 44
Time elapsed: 7.87 min
Epoch: 046/050 | Batch 0000/0049 | Cost: 2.1506
Epoch: 046/050 | Batch 0010/0049 | Cost: 2.0967
Epoch: 046/050 | Batch 0020/0049 | Cost: 2.1655
Epoch: 046/050 | Batch 0030/0049 | Cost: 1.9605
Epoch: 046/050 | Batch 0040/0049 | Cost: 2.0842
MAE/RMSE/Loss/Accuracy: | Current Valid: 0.78/1.20/2.39/47.07% Ep. 46 | Best Valid : 0.75/1.16/2.42/48.06% Ep. 44
Time elapsed: 8.05 min
Epoch: 047/050 | Batch 0000/0049 | Cost: 2.0411
Epoch: 047/050 | Batch 0010/0049 | Cost: 2.0699
Epoch: 047/050 | Batch 0020/0049 | Cost: 2.0979
Epoch: 047/050 | Batch 0030/0049 | Cost: 2.0751
Epoch: 047/050 | Batch 0040/0049 | Cost: 2.0145
MAE/RMSE/Loss/Accuracy: | Current Valid: 0.87/1.31/2.42/45.31% Ep. 47 | Best Valid : 0.75/1.16/2.42/48.06% Ep. 44
Time elapsed: 8.22 min
Epoch: 048/050 | Batch 0000/0049 | Cost: 2.1288
Epoch: 048/050 | Batch 0010/0049 | Cost: 2.1425
Epoch: 048/050 | Batch 0020/0049 | Cost: 2.0752
Epoch: 048/050 | Batch 0030/0049 | Cost: 2.0472
Epoch: 048/050 | Batch 0040/0049 | Cost: 2.0571
MAE/RMSE/Loss/Accuracy: | Current Valid: 0.95/1.41/2.55/41.85% Ep. 48 | Best Valid : 0.75/1.16/2.42/48.06% Ep. 44
Time elapsed: 8.40 min
Epoch: 049/050 | Batch 0000/0049 | Cost: 2.1416
Epoch: 049/050 | Batch 0010/0049 | Cost: 2.1322
Epoch: 049/050 | Batch 0020/0049 | Cost: 2.1170
Epoch: 049/050 | Batch 0030/0049 | Cost: 2.1457
Epoch: 049/050 | Batch 0040/0049 | Cost: 2.1305
MAE/RMSE/Loss/Accuracy: | Current Valid: 0.86/1.31/2.45/44.25% Ep. 49 | Best Valid : 0.75/1.16/2.42/48.06% Ep. 44
Time elapsed: 8.57 min
Epoch: 050/050 | Batch 0000/0049 | Cost: 2.1700
Epoch: 050/050 | Batch 0010/0049 | Cost: 2.0226
Epoch: 050/050 | Batch 0020/0049 | Cost: 2.1929
Epoch: 050/050 | Batch 0030/0049 | Cost: 2.2025
Epoch: 050/050 | Batch 0040/0049 | Cost: 2.0343
MAE/RMSE/Loss/Accuracy: | Current Valid: 0.73/1.12/2.31/47.71% Ep. 50 | Best Valid : 0.73/1.12/2.31/47.71% Ep. 50
Time elapsed: 8.74 min

MAE/RMSE/Loss/Accuracy: | Last Train: 0.59/0.92/2.08/52.17% | Last Valid: 0.73/1.12/2.31/47.71% | Last Test: 0.74/1.16/2.35/47.33%
Total Training Time: 8.83 min

MAE/RMSE/Loss/Accuracy: | Best Train: 0.59/0.92/2.08/52.20% | Best Valid: 0.73/1.12/2.31/47.71% | Best Test: 0.74/1.16/2.35/47.33%
